
*** Running vivado
    with args -log pfm_dynamic_auto_cc_4.vds -m64 -product Vivado -mode batch -messageDb vivado.pb -notrace -source pfm_dynamic_auto_cc_4.tcl


****** Vivado v2020.2 (64-bit)
  **** SW Build 3064766 on Wed Nov 18 09:12:47 MST 2020
  **** IP Build 3064653 on Wed Nov 18 14:17:31 MST 2020
    ** Copyright 1986-2020 Xilinx, Inc. All Rights Reserved.

source pfm_dynamic_auto_cc_4.tcl -notrace
INFO: Dispatch client connection id - 38379
INFO: [IP_Flow 19-234] Refreshing IP repositories
INFO: [IP_Flow 19-1700] Loaded user IP repository '/home/nomoto/src/StagedLSH/ver1.3/soft/u200/hw/_x/link/int/xo/ip_repo/xilinx_com_hls_table_serch_1_0'.
WARNING: [IP_Flow 19-1694] Ignoring duplicate Bus Abstraction IP file 'xilinx.com:display_pcie4_uscaleplus:int_gtcom_rtl:1.0' found within IP repository '/home/nomoto/src/StagedLSH/ver1.3/soft/u200/hw/_x/link/vivado/vpl/.local/hw_platform/iprepo'.
File in use: /home/nomoto/src/StagedLSH/ver1.3/soft/u200/hw/_x/link/vivado/vpl/.local/hw_platform/iprepo/iprepo/xdma_v4_1/interfaces/pcie4_usp_int_gtcom_rtl.xml
File ignored: /home/nomoto/src/StagedLSH/ver1.3/soft/u200/hw/_x/link/vivado/vpl/.local/hw_platform/iprepo/iprepo/pcie4_uscale_plus_v1_3/interfaces/pcie4_usp_int_gtcom_rtl.xml
WARNING: [IP_Flow 19-1694] Ignoring duplicate Bus Abstraction IP file 'xilinx.com:display_pcie4_uscaleplus:ext_gtcom_rtl:1.0' found within IP repository '/home/nomoto/src/StagedLSH/ver1.3/soft/u200/hw/_x/link/vivado/vpl/.local/hw_platform/iprepo'.
File in use: /home/nomoto/src/StagedLSH/ver1.3/soft/u200/hw/_x/link/vivado/vpl/.local/hw_platform/iprepo/iprepo/xdma_v4_1/interfaces/pcie4_usp_ext_gtcom_rtl.xml
File ignored: /home/nomoto/src/StagedLSH/ver1.3/soft/u200/hw/_x/link/vivado/vpl/.local/hw_platform/iprepo/iprepo/pcie4_uscale_plus_v1_3/interfaces/pcie4_usp_ext_gtcom_rtl.xml
WARNING: [IP_Flow 19-1694] Ignoring duplicate Bus Definition IP file 'xilinx.com:display_pcie4_uscaleplus:int_gtcom:1.0' found within IP repository '/home/nomoto/src/StagedLSH/ver1.3/soft/u200/hw/_x/link/vivado/vpl/.local/hw_platform/iprepo'.
File in use: /home/nomoto/src/StagedLSH/ver1.3/soft/u200/hw/_x/link/vivado/vpl/.local/hw_platform/iprepo/iprepo/xdma_v4_1/interfaces/pcie4_usp_int_gtcom.xml
File ignored: /home/nomoto/src/StagedLSH/ver1.3/soft/u200/hw/_x/link/vivado/vpl/.local/hw_platform/iprepo/iprepo/pcie4_uscale_plus_v1_3/interfaces/pcie4_usp_int_gtcom.xml
WARNING: [IP_Flow 19-1694] Ignoring duplicate Bus Abstraction IP file 'xilinx.com:display_pcie4:pcie4_gt_if_rtl:1.0' found within IP repository '/home/nomoto/src/StagedLSH/ver1.3/soft/u200/hw/_x/link/vivado/vpl/.local/hw_platform/iprepo'.
File in use: /home/nomoto/src/StagedLSH/ver1.3/soft/u200/hw/_x/link/vivado/vpl/.local/hw_platform/iprepo/iprepo/xdma_v4_1/interfaces/pcie4_gt_if_rtl.xml
File ignored: /home/nomoto/src/StagedLSH/ver1.3/soft/u200/hw/_x/link/vivado/vpl/.local/hw_platform/iprepo/iprepo/pcie4_uscale_plus_v1_3/interfaces/pcie4_gt_if_rtl.xml
WARNING: [IP_Flow 19-1694] Ignoring duplicate Bus Definition IP file 'xilinx.com:display_pcie4:pcie4_gt_if:1.0' found within IP repository '/home/nomoto/src/StagedLSH/ver1.3/soft/u200/hw/_x/link/vivado/vpl/.local/hw_platform/iprepo'.
File in use: /home/nomoto/src/StagedLSH/ver1.3/soft/u200/hw/_x/link/vivado/vpl/.local/hw_platform/iprepo/iprepo/xdma_v4_1/interfaces/pcie4_gt_if.xml
File ignored: /home/nomoto/src/StagedLSH/ver1.3/soft/u200/hw/_x/link/vivado/vpl/.local/hw_platform/iprepo/iprepo/pcie4_uscale_plus_v1_3/interfaces/pcie4_gt_if.xml
WARNING: [IP_Flow 19-1694] Ignoring duplicate Bus Definition IP file 'xilinx.com:display_pcie4_uscaleplus:ext_gtcom:1.0' found within IP repository '/home/nomoto/src/StagedLSH/ver1.3/soft/u200/hw/_x/link/vivado/vpl/.local/hw_platform/iprepo'.
File in use: /home/nomoto/src/StagedLSH/ver1.3/soft/u200/hw/_x/link/vivado/vpl/.local/hw_platform/iprepo/iprepo/xdma_v4_1/interfaces/pcie4_usp_ext_gtcom.xml
File ignored: /home/nomoto/src/StagedLSH/ver1.3/soft/u200/hw/_x/link/vivado/vpl/.local/hw_platform/iprepo/iprepo/pcie4_uscale_plus_v1_3/interfaces/pcie4_usp_ext_gtcom.xml
INFO: [IP_Flow 19-1700] Loaded user IP repository '/home/nomoto/src/StagedLSH/ver1.3/soft/u200/hw/_x/link/vivado/vpl/.local/hw_platform/iprepo'.
INFO: [IP_Flow 19-1700] Loaded user IP repository '/opt/Vitis/2020.2/data/cache/xilinx'.
INFO: [IP_Flow 19-1700] Loaded user IP repository '/home/nomoto/src/StagedLSH/ver1.3/soft/u200/hw/_x/link/vivado/vpl/.local/hw_platform/ipcache'.
INFO: [IP_Flow 19-1700] Loaded user IP repository '/opt/Vitis/2020.2/data/ip'.
INFO: [IP_Flow 19-2313] Loaded Vivado IP repository '/opt/Vivado/2020.2/data/ip'.
WARNING: [IP_Flow 19-1663] Duplicate IP found for 'xilinx.com:ip:xdma:4.1'. The one found in IP location '/home/nomoto/src/StagedLSH/ver1.3/soft/u200/hw/_x/link/vivado/vpl/.local/hw_platform/iprepo/iprepo/xdma_v4_1' will take precedence over the same IP in the Xilinx installed IP.
WARNING: [IP_Flow 19-1663] Duplicate IP found for 'xilinx.com:ip:pcie4_uscale_plus:1.3'. The one found in IP location '/home/nomoto/src/StagedLSH/ver1.3/soft/u200/hw/_x/link/vivado/vpl/.local/hw_platform/iprepo/iprepo/pcie4_uscale_plus_v1_3' will take precedence over the same IP in the Xilinx installed IP.
WARNING: [IP_Flow 19-4830] Duplicate Interface found for 'xilinx.com:display_pcie3_ultrascale:pcie3_us_gt_if:1.0'. The one found in location '/home/nomoto/src/StagedLSH/ver1.3/soft/u200/hw/_x/link/vivado/vpl/.local/hw_platform/iprepo/iprepo/xdma_v4_1/interfaces/pcie3_us_gt_if.xml' will take precedence over the same Interface in location '/opt/Vivado/2020.2/data/ip/xilinx/pcie3_ultrascale_v4_4/interfaces/pcie3_us_gt_if.xml'
WARNING: [IP_Flow 19-4830] Duplicate Interface found for 'xilinx.com:display_xdma:xdma_debug_ports:1.0'. The one found in location '/home/nomoto/src/StagedLSH/ver1.3/soft/u200/hw/_x/link/vivado/vpl/.local/hw_platform/iprepo/iprepo/xdma_v4_1/interfaces/xdma_debug_ports.xml' will take precedence over the same Interface in location '/opt/Vivado/2020.2/data/ip/xilinx/qdma_v4_0/interfaces/xdma_debug_ports.xml'
WARNING: [IP_Flow 19-4830] Duplicate Interface found for 'xilinx.com:display_xdma:pcie4_us_plus_transceiver_debug:1.0'. The one found in location '/home/nomoto/src/StagedLSH/ver1.3/soft/u200/hw/_x/link/vivado/vpl/.local/hw_platform/iprepo/iprepo/xdma_v4_1/interfaces/pcie4_us_plus_transceiver_debug.xml' will take precedence over the same Interface in location '/opt/Vivado/2020.2/data/ip/xilinx/qdma_v4_0/interfaces/pcie4_us_plus_transceiver_debug.xml'
WARNING: [IP_Flow 19-4830] Duplicate Interface found for 'xilinx.com:display_xdma:xdma_status_ports:1.0'. The one found in location '/home/nomoto/src/StagedLSH/ver1.3/soft/u200/hw/_x/link/vivado/vpl/.local/hw_platform/iprepo/iprepo/xdma_v4_1/interfaces/xdma_status_ports.xml' will take precedence over the same Interface in location '/opt/Vivado/2020.2/data/ip/xilinx/qdma_v4_0/interfaces/xdma_status_ports.xml'
WARNING: [IP_Flow 19-4830] Duplicate Interface found for 'xilinx.com:display_xdma:int_shared_logic:1.0'. The one found in location '/home/nomoto/src/StagedLSH/ver1.3/soft/u200/hw/_x/link/vivado/vpl/.local/hw_platform/iprepo/iprepo/xdma_v4_1/interfaces/pcie3_us_int_shared_logic.xml' will take precedence over the same Interface in location '/opt/Vivado/2020.2/data/ip/xilinx/qdma_v4_0/interfaces/pcie3_us_int_shared_logic.xml'
WARNING: [IP_Flow 19-4830] Duplicate Interface found for 'xilinx.com:display_pcie4_uscaleplus:int_gtcom:1.0'. The one found in location '/home/nomoto/src/StagedLSH/ver1.3/soft/u200/hw/_x/link/vivado/vpl/.local/hw_platform/iprepo/iprepo/xdma_v4_1/interfaces/pcie4_usp_int_gtcom.xml' will take precedence over the same Interface in location '/opt/Vivado/2020.2/data/ip/xilinx/pcie4_uscale_plus_v1_3/interfaces/pcie4_usp_int_gtcom.xml'
WARNING: [IP_Flow 19-4830] Duplicate Interface found for 'xilinx.com:display_pcie3_ultrascale:ext_shared_logic:1.0'. The one found in location '/home/nomoto/src/StagedLSH/ver1.3/soft/u200/hw/_x/link/vivado/vpl/.local/hw_platform/iprepo/iprepo/xdma_v4_1/interfaces/pcie3_us_ext_shared_logic.xml' will take precedence over the same Interface in location '/opt/Vivado/2020.2/data/ip/xilinx/axi_pcie3_v3_0/interfaces/pcie3_us_ext_shared_logic.xml'
WARNING: [IP_Flow 19-4830] Duplicate Interface found for 'xilinx.com:display_pcie4:pcie4_gt_if:1.0'. The one found in location '/home/nomoto/src/StagedLSH/ver1.3/soft/u200/hw/_x/link/vivado/vpl/.local/hw_platform/iprepo/iprepo/xdma_v4_1/interfaces/pcie4_gt_if.xml' will take precedence over the same Interface in location '/opt/Vivado/2020.2/data/ip/xilinx/pcie4_uscale_plus_v1_3/interfaces/pcie4_gt_if.xml'
WARNING: [IP_Flow 19-4830] Duplicate Interface found for 'xilinx.com:display_xdma:pcie3_7x_transceiver_debug:1.0'. The one found in location '/home/nomoto/src/StagedLSH/ver1.3/soft/u200/hw/_x/link/vivado/vpl/.local/hw_platform/iprepo/iprepo/xdma_v4_1/interfaces/pcie3_7x_transceiver_debug.xml' will take precedence over the same Interface in location '/opt/Vivado/2020.2/data/ip/xilinx/qdma_v4_0/interfaces/pcie3_7x_transceiver_debug.xml'
WARNING: [IP_Flow 19-4830] Duplicate Interface found for 'xilinx.com:display_xdma:pcie3_us_transceiver_debug:1.0'. The one found in location '/home/nomoto/src/StagedLSH/ver1.3/soft/u200/hw/_x/link/vivado/vpl/.local/hw_platform/iprepo/iprepo/xdma_v4_1/interfaces/pcie3_us_transceiver_debug.xml' will take precedence over the same Interface in location '/opt/Vivado/2020.2/data/ip/xilinx/qdma_v4_0/interfaces/pcie3_us_transceiver_debug.xml'
WARNING: [IP_Flow 19-4830] Duplicate Interface found for 'xilinx.com:display_xdma:dsc_bypass:1.0'. The one found in location '/home/nomoto/src/StagedLSH/ver1.3/soft/u200/hw/_x/link/vivado/vpl/.local/hw_platform/iprepo/iprepo/xdma_v4_1/interfaces/dsc_bypass.xml' will take precedence over the same Interface in location '/opt/Vivado/2020.2/data/ip/xilinx/qdma_v4_0/interfaces/dsc_bypass.xml'
WARNING: [IP_Flow 19-4830] Duplicate Interface found for 'xilinx.com:display_xdma:pcie_debug:1.0'. The one found in location '/home/nomoto/src/StagedLSH/ver1.3/soft/u200/hw/_x/link/vivado/vpl/.local/hw_platform/iprepo/iprepo/xdma_v4_1/interfaces/pcie_debug.xml' will take precedence over the same Interface in location '/opt/Vivado/2020.2/data/ip/xilinx/qdma_v4_0/interfaces/pcie_debug.xml'
WARNING: [IP_Flow 19-4830] Duplicate Interface found for 'xilinx.com:display_pcie4_uscaleplus:ext_gtcom:1.0'. The one found in location '/home/nomoto/src/StagedLSH/ver1.3/soft/u200/hw/_x/link/vivado/vpl/.local/hw_platform/iprepo/iprepo/xdma_v4_1/interfaces/pcie4_usp_ext_gtcom.xml' will take precedence over the same Interface in location '/opt/Vivado/2020.2/data/ip/xilinx/pcie4_uscale_plus_v1_3/interfaces/pcie4_usp_ext_gtcom.xml'
WARNING: [IP_Flow 19-4830] Duplicate Interface found for 'xilinx.com:display_xdma:pcie_cfg_external_msix:1.0'. The one found in location '/home/nomoto/src/StagedLSH/ver1.3/soft/u200/hw/_x/link/vivado/vpl/.local/hw_platform/iprepo/iprepo/xdma_v4_1/interfaces/pcie_cfg_ext_msix.xml' will take precedence over the same Interface in location '/opt/Vivado/2020.2/data/ip/xilinx/xdma_v4_1/interfaces/pcie_cfg_ext_msix.xml'
WARNING: [IP_Flow 19-4830] Duplicate Interface found for 'xilinx.com:display_pcie4:pcie4_cfg_external_msix:1.0'. The one found in location '/home/nomoto/src/StagedLSH/ver1.3/soft/u200/hw/_x/link/vivado/vpl/.local/hw_platform/iprepo/iprepo/pcie4_uscale_plus_v1_3/interfaces/pcie4_cfg_ext_msix.xml' will take precedence over the same Interface in location '/opt/Vivado/2020.2/data/ip/xilinx/pcie4_uscale_plus_v1_3/interfaces/pcie4_cfg_ext_msix.xml'
WARNING: [IP_Flow 19-4830] Duplicate Interface found for 'xilinx.com:display_pcie4:pcie4_pl:1.0'. The one found in location '/home/nomoto/src/StagedLSH/ver1.3/soft/u200/hw/_x/link/vivado/vpl/.local/hw_platform/iprepo/iprepo/pcie4_uscale_plus_v1_3/interfaces/pcie4_pl.xml' will take precedence over the same Interface in location '/opt/Vivado/2020.2/data/ip/xilinx/pcie4_uscale_plus_v1_3/interfaces/pcie4_pl.xml'
WARNING: [IP_Flow 19-4830] Duplicate Interface found for 'xilinx.com:display_pcie4:pcie4_cfg_control:1.0'. The one found in location '/home/nomoto/src/StagedLSH/ver1.3/soft/u200/hw/_x/link/vivado/vpl/.local/hw_platform/iprepo/iprepo/pcie4_uscale_plus_v1_3/interfaces/pcie4_cfg_control.xml' will take precedence over the same Interface in location '/opt/Vivado/2020.2/data/ip/xilinx/pcie4_uscale_plus_v1_3/interfaces/pcie4_cfg_control.xml'
WARNING: [IP_Flow 19-4830] Duplicate Interface found for 'xilinx.com:display_pcie4:pcie4_cfg_mgmt:1.0'. The one found in location '/home/nomoto/src/StagedLSH/ver1.3/soft/u200/hw/_x/link/vivado/vpl/.local/hw_platform/iprepo/iprepo/pcie4_uscale_plus_v1_3/interfaces/pcie4_cfg_mgmt.xml' will take precedence over the same Interface in location '/opt/Vivado/2020.2/data/ip/xilinx/pcie4_uscale_plus_v1_3/interfaces/pcie4_cfg_mgmt.xml'
WARNING: [IP_Flow 19-4830] Duplicate Interface found for 'xilinx.com:display_pcie4:pcie4_pcie_id:1.0'. The one found in location '/home/nomoto/src/StagedLSH/ver1.3/soft/u200/hw/_x/link/vivado/vpl/.local/hw_platform/iprepo/iprepo/pcie4_uscale_plus_v1_3/interfaces/pcie4_pcie_id.xml' will take precedence over the same Interface in location '/opt/Vivado/2020.2/data/ip/xilinx/pcie4_uscale_plus_v1_3/interfaces/pcie4_pcie_id.xml'
WARNING: [IP_Flow 19-4830] Duplicate Interface found for 'xilinx.com:display_pcie4_uscaleplus:transceiver_debug:1.0'. The one found in location '/home/nomoto/src/StagedLSH/ver1.3/soft/u200/hw/_x/link/vivado/vpl/.local/hw_platform/iprepo/iprepo/pcie4_uscale_plus_v1_3/interfaces/transceiver_debug.xml' will take precedence over the same Interface in location '/opt/Vivado/2020.2/data/ip/xilinx/pcie4_uscale_plus_v1_3/interfaces/transceiver_debug.xml'
WARNING: [IP_Flow 19-4830] Duplicate Interface found for 'xilinx.com:display_pcie4:pcie4_cfg_msix_internal:1.0'. The one found in location '/home/nomoto/src/StagedLSH/ver1.3/soft/u200/hw/_x/link/vivado/vpl/.local/hw_platform/iprepo/iprepo/pcie4_uscale_plus_v1_3/interfaces/pcie4_cfg_msix_int.xml' will take precedence over the same Interface in location '/opt/Vivado/2020.2/data/ip/xilinx/pcie4_uscale_plus_v1_3/interfaces/pcie4_cfg_msix_int.xml'
WARNING: [IP_Flow 19-4830] Duplicate Interface found for 'xilinx.com:display_pcie4:pcie4_rbar:1.0'. The one found in location '/home/nomoto/src/StagedLSH/ver1.3/soft/u200/hw/_x/link/vivado/vpl/.local/hw_platform/iprepo/iprepo/pcie4_uscale_plus_v1_3/interfaces/pcie4_rbar.xml' will take precedence over the same Interface in location '/opt/Vivado/2020.2/data/ip/xilinx/pcie4_uscale_plus_v1_3/interfaces/pcie4_rbar.xml'
WARNING: [IP_Flow 19-4830] Duplicate Interface found for 'xilinx.com:display_pcie4:pcie4_cfg_status:1.0'. The one found in location '/home/nomoto/src/StagedLSH/ver1.3/soft/u200/hw/_x/link/vivado/vpl/.local/hw_platform/iprepo/iprepo/pcie4_uscale_plus_v1_3/interfaces/pcie4_cfg_status.xml' will take precedence over the same Interface in location '/opt/Vivado/2020.2/data/ip/xilinx/pcie4_uscale_plus_v1_3/interfaces/pcie4_cfg_status.xml'
WARNING: [IP_Flow 19-4830] Duplicate Interface found for 'xilinx.com:display_pcie4:pcie4_cfg_msix_external:1.0'. The one found in location '/home/nomoto/src/StagedLSH/ver1.3/soft/u200/hw/_x/link/vivado/vpl/.local/hw_platform/iprepo/iprepo/pcie4_uscale_plus_v1_3/interfaces/pcie4_cfg_msix.xml' will take precedence over the same Interface in location '/opt/Vivado/2020.2/data/ip/xilinx/pcie4_uscale_plus_v1_3/interfaces/pcie4_cfg_msix.xml'
WARNING: [IP_Flow 19-4830] Duplicate Interface found for 'xilinx.com:display_pcie4:pcie4_cfg_pm:1.0'. The one found in location '/home/nomoto/src/StagedLSH/ver1.3/soft/u200/hw/_x/link/vivado/vpl/.local/hw_platform/iprepo/iprepo/pcie4_uscale_plus_v1_3/interfaces/pcie4_cfg_pm.xml' will take precedence over the same Interface in location '/opt/Vivado/2020.2/data/ip/xilinx/pcie4_uscale_plus_v1_3/interfaces/pcie4_cfg_pm.xml'
Command: synth_design -top pfm_dynamic_auto_cc_4 -part xcu200-fsgd2104-2-e -mode out_of_context
Starting synth_design
Attempting to get a license for feature 'Synthesis' and/or device 'xcu200'
INFO: [Common 17-349] Got license for feature 'Synthesis' and/or device 'xcu200'
INFO: [Device 21-403] Loading part xcu200-fsgd2104-2-e
INFO: [Synth 8-7079] Multithreading enabled for synth_design using a maximum of 1 processes.
INFO: [Synth 8-7078] Launching helper process for spawning children vivado processes
INFO: [Synth 8-7075] Helper process launched with PID 29588
---------------------------------------------------------------------------------
Starting RTL Elaboration : Time (s): cpu = 00:00:05 ; elapsed = 00:00:10 . Memory (MB): peak = 3081.188 ; gain = 214.594 ; free physical = 77190 ; free virtual = 110120
---------------------------------------------------------------------------------
INFO: [Synth 8-6157] synthesizing module 'pfm_dynamic_auto_cc_4' [/home/nomoto/src/StagedLSH/ver1.3/soft/u200/hw/_x/link/vivado/vpl/prj/prj.gen/my_rm/bd/bd/ip/pfm_dynamic_auto_cc_4/synth/pfm_dynamic_auto_cc_4.v:58]
INFO: [Synth 8-6157] synthesizing module 'axi_clock_converter_v2_1_21_axi_clock_converter' [/home/nomoto/src/StagedLSH/ver1.3/soft/u200/hw/_x/link/vivado/vpl/prj/prj.gen/my_rm/bd/bd/ipshared/1304/hdl/axi_clock_converter_v2_1_vl_rfs.v:654]
	Parameter C_FAMILY bound to: virtexuplus - type: string 
	Parameter C_AXI_ID_WIDTH bound to: 1 - type: integer 
	Parameter C_AXI_ADDR_WIDTH bound to: 8 - type: integer 
	Parameter C_AXI_DATA_WIDTH bound to: 32 - type: integer 
	Parameter C_S_AXI_ACLK_RATIO bound to: 1 - type: integer 
	Parameter C_M_AXI_ACLK_RATIO bound to: 2 - type: integer 
	Parameter C_AXI_IS_ACLK_ASYNC bound to: 1 - type: integer 
	Parameter C_AXI_PROTOCOL bound to: 2 - type: integer 
	Parameter C_AXI_SUPPORTS_USER_SIGNALS bound to: 0 - type: integer 
	Parameter C_AXI_AWUSER_WIDTH bound to: 1 - type: integer 
	Parameter C_AXI_ARUSER_WIDTH bound to: 1 - type: integer 
	Parameter C_AXI_WUSER_WIDTH bound to: 1 - type: integer 
	Parameter C_AXI_RUSER_WIDTH bound to: 1 - type: integer 
	Parameter C_AXI_BUSER_WIDTH bound to: 1 - type: integer 
	Parameter C_AXI_SUPPORTS_WRITE bound to: 1 - type: integer 
	Parameter C_AXI_SUPPORTS_READ bound to: 1 - type: integer 
	Parameter C_SYNCHRONIZER_STAGE bound to: 3 - type: integer 
	Parameter P_AXI4 bound to: 0 - type: integer 
	Parameter P_AXI3 bound to: 1 - type: integer 
	Parameter P_AXILITE bound to: 2 - type: integer 
	Parameter P_LIGHT_WT bound to: 0 - type: integer 
	Parameter P_FULLY_REG bound to: 1 - type: integer 
	Parameter P_LUTRAM_ASYNC bound to: 12 - type: integer 
	Parameter P_SI_LT_MI bound to: 1'b1 
	Parameter P_ROUNDING_OFFSET bound to: 0 - type: integer 
	Parameter P_ACLK_RATIO bound to: 2 - type: integer 
	Parameter C_AWUSER_RIGHT bound to: 0 - type: integer 
	Parameter C_AWUSER_WIDTH bound to: 0 - type: integer 
	Parameter C_AWQOS_RIGHT bound to: 0 - type: integer 
	Parameter C_AWQOS_WIDTH bound to: 0 - type: integer 
	Parameter C_AWREGION_RIGHT bound to: 0 - type: integer 
	Parameter C_AWREGION_WIDTH bound to: 0 - type: integer 
	Parameter C_AWPROT_RIGHT bound to: 0 - type: integer 
	Parameter C_AWPROT_WIDTH bound to: 3 - type: integer 
	Parameter C_AWCACHE_RIGHT bound to: 3 - type: integer 
	Parameter C_AWCACHE_WIDTH bound to: 0 - type: integer 
	Parameter C_AWLOCK_RIGHT bound to: 3 - type: integer 
	Parameter C_AWLOCK_WIDTH bound to: 0 - type: integer 
	Parameter C_AWBURST_RIGHT bound to: 3 - type: integer 
	Parameter C_AWBURST_WIDTH bound to: 0 - type: integer 
	Parameter C_AWSIZE_RIGHT bound to: 3 - type: integer 
	Parameter C_AWSIZE_WIDTH bound to: 0 - type: integer 
	Parameter C_AWLEN_RIGHT bound to: 3 - type: integer 
	Parameter C_AWLEN_WIDTH bound to: 0 - type: integer 
	Parameter C_AWADDR_RIGHT bound to: 3 - type: integer 
	Parameter C_AWADDR_WIDTH bound to: 8 - type: integer 
	Parameter C_AWID_RIGHT bound to: 11 - type: integer 
	Parameter C_AWID_WIDTH bound to: 0 - type: integer 
	Parameter C_AW_WIDTH bound to: 11 - type: integer 
	Parameter C_FIFO_AW_WIDTH bound to: 11 - type: integer 
	Parameter C_WUSER_RIGHT bound to: 0 - type: integer 
	Parameter C_WUSER_WIDTH bound to: 0 - type: integer 
	Parameter C_WLAST_RIGHT bound to: 0 - type: integer 
	Parameter C_WLAST_WIDTH bound to: 0 - type: integer 
	Parameter C_WSTRB_RIGHT bound to: 0 - type: integer 
	Parameter C_WSTRB_WIDTH bound to: 4 - type: integer 
	Parameter C_WDATA_RIGHT bound to: 4 - type: integer 
	Parameter C_WDATA_WIDTH bound to: 32 - type: integer 
	Parameter C_WID_RIGHT bound to: 36 - type: integer 
	Parameter C_WID_WIDTH bound to: 0 - type: integer 
	Parameter C_W_WIDTH bound to: 36 - type: integer 
	Parameter C_FIFO_W_WIDTH bound to: 36 - type: integer 
	Parameter C_BUSER_RIGHT bound to: 0 - type: integer 
	Parameter C_BUSER_WIDTH bound to: 0 - type: integer 
	Parameter C_BRESP_RIGHT bound to: 0 - type: integer 
	Parameter C_BRESP_WIDTH bound to: 2 - type: integer 
	Parameter C_BID_RIGHT bound to: 2 - type: integer 
	Parameter C_BID_WIDTH bound to: 0 - type: integer 
	Parameter C_B_WIDTH bound to: 2 - type: integer 
	Parameter C_FIFO_B_WIDTH bound to: 2 - type: integer 
	Parameter C_ARUSER_RIGHT bound to: 0 - type: integer 
	Parameter C_ARUSER_WIDTH bound to: 0 - type: integer 
	Parameter C_ARQOS_RIGHT bound to: 0 - type: integer 
	Parameter C_ARQOS_WIDTH bound to: 0 - type: integer 
	Parameter C_ARREGION_RIGHT bound to: 0 - type: integer 
	Parameter C_ARREGION_WIDTH bound to: 0 - type: integer 
	Parameter C_ARPROT_RIGHT bound to: 0 - type: integer 
	Parameter C_ARPROT_WIDTH bound to: 3 - type: integer 
	Parameter C_ARCACHE_RIGHT bound to: 3 - type: integer 
	Parameter C_ARCACHE_WIDTH bound to: 0 - type: integer 
	Parameter C_ARLOCK_RIGHT bound to: 3 - type: integer 
	Parameter C_ARLOCK_WIDTH bound to: 0 - type: integer 
	Parameter C_ARBURST_RIGHT bound to: 3 - type: integer 
	Parameter C_ARBURST_WIDTH bound to: 0 - type: integer 
	Parameter C_ARSIZE_RIGHT bound to: 3 - type: integer 
	Parameter C_ARSIZE_WIDTH bound to: 0 - type: integer 
	Parameter C_ARLEN_RIGHT bound to: 3 - type: integer 
	Parameter C_ARLEN_WIDTH bound to: 0 - type: integer 
	Parameter C_ARADDR_RIGHT bound to: 3 - type: integer 
	Parameter C_ARADDR_WIDTH bound to: 8 - type: integer 
	Parameter C_ARID_RIGHT bound to: 11 - type: integer 
	Parameter C_ARID_WIDTH bound to: 0 - type: integer 
	Parameter C_AR_WIDTH bound to: 11 - type: integer 
	Parameter C_FIFO_AR_WIDTH bound to: 11 - type: integer 
	Parameter C_RUSER_RIGHT bound to: 0 - type: integer 
	Parameter C_RUSER_WIDTH bound to: 0 - type: integer 
	Parameter C_RLAST_RIGHT bound to: 0 - type: integer 
	Parameter C_RLAST_WIDTH bound to: 0 - type: integer 
	Parameter C_RRESP_RIGHT bound to: 0 - type: integer 
	Parameter C_RRESP_WIDTH bound to: 2 - type: integer 
	Parameter C_RDATA_RIGHT bound to: 2 - type: integer 
	Parameter C_RDATA_WIDTH bound to: 32 - type: integer 
	Parameter C_RID_RIGHT bound to: 34 - type: integer 
	Parameter C_RID_WIDTH bound to: 0 - type: integer 
	Parameter C_R_WIDTH bound to: 34 - type: integer 
	Parameter C_FIFO_R_WIDTH bound to: 34 - type: integer 
INFO: [Synth 8-6157] synthesizing module 'axi_infrastructure_v1_1_0_axi2vector' [/home/nomoto/src/StagedLSH/ver1.3/soft/u200/hw/_x/link/vivado/vpl/prj/prj.gen/my_rm/bd/bd/ipshared/ec67/hdl/axi_infrastructure_v1_1_vl_rfs.v:60]
	Parameter C_AXI_PROTOCOL bound to: 2 - type: integer 
	Parameter C_AXI_ID_WIDTH bound to: 1 - type: integer 
	Parameter C_AXI_ADDR_WIDTH bound to: 8 - type: integer 
	Parameter C_AXI_DATA_WIDTH bound to: 32 - type: integer 
	Parameter C_AXI_SUPPORTS_USER_SIGNALS bound to: 0 - type: integer 
	Parameter C_AXI_SUPPORTS_REGION_SIGNALS bound to: 0 - type: integer 
	Parameter C_AXI_AWUSER_WIDTH bound to: 1 - type: integer 
	Parameter C_AXI_WUSER_WIDTH bound to: 1 - type: integer 
	Parameter C_AXI_BUSER_WIDTH bound to: 1 - type: integer 
	Parameter C_AXI_ARUSER_WIDTH bound to: 1 - type: integer 
	Parameter C_AXI_RUSER_WIDTH bound to: 1 - type: integer 
	Parameter C_AWPAYLOAD_WIDTH bound to: 11 - type: integer 
	Parameter C_WPAYLOAD_WIDTH bound to: 36 - type: integer 
	Parameter C_BPAYLOAD_WIDTH bound to: 2 - type: integer 
	Parameter C_ARPAYLOAD_WIDTH bound to: 11 - type: integer 
	Parameter C_RPAYLOAD_WIDTH bound to: 34 - type: integer 
	Parameter G_AXI_AWADDR_INDEX bound to: 0 - type: integer 
	Parameter G_AXI_AWADDR_WIDTH bound to: 8 - type: integer 
	Parameter G_AXI_AWPROT_INDEX bound to: 8 - type: integer 
	Parameter G_AXI_AWPROT_WIDTH bound to: 3 - type: integer 
	Parameter G_AXI_AWSIZE_INDEX bound to: 11 - type: integer 
	Parameter G_AXI_AWSIZE_WIDTH bound to: 0 - type: integer 
	Parameter G_AXI_AWBURST_INDEX bound to: 11 - type: integer 
	Parameter G_AXI_AWBURST_WIDTH bound to: 0 - type: integer 
	Parameter G_AXI_AWCACHE_INDEX bound to: 11 - type: integer 
	Parameter G_AXI_AWCACHE_WIDTH bound to: 0 - type: integer 
	Parameter G_AXI_AWLEN_INDEX bound to: 11 - type: integer 
	Parameter G_AXI_AWLEN_WIDTH bound to: 0 - type: integer 
	Parameter G_AXI_AWLOCK_INDEX bound to: 11 - type: integer 
	Parameter G_AXI_AWLOCK_WIDTH bound to: 0 - type: integer 
	Parameter G_AXI_AWID_INDEX bound to: 11 - type: integer 
	Parameter G_AXI_AWID_WIDTH bound to: 0 - type: integer 
	Parameter G_AXI_AWQOS_INDEX bound to: 11 - type: integer 
	Parameter G_AXI_AWQOS_WIDTH bound to: 0 - type: integer 
	Parameter G_AXI_AWREGION_INDEX bound to: 11 - type: integer 
	Parameter G_AXI_AWREGION_WIDTH bound to: 0 - type: integer 
	Parameter G_AXI_AWUSER_INDEX bound to: 11 - type: integer 
	Parameter G_AXI_AWUSER_WIDTH bound to: 0 - type: integer 
	Parameter G_AXI_AWPAYLOAD_WIDTH bound to: 11 - type: integer 
	Parameter G_AXI_ARADDR_INDEX bound to: 0 - type: integer 
	Parameter G_AXI_ARADDR_WIDTH bound to: 8 - type: integer 
	Parameter G_AXI_ARPROT_INDEX bound to: 8 - type: integer 
	Parameter G_AXI_ARPROT_WIDTH bound to: 3 - type: integer 
	Parameter G_AXI_ARSIZE_INDEX bound to: 11 - type: integer 
	Parameter G_AXI_ARSIZE_WIDTH bound to: 0 - type: integer 
	Parameter G_AXI_ARBURST_INDEX bound to: 11 - type: integer 
	Parameter G_AXI_ARBURST_WIDTH bound to: 0 - type: integer 
	Parameter G_AXI_ARCACHE_INDEX bound to: 11 - type: integer 
	Parameter G_AXI_ARCACHE_WIDTH bound to: 0 - type: integer 
	Parameter G_AXI_ARLEN_INDEX bound to: 11 - type: integer 
	Parameter G_AXI_ARLEN_WIDTH bound to: 0 - type: integer 
	Parameter G_AXI_ARLOCK_INDEX bound to: 11 - type: integer 
	Parameter G_AXI_ARLOCK_WIDTH bound to: 0 - type: integer 
	Parameter G_AXI_ARID_INDEX bound to: 11 - type: integer 
	Parameter G_AXI_ARID_WIDTH bound to: 0 - type: integer 
	Parameter G_AXI_ARQOS_INDEX bound to: 11 - type: integer 
	Parameter G_AXI_ARQOS_WIDTH bound to: 0 - type: integer 
	Parameter G_AXI_ARREGION_INDEX bound to: 11 - type: integer 
	Parameter G_AXI_ARREGION_WIDTH bound to: 0 - type: integer 
	Parameter G_AXI_ARUSER_INDEX bound to: 11 - type: integer 
	Parameter G_AXI_ARUSER_WIDTH bound to: 0 - type: integer 
	Parameter G_AXI_ARPAYLOAD_WIDTH bound to: 11 - type: integer 
	Parameter G_AXI_WDATA_INDEX bound to: 0 - type: integer 
	Parameter G_AXI_WDATA_WIDTH bound to: 32 - type: integer 
	Parameter G_AXI_WSTRB_INDEX bound to: 32 - type: integer 
	Parameter G_AXI_WSTRB_WIDTH bound to: 4 - type: integer 
	Parameter G_AXI_WLAST_INDEX bound to: 36 - type: integer 
	Parameter G_AXI_WLAST_WIDTH bound to: 0 - type: integer 
	Parameter G_AXI_WID_INDEX bound to: 36 - type: integer 
	Parameter G_AXI_WID_WIDTH bound to: 0 - type: integer 
	Parameter G_AXI_WUSER_INDEX bound to: 36 - type: integer 
	Parameter G_AXI_WUSER_WIDTH bound to: 0 - type: integer 
	Parameter G_AXI_WPAYLOAD_WIDTH bound to: 36 - type: integer 
	Parameter G_AXI_BRESP_INDEX bound to: 0 - type: integer 
	Parameter G_AXI_BRESP_WIDTH bound to: 2 - type: integer 
	Parameter G_AXI_BID_INDEX bound to: 2 - type: integer 
	Parameter G_AXI_BID_WIDTH bound to: 0 - type: integer 
	Parameter G_AXI_BUSER_INDEX bound to: 2 - type: integer 
	Parameter G_AXI_BUSER_WIDTH bound to: 0 - type: integer 
	Parameter G_AXI_BPAYLOAD_WIDTH bound to: 2 - type: integer 
	Parameter G_AXI_RDATA_INDEX bound to: 0 - type: integer 
	Parameter G_AXI_RDATA_WIDTH bound to: 32 - type: integer 
	Parameter G_AXI_RRESP_INDEX bound to: 32 - type: integer 
	Parameter G_AXI_RRESP_WIDTH bound to: 2 - type: integer 
	Parameter G_AXI_RLAST_INDEX bound to: 34 - type: integer 
	Parameter G_AXI_RLAST_WIDTH bound to: 0 - type: integer 
	Parameter G_AXI_RID_INDEX bound to: 34 - type: integer 
	Parameter G_AXI_RID_WIDTH bound to: 0 - type: integer 
	Parameter G_AXI_RUSER_INDEX bound to: 34 - type: integer 
	Parameter G_AXI_RUSER_WIDTH bound to: 0 - type: integer 
	Parameter G_AXI_RPAYLOAD_WIDTH bound to: 34 - type: integer 
INFO: [Synth 8-6155] done synthesizing module 'axi_infrastructure_v1_1_0_axi2vector' (1#1) [/home/nomoto/src/StagedLSH/ver1.3/soft/u200/hw/_x/link/vivado/vpl/prj/prj.gen/my_rm/bd/bd/ipshared/ec67/hdl/axi_infrastructure_v1_1_vl_rfs.v:60]
INFO: [Synth 8-6157] synthesizing module 'axi_clock_converter_v2_1_21_lite_async' [/home/nomoto/src/StagedLSH/ver1.3/soft/u200/hw/_x/link/vivado/vpl/prj/prj.gen/my_rm/bd/bd/ipshared/1304/hdl/axi_clock_converter_v2_1_vl_rfs.v:517]
	Parameter C_DEST_SYNC_FF bound to: 3 - type: integer 
	Parameter C_SRC_SYNC_FF bound to: 3 - type: integer 
	Parameter C_WIDTH bound to: 11 - type: integer 
	Parameter SRC_IDLE bound to: 2'b00 
	Parameter SRC_DRV_SEND bound to: 2'b01 
	Parameter SRC_WAIT_RCV_DONE bound to: 2'b10 
	Parameter DEST_IDLE bound to: 2'b00 
	Parameter DEST_DRV_VALID bound to: 2'b01 
	Parameter DEST_DRV_ACK bound to: 2'b10 
INFO: [Synth 8-6157] synthesizing module 'xpm_cdc_handshake' [/opt/Vivado/2020.2/data/ip/xpm/xpm_cdc/hdl/xpm_cdc.sv:469]
	Parameter DEST_EXT_HSK bound to: 1 - type: integer 
	Parameter DEST_SYNC_FF bound to: 3 - type: integer 
	Parameter INIT_SYNC_FF bound to: 0 - type: integer 
	Parameter SIM_ASSERT_CHK bound to: 0 - type: integer 
	Parameter SRC_SYNC_FF bound to: 3 - type: integer 
	Parameter VERSION bound to: 0 - type: integer 
	Parameter WIDTH bound to: 11 - type: integer 
INFO: [Synth 8-6157] synthesizing module 'xpm_cdc_single' [/opt/Vivado/2020.2/data/ip/xpm/xpm_cdc/hdl/xpm_cdc.sv:153]
	Parameter DEST_SYNC_FF bound to: 3 - type: integer 
	Parameter INIT_SYNC_FF bound to: 0 - type: integer 
	Parameter SIM_ASSERT_CHK bound to: 0 - type: integer 
	Parameter SRC_INPUT_REG bound to: 0 - type: integer 
	Parameter VERSION bound to: 0 - type: integer 
INFO: [Synth 8-6155] done synthesizing module 'xpm_cdc_single' (2#1) [/opt/Vivado/2020.2/data/ip/xpm/xpm_cdc/hdl/xpm_cdc.sv:153]
INFO: [Synth 8-6155] done synthesizing module 'xpm_cdc_handshake' (3#1) [/opt/Vivado/2020.2/data/ip/xpm/xpm_cdc/hdl/xpm_cdc.sv:469]
INFO: [Synth 8-6155] done synthesizing module 'axi_clock_converter_v2_1_21_lite_async' (4#1) [/home/nomoto/src/StagedLSH/ver1.3/soft/u200/hw/_x/link/vivado/vpl/prj/prj.gen/my_rm/bd/bd/ipshared/1304/hdl/axi_clock_converter_v2_1_vl_rfs.v:517]
INFO: [Synth 8-6157] synthesizing module 'axi_clock_converter_v2_1_21_lite_async__parameterized0' [/home/nomoto/src/StagedLSH/ver1.3/soft/u200/hw/_x/link/vivado/vpl/prj/prj.gen/my_rm/bd/bd/ipshared/1304/hdl/axi_clock_converter_v2_1_vl_rfs.v:517]
	Parameter C_DEST_SYNC_FF bound to: 3 - type: integer 
	Parameter C_SRC_SYNC_FF bound to: 3 - type: integer 
	Parameter C_WIDTH bound to: 36 - type: integer 
	Parameter SRC_IDLE bound to: 2'b00 
	Parameter SRC_DRV_SEND bound to: 2'b01 
	Parameter SRC_WAIT_RCV_DONE bound to: 2'b10 
	Parameter DEST_IDLE bound to: 2'b00 
	Parameter DEST_DRV_VALID bound to: 2'b01 
	Parameter DEST_DRV_ACK bound to: 2'b10 
INFO: [Synth 8-6157] synthesizing module 'xpm_cdc_handshake__parameterized0' [/opt/Vivado/2020.2/data/ip/xpm/xpm_cdc/hdl/xpm_cdc.sv:469]
	Parameter DEST_EXT_HSK bound to: 1 - type: integer 
	Parameter DEST_SYNC_FF bound to: 3 - type: integer 
	Parameter INIT_SYNC_FF bound to: 0 - type: integer 
	Parameter SIM_ASSERT_CHK bound to: 0 - type: integer 
	Parameter SRC_SYNC_FF bound to: 3 - type: integer 
	Parameter VERSION bound to: 0 - type: integer 
	Parameter WIDTH bound to: 36 - type: integer 
INFO: [Synth 8-6155] done synthesizing module 'xpm_cdc_handshake__parameterized0' (4#1) [/opt/Vivado/2020.2/data/ip/xpm/xpm_cdc/hdl/xpm_cdc.sv:469]
INFO: [Synth 8-6155] done synthesizing module 'axi_clock_converter_v2_1_21_lite_async__parameterized0' (4#1) [/home/nomoto/src/StagedLSH/ver1.3/soft/u200/hw/_x/link/vivado/vpl/prj/prj.gen/my_rm/bd/bd/ipshared/1304/hdl/axi_clock_converter_v2_1_vl_rfs.v:517]
INFO: [Synth 8-6157] synthesizing module 'axi_clock_converter_v2_1_21_lite_async__parameterized1' [/home/nomoto/src/StagedLSH/ver1.3/soft/u200/hw/_x/link/vivado/vpl/prj/prj.gen/my_rm/bd/bd/ipshared/1304/hdl/axi_clock_converter_v2_1_vl_rfs.v:517]
	Parameter C_DEST_SYNC_FF bound to: 3 - type: integer 
	Parameter C_SRC_SYNC_FF bound to: 3 - type: integer 
	Parameter C_WIDTH bound to: 2 - type: integer 
	Parameter SRC_IDLE bound to: 2'b00 
	Parameter SRC_DRV_SEND bound to: 2'b01 
	Parameter SRC_WAIT_RCV_DONE bound to: 2'b10 
	Parameter DEST_IDLE bound to: 2'b00 
	Parameter DEST_DRV_VALID bound to: 2'b01 
	Parameter DEST_DRV_ACK bound to: 2'b10 
INFO: [Synth 8-6157] synthesizing module 'xpm_cdc_handshake__parameterized1' [/opt/Vivado/2020.2/data/ip/xpm/xpm_cdc/hdl/xpm_cdc.sv:469]
	Parameter DEST_EXT_HSK bound to: 1 - type: integer 
	Parameter DEST_SYNC_FF bound to: 3 - type: integer 
	Parameter INIT_SYNC_FF bound to: 0 - type: integer 
	Parameter SIM_ASSERT_CHK bound to: 0 - type: integer 
	Parameter SRC_SYNC_FF bound to: 3 - type: integer 
	Parameter VERSION bound to: 0 - type: integer 
	Parameter WIDTH bound to: 2 - type: integer 
INFO: [Synth 8-6155] done synthesizing module 'xpm_cdc_handshake__parameterized1' (4#1) [/opt/Vivado/2020.2/data/ip/xpm/xpm_cdc/hdl/xpm_cdc.sv:469]
INFO: [Synth 8-6155] done synthesizing module 'axi_clock_converter_v2_1_21_lite_async__parameterized1' (4#1) [/home/nomoto/src/StagedLSH/ver1.3/soft/u200/hw/_x/link/vivado/vpl/prj/prj.gen/my_rm/bd/bd/ipshared/1304/hdl/axi_clock_converter_v2_1_vl_rfs.v:517]
INFO: [Synth 8-6157] synthesizing module 'axi_clock_converter_v2_1_21_lite_async__parameterized2' [/home/nomoto/src/StagedLSH/ver1.3/soft/u200/hw/_x/link/vivado/vpl/prj/prj.gen/my_rm/bd/bd/ipshared/1304/hdl/axi_clock_converter_v2_1_vl_rfs.v:517]
	Parameter C_DEST_SYNC_FF bound to: 3 - type: integer 
	Parameter C_SRC_SYNC_FF bound to: 3 - type: integer 
	Parameter C_WIDTH bound to: 34 - type: integer 
	Parameter SRC_IDLE bound to: 2'b00 
	Parameter SRC_DRV_SEND bound to: 2'b01 
	Parameter SRC_WAIT_RCV_DONE bound to: 2'b10 
	Parameter DEST_IDLE bound to: 2'b00 
	Parameter DEST_DRV_VALID bound to: 2'b01 
	Parameter DEST_DRV_ACK bound to: 2'b10 
INFO: [Synth 8-6157] synthesizing module 'xpm_cdc_handshake__parameterized2' [/opt/Vivado/2020.2/data/ip/xpm/xpm_cdc/hdl/xpm_cdc.sv:469]
	Parameter DEST_EXT_HSK bound to: 1 - type: integer 
	Parameter DEST_SYNC_FF bound to: 3 - type: integer 
	Parameter INIT_SYNC_FF bound to: 0 - type: integer 
	Parameter SIM_ASSERT_CHK bound to: 0 - type: integer 
	Parameter SRC_SYNC_FF bound to: 3 - type: integer 
	Parameter VERSION bound to: 0 - type: integer 
	Parameter WIDTH bound to: 34 - type: integer 
INFO: [Synth 8-6155] done synthesizing module 'xpm_cdc_handshake__parameterized2' (4#1) [/opt/Vivado/2020.2/data/ip/xpm/xpm_cdc/hdl/xpm_cdc.sv:469]
INFO: [Synth 8-6155] done synthesizing module 'axi_clock_converter_v2_1_21_lite_async__parameterized2' (4#1) [/home/nomoto/src/StagedLSH/ver1.3/soft/u200/hw/_x/link/vivado/vpl/prj/prj.gen/my_rm/bd/bd/ipshared/1304/hdl/axi_clock_converter_v2_1_vl_rfs.v:517]
INFO: [Synth 8-6157] synthesizing module 'axi_infrastructure_v1_1_0_vector2axi' [/home/nomoto/src/StagedLSH/ver1.3/soft/u200/hw/_x/link/vivado/vpl/prj/prj.gen/my_rm/bd/bd/ipshared/ec67/hdl/axi_infrastructure_v1_1_vl_rfs.v:474]
	Parameter C_AXI_PROTOCOL bound to: 2 - type: integer 
	Parameter C_AXI_ID_WIDTH bound to: 1 - type: integer 
	Parameter C_AXI_ADDR_WIDTH bound to: 8 - type: integer 
	Parameter C_AXI_DATA_WIDTH bound to: 32 - type: integer 
	Parameter C_AXI_SUPPORTS_USER_SIGNALS bound to: 0 - type: integer 
	Parameter C_AXI_SUPPORTS_REGION_SIGNALS bound to: 0 - type: integer 
	Parameter C_AXI_AWUSER_WIDTH bound to: 1 - type: integer 
	Parameter C_AXI_WUSER_WIDTH bound to: 1 - type: integer 
	Parameter C_AXI_BUSER_WIDTH bound to: 1 - type: integer 
	Parameter C_AXI_ARUSER_WIDTH bound to: 1 - type: integer 
	Parameter C_AXI_RUSER_WIDTH bound to: 1 - type: integer 
	Parameter C_AWPAYLOAD_WIDTH bound to: 11 - type: integer 
	Parameter C_WPAYLOAD_WIDTH bound to: 36 - type: integer 
	Parameter C_BPAYLOAD_WIDTH bound to: 2 - type: integer 
	Parameter C_ARPAYLOAD_WIDTH bound to: 11 - type: integer 
	Parameter C_RPAYLOAD_WIDTH bound to: 34 - type: integer 
	Parameter G_AXI_AWADDR_INDEX bound to: 0 - type: integer 
	Parameter G_AXI_AWADDR_WIDTH bound to: 8 - type: integer 
	Parameter G_AXI_AWPROT_INDEX bound to: 8 - type: integer 
	Parameter G_AXI_AWPROT_WIDTH bound to: 3 - type: integer 
	Parameter G_AXI_AWSIZE_INDEX bound to: 11 - type: integer 
	Parameter G_AXI_AWSIZE_WIDTH bound to: 0 - type: integer 
	Parameter G_AXI_AWBURST_INDEX bound to: 11 - type: integer 
	Parameter G_AXI_AWBURST_WIDTH bound to: 0 - type: integer 
	Parameter G_AXI_AWCACHE_INDEX bound to: 11 - type: integer 
	Parameter G_AXI_AWCACHE_WIDTH bound to: 0 - type: integer 
	Parameter G_AXI_AWLEN_INDEX bound to: 11 - type: integer 
	Parameter G_AXI_AWLEN_WIDTH bound to: 0 - type: integer 
	Parameter G_AXI_AWLOCK_INDEX bound to: 11 - type: integer 
	Parameter G_AXI_AWLOCK_WIDTH bound to: 0 - type: integer 
	Parameter G_AXI_AWID_INDEX bound to: 11 - type: integer 
	Parameter G_AXI_AWID_WIDTH bound to: 0 - type: integer 
	Parameter G_AXI_AWQOS_INDEX bound to: 11 - type: integer 
	Parameter G_AXI_AWQOS_WIDTH bound to: 0 - type: integer 
	Parameter G_AXI_AWREGION_INDEX bound to: 11 - type: integer 
	Parameter G_AXI_AWREGION_WIDTH bound to: 0 - type: integer 
	Parameter G_AXI_AWUSER_INDEX bound to: 11 - type: integer 
	Parameter G_AXI_AWUSER_WIDTH bound to: 0 - type: integer 
	Parameter G_AXI_AWPAYLOAD_WIDTH bound to: 11 - type: integer 
	Parameter G_AXI_ARADDR_INDEX bound to: 0 - type: integer 
	Parameter G_AXI_ARADDR_WIDTH bound to: 8 - type: integer 
	Parameter G_AXI_ARPROT_INDEX bound to: 8 - type: integer 
	Parameter G_AXI_ARPROT_WIDTH bound to: 3 - type: integer 
	Parameter G_AXI_ARSIZE_INDEX bound to: 11 - type: integer 
	Parameter G_AXI_ARSIZE_WIDTH bound to: 0 - type: integer 
	Parameter G_AXI_ARBURST_INDEX bound to: 11 - type: integer 
	Parameter G_AXI_ARBURST_WIDTH bound to: 0 - type: integer 
	Parameter G_AXI_ARCACHE_INDEX bound to: 11 - type: integer 
	Parameter G_AXI_ARCACHE_WIDTH bound to: 0 - type: integer 
	Parameter G_AXI_ARLEN_INDEX bound to: 11 - type: integer 
	Parameter G_AXI_ARLEN_WIDTH bound to: 0 - type: integer 
	Parameter G_AXI_ARLOCK_INDEX bound to: 11 - type: integer 
	Parameter G_AXI_ARLOCK_WIDTH bound to: 0 - type: integer 
	Parameter G_AXI_ARID_INDEX bound to: 11 - type: integer 
	Parameter G_AXI_ARID_WIDTH bound to: 0 - type: integer 
	Parameter G_AXI_ARQOS_INDEX bound to: 11 - type: integer 
	Parameter G_AXI_ARQOS_WIDTH bound to: 0 - type: integer 
	Parameter G_AXI_ARREGION_INDEX bound to: 11 - type: integer 
	Parameter G_AXI_ARREGION_WIDTH bound to: 0 - type: integer 
	Parameter G_AXI_ARUSER_INDEX bound to: 11 - type: integer 
	Parameter G_AXI_ARUSER_WIDTH bound to: 0 - type: integer 
	Parameter G_AXI_ARPAYLOAD_WIDTH bound to: 11 - type: integer 
	Parameter G_AXI_WDATA_INDEX bound to: 0 - type: integer 
	Parameter G_AXI_WDATA_WIDTH bound to: 32 - type: integer 
	Parameter G_AXI_WSTRB_INDEX bound to: 32 - type: integer 
	Parameter G_AXI_WSTRB_WIDTH bound to: 4 - type: integer 
	Parameter G_AXI_WLAST_INDEX bound to: 36 - type: integer 
	Parameter G_AXI_WLAST_WIDTH bound to: 0 - type: integer 
	Parameter G_AXI_WID_INDEX bound to: 36 - type: integer 
	Parameter G_AXI_WID_WIDTH bound to: 0 - type: integer 
	Parameter G_AXI_WUSER_INDEX bound to: 36 - type: integer 
	Parameter G_AXI_WUSER_WIDTH bound to: 0 - type: integer 
	Parameter G_AXI_WPAYLOAD_WIDTH bound to: 36 - type: integer 
	Parameter G_AXI_BRESP_INDEX bound to: 0 - type: integer 
	Parameter G_AXI_BRESP_WIDTH bound to: 2 - type: integer 
	Parameter G_AXI_BID_INDEX bound to: 2 - type: integer 
	Parameter G_AXI_BID_WIDTH bound to: 0 - type: integer 
	Parameter G_AXI_BUSER_INDEX bound to: 2 - type: integer 
	Parameter G_AXI_BUSER_WIDTH bound to: 0 - type: integer 
	Parameter G_AXI_BPAYLOAD_WIDTH bound to: 2 - type: integer 
	Parameter G_AXI_RDATA_INDEX bound to: 0 - type: integer 
	Parameter G_AXI_RDATA_WIDTH bound to: 32 - type: integer 
	Parameter G_AXI_RRESP_INDEX bound to: 32 - type: integer 
	Parameter G_AXI_RRESP_WIDTH bound to: 2 - type: integer 
	Parameter G_AXI_RLAST_INDEX bound to: 34 - type: integer 
	Parameter G_AXI_RLAST_WIDTH bound to: 0 - type: integer 
	Parameter G_AXI_RID_INDEX bound to: 34 - type: integer 
	Parameter G_AXI_RID_WIDTH bound to: 0 - type: integer 
	Parameter G_AXI_RUSER_INDEX bound to: 34 - type: integer 
	Parameter G_AXI_RUSER_WIDTH bound to: 0 - type: integer 
	Parameter G_AXI_RPAYLOAD_WIDTH bound to: 34 - type: integer 
INFO: [Synth 8-6155] done synthesizing module 'axi_infrastructure_v1_1_0_vector2axi' (5#1) [/home/nomoto/src/StagedLSH/ver1.3/soft/u200/hw/_x/link/vivado/vpl/prj/prj.gen/my_rm/bd/bd/ipshared/ec67/hdl/axi_infrastructure_v1_1_vl_rfs.v:474]
INFO: [Synth 8-6155] done synthesizing module 'axi_clock_converter_v2_1_21_axi_clock_converter' (6#1) [/home/nomoto/src/StagedLSH/ver1.3/soft/u200/hw/_x/link/vivado/vpl/prj/prj.gen/my_rm/bd/bd/ipshared/1304/hdl/axi_clock_converter_v2_1_vl_rfs.v:654]
INFO: [Synth 8-6155] done synthesizing module 'pfm_dynamic_auto_cc_4' (7#1) [/home/nomoto/src/StagedLSH/ver1.3/soft/u200/hw/_x/link/vivado/vpl/prj/prj.gen/my_rm/bd/bd/ip/pfm_dynamic_auto_cc_4/synth/pfm_dynamic_auto_cc_4.v:58]
---------------------------------------------------------------------------------
Finished RTL Elaboration : Time (s): cpu = 00:00:09 ; elapsed = 00:00:18 . Memory (MB): peak = 3226.094 ; gain = 359.500 ; free physical = 77202 ; free virtual = 110158
---------------------------------------------------------------------------------
---------------------------------------------------------------------------------
Start Handling Custom Attributes
---------------------------------------------------------------------------------
---------------------------------------------------------------------------------
Finished Handling Custom Attributes : Time (s): cpu = 00:00:09 ; elapsed = 00:00:19 . Memory (MB): peak = 3243.906 ; gain = 377.312 ; free physical = 77094 ; free virtual = 110050
---------------------------------------------------------------------------------
---------------------------------------------------------------------------------
Finished RTL Optimization Phase 1 : Time (s): cpu = 00:00:09 ; elapsed = 00:00:19 . Memory (MB): peak = 3243.906 ; gain = 377.312 ; free physical = 77094 ; free virtual = 110050
---------------------------------------------------------------------------------
Netlist sorting complete. Time (s): cpu = 00:00:00.01 ; elapsed = 00:00:00.01 . Memory (MB): peak = 3243.906 ; gain = 0.000 ; free physical = 77073 ; free virtual = 110029
INFO: [Project 1-570] Preparing netlist for logic optimization

Processing XDC Constraints
Initializing timing engine
Parsing XDC File [/home/nomoto/src/StagedLSH/ver1.3/soft/u200/hw/_x/link/vivado/vpl/prj/prj.gen/my_rm/bd/bd/ip/pfm_dynamic_auto_cc_4/pfm_dynamic_auto_cc_4_ooc.xdc] for cell 'inst'
Finished Parsing XDC File [/home/nomoto/src/StagedLSH/ver1.3/soft/u200/hw/_x/link/vivado/vpl/prj/prj.gen/my_rm/bd/bd/ip/pfm_dynamic_auto_cc_4/pfm_dynamic_auto_cc_4_ooc.xdc] for cell 'inst'
Parsing XDC File [/home/nomoto/src/StagedLSH/ver1.3/soft/u200/hw/_x/link/vivado/vpl/prj/prj.runs/pfm_dynamic_auto_cc_4_synth_1/dont_touch.xdc]
Finished Parsing XDC File [/home/nomoto/src/StagedLSH/ver1.3/soft/u200/hw/_x/link/vivado/vpl/prj/prj.runs/pfm_dynamic_auto_cc_4_synth_1/dont_touch.xdc]
INFO: [Project 1-236] Implementation specific constraints were found while reading constraint file [/opt/Vivado/2020.2/data/ip/xpm/xpm_cdc/tcl/xpm_cdc_handshake.tcl]. These constraints will be ignored for synthesis but will be used in implementation. Impacted constraints are listed in the file [.Xil/pfm_dynamic_auto_cc_4_propImpl.xdc].
Resolution: To avoid this warning, move constraints listed in [.Xil/pfm_dynamic_auto_cc_4_propImpl.xdc] to another XDC file and exclude this new file from synthesis with the used_in_synthesis property (File Properties dialog in GUI) and re-run elaboration/synthesis.
INFO: [Project 1-236] Implementation specific constraints were found while reading constraint file [/opt/Vivado/2020.2/data/ip/xpm/xpm_cdc/tcl/xpm_cdc_single.tcl]. These constraints will be ignored for synthesis but will be used in implementation. Impacted constraints are listed in the file [.Xil/pfm_dynamic_auto_cc_4_propImpl.xdc].
Resolution: To avoid this warning, move constraints listed in [.Xil/pfm_dynamic_auto_cc_4_propImpl.xdc] to another XDC file and exclude this new file from synthesis with the used_in_synthesis property (File Properties dialog in GUI) and re-run elaboration/synthesis.
INFO: [Project 1-1715] 2 XPM XDC files have been applied to the design.
Completed Processing XDC Constraints

Netlist sorting complete. Time (s): cpu = 00:00:00 ; elapsed = 00:00:00 . Memory (MB): peak = 3343.562 ; gain = 0.000 ; free physical = 77358 ; free virtual = 110322
INFO: [Project 1-111] Unisim Transformation Summary:
No Unisim elements were transformed.

Constraint Validation Runtime : Time (s): cpu = 00:00:00.01 ; elapsed = 00:00:00.02 . Memory (MB): peak = 3343.562 ; gain = 0.000 ; free physical = 77352 ; free virtual = 110317
---------------------------------------------------------------------------------
Finished Constraint Validation : Time (s): cpu = 00:00:16 ; elapsed = 00:00:27 . Memory (MB): peak = 3343.562 ; gain = 476.969 ; free physical = 77214 ; free virtual = 110179
---------------------------------------------------------------------------------
---------------------------------------------------------------------------------
Start Loading Part and Timing Information
---------------------------------------------------------------------------------
Loading part: xcu200-fsgd2104-2-e
INFO: [Synth 8-6742] Reading net delay rules and data
---------------------------------------------------------------------------------
Finished Loading Part and Timing Information : Time (s): cpu = 00:00:16 ; elapsed = 00:00:27 . Memory (MB): peak = 3343.562 ; gain = 476.969 ; free physical = 77216 ; free virtual = 110182
---------------------------------------------------------------------------------
---------------------------------------------------------------------------------
Start Applying 'set_property' XDC Constraints
---------------------------------------------------------------------------------
Applied set_property KEEP_HIERARCHY = SOFT for inst. (constraint file  /home/nomoto/src/StagedLSH/ver1.3/soft/u200/hw/_x/link/vivado/vpl/prj/prj.runs/pfm_dynamic_auto_cc_4_synth_1/dont_touch.xdc, line 9).
Applied set_property KEEP_HIERARCHY = SOFT for inst/\gen_clock_conv.gen_async_lite_conv.clock_conv_lite_fwd_aw /handshake. (constraint file  auto generated constraint).
Applied set_property KEEP_HIERARCHY = SOFT for inst/\gen_clock_conv.gen_async_lite_conv.clock_conv_lite_fwd_ar /handshake. (constraint file  auto generated constraint).
Applied set_property KEEP_HIERARCHY = SOFT for inst/\gen_clock_conv.gen_async_lite_conv.clock_conv_lite_fwd_w /handshake. (constraint file  auto generated constraint).
Applied set_property KEEP_HIERARCHY = SOFT for inst/\gen_clock_conv.gen_async_lite_conv.clock_conv_lite_resp_b /handshake. (constraint file  auto generated constraint).
Applied set_property KEEP_HIERARCHY = SOFT for inst/\gen_clock_conv.gen_async_lite_conv.clock_conv_lite_resp_r /handshake. (constraint file  auto generated constraint).
Applied set_property KEEP_HIERARCHY = SOFT for inst/\gen_clock_conv.gen_async_lite_conv.clock_conv_lite_fwd_aw /handshake/xpm_cdc_single_dest2src_inst. (constraint file  auto generated constraint).
Applied set_property KEEP_HIERARCHY = SOFT for inst/\gen_clock_conv.gen_async_lite_conv.clock_conv_lite_fwd_ar /handshake/xpm_cdc_single_dest2src_inst. (constraint file  auto generated constraint).
Applied set_property KEEP_HIERARCHY = SOFT for inst/\gen_clock_conv.gen_async_lite_conv.clock_conv_lite_fwd_w /handshake/xpm_cdc_single_dest2src_inst. (constraint file  auto generated constraint).
Applied set_property KEEP_HIERARCHY = SOFT for inst/\gen_clock_conv.gen_async_lite_conv.clock_conv_lite_resp_b /handshake/xpm_cdc_single_dest2src_inst. (constraint file  auto generated constraint).
Applied set_property KEEP_HIERARCHY = SOFT for inst/\gen_clock_conv.gen_async_lite_conv.clock_conv_lite_resp_r /handshake/xpm_cdc_single_dest2src_inst. (constraint file  auto generated constraint).
Applied set_property KEEP_HIERARCHY = SOFT for inst/\gen_clock_conv.gen_async_lite_conv.clock_conv_lite_fwd_aw /handshake/xpm_cdc_single_src2dest_inst. (constraint file  auto generated constraint).
Applied set_property KEEP_HIERARCHY = SOFT for inst/\gen_clock_conv.gen_async_lite_conv.clock_conv_lite_fwd_ar /handshake/xpm_cdc_single_src2dest_inst. (constraint file  auto generated constraint).
Applied set_property KEEP_HIERARCHY = SOFT for inst/\gen_clock_conv.gen_async_lite_conv.clock_conv_lite_fwd_w /handshake/xpm_cdc_single_src2dest_inst. (constraint file  auto generated constraint).
Applied set_property KEEP_HIERARCHY = SOFT for inst/\gen_clock_conv.gen_async_lite_conv.clock_conv_lite_resp_b /handshake/xpm_cdc_single_src2dest_inst. (constraint file  auto generated constraint).
Applied set_property KEEP_HIERARCHY = SOFT for inst/\gen_clock_conv.gen_async_lite_conv.clock_conv_lite_resp_r /handshake/xpm_cdc_single_src2dest_inst. (constraint file  auto generated constraint).
---------------------------------------------------------------------------------
Finished applying 'set_property' XDC Constraints : Time (s): cpu = 00:00:16 ; elapsed = 00:00:27 . Memory (MB): peak = 3343.562 ; gain = 476.969 ; free physical = 77196 ; free virtual = 110162
---------------------------------------------------------------------------------
INFO: [Synth 8-802] inferred FSM for state register 'src_state_reg' in module 'axi_clock_converter_v2_1_21_lite_async__xdcDup__1'
INFO: [Synth 8-802] inferred FSM for state register 'dest_state_reg' in module 'axi_clock_converter_v2_1_21_lite_async__xdcDup__1'
INFO: [Synth 8-802] inferred FSM for state register 'src_state_reg' in module 'axi_clock_converter_v2_1_21_lite_async'
INFO: [Synth 8-802] inferred FSM for state register 'dest_state_reg' in module 'axi_clock_converter_v2_1_21_lite_async'
INFO: [Synth 8-802] inferred FSM for state register 'src_state_reg' in module 'axi_clock_converter_v2_1_21_lite_async__parameterized0'
INFO: [Synth 8-802] inferred FSM for state register 'dest_state_reg' in module 'axi_clock_converter_v2_1_21_lite_async__parameterized0'
INFO: [Synth 8-802] inferred FSM for state register 'src_state_reg' in module 'axi_clock_converter_v2_1_21_lite_async__parameterized1'
INFO: [Synth 8-802] inferred FSM for state register 'dest_state_reg' in module 'axi_clock_converter_v2_1_21_lite_async__parameterized1'
INFO: [Synth 8-802] inferred FSM for state register 'src_state_reg' in module 'axi_clock_converter_v2_1_21_lite_async__parameterized2'
INFO: [Synth 8-802] inferred FSM for state register 'dest_state_reg' in module 'axi_clock_converter_v2_1_21_lite_async__parameterized2'
---------------------------------------------------------------------------------------------------
                   State |                     New Encoding |                Previous Encoding 
---------------------------------------------------------------------------------------------------
                SRC_IDLE |                               00 |                               00
            SRC_DRV_SEND |                               01 |                               01
       SRC_WAIT_RCV_DONE |                               10 |                               10
                  iSTATE |                               11 |                               11
*
---------------------------------------------------------------------------------------------------
INFO: [Synth 8-3354] encoded FSM with state register 'src_state_reg' using encoding 'sequential' in module 'axi_clock_converter_v2_1_21_lite_async__xdcDup__1'
---------------------------------------------------------------------------------------------------
                   State |                     New Encoding |                Previous Encoding 
---------------------------------------------------------------------------------------------------
               DEST_IDLE |                               00 |                               00
          DEST_DRV_VALID |                               01 |                               01
            DEST_DRV_ACK |                               10 |                               10
                  iSTATE |                               11 |                               11
*
---------------------------------------------------------------------------------------------------
INFO: [Synth 8-3354] encoded FSM with state register 'dest_state_reg' using encoding 'sequential' in module 'axi_clock_converter_v2_1_21_lite_async__xdcDup__1'
---------------------------------------------------------------------------------------------------
                   State |                     New Encoding |                Previous Encoding 
---------------------------------------------------------------------------------------------------
                SRC_IDLE |                               00 |                               00
            SRC_DRV_SEND |                               01 |                               01
       SRC_WAIT_RCV_DONE |                               10 |                               10
                  iSTATE |                               11 |                               11
*
---------------------------------------------------------------------------------------------------
INFO: [Synth 8-3354] encoded FSM with state register 'src_state_reg' using encoding 'sequential' in module 'axi_clock_converter_v2_1_21_lite_async'
---------------------------------------------------------------------------------------------------
                   State |                     New Encoding |                Previous Encoding 
---------------------------------------------------------------------------------------------------
               DEST_IDLE |                               00 |                               00
          DEST_DRV_VALID |                               01 |                               01
            DEST_DRV_ACK |                               10 |                               10
                  iSTATE |                               11 |                               11
*
---------------------------------------------------------------------------------------------------
INFO: [Synth 8-3354] encoded FSM with state register 'dest_state_reg' using encoding 'sequential' in module 'axi_clock_converter_v2_1_21_lite_async'
---------------------------------------------------------------------------------------------------
                   State |                     New Encoding |                Previous Encoding 
---------------------------------------------------------------------------------------------------
                SRC_IDLE |                               00 |                               00
            SRC_DRV_SEND |                               01 |                               01
       SRC_WAIT_RCV_DONE |                               10 |                               10
                  iSTATE |                               11 |                               11
*
---------------------------------------------------------------------------------------------------
INFO: [Synth 8-3354] encoded FSM with state register 'src_state_reg' using encoding 'sequential' in module 'axi_clock_converter_v2_1_21_lite_async__parameterized0'
---------------------------------------------------------------------------------------------------
                   State |                     New Encoding |                Previous Encoding 
---------------------------------------------------------------------------------------------------
               DEST_IDLE |                               00 |                               00
          DEST_DRV_VALID |                               01 |                               01
            DEST_DRV_ACK |                               10 |                               10
                  iSTATE |                               11 |                               11
*
---------------------------------------------------------------------------------------------------
INFO: [Synth 8-3354] encoded FSM with state register 'dest_state_reg' using encoding 'sequential' in module 'axi_clock_converter_v2_1_21_lite_async__parameterized0'
---------------------------------------------------------------------------------------------------
                   State |                     New Encoding |                Previous Encoding 
---------------------------------------------------------------------------------------------------
                SRC_IDLE |                               00 |                               00
            SRC_DRV_SEND |                               01 |                               01
       SRC_WAIT_RCV_DONE |                               10 |                               10
                  iSTATE |                               11 |                               11
*
---------------------------------------------------------------------------------------------------
INFO: [Synth 8-3354] encoded FSM with state register 'src_state_reg' using encoding 'sequential' in module 'axi_clock_converter_v2_1_21_lite_async__parameterized1'
---------------------------------------------------------------------------------------------------
                   State |                     New Encoding |                Previous Encoding 
---------------------------------------------------------------------------------------------------
               DEST_IDLE |                               00 |                               00
          DEST_DRV_VALID |                               01 |                               01
            DEST_DRV_ACK |                               10 |                               10
                  iSTATE |                               11 |                               11
*
---------------------------------------------------------------------------------------------------
INFO: [Synth 8-3354] encoded FSM with state register 'dest_state_reg' using encoding 'sequential' in module 'axi_clock_converter_v2_1_21_lite_async__parameterized1'
---------------------------------------------------------------------------------------------------
                   State |                     New Encoding |                Previous Encoding 
---------------------------------------------------------------------------------------------------
                SRC_IDLE |                               00 |                               00
            SRC_DRV_SEND |                               01 |                               01
       SRC_WAIT_RCV_DONE |                               10 |                               10
                  iSTATE |                               11 |                               11
*
---------------------------------------------------------------------------------------------------
INFO: [Synth 8-3354] encoded FSM with state register 'src_state_reg' using encoding 'sequential' in module 'axi_clock_converter_v2_1_21_lite_async__parameterized2'
---------------------------------------------------------------------------------------------------
                   State |                     New Encoding |                Previous Encoding 
---------------------------------------------------------------------------------------------------
               DEST_IDLE |                               00 |                               00
          DEST_DRV_VALID |                               01 |                               01
            DEST_DRV_ACK |                               10 |                               10
                  iSTATE |                               11 |                               11
*
---------------------------------------------------------------------------------------------------
INFO: [Synth 8-3354] encoded FSM with state register 'dest_state_reg' using encoding 'sequential' in module 'axi_clock_converter_v2_1_21_lite_async__parameterized2'
---------------------------------------------------------------------------------
Finished RTL Optimization Phase 2 : Time (s): cpu = 00:00:17 ; elapsed = 00:00:27 . Memory (MB): peak = 3343.562 ; gain = 476.969 ; free physical = 77082 ; free virtual = 110044
---------------------------------------------------------------------------------
---------------------------------------------------------------------------------
Start RTL Component Statistics 
---------------------------------------------------------------------------------
Detailed RTL Component Info : 
+---Registers : 
	               36 Bit    Registers := 2     
	               34 Bit    Registers := 2     
	               11 Bit    Registers := 4     
	                4 Bit    Registers := 10    
	                3 Bit    Registers := 10    
	                2 Bit    Registers := 2     
	                1 Bit    Registers := 30    
+---Muxes : 
	   4 Input    2 Bit        Muxes := 10    
	   2 Input    2 Bit        Muxes := 15    
	   2 Input    1 Bit        Muxes := 5     
	   4 Input    1 Bit        Muxes := 50    
---------------------------------------------------------------------------------
Finished RTL Component Statistics 
---------------------------------------------------------------------------------
---------------------------------------------------------------------------------
Start Part Resource Summary
---------------------------------------------------------------------------------
Part Resources:
DSPs: 6840 (col length:120)
BRAMs: 4320 (col length: RAMB18 360 RAMB36 180)
---------------------------------------------------------------------------------
Finished Part Resource Summary
---------------------------------------------------------------------------------
---------------------------------------------------------------------------------
Start Cross Boundary and Area Optimization
---------------------------------------------------------------------------------
---------------------------------------------------------------------------------
Finished Cross Boundary and Area Optimization : Time (s): cpu = 00:00:17 ; elapsed = 00:00:28 . Memory (MB): peak = 3343.562 ; gain = 476.969 ; free physical = 76939 ; free virtual = 109904
---------------------------------------------------------------------------------
---------------------------------------------------------------------------------
Start Applying XDC Timing Constraints
---------------------------------------------------------------------------------
---------------------------------------------------------------------------------
Finished Applying XDC Timing Constraints : Time (s): cpu = 00:00:26 ; elapsed = 00:00:43 . Memory (MB): peak = 3537.156 ; gain = 670.562 ; free physical = 75965 ; free virtual = 108916
---------------------------------------------------------------------------------
---------------------------------------------------------------------------------
Start Timing Optimization
---------------------------------------------------------------------------------
---------------------------------------------------------------------------------
Finished Timing Optimization : Time (s): cpu = 00:00:26 ; elapsed = 00:00:43 . Memory (MB): peak = 3538.156 ; gain = 671.562 ; free physical = 75961 ; free virtual = 108912
---------------------------------------------------------------------------------
---------------------------------------------------------------------------------
Start Technology Mapping
---------------------------------------------------------------------------------
---------------------------------------------------------------------------------
Finished Technology Mapping : Time (s): cpu = 00:00:26 ; elapsed = 00:00:44 . Memory (MB): peak = 3557.188 ; gain = 690.594 ; free physical = 75954 ; free virtual = 108901
---------------------------------------------------------------------------------
---------------------------------------------------------------------------------
Start IO Insertion
---------------------------------------------------------------------------------
---------------------------------------------------------------------------------
Start Flattening Before IO Insertion
---------------------------------------------------------------------------------
---------------------------------------------------------------------------------
Finished Flattening Before IO Insertion
---------------------------------------------------------------------------------
---------------------------------------------------------------------------------
Start Final Netlist Cleanup
---------------------------------------------------------------------------------
---------------------------------------------------------------------------------
Finished Final Netlist Cleanup
---------------------------------------------------------------------------------
---------------------------------------------------------------------------------
Finished IO Insertion : Time (s): cpu = 00:00:28 ; elapsed = 00:00:46 . Memory (MB): peak = 3563.125 ; gain = 696.531 ; free physical = 79950 ; free virtual = 112897
---------------------------------------------------------------------------------
---------------------------------------------------------------------------------
Start Renaming Generated Instances
---------------------------------------------------------------------------------
---------------------------------------------------------------------------------
Finished Renaming Generated Instances : Time (s): cpu = 00:00:28 ; elapsed = 00:00:46 . Memory (MB): peak = 3563.125 ; gain = 696.531 ; free physical = 79950 ; free virtual = 112897
---------------------------------------------------------------------------------
---------------------------------------------------------------------------------
Start Rebuilding User Hierarchy
---------------------------------------------------------------------------------
---------------------------------------------------------------------------------
Finished Rebuilding User Hierarchy : Time (s): cpu = 00:00:28 ; elapsed = 00:00:46 . Memory (MB): peak = 3563.125 ; gain = 696.531 ; free physical = 79948 ; free virtual = 112895
---------------------------------------------------------------------------------
---------------------------------------------------------------------------------
Start Renaming Generated Ports
---------------------------------------------------------------------------------
---------------------------------------------------------------------------------
Finished Renaming Generated Ports : Time (s): cpu = 00:00:28 ; elapsed = 00:00:46 . Memory (MB): peak = 3563.125 ; gain = 696.531 ; free physical = 79948 ; free virtual = 112895
---------------------------------------------------------------------------------
---------------------------------------------------------------------------------
Start Handling Custom Attributes
---------------------------------------------------------------------------------
---------------------------------------------------------------------------------
Finished Handling Custom Attributes : Time (s): cpu = 00:00:29 ; elapsed = 00:00:46 . Memory (MB): peak = 3563.125 ; gain = 696.531 ; free physical = 79955 ; free virtual = 112902
---------------------------------------------------------------------------------
---------------------------------------------------------------------------------
Start Renaming Generated Nets
---------------------------------------------------------------------------------
---------------------------------------------------------------------------------
Finished Renaming Generated Nets : Time (s): cpu = 00:00:29 ; elapsed = 00:00:46 . Memory (MB): peak = 3563.125 ; gain = 696.531 ; free physical = 79951 ; free virtual = 112898
---------------------------------------------------------------------------------
---------------------------------------------------------------------------------
Start Writing Synthesis Report
---------------------------------------------------------------------------------

Report BlackBoxes: 
+-+--------------+----------+
| |BlackBox name |Instances |
+-+--------------+----------+
+-+--------------+----------+

Report Cell Usage: 
+------+-----+------+
|      |Cell |Count |
+------+-----+------+
|1     |LUT1 |     7|
|2     |LUT2 |    11|
|3     |LUT3 |    15|
|4     |LUT4 |    15|
|5     |LUT5 |    15|
|6     |LUT6 |     5|
|7     |FDRE |   276|
+------+-----+------+
---------------------------------------------------------------------------------
Finished Writing Synthesis Report : Time (s): cpu = 00:00:29 ; elapsed = 00:00:46 . Memory (MB): peak = 3563.125 ; gain = 696.531 ; free physical = 79950 ; free virtual = 112898
---------------------------------------------------------------------------------
Synthesis finished with 0 errors, 0 critical warnings and 0 warnings.
Synthesis Optimization Runtime : Time (s): cpu = 00:00:24 ; elapsed = 00:00:41 . Memory (MB): peak = 3563.125 ; gain = 596.875 ; free physical = 79975 ; free virtual = 112922
Synthesis Optimization Complete : Time (s): cpu = 00:00:29 ; elapsed = 00:00:46 . Memory (MB): peak = 3563.133 ; gain = 696.531 ; free physical = 79975 ; free virtual = 112922
INFO: [Project 1-571] Translating synthesized netlist
Netlist sorting complete. Time (s): cpu = 00:00:00.01 ; elapsed = 00:00:00.01 . Memory (MB): peak = 3570.062 ; gain = 0.000 ; free physical = 80035 ; free virtual = 112983
INFO: [Project 1-570] Preparing netlist for logic optimization
INFO: [Opt 31-138] Pushed 0 inverter(s) to 0 load pin(s).
Netlist sorting complete. Time (s): cpu = 00:00:00 ; elapsed = 00:00:00 . Memory (MB): peak = 3633.656 ; gain = 0.000 ; free physical = 79886 ; free virtual = 112834
INFO: [Project 1-111] Unisim Transformation Summary:
No Unisim elements were transformed.

INFO: [Common 17-83] Releasing license: Synthesis
69 Infos, 33 Warnings, 0 Critical Warnings and 0 Errors encountered.
synth_design completed successfully
synth_design: Time (s): cpu = 00:00:40 ; elapsed = 00:00:57 . Memory (MB): peak = 3633.656 ; gain = 1189.172 ; free physical = 80044 ; free virtual = 112993
INFO: [Common 17-600] The following parameters have non-default value.
general.maxThreads
INFO: [Common 17-1381] The checkpoint '/home/nomoto/src/StagedLSH/ver1.3/soft/u200/hw/_x/link/vivado/vpl/prj/prj.runs/pfm_dynamic_auto_cc_4_synth_1/pfm_dynamic_auto_cc_4.dcp' has been generated.
WARNING: [Common 17-576] 'use_project_ipc' is deprecated. This option is deprecated and no longer used.
INFO: [Coretcl 2-1648] Added synthesis output to IP cache for IP pfm_dynamic_auto_cc_4, cache-ID = 5005a474a4c99eb1
INFO: [Coretcl 2-1174] Renamed 21 cell refs.
INFO: [Common 17-1381] The checkpoint '/home/nomoto/src/StagedLSH/ver1.3/soft/u200/hw/_x/link/vivado/vpl/prj/prj.runs/pfm_dynamic_auto_cc_4_synth_1/pfm_dynamic_auto_cc_4.dcp' has been generated.
INFO: [runtcl-4] Executing : report_utilization -file pfm_dynamic_auto_cc_4_utilization_synth.rpt -pb pfm_dynamic_auto_cc_4_utilization_synth.pb
INFO: [Common 17-206] Exiting Vivado at Sun Apr 17 14:44:34 2022...
