==============================================================
Vitis HLS - High-Level Synthesis from C, C++ and OpenCL v2020.2 (64-bit)
Copyright 1986-2020 Xilinx, Inc. All Rights Reserved.
==============================================================
INFO: [HLS 200-1505] Using flow_target 'vitis'
INFO: [HLS 200-435] Setting 'open_solution -flow_target vitis' configuration: config_interface -m_axi_latency=64
INFO: [HLS 200-435] Setting 'open_solution -flow_target vitis' configuration: config_interface -m_axi_alignment_byte_size=64
INFO: [HLS 200-435] Setting 'open_solution -flow_target vitis' configuration: config_interface -m_axi_max_widen_bitwidth=512
INFO: [HLS 200-435] Setting 'open_solution -flow_target vitis' configuration: config_interface -m_axi_offset=slave
INFO: [HLS 200-435] Setting 'open_solution -flow_target vitis' configuration: config_rtl -register_reset_num=3
INFO: [HLS 200-1510] Running: set_part xcu200-fsgd2104-2-e 
INFO: [HLS 200-10] Setting target device to 'xcu200-fsgd2104-2-e'
INFO: [HLS 200-1510] Running: create_clock -period 300.000000MHz -name default 
INFO: [SYN 201-201] Setting up clock 'default' with a period of 3.333ns.
INFO: [HLS 200-1510] Running: config_rtl -kernel_profile 
INFO: [HLS 200-1510] Running: config_dataflow -strict_mode warning 
INFO: [HLS 200-1510] Running: config_debug -enable 
INFO: [HLS 200-1510] Running: config_export -disable_deadlock_detection=true 
INFO: [HLS 200-1510] Running: config_rtl -m_axi_conservative_mode=1 
WARNING: [HLS 200-483] The 'config_rtl -m_axi_conservative_mode' command is deprecated and will be removed in a future release. Use 'config_interface -m_axi_conservative_mode' as its replacement.
INFO: [HLS 200-1510] Running: config_interface -m_axi_addr64 
INFO: [HLS 200-1510] Running: config_interface -m_axi_auto_max_ports=0 
INFO: [HLS 200-1510] Running: config_export -format ip_catalog -ipname hid_bound_set_1 
INFO: [HLS 200-1510] Running: csynth_design -synthesis_check 
INFO: [HLS 200-111] Finished File checks and directory preparation: CPU user time: 0.01 seconds. CPU system time: 0 seconds. Elapsed time: 0 seconds; current allocated memory: 189.715 MB.
INFO: [HLS 200-10] Analyzing design file '/home/nomoto/src/StagedLSH/hard-StagedLSH/src/ver2.2/yan/src/kernel/serch_module_set_1/hid_bound_set_1.cpp' ... 
INFO: [HLS 200-111] Finished Source Code Analysis and Preprocessing: CPU user time: 2.69 seconds. CPU system time: 0.21 seconds. Elapsed time: 2.49 seconds; current allocated memory: 190.323 MB.
INFO: [HLS 200-777] Using interface defaults for 'Vitis' flow target.
INFO: [HLS 214-131] Inlining function 'hls::axis<ap_uint<32>, 0ul, 0ul, 0ul>::get_user_ptr()' into 'hls::stream<hls::axis<ap_uint<32>, 0ul, 0ul, 0ul>, 0>::write(hls::axis<ap_uint<32>, 0ul, 0ul, 0ul> const&)' (/opt/Vitis_HLS/2020.2/common/technology/autopilot/ap_axi_sdata.h:304:51)
INFO: [HLS 214-131] Inlining function 'hls::axis<ap_uint<32>, 0ul, 0ul, 0ul>::get_dest_ptr()' into 'hls::stream<hls::axis<ap_uint<32>, 0ul, 0ul, 0ul>, 0>::write(hls::axis<ap_uint<32>, 0ul, 0ul, 0ul> const&)' (/opt/Vitis_HLS/2020.2/common/technology/autopilot/ap_axi_sdata.h:307:26)
INFO: [HLS 214-131] Inlining function 'hls::axis<ap_uint<32>, 0ul, 0ul, 0ul>::get_id_ptr()' into 'hls::stream<hls::axis<ap_uint<32>, 0ul, 0ul, 0ul>, 0>::write(hls::axis<ap_uint<32>, 0ul, 0ul, 0ul> const&)' (/opt/Vitis_HLS/2020.2/common/technology/autopilot/ap_axi_sdata.h:306:68)
INFO: [HLS 214-131] Inlining function 'hls::axis<ap_uint<32>, 0ul, 0ul, 0ul>::get_user_ptr()' into 'hls::stream<hls::axis<ap_uint<32>, 0ul, 0ul, 0ul>, 0>::write(hls::axis<ap_uint<32>, 0ul, 0ul, 0ul> const&)' (/opt/Vitis_HLS/2020.2/common/technology/autopilot/ap_axi_sdata.h:306:37)
INFO: [HLS 214-131] Inlining function 'hls::axis<ap_uint<32>, 0ul, 0ul, 0ul>::get_dest_ptr()' into 'hls::stream<hls::axis<ap_uint<32>, 0ul, 0ul, 0ul>, 0>::write(hls::axis<ap_uint<32>, 0ul, 0ul, 0ul> const&)' (/opt/Vitis_HLS/2020.2/common/technology/autopilot/ap_axi_sdata.h:305:40)
INFO: [HLS 214-131] Inlining function 'hls::axis<ap_uint<32>, 0ul, 0ul, 0ul>::get_id_ptr()' into 'hls::stream<hls::axis<ap_uint<32>, 0ul, 0ul, 0ul>, 0>::write(hls::axis<ap_uint<32>, 0ul, 0ul, 0ul> const&)' (/opt/Vitis_HLS/2020.2/common/technology/autopilot/ap_axi_sdata.h:305:24)
INFO: [HLS 214-131] Inlining function 'hls::stream<hls::axis<ap_uint<32>, 0ul, 0ul, 0ul>, 0>::write(hls::axis<ap_uint<32>, 0ul, 0ul, 0ul> const&)' into 'hid_bound_func(ap_uint<96>, unsigned int*, hls::stream<unsigned int, 0>&, hls::stream<unsigned int, 0>&, hls::stream<hls::axis<ap_uint<32>, 0ul, 0ul, 0ul>, 0>&, hls::stream<hls::axis<ap_uint<32>, 0ul, 0ul, 0ul>, 0>&)' (/home/nomoto/src/StagedLSH/hard-StagedLSH/src/ver2.2/yan/src/kernel/serch_module_set_1/hid_bound_set_1.cpp:70:22)
INFO: [HLS 214-131] Inlining function 'hls::stream<hls::axis<ap_uint<32>, 0ul, 0ul, 0ul>, 0>::write(hls::axis<ap_uint<32>, 0ul, 0ul, 0ul> const&)' into 'hid_bound_func(ap_uint<96>, unsigned int*, hls::stream<unsigned int, 0>&, hls::stream<unsigned int, 0>&, hls::stream<hls::axis<ap_uint<32>, 0ul, 0ul, 0ul>, 0>&, hls::stream<hls::axis<ap_uint<32>, 0ul, 0ul, 0ul>, 0>&)' (/home/nomoto/src/StagedLSH/hard-StagedLSH/src/ver2.2/yan/src/kernel/serch_module_set_1/hid_bound_set_1.cpp:69:22)
INFO: [HLS 214-131] Inlining function 'hls::stream<unsigned int, 0>::write(unsigned int const&)' into 'hid_bound_func(ap_uint<96>, unsigned int*, hls::stream<unsigned int, 0>&, hls::stream<unsigned int, 0>&, hls::stream<hls::axis<ap_uint<32>, 0ul, 0ul, 0ul>, 0>&, hls::stream<hls::axis<ap_uint<32>, 0ul, 0ul, 0ul>, 0>&)' (/home/nomoto/src/StagedLSH/hard-StagedLSH/src/ver2.2/yan/src/kernel/serch_module_set_1/hid_bound_set_1.cpp:68:16)
INFO: [HLS 214-131] Inlining function 'hls::stream<unsigned int, 0>::write(unsigned int const&)' into 'hid_bound_func(ap_uint<96>, unsigned int*, hls::stream<unsigned int, 0>&, hls::stream<unsigned int, 0>&, hls::stream<hls::axis<ap_uint<32>, 0ul, 0ul, 0ul>, 0>&, hls::stream<hls::axis<ap_uint<32>, 0ul, 0ul, 0ul>, 0>&)' (/home/nomoto/src/StagedLSH/hard-StagedLSH/src/ver2.2/yan/src/kernel/serch_module_set_1/hid_bound_set_1.cpp:67:16)
INFO: [HLS 214-131] Inlining function 'hls::stream<unsigned int, 0>::read(unsigned int&)' into 'hls::stream<unsigned int, 0>::read()' (/opt/Vitis_HLS/2020.2/common/technology/autopilot/hls_stream_39.h:156:9)
INFO: [HLS 214-131] Inlining function 'hls::axis<ap_uint<96>, 0ul, 0ul, 0ul>::get_user_ptr()' into 'hls::stream<hls::axis<ap_uint<96>, 0ul, 0ul, 0ul>, 0>::write(hls::axis<ap_uint<96>, 0ul, 0ul, 0ul> const&)' (/opt/Vitis_HLS/2020.2/common/technology/autopilot/ap_axi_sdata.h:304:51)
INFO: [HLS 214-131] Inlining function 'hls::axis<ap_uint<96>, 0ul, 0ul, 0ul>::get_dest_ptr()' into 'hls::stream<hls::axis<ap_uint<96>, 0ul, 0ul, 0ul>, 0>::write(hls::axis<ap_uint<96>, 0ul, 0ul, 0ul> const&)' (/opt/Vitis_HLS/2020.2/common/technology/autopilot/ap_axi_sdata.h:307:26)
INFO: [HLS 214-131] Inlining function 'hls::axis<ap_uint<96>, 0ul, 0ul, 0ul>::get_id_ptr()' into 'hls::stream<hls::axis<ap_uint<96>, 0ul, 0ul, 0ul>, 0>::write(hls::axis<ap_uint<96>, 0ul, 0ul, 0ul> const&)' (/opt/Vitis_HLS/2020.2/common/technology/autopilot/ap_axi_sdata.h:306:68)
INFO: [HLS 214-131] Inlining function 'hls::axis<ap_uint<96>, 0ul, 0ul, 0ul>::get_user_ptr()' into 'hls::stream<hls::axis<ap_uint<96>, 0ul, 0ul, 0ul>, 0>::write(hls::axis<ap_uint<96>, 0ul, 0ul, 0ul> const&)' (/opt/Vitis_HLS/2020.2/common/technology/autopilot/ap_axi_sdata.h:306:37)
INFO: [HLS 214-131] Inlining function 'hls::axis<ap_uint<96>, 0ul, 0ul, 0ul>::get_dest_ptr()' into 'hls::stream<hls::axis<ap_uint<96>, 0ul, 0ul, 0ul>, 0>::write(hls::axis<ap_uint<96>, 0ul, 0ul, 0ul> const&)' (/opt/Vitis_HLS/2020.2/common/technology/autopilot/ap_axi_sdata.h:305:40)
INFO: [HLS 214-131] Inlining function 'hls::axis<ap_uint<96>, 0ul, 0ul, 0ul>::get_id_ptr()' into 'hls::stream<hls::axis<ap_uint<96>, 0ul, 0ul, 0ul>, 0>::write(hls::axis<ap_uint<96>, 0ul, 0ul, 0ul> const&)' (/opt/Vitis_HLS/2020.2/common/technology/autopilot/ap_axi_sdata.h:305:24)
INFO: [HLS 214-131] Inlining function 'hls::stream<unsigned int, 0>::read()' into 'switch_func(unsigned int*, unsigned int*, hls::stream<unsigned int, 0>&, hls::stream<unsigned int, 0>&, hls::stream<hls::axis<ap_uint<96>, 0ul, 0ul, 0ul>, 0>&)' (/home/nomoto/src/StagedLSH/hard-StagedLSH/src/ver2.2/yan/src/kernel/serch_module_set_1/hid_bound_set_1.cpp:94:22)
INFO: [HLS 214-131] Inlining function 'hls::stream<hls::axis<ap_uint<96>, 0ul, 0ul, 0ul>, 0>::write(hls::axis<ap_uint<96>, 0ul, 0ul, 0ul> const&)' into 'switch_func(unsigned int*, unsigned int*, hls::stream<unsigned int, 0>&, hls::stream<unsigned int, 0>&, hls::stream<hls::axis<ap_uint<96>, 0ul, 0ul, 0ul>, 0>&)' (/home/nomoto/src/StagedLSH/hard-StagedLSH/src/ver2.2/yan/src/kernel/serch_module_set_1/hid_bound_set_1.cpp:103:28)
