
*** Running vivado
    with args -log bd_d216_plram_mem00_bram_0.vds -m64 -product Vivado -mode batch -messageDb vivado.pb -notrace -source bd_d216_plram_mem00_bram_0.tcl


****** Vivado v2020.2 (64-bit)
  **** SW Build 3064766 on Wed Nov 18 09:12:47 MST 2020
  **** IP Build 3064653 on Wed Nov 18 14:17:31 MST 2020
    ** Copyright 1986-2020 Xilinx, Inc. All Rights Reserved.

source bd_d216_plram_mem00_bram_0.tcl -notrace
INFO: Dispatch client connection id - 38379
INFO: [IP_Flow 19-234] Refreshing IP repositories
INFO: [IP_Flow 19-1700] Loaded user IP repository '/home/nomoto/src/StagedLSH/ver1.3/soft/u200/hw/_x/link/int/xo/ip_repo/xilinx_com_hls_table_serch_1_0'.
WARNING: [IP_Flow 19-1694] Ignoring duplicate Bus Abstraction IP file 'xilinx.com:display_pcie4_uscaleplus:int_gtcom_rtl:1.0' found within IP repository '/home/nomoto/src/StagedLSH/ver1.3/soft/u200/hw/_x/link/vivado/vpl/.local/hw_platform/iprepo'.
File in use: /home/nomoto/src/StagedLSH/ver1.3/soft/u200/hw/_x/link/vivado/vpl/.local/hw_platform/iprepo/iprepo/xdma_v4_1/interfaces/pcie4_usp_int_gtcom_rtl.xml
File ignored: /home/nomoto/src/StagedLSH/ver1.3/soft/u200/hw/_x/link/vivado/vpl/.local/hw_platform/iprepo/iprepo/pcie4_uscale_plus_v1_3/interfaces/pcie4_usp_int_gtcom_rtl.xml
WARNING: [IP_Flow 19-1694] Ignoring duplicate Bus Abstraction IP file 'xilinx.com:display_pcie4_uscaleplus:ext_gtcom_rtl:1.0' found within IP repository '/home/nomoto/src/StagedLSH/ver1.3/soft/u200/hw/_x/link/vivado/vpl/.local/hw_platform/iprepo'.
File in use: /home/nomoto/src/StagedLSH/ver1.3/soft/u200/hw/_x/link/vivado/vpl/.local/hw_platform/iprepo/iprepo/xdma_v4_1/interfaces/pcie4_usp_ext_gtcom_rtl.xml
File ignored: /home/nomoto/src/StagedLSH/ver1.3/soft/u200/hw/_x/link/vivado/vpl/.local/hw_platform/iprepo/iprepo/pcie4_uscale_plus_v1_3/interfaces/pcie4_usp_ext_gtcom_rtl.xml
WARNING: [IP_Flow 19-1694] Ignoring duplicate Bus Definition IP file 'xilinx.com:display_pcie4_uscaleplus:int_gtcom:1.0' found within IP repository '/home/nomoto/src/StagedLSH/ver1.3/soft/u200/hw/_x/link/vivado/vpl/.local/hw_platform/iprepo'.
File in use: /home/nomoto/src/StagedLSH/ver1.3/soft/u200/hw/_x/link/vivado/vpl/.local/hw_platform/iprepo/iprepo/xdma_v4_1/interfaces/pcie4_usp_int_gtcom.xml
File ignored: /home/nomoto/src/StagedLSH/ver1.3/soft/u200/hw/_x/link/vivado/vpl/.local/hw_platform/iprepo/iprepo/pcie4_uscale_plus_v1_3/interfaces/pcie4_usp_int_gtcom.xml
WARNING: [IP_Flow 19-1694] Ignoring duplicate Bus Abstraction IP file 'xilinx.com:display_pcie4:pcie4_gt_if_rtl:1.0' found within IP repository '/home/nomoto/src/StagedLSH/ver1.3/soft/u200/hw/_x/link/vivado/vpl/.local/hw_platform/iprepo'.
File in use: /home/nomoto/src/StagedLSH/ver1.3/soft/u200/hw/_x/link/vivado/vpl/.local/hw_platform/iprepo/iprepo/xdma_v4_1/interfaces/pcie4_gt_if_rtl.xml
File ignored: /home/nomoto/src/StagedLSH/ver1.3/soft/u200/hw/_x/link/vivado/vpl/.local/hw_platform/iprepo/iprepo/pcie4_uscale_plus_v1_3/interfaces/pcie4_gt_if_rtl.xml
WARNING: [IP_Flow 19-1694] Ignoring duplicate Bus Definition IP file 'xilinx.com:display_pcie4:pcie4_gt_if:1.0' found within IP repository '/home/nomoto/src/StagedLSH/ver1.3/soft/u200/hw/_x/link/vivado/vpl/.local/hw_platform/iprepo'.
File in use: /home/nomoto/src/StagedLSH/ver1.3/soft/u200/hw/_x/link/vivado/vpl/.local/hw_platform/iprepo/iprepo/xdma_v4_1/interfaces/pcie4_gt_if.xml
File ignored: /home/nomoto/src/StagedLSH/ver1.3/soft/u200/hw/_x/link/vivado/vpl/.local/hw_platform/iprepo/iprepo/pcie4_uscale_plus_v1_3/interfaces/pcie4_gt_if.xml
WARNING: [IP_Flow 19-1694] Ignoring duplicate Bus Definition IP file 'xilinx.com:display_pcie4_uscaleplus:ext_gtcom:1.0' found within IP repository '/home/nomoto/src/StagedLSH/ver1.3/soft/u200/hw/_x/link/vivado/vpl/.local/hw_platform/iprepo'.
File in use: /home/nomoto/src/StagedLSH/ver1.3/soft/u200/hw/_x/link/vivado/vpl/.local/hw_platform/iprepo/iprepo/xdma_v4_1/interfaces/pcie4_usp_ext_gtcom.xml
File ignored: /home/nomoto/src/StagedLSH/ver1.3/soft/u200/hw/_x/link/vivado/vpl/.local/hw_platform/iprepo/iprepo/pcie4_uscale_plus_v1_3/interfaces/pcie4_usp_ext_gtcom.xml
INFO: [IP_Flow 19-1700] Loaded user IP repository '/home/nomoto/src/StagedLSH/ver1.3/soft/u200/hw/_x/link/vivado/vpl/.local/hw_platform/iprepo'.
INFO: [IP_Flow 19-1700] Loaded user IP repository '/opt/Vitis/2020.2/data/cache/xilinx'.
INFO: [IP_Flow 19-1700] Loaded user IP repository '/home/nomoto/src/StagedLSH/ver1.3/soft/u200/hw/_x/link/vivado/vpl/.local/hw_platform/ipcache'.
INFO: [IP_Flow 19-1700] Loaded user IP repository '/opt/Vitis/2020.2/data/ip'.
INFO: [IP_Flow 19-2313] Loaded Vivado IP repository '/opt/Vivado/2020.2/data/ip'.
WARNING: [IP_Flow 19-1663] Duplicate IP found for 'xilinx.com:ip:xdma:4.1'. The one found in IP location '/home/nomoto/src/StagedLSH/ver1.3/soft/u200/hw/_x/link/vivado/vpl/.local/hw_platform/iprepo/iprepo/xdma_v4_1' will take precedence over the same IP in the Xilinx installed IP.
WARNING: [IP_Flow 19-1663] Duplicate IP found for 'xilinx.com:ip:pcie4_uscale_plus:1.3'. The one found in IP location '/home/nomoto/src/StagedLSH/ver1.3/soft/u200/hw/_x/link/vivado/vpl/.local/hw_platform/iprepo/iprepo/pcie4_uscale_plus_v1_3' will take precedence over the same IP in the Xilinx installed IP.
WARNING: [IP_Flow 19-4830] Duplicate Interface found for 'xilinx.com:display_pcie3_ultrascale:pcie3_us_gt_if:1.0'. The one found in location '/home/nomoto/src/StagedLSH/ver1.3/soft/u200/hw/_x/link/vivado/vpl/.local/hw_platform/iprepo/iprepo/xdma_v4_1/interfaces/pcie3_us_gt_if.xml' will take precedence over the same Interface in location '/opt/Vivado/2020.2/data/ip/xilinx/pcie3_ultrascale_v4_4/interfaces/pcie3_us_gt_if.xml'
WARNING: [IP_Flow 19-4830] Duplicate Interface found for 'xilinx.com:display_xdma:xdma_debug_ports:1.0'. The one found in location '/home/nomoto/src/StagedLSH/ver1.3/soft/u200/hw/_x/link/vivado/vpl/.local/hw_platform/iprepo/iprepo/xdma_v4_1/interfaces/xdma_debug_ports.xml' will take precedence over the same Interface in location '/opt/Vivado/2020.2/data/ip/xilinx/qdma_v4_0/interfaces/xdma_debug_ports.xml'
WARNING: [IP_Flow 19-4830] Duplicate Interface found for 'xilinx.com:display_xdma:pcie4_us_plus_transceiver_debug:1.0'. The one found in location '/home/nomoto/src/StagedLSH/ver1.3/soft/u200/hw/_x/link/vivado/vpl/.local/hw_platform/iprepo/iprepo/xdma_v4_1/interfaces/pcie4_us_plus_transceiver_debug.xml' will take precedence over the same Interface in location '/opt/Vivado/2020.2/data/ip/xilinx/qdma_v4_0/interfaces/pcie4_us_plus_transceiver_debug.xml'
WARNING: [IP_Flow 19-4830] Duplicate Interface found for 'xilinx.com:display_xdma:xdma_status_ports:1.0'. The one found in location '/home/nomoto/src/StagedLSH/ver1.3/soft/u200/hw/_x/link/vivado/vpl/.local/hw_platform/iprepo/iprepo/xdma_v4_1/interfaces/xdma_status_ports.xml' will take precedence over the same Interface in location '/opt/Vivado/2020.2/data/ip/xilinx/qdma_v4_0/interfaces/xdma_status_ports.xml'
WARNING: [IP_Flow 19-4830] Duplicate Interface found for 'xilinx.com:display_xdma:int_shared_logic:1.0'. The one found in location '/home/nomoto/src/StagedLSH/ver1.3/soft/u200/hw/_x/link/vivado/vpl/.local/hw_platform/iprepo/iprepo/xdma_v4_1/interfaces/pcie3_us_int_shared_logic.xml' will take precedence over the same Interface in location '/opt/Vivado/2020.2/data/ip/xilinx/qdma_v4_0/interfaces/pcie3_us_int_shared_logic.xml'
WARNING: [IP_Flow 19-4830] Duplicate Interface found for 'xilinx.com:display_pcie4_uscaleplus:int_gtcom:1.0'. The one found in location '/home/nomoto/src/StagedLSH/ver1.3/soft/u200/hw/_x/link/vivado/vpl/.local/hw_platform/iprepo/iprepo/xdma_v4_1/interfaces/pcie4_usp_int_gtcom.xml' will take precedence over the same Interface in location '/opt/Vivado/2020.2/data/ip/xilinx/pcie4_uscale_plus_v1_3/interfaces/pcie4_usp_int_gtcom.xml'
WARNING: [IP_Flow 19-4830] Duplicate Interface found for 'xilinx.com:display_pcie3_ultrascale:ext_shared_logic:1.0'. The one found in location '/home/nomoto/src/StagedLSH/ver1.3/soft/u200/hw/_x/link/vivado/vpl/.local/hw_platform/iprepo/iprepo/xdma_v4_1/interfaces/pcie3_us_ext_shared_logic.xml' will take precedence over the same Interface in location '/opt/Vivado/2020.2/data/ip/xilinx/axi_pcie3_v3_0/interfaces/pcie3_us_ext_shared_logic.xml'
WARNING: [IP_Flow 19-4830] Duplicate Interface found for 'xilinx.com:display_pcie4:pcie4_gt_if:1.0'. The one found in location '/home/nomoto/src/StagedLSH/ver1.3/soft/u200/hw/_x/link/vivado/vpl/.local/hw_platform/iprepo/iprepo/xdma_v4_1/interfaces/pcie4_gt_if.xml' will take precedence over the same Interface in location '/opt/Vivado/2020.2/data/ip/xilinx/pcie4_uscale_plus_v1_3/interfaces/pcie4_gt_if.xml'
WARNING: [IP_Flow 19-4830] Duplicate Interface found for 'xilinx.com:display_xdma:pcie3_7x_transceiver_debug:1.0'. The one found in location '/home/nomoto/src/StagedLSH/ver1.3/soft/u200/hw/_x/link/vivado/vpl/.local/hw_platform/iprepo/iprepo/xdma_v4_1/interfaces/pcie3_7x_transceiver_debug.xml' will take precedence over the same Interface in location '/opt/Vivado/2020.2/data/ip/xilinx/qdma_v4_0/interfaces/pcie3_7x_transceiver_debug.xml'
WARNING: [IP_Flow 19-4830] Duplicate Interface found for 'xilinx.com:display_xdma:pcie3_us_transceiver_debug:1.0'. The one found in location '/home/nomoto/src/StagedLSH/ver1.3/soft/u200/hw/_x/link/vivado/vpl/.local/hw_platform/iprepo/iprepo/xdma_v4_1/interfaces/pcie3_us_transceiver_debug.xml' will take precedence over the same Interface in location '/opt/Vivado/2020.2/data/ip/xilinx/qdma_v4_0/interfaces/pcie3_us_transceiver_debug.xml'
WARNING: [IP_Flow 19-4830] Duplicate Interface found for 'xilinx.com:display_xdma:dsc_bypass:1.0'. The one found in location '/home/nomoto/src/StagedLSH/ver1.3/soft/u200/hw/_x/link/vivado/vpl/.local/hw_platform/iprepo/iprepo/xdma_v4_1/interfaces/dsc_bypass.xml' will take precedence over the same Interface in location '/opt/Vivado/2020.2/data/ip/xilinx/qdma_v4_0/interfaces/dsc_bypass.xml'
WARNING: [IP_Flow 19-4830] Duplicate Interface found for 'xilinx.com:display_xdma:pcie_debug:1.0'. The one found in location '/home/nomoto/src/StagedLSH/ver1.3/soft/u200/hw/_x/link/vivado/vpl/.local/hw_platform/iprepo/iprepo/xdma_v4_1/interfaces/pcie_debug.xml' will take precedence over the same Interface in location '/opt/Vivado/2020.2/data/ip/xilinx/qdma_v4_0/interfaces/pcie_debug.xml'
WARNING: [IP_Flow 19-4830] Duplicate Interface found for 'xilinx.com:display_pcie4_uscaleplus:ext_gtcom:1.0'. The one found in location '/home/nomoto/src/StagedLSH/ver1.3/soft/u200/hw/_x/link/vivado/vpl/.local/hw_platform/iprepo/iprepo/xdma_v4_1/interfaces/pcie4_usp_ext_gtcom.xml' will take precedence over the same Interface in location '/opt/Vivado/2020.2/data/ip/xilinx/pcie4_uscale_plus_v1_3/interfaces/pcie4_usp_ext_gtcom.xml'
WARNING: [IP_Flow 19-4830] Duplicate Interface found for 'xilinx.com:display_xdma:pcie_cfg_external_msix:1.0'. The one found in location '/home/nomoto/src/StagedLSH/ver1.3/soft/u200/hw/_x/link/vivado/vpl/.local/hw_platform/iprepo/iprepo/xdma_v4_1/interfaces/pcie_cfg_ext_msix.xml' will take precedence over the same Interface in location '/opt/Vivado/2020.2/data/ip/xilinx/xdma_v4_1/interfaces/pcie_cfg_ext_msix.xml'
WARNING: [IP_Flow 19-4830] Duplicate Interface found for 'xilinx.com:display_pcie4:pcie4_cfg_external_msix:1.0'. The one found in location '/home/nomoto/src/StagedLSH/ver1.3/soft/u200/hw/_x/link/vivado/vpl/.local/hw_platform/iprepo/iprepo/pcie4_uscale_plus_v1_3/interfaces/pcie4_cfg_ext_msix.xml' will take precedence over the same Interface in location '/opt/Vivado/2020.2/data/ip/xilinx/pcie4_uscale_plus_v1_3/interfaces/pcie4_cfg_ext_msix.xml'
WARNING: [IP_Flow 19-4830] Duplicate Interface found for 'xilinx.com:display_pcie4:pcie4_pl:1.0'. The one found in location '/home/nomoto/src/StagedLSH/ver1.3/soft/u200/hw/_x/link/vivado/vpl/.local/hw_platform/iprepo/iprepo/pcie4_uscale_plus_v1_3/interfaces/pcie4_pl.xml' will take precedence over the same Interface in location '/opt/Vivado/2020.2/data/ip/xilinx/pcie4_uscale_plus_v1_3/interfaces/pcie4_pl.xml'
WARNING: [IP_Flow 19-4830] Duplicate Interface found for 'xilinx.com:display_pcie4:pcie4_cfg_control:1.0'. The one found in location '/home/nomoto/src/StagedLSH/ver1.3/soft/u200/hw/_x/link/vivado/vpl/.local/hw_platform/iprepo/iprepo/pcie4_uscale_plus_v1_3/interfaces/pcie4_cfg_control.xml' will take precedence over the same Interface in location '/opt/Vivado/2020.2/data/ip/xilinx/pcie4_uscale_plus_v1_3/interfaces/pcie4_cfg_control.xml'
WARNING: [IP_Flow 19-4830] Duplicate Interface found for 'xilinx.com:display_pcie4:pcie4_cfg_mgmt:1.0'. The one found in location '/home/nomoto/src/StagedLSH/ver1.3/soft/u200/hw/_x/link/vivado/vpl/.local/hw_platform/iprepo/iprepo/pcie4_uscale_plus_v1_3/interfaces/pcie4_cfg_mgmt.xml' will take precedence over the same Interface in location '/opt/Vivado/2020.2/data/ip/xilinx/pcie4_uscale_plus_v1_3/interfaces/pcie4_cfg_mgmt.xml'
WARNING: [IP_Flow 19-4830] Duplicate Interface found for 'xilinx.com:display_pcie4:pcie4_pcie_id:1.0'. The one found in location '/home/nomoto/src/StagedLSH/ver1.3/soft/u200/hw/_x/link/vivado/vpl/.local/hw_platform/iprepo/iprepo/pcie4_uscale_plus_v1_3/interfaces/pcie4_pcie_id.xml' will take precedence over the same Interface in location '/opt/Vivado/2020.2/data/ip/xilinx/pcie4_uscale_plus_v1_3/interfaces/pcie4_pcie_id.xml'
WARNING: [IP_Flow 19-4830] Duplicate Interface found for 'xilinx.com:display_pcie4_uscaleplus:transceiver_debug:1.0'. The one found in location '/home/nomoto/src/StagedLSH/ver1.3/soft/u200/hw/_x/link/vivado/vpl/.local/hw_platform/iprepo/iprepo/pcie4_uscale_plus_v1_3/interfaces/transceiver_debug.xml' will take precedence over the same Interface in location '/opt/Vivado/2020.2/data/ip/xilinx/pcie4_uscale_plus_v1_3/interfaces/transceiver_debug.xml'
WARNING: [IP_Flow 19-4830] Duplicate Interface found for 'xilinx.com:display_pcie4:pcie4_cfg_msix_internal:1.0'. The one found in location '/home/nomoto/src/StagedLSH/ver1.3/soft/u200/hw/_x/link/vivado/vpl/.local/hw_platform/iprepo/iprepo/pcie4_uscale_plus_v1_3/interfaces/pcie4_cfg_msix_int.xml' will take precedence over the same Interface in location '/opt/Vivado/2020.2/data/ip/xilinx/pcie4_uscale_plus_v1_3/interfaces/pcie4_cfg_msix_int.xml'
WARNING: [IP_Flow 19-4830] Duplicate Interface found for 'xilinx.com:display_pcie4:pcie4_rbar:1.0'. The one found in location '/home/nomoto/src/StagedLSH/ver1.3/soft/u200/hw/_x/link/vivado/vpl/.local/hw_platform/iprepo/iprepo/pcie4_uscale_plus_v1_3/interfaces/pcie4_rbar.xml' will take precedence over the same Interface in location '/opt/Vivado/2020.2/data/ip/xilinx/pcie4_uscale_plus_v1_3/interfaces/pcie4_rbar.xml'
WARNING: [IP_Flow 19-4830] Duplicate Interface found for 'xilinx.com:display_pcie4:pcie4_cfg_status:1.0'. The one found in location '/home/nomoto/src/StagedLSH/ver1.3/soft/u200/hw/_x/link/vivado/vpl/.local/hw_platform/iprepo/iprepo/pcie4_uscale_plus_v1_3/interfaces/pcie4_cfg_status.xml' will take precedence over the same Interface in location '/opt/Vivado/2020.2/data/ip/xilinx/pcie4_uscale_plus_v1_3/interfaces/pcie4_cfg_status.xml'
WARNING: [IP_Flow 19-4830] Duplicate Interface found for 'xilinx.com:display_pcie4:pcie4_cfg_msix_external:1.0'. The one found in location '/home/nomoto/src/StagedLSH/ver1.3/soft/u200/hw/_x/link/vivado/vpl/.local/hw_platform/iprepo/iprepo/pcie4_uscale_plus_v1_3/interfaces/pcie4_cfg_msix.xml' will take precedence over the same Interface in location '/opt/Vivado/2020.2/data/ip/xilinx/pcie4_uscale_plus_v1_3/interfaces/pcie4_cfg_msix.xml'
WARNING: [IP_Flow 19-4830] Duplicate Interface found for 'xilinx.com:display_pcie4:pcie4_cfg_pm:1.0'. The one found in location '/home/nomoto/src/StagedLSH/ver1.3/soft/u200/hw/_x/link/vivado/vpl/.local/hw_platform/iprepo/iprepo/pcie4_uscale_plus_v1_3/interfaces/pcie4_cfg_pm.xml' will take precedence over the same Interface in location '/opt/Vivado/2020.2/data/ip/xilinx/pcie4_uscale_plus_v1_3/interfaces/pcie4_cfg_pm.xml'
Command: synth_design -top bd_d216_plram_mem00_bram_0 -part xcu200-fsgd2104-2-e -mode out_of_context
Starting synth_design
Attempting to get a license for feature 'Synthesis' and/or device 'xcu200'
INFO: [Common 17-349] Got license for feature 'Synthesis' and/or device 'xcu200'
INFO: [Device 21-403] Loading part xcu200-fsgd2104-2-e
INFO: [Synth 8-7079] Multithreading enabled for synth_design using a maximum of 1 processes.
INFO: [Synth 8-7078] Launching helper process for spawning children vivado processes
INFO: [Synth 8-7075] Helper process launched with PID 21632
---------------------------------------------------------------------------------
Starting RTL Elaboration : Time (s): cpu = 00:00:05 ; elapsed = 00:00:09 . Memory (MB): peak = 3079.293 ; gain = 214.625 ; free physical = 76500 ; free virtual = 109088
---------------------------------------------------------------------------------
INFO: [Synth 8-638] synthesizing module 'bd_d216_plram_mem00_bram_0' [/home/nomoto/src/StagedLSH/ver1.3/soft/u200/hw/_x/link/vivado/vpl/prj/prj.gen/my_rm/bd/bd/ip/pfm_dynamic_memory_subsystem_0/bd_0/ip/ip_27/synth/bd_d216_plram_mem00_bram_0.vhd:80]
	Parameter C_FAMILY bound to: virtexuplus - type: string 
	Parameter C_XDEVICEFAMILY bound to: virtexuplus - type: string 
	Parameter C_ELABORATION_DIR bound to: ./ - type: string 
	Parameter C_INTERFACE_TYPE bound to: 0 - type: integer 
	Parameter C_AXI_TYPE bound to: 1 - type: integer 
	Parameter C_AXI_SLAVE_TYPE bound to: 0 - type: integer 
	Parameter C_USE_BRAM_BLOCK bound to: 1 - type: integer 
	Parameter C_ENABLE_32BIT_ADDRESS bound to: 1 - type: integer 
	Parameter C_CTRL_ECC_ALGO bound to: NONE - type: string 
	Parameter C_HAS_AXI_ID bound to: 0 - type: integer 
	Parameter C_AXI_ID_WIDTH bound to: 4 - type: integer 
	Parameter C_MEM_TYPE bound to: 2 - type: integer 
	Parameter C_BYTE_SIZE bound to: 8 - type: integer 
	Parameter C_ALGORITHM bound to: 1 - type: integer 
	Parameter C_PRIM_TYPE bound to: 1 - type: integer 
	Parameter C_LOAD_INIT_FILE bound to: 0 - type: integer 
	Parameter C_INIT_FILE_NAME bound to: no_coe_file_loaded - type: string 
	Parameter C_INIT_FILE bound to: NONE - type: string 
	Parameter C_USE_DEFAULT_DATA bound to: 0 - type: integer 
	Parameter C_DEFAULT_DATA bound to: 0 - type: string 
	Parameter C_HAS_RSTA bound to: 1 - type: integer 
	Parameter C_RST_PRIORITY_A bound to: CE - type: string 
	Parameter C_RSTRAM_A bound to: 0 - type: integer 
	Parameter C_INITA_VAL bound to: 0 - type: string 
	Parameter C_HAS_ENA bound to: 1 - type: integer 
	Parameter C_HAS_REGCEA bound to: 0 - type: integer 
	Parameter C_USE_BYTE_WEA bound to: 1 - type: integer 
	Parameter C_WEA_WIDTH bound to: 64 - type: integer 
	Parameter C_WRITE_MODE_A bound to: WRITE_FIRST - type: string 
	Parameter C_WRITE_WIDTH_A bound to: 512 - type: integer 
	Parameter C_READ_WIDTH_A bound to: 512 - type: integer 
	Parameter C_WRITE_DEPTH_A bound to: 2048 - type: integer 
	Parameter C_READ_DEPTH_A bound to: 2048 - type: integer 
	Parameter C_ADDRA_WIDTH bound to: 32 - type: integer 
	Parameter C_HAS_RSTB bound to: 1 - type: integer 
	Parameter C_RST_PRIORITY_B bound to: CE - type: string 
	Parameter C_RSTRAM_B bound to: 0 - type: integer 
	Parameter C_INITB_VAL bound to: 0 - type: string 
	Parameter C_HAS_ENB bound to: 1 - type: integer 
	Parameter C_HAS_REGCEB bound to: 0 - type: integer 
	Parameter C_USE_BYTE_WEB bound to: 1 - type: integer 
	Parameter C_WEB_WIDTH bound to: 64 - type: integer 
	Parameter C_WRITE_MODE_B bound to: WRITE_FIRST - type: string 
	Parameter C_WRITE_WIDTH_B bound to: 512 - type: integer 
	Parameter C_READ_WIDTH_B bound to: 512 - type: integer 
	Parameter C_WRITE_DEPTH_B bound to: 2048 - type: integer 
	Parameter C_READ_DEPTH_B bound to: 2048 - type: integer 
	Parameter C_ADDRB_WIDTH bound to: 32 - type: integer 
	Parameter C_HAS_MEM_OUTPUT_REGS_A bound to: 0 - type: integer 
	Parameter C_HAS_MEM_OUTPUT_REGS_B bound to: 0 - type: integer 
	Parameter C_HAS_MUX_OUTPUT_REGS_A bound to: 0 - type: integer 
	Parameter C_HAS_MUX_OUTPUT_REGS_B bound to: 0 - type: integer 
	Parameter C_MUX_PIPELINE_STAGES bound to: 0 - type: integer 
	Parameter C_HAS_SOFTECC_INPUT_REGS_A bound to: 0 - type: integer 
	Parameter C_HAS_SOFTECC_OUTPUT_REGS_B bound to: 0 - type: integer 
	Parameter C_USE_SOFTECC bound to: 0 - type: integer 
	Parameter C_USE_ECC bound to: 0 - type: integer 
	Parameter C_EN_ECC_PIPE bound to: 0 - type: integer 
	Parameter C_READ_LATENCY_A bound to: 1 - type: integer 
	Parameter C_READ_LATENCY_B bound to: 1 - type: integer 
	Parameter C_HAS_INJECTERR bound to: 0 - type: integer 
	Parameter C_SIM_COLLISION_CHECK bound to: ALL - type: string 
	Parameter C_COMMON_CLK bound to: 0 - type: integer 
	Parameter C_DISABLE_WARN_BHV_COLL bound to: 0 - type: integer 
	Parameter C_EN_SLEEP_PIN bound to: 0 - type: integer 
	Parameter C_USE_URAM bound to: 0 - type: integer 
	Parameter C_EN_RDADDRA_CHG bound to: 0 - type: integer 
	Parameter C_EN_RDADDRB_CHG bound to: 0 - type: integer 
	Parameter C_EN_DEEPSLEEP_PIN bound to: 0 - type: integer 
	Parameter C_EN_SHUTDOWN_PIN bound to: 0 - type: integer 
	Parameter C_EN_SAFETY_CKT bound to: 1 - type: integer 
	Parameter C_DISABLE_WARN_BHV_RANGE bound to: 0 - type: integer 
	Parameter C_COUNT_36K_BRAM bound to: 32 - type: string 
	Parameter C_COUNT_18K_BRAM bound to: 0 - type: string 
	Parameter C_EST_POWER_SUMMARY bound to: Estimated Power for IP     :     123.75144 mW - type: string 
INFO: [Synth 8-3491] module 'blk_mem_gen_v8_4_4' declared at '/home/nomoto/src/StagedLSH/ver1.3/soft/u200/hw/_x/link/vivado/vpl/prj/prj.gen/my_rm/bd/bd/ipshared/2985/hdl/blk_mem_gen_v8_4_vhsyn_rfs.vhd:195321' bound to instance 'U0' of component 'blk_mem_gen_v8_4_4' [/home/nomoto/src/StagedLSH/ver1.3/soft/u200/hw/_x/link/vivado/vpl/prj/prj.gen/my_rm/bd/bd/ip/pfm_dynamic_memory_subsystem_0/bd_0/ip/ip_27/synth/bd_d216_plram_mem00_bram_0.vhd:255]
INFO: [Synth 8-256] done synthesizing module 'bd_d216_plram_mem00_bram_0' (9#1) [/home/nomoto/src/StagedLSH/ver1.3/soft/u200/hw/_x/link/vivado/vpl/prj/prj.gen/my_rm/bd/bd/ip/pfm_dynamic_memory_subsystem_0/bd_0/ip/ip_27/synth/bd_d216_plram_mem00_bram_0.vhd:80]
---------------------------------------------------------------------------------
Finished RTL Elaboration : Time (s): cpu = 00:00:15 ; elapsed = 00:00:24 . Memory (MB): peak = 3355.543 ; gain = 490.875 ; free physical = 80878 ; free virtual = 113476
---------------------------------------------------------------------------------
---------------------------------------------------------------------------------
Start Handling Custom Attributes
---------------------------------------------------------------------------------
---------------------------------------------------------------------------------
Finished Handling Custom Attributes : Time (s): cpu = 00:00:16 ; elapsed = 00:00:24 . Memory (MB): peak = 3355.543 ; gain = 490.875 ; free physical = 80814 ; free virtual = 113407
---------------------------------------------------------------------------------
---------------------------------------------------------------------------------
Finished RTL Optimization Phase 1 : Time (s): cpu = 00:00:16 ; elapsed = 00:00:24 . Memory (MB): peak = 3355.543 ; gain = 490.875 ; free physical = 80814 ; free virtual = 113407
---------------------------------------------------------------------------------
Netlist sorting complete. Time (s): cpu = 00:00:00.06 ; elapsed = 00:00:00.05 . Memory (MB): peak = 3363.543 ; gain = 0.000 ; free physical = 82688 ; free virtual = 115282
INFO: [Project 1-570] Preparing netlist for logic optimization

Processing XDC Constraints
Initializing timing engine
Parsing XDC File [/home/nomoto/src/StagedLSH/ver1.3/soft/u200/hw/_x/link/vivado/vpl/prj/prj.gen/my_rm/bd/bd/ip/pfm_dynamic_memory_subsystem_0/bd_0/ip/ip_27/bd_d216_plram_mem00_bram_0_ooc.xdc] for cell 'U0'
Finished Parsing XDC File [/home/nomoto/src/StagedLSH/ver1.3/soft/u200/hw/_x/link/vivado/vpl/prj/prj.gen/my_rm/bd/bd/ip/pfm_dynamic_memory_subsystem_0/bd_0/ip/ip_27/bd_d216_plram_mem00_bram_0_ooc.xdc] for cell 'U0'
Parsing XDC File [/home/nomoto/src/StagedLSH/ver1.3/soft/u200/hw/_x/link/vivado/vpl/prj/prj.runs/bd_d216_plram_mem00_bram_0_synth_1/dont_touch.xdc]
Finished Parsing XDC File [/home/nomoto/src/StagedLSH/ver1.3/soft/u200/hw/_x/link/vivado/vpl/prj/prj.runs/bd_d216_plram_mem00_bram_0_synth_1/dont_touch.xdc]
Completed Processing XDC Constraints

Netlist sorting complete. Time (s): cpu = 00:00:00 ; elapsed = 00:00:00 . Memory (MB): peak = 3423.668 ; gain = 0.000 ; free physical = 80514 ; free virtual = 113108
INFO: [Project 1-111] Unisim Transformation Summary:
No Unisim elements were transformed.

Constraint Validation Runtime : Time (s): cpu = 00:00:00.08 ; elapsed = 00:00:00.09 . Memory (MB): peak = 3423.668 ; gain = 0.000 ; free physical = 80500 ; free virtual = 113095
---------------------------------------------------------------------------------
Finished Constraint Validation : Time (s): cpu = 00:00:24 ; elapsed = 00:00:33 . Memory (MB): peak = 3423.668 ; gain = 559.000 ; free physical = 79595 ; free virtual = 112190
---------------------------------------------------------------------------------
---------------------------------------------------------------------------------
Start Loading Part and Timing Information
---------------------------------------------------------------------------------
Loading part: xcu200-fsgd2104-2-e
INFO: [Synth 8-6742] Reading net delay rules and data
---------------------------------------------------------------------------------
Finished Loading Part and Timing Information : Time (s): cpu = 00:00:24 ; elapsed = 00:00:33 . Memory (MB): peak = 3423.668 ; gain = 559.000 ; free physical = 79591 ; free virtual = 112186
---------------------------------------------------------------------------------
---------------------------------------------------------------------------------
Start Applying 'set_property' XDC Constraints
---------------------------------------------------------------------------------
Applied set_property KEEP_HIERARCHY = SOFT for U0. (constraint file  /home/nomoto/src/StagedLSH/ver1.3/soft/u200/hw/_x/link/vivado/vpl/prj/prj.runs/bd_d216_plram_mem00_bram_0_synth_1/dont_touch.xdc, line 6).
---------------------------------------------------------------------------------
Finished applying 'set_property' XDC Constraints : Time (s): cpu = 00:00:24 ; elapsed = 00:00:33 . Memory (MB): peak = 3423.668 ; gain = 559.000 ; free physical = 79584 ; free virtual = 112179
---------------------------------------------------------------------------------
---------------------------------------------------------------------------------
Finished RTL Optimization Phase 2 : Time (s): cpu = 00:00:25 ; elapsed = 00:00:34 . Memory (MB): peak = 3423.668 ; gain = 559.000 ; free physical = 79344 ; free virtual = 111940
---------------------------------------------------------------------------------
---------------------------------------------------------------------------------
Start RTL Component Statistics 
---------------------------------------------------------------------------------
Detailed RTL Component Info : 
+---XORs : 
	   2 Input      1 Bit         XORs := 64    
+---Registers : 
	                5 Bit    Registers := 64    
	                1 Bit    Registers := 256   
---------------------------------------------------------------------------------
Finished RTL Component Statistics 
---------------------------------------------------------------------------------
---------------------------------------------------------------------------------
Start Part Resource Summary
---------------------------------------------------------------------------------
Part Resources:
DSPs: 6840 (col length:120)
BRAMs: 4320 (col length: RAMB18 360 RAMB36 180)
---------------------------------------------------------------------------------
Finished Part Resource Summary
---------------------------------------------------------------------------------
---------------------------------------------------------------------------------
Start Cross Boundary and Area Optimization
---------------------------------------------------------------------------------
---------------------------------------------------------------------------------
Finished Cross Boundary and Area Optimization : Time (s): cpu = 00:00:26 ; elapsed = 00:00:36 . Memory (MB): peak = 3423.668 ; gain = 559.000 ; free physical = 78039 ; free virtual = 110644
---------------------------------------------------------------------------------
---------------------------------------------------------------------------------
Start Applying XDC Timing Constraints
---------------------------------------------------------------------------------
---------------------------------------------------------------------------------
Finished Applying XDC Timing Constraints : Time (s): cpu = 00:00:35 ; elapsed = 00:00:51 . Memory (MB): peak = 3541.309 ; gain = 676.641 ; free physical = 78913 ; free virtual = 111531
---------------------------------------------------------------------------------
---------------------------------------------------------------------------------
Start Timing Optimization
---------------------------------------------------------------------------------
---------------------------------------------------------------------------------
Finished Timing Optimization : Time (s): cpu = 00:00:35 ; elapsed = 00:00:51 . Memory (MB): peak = 3553.324 ; gain = 688.656 ; free physical = 78901 ; free virtual = 111519
---------------------------------------------------------------------------------
---------------------------------------------------------------------------------
Start Technology Mapping
---------------------------------------------------------------------------------
---------------------------------------------------------------------------------
Finished Technology Mapping : Time (s): cpu = 00:00:35 ; elapsed = 00:00:51 . Memory (MB): peak = 3569.340 ; gain = 704.672 ; free physical = 78898 ; free virtual = 111516
---------------------------------------------------------------------------------
---------------------------------------------------------------------------------
Start IO Insertion
---------------------------------------------------------------------------------
---------------------------------------------------------------------------------
Start Flattening Before IO Insertion
---------------------------------------------------------------------------------
---------------------------------------------------------------------------------
Finished Flattening Before IO Insertion
---------------------------------------------------------------------------------
---------------------------------------------------------------------------------
Start Final Netlist Cleanup
---------------------------------------------------------------------------------
---------------------------------------------------------------------------------
Finished Final Netlist Cleanup
---------------------------------------------------------------------------------
---------------------------------------------------------------------------------
Finished IO Insertion : Time (s): cpu = 00:00:37 ; elapsed = 00:00:53 . Memory (MB): peak = 3572.309 ; gain = 707.641 ; free physical = 79236 ; free virtual = 111854
---------------------------------------------------------------------------------
---------------------------------------------------------------------------------
Start Renaming Generated Instances
---------------------------------------------------------------------------------
---------------------------------------------------------------------------------
Finished Renaming Generated Instances : Time (s): cpu = 00:00:37 ; elapsed = 00:00:53 . Memory (MB): peak = 3572.309 ; gain = 707.641 ; free physical = 79240 ; free virtual = 111858
---------------------------------------------------------------------------------
---------------------------------------------------------------------------------
Start Rebuilding User Hierarchy
---------------------------------------------------------------------------------
---------------------------------------------------------------------------------
Finished Rebuilding User Hierarchy : Time (s): cpu = 00:00:37 ; elapsed = 00:00:53 . Memory (MB): peak = 3572.309 ; gain = 707.641 ; free physical = 80589 ; free virtual = 113207
---------------------------------------------------------------------------------
---------------------------------------------------------------------------------
Start Renaming Generated Ports
---------------------------------------------------------------------------------
---------------------------------------------------------------------------------
Finished Renaming Generated Ports : Time (s): cpu = 00:00:37 ; elapsed = 00:00:53 . Memory (MB): peak = 3572.309 ; gain = 707.641 ; free physical = 80588 ; free virtual = 113206
---------------------------------------------------------------------------------
---------------------------------------------------------------------------------
Start Handling Custom Attributes
---------------------------------------------------------------------------------
---------------------------------------------------------------------------------
Finished Handling Custom Attributes : Time (s): cpu = 00:00:37 ; elapsed = 00:00:53 . Memory (MB): peak = 3572.309 ; gain = 707.641 ; free physical = 80583 ; free virtual = 113201
---------------------------------------------------------------------------------
---------------------------------------------------------------------------------
Start Renaming Generated Nets
---------------------------------------------------------------------------------
---------------------------------------------------------------------------------
Finished Renaming Generated Nets : Time (s): cpu = 00:00:37 ; elapsed = 00:00:53 . Memory (MB): peak = 3572.309 ; gain = 707.641 ; free physical = 80579 ; free virtual = 113197
---------------------------------------------------------------------------------
---------------------------------------------------------------------------------
Start ROM, RAM, DSP, Shift Register and Retiming Reporting
---------------------------------------------------------------------------------

Static Shift Register Report:
+-------------------+-----------------------------------------------------------------------------------------------------------------------------------------+--------+-------+--------------+--------------------+-------------------+--------+---------+
|Module Name        | RTL Name                                                                                                                                | Length | Width | Reset Signal | Pull out first Reg | Pull out last Reg | SRL16E | SRLC32E | 
+-------------------+-----------------------------------------------------------------------------------------------------------------------------------------+--------+-------+--------------+--------------------+-------------------+--------+---------+
|blk_mem_gen_v8_4_4 | inst_blk_mem_gen/gnbram.gnative_mem_map_bmg.native_mem_map_blk_mem_gen/valid.cstr/ramloop[31].ram.r/SAFETY_CKT_GEN.RSTB_SHFT_REG_reg[4] | 4      | 2     | NO           | NO                 | YES               | 2      | 0       | 
+-------------------+-----------------------------------------------------------------------------------------------------------------------------------------+--------+-------+--------------+--------------------+-------------------+--------+---------+

---------------------------------------------------------------------------------
Finished ROM, RAM, DSP, Shift Register and Retiming Reporting
---------------------------------------------------------------------------------
---------------------------------------------------------------------------------
Start Writing Synthesis Report
---------------------------------------------------------------------------------

Report BlackBoxes: 
+-+--------------+----------+
| |BlackBox name |Instances |
+-+--------------+----------+
+-+--------------+----------+

Report Cell Usage: 
+------+---------+------+
|      |Cell     |Count |
+------+---------+------+
|1     |LUT2     |     6|
|2     |LUT4     |     2|
|3     |RAMB36E2 |    32|
|4     |SRL16E   |     2|
|5     |FDRE     |    12|
+------+---------+------+
---------------------------------------------------------------------------------
Finished Writing Synthesis Report : Time (s): cpu = 00:00:37 ; elapsed = 00:00:53 . Memory (MB): peak = 3572.309 ; gain = 707.641 ; free physical = 80574 ; free virtual = 113193
---------------------------------------------------------------------------------
Synthesis finished with 0 errors, 0 critical warnings and 0 warnings.
Synthesis Optimization Runtime : Time (s): cpu = 00:00:32 ; elapsed = 00:00:47 . Memory (MB): peak = 3572.309 ; gain = 639.516 ; free physical = 80586 ; free virtual = 113204
Synthesis Optimization Complete : Time (s): cpu = 00:00:37 ; elapsed = 00:00:53 . Memory (MB): peak = 3572.316 ; gain = 707.641 ; free physical = 80586 ; free virtual = 113204
INFO: [Project 1-571] Translating synthesized netlist
Netlist sorting complete. Time (s): cpu = 00:00:00.04 ; elapsed = 00:00:00.04 . Memory (MB): peak = 3572.316 ; gain = 0.000 ; free physical = 80664 ; free virtual = 113282
INFO: [Project 1-570] Preparing netlist for logic optimization
INFO: [Opt 31-138] Pushed 0 inverter(s) to 0 load pin(s).
Netlist sorting complete. Time (s): cpu = 00:00:00 ; elapsed = 00:00:00 . Memory (MB): peak = 3648.691 ; gain = 0.000 ; free physical = 80285 ; free virtual = 112903
INFO: [Project 1-111] Unisim Transformation Summary:
No Unisim elements were transformed.

INFO: [Common 17-83] Releasing license: Synthesis
23 Infos, 33 Warnings, 0 Critical Warnings and 0 Errors encountered.
synth_design completed successfully
synth_design: Time (s): cpu = 00:00:49 ; elapsed = 00:01:05 . Memory (MB): peak = 3648.691 ; gain = 1204.133 ; free physical = 80420 ; free virtual = 113038
INFO: [Common 17-600] The following parameters have non-default value.
general.maxThreads
INFO: [Common 17-1381] The checkpoint '/home/nomoto/src/StagedLSH/ver1.3/soft/u200/hw/_x/link/vivado/vpl/prj/prj.runs/bd_d216_plram_mem00_bram_0_synth_1/bd_d216_plram_mem00_bram_0.dcp' has been generated.
WARNING: [Common 17-576] 'use_project_ipc' is deprecated. This option is deprecated and no longer used.
INFO: [Coretcl 2-1648] Added synthesis output to IP cache for IP bd_d216_plram_mem00_bram_0, cache-ID = 8b11fbc04ba55496
INFO: [Coretcl 2-1174] Renamed 68 cell refs.
INFO: [Common 17-1381] The checkpoint '/home/nomoto/src/StagedLSH/ver1.3/soft/u200/hw/_x/link/vivado/vpl/prj/prj.runs/bd_d216_plram_mem00_bram_0_synth_1/bd_d216_plram_mem00_bram_0.dcp' has been generated.
INFO: [runtcl-4] Executing : report_utilization -file bd_d216_plram_mem00_bram_0_utilization_synth.rpt -pb bd_d216_plram_mem00_bram_0_utilization_synth.pb
INFO: [Common 17-206] Exiting Vivado at Sun Apr 17 14:36:29 2022...
