INFO: [SIM 2] *************** CSIM start ***************
INFO: [SIM 4] CSIM will launch GCC as the compiler.
   Compiling ../../../../../src/table_serch.cpp in debug mode
   Generating csim.exe
処理開始
楽曲数 : 300
BER : 20.000000 %
DB作成完了
bit取得位置格納完了
フレーム先頭位置格納完了
....................................................................................................
....................................................................................................
....................................................................................................
..............................................................................
Hashテーブルへの要素格納完了
hash_table_pointer異常なし

正解率 : 100.000000 %
不正解率 : 0.000000 %
未発見 : 0.000000 %
処理終了
INFO: [SIM 1] CSim done with 0 errors.
INFO: [SIM 3] *************** CSIM finish ***************
