INFO: [VRFC 10-2263] Analyzing Verilog file "/home/nomoto/src/StagedLSH/ver1.2/soft/u200/hw_emu/_x/link/vivado/vpl/prj/prj.ip_user_files/bd/emu/ip/emu_ddr0_ui_clk_0/sim/emu_ddr0_ui_clk_0.v" into library xil_defaultlib
INFO: [VRFC 10-311] analyzing module emu_ddr0_ui_clk_0
INFO: [VRFC 10-2263] Analyzing Verilog file "/home/nomoto/src/StagedLSH/ver1.2/soft/u200/hw_emu/_x/link/vivado/vpl/prj/prj.ip_user_files/bd/emu/ip/emu_kernel2_clk_0/sim/emu_kernel2_clk_0.v" into library xil_defaultlib
INFO: [VRFC 10-311] analyzing module emu_kernel2_clk_0
INFO: [VRFC 10-2263] Analyzing Verilog file "/home/nomoto/src/StagedLSH/ver1.2/soft/u200/hw_emu/_x/link/vivado/vpl/prj/prj.ip_user_files/bd/emu/ip/emu_kernel_clk_0/sim/emu_kernel_clk_0.v" into library xil_defaultlib
INFO: [VRFC 10-311] analyzing module emu_kernel_clk_0
INFO: [VRFC 10-2263] Analyzing Verilog file "/home/nomoto/src/StagedLSH/ver1.2/soft/u200/hw_emu/_x/link/vivado/vpl/prj/prj.ip_user_files/bd/emu/ip/emu_dma_pcie_clk_0/sim/emu_dma_pcie_clk_0.v" into library xil_defaultlib
INFO: [VRFC 10-311] analyzing module emu_dma_pcie_clk_0
INFO: [VRFC 10-2263] Analyzing Verilog file "/home/nomoto/src/StagedLSH/ver1.2/soft/u200/hw_emu/_x/link/vivado/vpl/prj/prj.gen/sources_1/bd/emu/ipshared/e4e0/hdl/verilog/CuDmaController_mbkb.v" into library xil_defaultlib
INFO: [VRFC 10-311] analyzing module CuDmaController_mbkb
INFO: [VRFC 10-2263] Analyzing Verilog file "/home/nomoto/src/StagedLSH/ver1.2/soft/u200/hw_emu/_x/link/vivado/vpl/prj/prj.gen/sources_1/bd/emu/ipshared/e4e0/hdl/verilog/CuDmaController_CQDma_m_axi.v" into library xil_defaultlib
INFO: [VRFC 10-311] analyzing module CuDmaController_CQDma_m_axi
INFO: [VRFC 10-311] analyzing module CuDmaController_CQDma_m_axi_reg_slice
INFO: [VRFC 10-311] analyzing module CuDmaController_CQDma_m_axi_fifo
INFO: [VRFC 10-311] analyzing module CuDmaController_CQDma_m_axi_buffer
INFO: [VRFC 10-311] analyzing module CuDmaController_CQDma_m_axi_decoder
INFO: [VRFC 10-311] analyzing module CuDmaController_CQDma_m_axi_throttl
INFO: [VRFC 10-311] analyzing module CuDmaController_CQDma_m_axi_read
INFO: [VRFC 10-311] analyzing module CuDmaController_CQDma_m_axi_write
INFO: [VRFC 10-2458] undeclared symbol data_valid, assumed default net type wire [/home/nomoto/src/StagedLSH/ver1.2/soft/u200/hw_emu/_x/link/vivado/vpl/prj/prj.gen/sources_1/bd/emu/ipshared/e4e0/hdl/verilog/CuDmaController_CQDma_m_axi.v:2040]
INFO: [VRFC 10-2263] Analyzing Verilog file "/home/nomoto/src/StagedLSH/ver1.2/soft/u200/hw_emu/_x/link/vivado/vpl/prj/prj.gen/sources_1/bd/emu/ipshared/e4e0/hdl/verilog/CuDmaController_CUDma_m_axi.v" into library xil_defaultlib
INFO: [VRFC 10-311] analyzing module CuDmaController_CUDma_m_axi
INFO: [VRFC 10-311] analyzing module CuDmaController_CUDma_m_axi_reg_slice
INFO: [VRFC 10-311] analyzing module CuDmaController_CUDma_m_axi_fifo
INFO: [VRFC 10-311] analyzing module CuDmaController_CUDma_m_axi_buffer
INFO: [VRFC 10-311] analyzing module CuDmaController_CUDma_m_axi_decoder
INFO: [VRFC 10-311] analyzing module CuDmaController_CUDma_m_axi_throttl
INFO: [VRFC 10-311] analyzing module CuDmaController_CUDma_m_axi_read
INFO: [VRFC 10-311] analyzing module CuDmaController_CUDma_m_axi_write
INFO: [VRFC 10-2458] undeclared symbol data_valid, assumed default net type wire [/home/nomoto/src/StagedLSH/ver1.2/soft/u200/hw_emu/_x/link/vivado/vpl/prj/prj.gen/sources_1/bd/emu/ipshared/e4e0/hdl/verilog/CuDmaController_CUDma_m_axi.v:2040]
INFO: [VRFC 10-2263] Analyzing Verilog file "/home/nomoto/src/StagedLSH/ver1.2/soft/u200/hw_emu/_x/link/vivado/vpl/prj/prj.gen/sources_1/bd/emu/ipshared/e4e0/hdl/verilog/CuDmaController.v" into library xil_defaultlib
INFO: [VRFC 10-311] analyzing module CuDmaController
INFO: [VRFC 10-2263] Analyzing Verilog file "/home/nomoto/src/StagedLSH/ver1.2/soft/u200/hw_emu/_x/link/vivado/vpl/prj/prj.ip_user_files/bd/emu/ip/emu_CuDmaController_0_0/sim/emu_CuDmaController_0_0.v" into library xil_defaultlib
INFO: [VRFC 10-311] analyzing module emu_CuDmaController_0_0
INFO: [VRFC 10-2263] Analyzing Verilog file "/home/nomoto/src/StagedLSH/ver1.2/soft/u200/hw_emu/_x/link/vivado/vpl/prj/prj.gen/sources_1/bd/emu/ipshared/8d9d/hdl/verilog/cuisr_a_m_axi.v" into library xil_defaultlib
INFO: [VRFC 10-311] analyzing module cuisr_a_m_axi
INFO: [VRFC 10-311] analyzing module cuisr_a_m_axi_reg_slice
INFO: [VRFC 10-311] analyzing module cuisr_a_m_axi_fifo
INFO: [VRFC 10-311] analyzing module cuisr_a_m_axi_buffer
INFO: [VRFC 10-311] analyzing module cuisr_a_m_axi_decoder
INFO: [VRFC 10-311] analyzing module cuisr_a_m_axi_throttl
INFO: [VRFC 10-311] analyzing module cuisr_a_m_axi_read
INFO: [VRFC 10-311] analyzing module cuisr_a_m_axi_write
INFO: [VRFC 10-2458] undeclared symbol data_valid, assumed default net type wire [/home/nomoto/src/StagedLSH/ver1.2/soft/u200/hw_emu/_x/link/vivado/vpl/prj/prj.gen/sources_1/bd/emu/ipshared/8d9d/hdl/verilog/cuisr_a_m_axi.v:2040]
INFO: [VRFC 10-2263] Analyzing Verilog file "/home/nomoto/src/StagedLSH/ver1.2/soft/u200/hw_emu/_x/link/vivado/vpl/prj/prj.gen/sources_1/bd/emu/ipshared/8d9d/hdl/verilog/cuisr.v" into library xil_defaultlib
INFO: [VRFC 10-311] analyzing module cuisr
INFO: [VRFC 10-2263] Analyzing Verilog file "/home/nomoto/src/StagedLSH/ver1.2/soft/u200/hw_emu/_x/link/vivado/vpl/prj/prj.ip_user_files/bd/emu/ip/emu_cuisr_0_0/sim/emu_cuisr_0_0.v" into library xil_defaultlib
INFO: [VRFC 10-311] analyzing module emu_cuisr_0_0
INFO: [VRFC 10-2263] Analyzing Verilog file "/home/nomoto/src/StagedLSH/ver1.2/soft/u200/hw_emu/_x/link/vivado/vpl/prj/prj.ip_user_files/bd/emu/ipshared/4292/src/embedded_scheduler_hw.v" into library xil_defaultlib
INFO: [VRFC 10-311] analyzing module embedded_scheduler_hw
WARNING: [VRFC 10-159] /* in comment [/home/nomoto/src/StagedLSH/ver1.2/soft/u200/hw_emu/_x/link/vivado/vpl/prj/prj.ip_user_files/bd/emu/ipshared/4292/src/embedded_scheduler_hw.v:245]
INFO: [VRFC 10-2458] undeclared symbol src_clk, assumed default net type wire [/home/nomoto/src/StagedLSH/ver1.2/soft/u200/hw_emu/_x/link/vivado/vpl/prj/prj.ip_user_files/bd/emu/ipshared/4292/src/embedded_scheduler_hw.v:371]
INFO: [VRFC 10-2263] Analyzing Verilog file "/home/nomoto/src/StagedLSH/ver1.2/soft/u200/hw_emu/_x/link/vivado/vpl/prj/prj.ip_user_files/bd/emu/ipshared/4292/src/CuDmaController.v" into library xil_defaultlib
INFO: [VRFC 10-311] analyzing module CuDmaController_rtl
INFO: [VRFC 10-2263] Analyzing Verilog file "/home/nomoto/src/StagedLSH/ver1.2/soft/u200/hw_emu/_x/link/vivado/vpl/prj/prj.ip_user_files/bd/emu/ipshared/4292/src/iob_static.v" into library xil_defaultlib
INFO: [VRFC 10-311] analyzing module iob_static
INFO: [VRFC 10-2263] Analyzing SystemVerilog file "/home/nomoto/src/StagedLSH/ver1.2/soft/u200/hw_emu/_x/link/vivado/vpl/prj/prj.ip_user_files/bd/emu/ipshared/4292/src/isr_irq_handler.sv" into library xil_defaultlib
INFO: [VRFC 10-311] analyzing module isr_irq_handler
WARNING: [VRFC 10-8426] non-net output port 'irq' cannot be initialized at declaration in SystemVerilog mode [/home/nomoto/src/StagedLSH/ver1.2/soft/u200/hw_emu/_x/link/vivado/vpl/prj/prj.ip_user_files/bd/emu/ipshared/4292/src/isr_irq_handler.sv:60]
INFO: [VRFC 10-2263] Analyzing Verilog file "/home/nomoto/src/StagedLSH/ver1.2/soft/u200/hw_emu/_x/link/vivado/vpl/prj/prj.ip_user_files/bd/emu/ipshared/4292/src/freq_counter.v" into library xil_defaultlib
INFO: [VRFC 10-311] analyzing module freq_counter
INFO: [VRFC 10-2458] undeclared symbol user_rst0_ack, assumed default net type wire [/home/nomoto/src/StagedLSH/ver1.2/soft/u200/hw_emu/_x/link/vivado/vpl/prj/prj.ip_user_files/bd/emu/ipshared/4292/src/freq_counter.v:149]
INFO: [VRFC 10-2263] Analyzing Verilog file "/home/nomoto/src/StagedLSH/ver1.2/soft/u200/hw_emu/_x/link/vivado/vpl/prj/prj.ip_user_files/bd/emu/ipshared/4292/src/CuISR.v" into library xil_defaultlib
INFO: [VRFC 10-311] analyzing module CuISR
INFO: [VRFC 10-2458] undeclared symbol state3, assumed default net type wire [/home/nomoto/src/StagedLSH/ver1.2/soft/u200/hw_emu/_x/link/vivado/vpl/prj/prj.ip_user_files/bd/emu/ipshared/4292/src/CuISR.v:232]
INFO: [VRFC 10-2458] undeclared symbol state4, assumed default net type wire [/home/nomoto/src/StagedLSH/ver1.2/soft/u200/hw_emu/_x/link/vivado/vpl/prj/prj.ip_user_files/bd/emu/ipshared/4292/src/CuISR.v:244]
INFO: [VRFC 10-2458] undeclared symbol state5, assumed default net type wire [/home/nomoto/src/StagedLSH/ver1.2/soft/u200/hw_emu/_x/link/vivado/vpl/prj/prj.ip_user_files/bd/emu/ipshared/4292/src/CuISR.v:256]
INFO: [VRFC 10-2458] undeclared symbol state6, assumed default net type wire [/home/nomoto/src/StagedLSH/ver1.2/soft/u200/hw_emu/_x/link/vivado/vpl/prj/prj.ip_user_files/bd/emu/ipshared/4292/src/CuISR.v:268]
INFO: [VRFC 10-2263] Analyzing Verilog file "/home/nomoto/src/StagedLSH/ver1.2/soft/u200/hw_emu/_x/link/vivado/vpl/prj/prj.ip_user_files/bd/emu/ipshared/4292/src/irq_handler.v" into library xil_defaultlib
INFO: [VRFC 10-311] analyzing module irq_handler
INFO: [VRFC 10-2263] Analyzing Verilog file "/home/nomoto/src/StagedLSH/ver1.2/soft/u200/hw_emu/_x/link/vivado/vpl/prj/prj.ip_user_files/bd/emu/ip/emu_embedded_scheduler_hw_0_0/sim/emu_embedded_scheduler_hw_0_0.v" into library xil_defaultlib
INFO: [VRFC 10-311] analyzing module emu_embedded_scheduler_hw_0_0
INFO: [VRFC 10-2263] Analyzing SystemVerilog file "/home/nomoto/src/StagedLSH/ver1.2/soft/u200/hw_emu/_x/link/vivado/vpl/prj/prj.ip_user_files/bd/emu/ip/emu_sim_embedded_scheduler_sw_0_0/sim/emu_sim_embedded_scheduler_sw_0_0_stub.sv" into library xil_defaultlib
INFO: [VRFC 10-311] analyzing module emu_sim_embedded_scheduler_sw_0_0
INFO: [VRFC 10-2263] Analyzing Verilog file "/home/nomoto/src/StagedLSH/ver1.2/soft/u200/hw_emu/_x/link/vivado/vpl/prj/prj.ip_user_files/bd/emu/ip/emu_xlconcat_0_0/sim/emu_xlconcat_0_0.v" into library xil_defaultlib
INFO: [VRFC 10-311] analyzing module emu_xlconcat_0_0
INFO: [VRFC 10-2263] Analyzing Verilog file "/home/nomoto/src/StagedLSH/ver1.2/soft/u200/hw_emu/_x/link/vivado/vpl/prj/prj.ip_user_files/bd/emu/ip/emu_xlconstant_0_0/sim/emu_xlconstant_0_0.v" into library xil_defaultlib
INFO: [VRFC 10-311] analyzing module emu_xlconstant_0_0
INFO: [VRFC 10-2263] Analyzing SystemVerilog file "/home/nomoto/src/StagedLSH/ver1.2/soft/u200/hw_emu/_x/link/vivado/vpl/prj/prj.ip_user_files/bd/emu/ip/emu_sim_ddr_1_0/sim/emu_sim_ddr_1_0_stub.sv" into library xil_defaultlib
INFO: [VRFC 10-311] analyzing module emu_sim_ddr_1_0
INFO: [VRFC 10-2263] Analyzing SystemVerilog file "/home/nomoto/src/StagedLSH/ver1.2/soft/u200/hw_emu/_x/link/vivado/vpl/prj/prj.ip_user_files/bd/emu/ip/emu_sim_xdma_0_0/sim/emu_sim_xdma_0_0_stub.sv" into library xil_defaultlib
INFO: [VRFC 10-311] analyzing module emu_sim_xdma_0_0
INFO: [VRFC 10-2263] Analyzing Verilog file "/home/nomoto/src/StagedLSH/ver1.2/soft/u200/hw_emu/_x/link/vivado/vpl/prj/prj.ip_user_files/bd/emu/ip/emu_kernel2_clk_1/sim/emu_kernel2_clk_1.v" into library xil_defaultlib
INFO: [VRFC 10-311] analyzing module emu_kernel2_clk_1
INFO: [VRFC 10-2263] Analyzing Verilog file "/home/nomoto/src/StagedLSH/ver1.2/soft/u200/hw_emu/_x/link/vivado/vpl/prj/prj.ip_user_files/bd/emu/ip/emu_kernel_clk_1/sim/emu_kernel_clk_1.v" into library xil_defaultlib
INFO: [VRFC 10-311] analyzing module emu_kernel_clk_1
INFO: [VRFC 10-2263] Analyzing SystemVerilog file "/home/nomoto/src/StagedLSH/ver1.2/soft/u200/hw_emu/_x/link/vivado/vpl/prj/prj.ip_user_files/bd/emu/ip/emu_xtlm_simple_intercon_0_0/sim/emu_xtlm_simple_intercon_0_0_stub.sv" into library xil_defaultlib
INFO: [VRFC 10-311] analyzing module emu_xtlm_simple_intercon_0_0
INFO: [VRFC 10-2263] Analyzing SystemVerilog file "/home/nomoto/src/StagedLSH/ver1.2/soft/u200/hw_emu/_x/link/vivado/vpl/prj/prj.ip_user_files/bd/emu/ip/emu_memory_subsystem_0/bd_0/ip/ip_0/sim/bd_3a93_xtlm_simple_intercon_0_0_stub.sv" into library xil_defaultlib
INFO: [VRFC 10-311] analyzing module bd_3a93_xtlm_simple_intercon_0_0
INFO: [VRFC 10-2263] Analyzing SystemVerilog file "/home/nomoto/src/StagedLSH/ver1.2/soft/u200/hw_emu/_x/link/vivado/vpl/prj/prj.ip_user_files/bd/emu/ip/emu_memory_subsystem_0/bd_0/ip/ip_1/sim/bd_3a93_plram_0_0_stub.sv" into library xil_defaultlib
INFO: [VRFC 10-311] analyzing module bd_3a93_plram_0_0
INFO: [VRFC 10-2263] Analyzing SystemVerilog file "/home/nomoto/src/StagedLSH/ver1.2/soft/u200/hw_emu/_x/link/vivado/vpl/prj/prj.ip_user_files/bd/emu/ip/emu_memory_subsystem_0/bd_0/ip/ip_2/sim/bd_3a93_plram_1_0_stub.sv" into library xil_defaultlib
INFO: [VRFC 10-311] analyzing module bd_3a93_plram_1_0
INFO: [VRFC 10-2263] Analyzing SystemVerilog file "/home/nomoto/src/StagedLSH/ver1.2/soft/u200/hw_emu/_x/link/vivado/vpl/prj/prj.ip_user_files/bd/emu/ip/emu_memory_subsystem_0/bd_0/ip/ip_3/sim/bd_3a93_plram_2_0_stub.sv" into library xil_defaultlib
INFO: [VRFC 10-311] analyzing module bd_3a93_plram_2_0
INFO: [VRFC 10-2263] Analyzing SystemVerilog file "/home/nomoto/src/StagedLSH/ver1.2/soft/u200/hw_emu/_x/link/vivado/vpl/prj/prj.ip_user_files/bd/emu/ip/emu_memory_subsystem_0/sim/emu_memory_subsystem_0_stub.sv" into library xil_defaultlib
INFO: [VRFC 10-311] analyzing module emu_memory_subsystem_0
INFO: [VRFC 10-2263] Analyzing SystemVerilog file "/home/nomoto/src/StagedLSH/ver1.2/soft/u200/hw_emu/_x/link/vivado/vpl/prj/prj.ip_user_files/bd/emu/ip/emu_sim_ddr_0_0/sim/emu_sim_ddr_0_0_stub.sv" into library xil_defaultlib
INFO: [VRFC 10-311] analyzing module emu_sim_ddr_0_0
INFO: [VRFC 10-2263] Analyzing SystemVerilog file "/home/nomoto/src/StagedLSH/ver1.2/soft/u200/hw_emu/_x/link/vivado/vpl/prj/prj.ip_user_files/bd/emu/ip/emu_sim_ddr_2_0/sim/emu_sim_ddr_2_0_stub.sv" into library xil_defaultlib
INFO: [VRFC 10-311] analyzing module emu_sim_ddr_2_0
INFO: [VRFC 10-2263] Analyzing SystemVerilog file "/home/nomoto/src/StagedLSH/ver1.2/soft/u200/hw_emu/_x/link/vivado/vpl/prj/prj.ip_user_files/bd/emu/ip/emu_sim_ddr_3_0/sim/emu_sim_ddr_3_0_stub.sv" into library xil_defaultlib
INFO: [VRFC 10-311] analyzing module emu_sim_ddr_3_0
INFO: [VRFC 10-2263] Analyzing SystemVerilog file "/home/nomoto/src/StagedLSH/ver1.2/soft/u200/hw_emu/_x/link/vivado/vpl/prj/prj.ip_user_files/bd/emu/ip/emu_icn_pass_0_0/sim/emu_icn_pass_0_0_stub.sv" into library xil_defaultlib
INFO: [VRFC 10-311] analyzing module emu_icn_pass_0_0
INFO: [VRFC 10-2263] Analyzing SystemVerilog file "/home/nomoto/src/StagedLSH/ver1.2/soft/u200/hw_emu/_x/link/vivado/vpl/prj/prj.ip_user_files/bd/emu/ip/emu_icn_pass_1_0/sim/emu_icn_pass_1_0_stub.sv" into library xil_defaultlib
INFO: [VRFC 10-311] analyzing module emu_icn_pass_1_0
INFO: [VRFC 10-2263] Analyzing SystemVerilog file "/home/nomoto/src/StagedLSH/ver1.2/soft/u200/hw_emu/_x/link/vivado/vpl/prj/prj.ip_user_files/bd/emu/ip/emu_icn_pass_2_0/sim/emu_icn_pass_2_0_stub.sv" into library xil_defaultlib
INFO: [VRFC 10-311] analyzing module emu_icn_pass_2_0
INFO: [VRFC 10-2263] Analyzing Verilog file "/home/nomoto/src/StagedLSH/ver1.2/soft/u200/hw_emu/_x/link/vivado/vpl/prj/prj.ip_user_files/bd/emu/ipshared/efc9/hdl/sim_axilite_slave_v1_0.v" into library xil_defaultlib
INFO: [VRFC 10-311] analyzing module sim_axilite_slave_v1_0
INFO: [VRFC 10-2263] Analyzing Verilog file "/home/nomoto/src/StagedLSH/ver1.2/soft/u200/hw_emu/_x/link/vivado/vpl/prj/prj.ip_user_files/bd/emu/ip/emu_to_delete_kernel_ctrl_1_0/sim/emu_to_delete_kernel_ctrl_1_0.v" into library xil_defaultlib
INFO: [VRFC 10-311] analyzing module emu_to_delete_kernel_ctrl_1_0
INFO: [VRFC 10-2263] Analyzing SystemVerilog file "/home/nomoto/src/StagedLSH/ver1.2/soft/u200/hw_emu/_x/link/vivado/vpl/prj/prj.ip_user_files/bd/emu/ip/emu_icn_pass_3_0/sim/emu_icn_pass_3_0_stub.sv" into library xil_defaultlib
INFO: [VRFC 10-311] analyzing module emu_icn_pass_3_0
INFO: [VRFC 10-2263] Analyzing Verilog file "/home/nomoto/src/StagedLSH/ver1.2/soft/u200/hw_emu/_x/link/vivado/vpl/prj/prj.ip_user_files/bd/emu/ip/emu_to_delete_kernel_ctrl_2_0/sim/emu_to_delete_kernel_ctrl_2_0.v" into library xil_defaultlib
INFO: [VRFC 10-311] analyzing module emu_to_delete_kernel_ctrl_2_0
INFO: [VRFC 10-2263] Analyzing Verilog file "/home/nomoto/src/StagedLSH/ver1.2/soft/u200/hw_emu/_x/link/vivado/vpl/prj/prj.ip_user_files/bd/emu/ip/emu_xlconcat_interrupt_0/sim/emu_xlconcat_interrupt_0.v" into library xil_defaultlib
INFO: [VRFC 10-311] analyzing module emu_xlconcat_interrupt_0
INFO: [VRFC 10-2263] Analyzing Verilog file "/home/nomoto/src/StagedLSH/ver1.2/soft/u200/hw_emu/_x/link/vivado/vpl/prj/prj.ip_user_files/bd/emu/ip/emu_xlconcat_interrupt_0_0/sim/emu_xlconcat_interrupt_0_0.v" into library xil_defaultlib
INFO: [VRFC 10-311] analyzing module emu_xlconcat_interrupt_0_0
INFO: [VRFC 10-2263] Analyzing Verilog file "/home/nomoto/src/StagedLSH/ver1.2/soft/u200/hw_emu/_x/link/vivado/vpl/prj/prj.ip_user_files/bd/emu/ip/emu_xlconcat_interrupt_1_0/sim/emu_xlconcat_interrupt_1_0.v" into library xil_defaultlib
INFO: [VRFC 10-311] analyzing module emu_xlconcat_interrupt_1_0
INFO: [VRFC 10-2263] Analyzing Verilog file "/home/nomoto/src/StagedLSH/ver1.2/soft/u200/hw_emu/_x/link/vivado/vpl/prj/prj.ip_user_files/bd/emu/ip/emu_xlconcat_interrupt_2_0/sim/emu_xlconcat_interrupt_2_0.v" into library xil_defaultlib
INFO: [VRFC 10-311] analyzing module emu_xlconcat_interrupt_2_0
INFO: [VRFC 10-2263] Analyzing Verilog file "/home/nomoto/src/StagedLSH/ver1.2/soft/u200/hw_emu/_x/link/vivado/vpl/prj/prj.ip_user_files/bd/emu/ip/emu_xlconcat_interrupt_3_0/sim/emu_xlconcat_interrupt_3_0.v" into library xil_defaultlib
INFO: [VRFC 10-311] analyzing module emu_xlconcat_interrupt_3_0
INFO: [VRFC 10-2263] Analyzing Verilog file "/home/nomoto/src/StagedLSH/ver1.2/soft/u200/hw_emu/_x/link/vivado/vpl/prj/prj.ip_user_files/bd/emu/ip/emu_xlconstant_gnd_0/sim/emu_xlconstant_gnd_0.v" into library xil_defaultlib
INFO: [VRFC 10-311] analyzing module emu_xlconstant_gnd_0
INFO: [VRFC 10-2263] Analyzing Verilog file "/home/nomoto/src/StagedLSH/ver1.2/soft/u200/hw_emu/_x/link/vivado/vpl/prj/prj.ip_user_files/bd/emu/ip/emu_xbar_2/sim/emu_xbar_2.v" into library xil_defaultlib
INFO: [VRFC 10-311] analyzing module emu_xbar_2
INFO: [VRFC 10-2263] Analyzing Verilog file "/home/nomoto/src/StagedLSH/ver1.2/soft/u200/hw_emu/_x/link/vivado/vpl/prj/prj.ip_user_files/bd/emu/ip/emu_xbar_3/sim/emu_xbar_3.v" into library xil_defaultlib
INFO: [VRFC 10-311] analyzing module emu_xbar_3
INFO: [VRFC 10-2263] Analyzing Verilog file "/home/nomoto/src/StagedLSH/ver1.2/soft/u200/hw_emu/_x/link/vivado/vpl/prj/prj.ip_user_files/bd/emu/ip/emu_xbar_4/sim/emu_xbar_4.v" into library xil_defaultlib
INFO: [VRFC 10-311] analyzing module emu_xbar_4
INFO: [VRFC 10-2263] Analyzing Verilog file "/home/nomoto/src/StagedLSH/ver1.2/soft/u200/hw_emu/_x/link/vivado/vpl/prj/prj.gen/sources_1/bd/emu/ipshared/754d/hdl/verilog/table_serch_aximm0_m_axi.v" into library xil_defaultlib
INFO: [VRFC 10-311] analyzing module table_serch_aximm0_m_axi
INFO: [VRFC 10-311] analyzing module table_serch_aximm0_m_axi_reg_slice
INFO: [VRFC 10-311] analyzing module table_serch_aximm0_m_axi_fifo
INFO: [VRFC 10-311] analyzing module table_serch_aximm0_m_axi_buffer
INFO: [VRFC 10-311] analyzing module table_serch_aximm0_m_axi_decoder
INFO: [VRFC 10-311] analyzing module table_serch_aximm0_m_axi_throttle
INFO: [VRFC 10-311] analyzing module table_serch_aximm0_m_axi_read
INFO: [VRFC 10-311] analyzing module table_serch_aximm0_m_axi_write
INFO: [VRFC 10-2263] Analyzing Verilog file "/home/nomoto/src/StagedLSH/ver1.2/soft/u200/hw_emu/_x/link/vivado/vpl/prj/prj.gen/sources_1/bd/emu/ipshared/754d/hdl/verilog/table_serch_aximm1_m_axi.v" into library xil_defaultlib
INFO: [VRFC 10-311] analyzing module table_serch_aximm1_m_axi
INFO: [VRFC 10-311] analyzing module table_serch_aximm1_m_axi_reg_slice
INFO: [VRFC 10-311] analyzing module table_serch_aximm1_m_axi_fifo
INFO: [VRFC 10-311] analyzing module table_serch_aximm1_m_axi_buffer
INFO: [VRFC 10-311] analyzing module table_serch_aximm1_m_axi_decoder
INFO: [VRFC 10-311] analyzing module table_serch_aximm1_m_axi_throttle
INFO: [VRFC 10-311] analyzing module table_serch_aximm1_m_axi_read
INFO: [VRFC 10-311] analyzing module table_serch_aximm1_m_axi_write
INFO: [VRFC 10-2263] Analyzing Verilog file "/home/nomoto/src/StagedLSH/ver1.2/soft/u200/hw_emu/_x/link/vivado/vpl/prj/prj.gen/sources_1/bd/emu/ipshared/754d/hdl/verilog/table_serch_aximm2_m_axi.v" into library xil_defaultlib
INFO: [VRFC 10-311] analyzing module table_serch_aximm2_m_axi
INFO: [VRFC 10-311] analyzing module table_serch_aximm2_m_axi_reg_slice
INFO: [VRFC 10-311] analyzing module table_serch_aximm2_m_axi_fifo
INFO: [VRFC 10-311] analyzing module table_serch_aximm2_m_axi_buffer
INFO: [VRFC 10-311] analyzing module table_serch_aximm2_m_axi_decoder
INFO: [VRFC 10-311] analyzing module table_serch_aximm2_m_axi_throttle
INFO: [VRFC 10-311] analyzing module table_serch_aximm2_m_axi_read
INFO: [VRFC 10-311] analyzing module table_serch_aximm2_m_axi_write
INFO: [VRFC 10-2263] Analyzing Verilog file "/home/nomoto/src/StagedLSH/ver1.2/soft/u200/hw_emu/_x/link/vivado/vpl/prj/prj.gen/sources_1/bd/emu/ipshared/754d/hdl/verilog/table_serch_control_s_axi.v" into library xil_defaultlib
INFO: [VRFC 10-311] analyzing module table_serch_control_s_axi
INFO: [VRFC 10-2263] Analyzing Verilog file "/home/nomoto/src/StagedLSH/ver1.2/soft/u200/hw_emu/_x/link/vivado/vpl/prj/prj.gen/sources_1/bd/emu/ipshared/754d/hdl/verilog/table_serch_gmem_m_axi.v" into library xil_defaultlib
INFO: [VRFC 10-311] analyzing module table_serch_gmem_m_axi
INFO: [VRFC 10-311] analyzing module table_serch_gmem_m_axi_reg_slice
INFO: [VRFC 10-311] analyzing module table_serch_gmem_m_axi_fifo
INFO: [VRFC 10-311] analyzing module table_serch_gmem_m_axi_buffer
INFO: [VRFC 10-311] analyzing module table_serch_gmem_m_axi_decoder
INFO: [VRFC 10-311] analyzing module table_serch_gmem_m_axi_throttle
INFO: [VRFC 10-311] analyzing module table_serch_gmem_m_axi_read
INFO: [VRFC 10-311] analyzing module table_serch_gmem_m_axi_write
INFO: [VRFC 10-2263] Analyzing Verilog file "/home/nomoto/src/StagedLSH/ver1.2/soft/u200/hw_emu/_x/link/vivado/vpl/prj/prj.gen/sources_1/bd/emu/ipshared/754d/hdl/verilog/table_serch_plram0_m_axi.v" into library xil_defaultlib
INFO: [VRFC 10-311] analyzing module table_serch_plram0_m_axi
INFO: [VRFC 10-311] analyzing module table_serch_plram0_m_axi_reg_slice
INFO: [VRFC 10-311] analyzing module table_serch_plram0_m_axi_fifo
INFO: [VRFC 10-311] analyzing module table_serch_plram0_m_axi_buffer
INFO: [VRFC 10-311] analyzing module table_serch_plram0_m_axi_decoder
INFO: [VRFC 10-311] analyzing module table_serch_plram0_m_axi_throttle
INFO: [VRFC 10-311] analyzing module table_serch_plram0_m_axi_read
INFO: [VRFC 10-311] analyzing module table_serch_plram0_m_axi_write
INFO: [VRFC 10-2263] Analyzing Verilog file "/home/nomoto/src/StagedLSH/ver1.2/soft/u200/hw_emu/_x/link/vivado/vpl/prj/prj.gen/sources_1/bd/emu/ipshared/754d/hdl/verilog/table_serch.v" into library xil_defaultlib
INFO: [VRFC 10-311] analyzing module table_serch
INFO: [VRFC 10-2263] Analyzing Verilog file "/home/nomoto/src/StagedLSH/ver1.2/soft/u200/hw_emu/_x/link/vivado/vpl/prj/prj.ip_user_files/bd/emu/ip/emu_table_serch_1_0/sim/emu_table_serch_1_0.v" into library xil_defaultlib
INFO: [VRFC 10-311] analyzing module emu_table_serch_1_0
INFO: [VRFC 10-2263] Analyzing Verilog file "/home/nomoto/src/StagedLSH/ver1.2/soft/u200/hw_emu/_x/link/vivado/vpl/prj/prj.ip_user_files/bd/emu/ip/emu_xbar_6/sim/emu_xbar_6.v" into library xil_defaultlib
INFO: [VRFC 10-311] analyzing module emu_xbar_6
INFO: [VRFC 10-2263] Analyzing SystemVerilog file "/home/nomoto/src/StagedLSH/ver1.2/soft/u200/hw_emu/_x/link/vivado/vpl/prj/prj.ip_user_files/bd/emu/ip/emu_dpa_hub_0/sim/emu_dpa_hub_0_stub.sv" into library xil_defaultlib
INFO: [VRFC 10-311] analyzing module emu_dpa_hub_0
INFO: [VRFC 10-2263] Analyzing SystemVerilog file "/home/nomoto/src/StagedLSH/ver1.2/soft/u200/hw_emu/_x/link/vivado/vpl/prj/prj.ip_user_files/bd/emu/ip/emu_dpa_mon0_0/sim/emu_dpa_mon0_0_stub.sv" into library xil_defaultlib
INFO: [VRFC 10-311] analyzing module emu_dpa_mon0_0
INFO: [VRFC 10-2263] Analyzing SystemVerilog file "/home/nomoto/src/StagedLSH/ver1.2/soft/u200/hw_emu/_x/link/vivado/vpl/prj/prj.ip_user_files/bd/emu/ip/emu_dpa_mon1_0/sim/emu_dpa_mon1_0_stub.sv" into library xil_defaultlib
INFO: [VRFC 10-311] analyzing module emu_dpa_mon1_0
INFO: [VRFC 10-2263] Analyzing SystemVerilog file "/home/nomoto/src/StagedLSH/ver1.2/soft/u200/hw_emu/_x/link/vivado/vpl/prj/prj.ip_user_files/bd/emu/ip/emu_dpa_mon2_0/sim/emu_dpa_mon2_0_stub.sv" into library xil_defaultlib
INFO: [VRFC 10-311] analyzing module emu_dpa_mon2_0
INFO: [VRFC 10-2263] Analyzing SystemVerilog file "/home/nomoto/src/StagedLSH/ver1.2/soft/u200/hw_emu/_x/link/vivado/vpl/prj/prj.ip_user_files/bd/emu/ip/emu_dpa_mon3_0/sim/emu_dpa_mon3_0_stub.sv" into library xil_defaultlib
INFO: [VRFC 10-311] analyzing module emu_dpa_mon3_0
INFO: [VRFC 10-2263] Analyzing SystemVerilog file "/home/nomoto/src/StagedLSH/ver1.2/soft/u200/hw_emu/_x/link/vivado/vpl/prj/prj.ip_user_files/bd/emu/ip/emu_dpa_mon4_0/sim/emu_dpa_mon4_0_stub.sv" into library xil_defaultlib
INFO: [VRFC 10-311] analyzing module emu_dpa_mon4_0
INFO: [VRFC 10-2263] Analyzing SystemVerilog file "/home/nomoto/src/StagedLSH/ver1.2/soft/u200/hw_emu/_x/link/vivado/vpl/prj/prj.ip_user_files/bd/emu/ip/emu_dpa_mon5_0/sim/emu_dpa_mon5_0_stub.sv" into library xil_defaultlib
INFO: [VRFC 10-311] analyzing module emu_dpa_mon5_0
INFO: [VRFC 10-2263] Analyzing Verilog file "/home/nomoto/src/StagedLSH/ver1.2/soft/u200/hw_emu/_x/link/vivado/vpl/prj/prj.ip_user_files/bd/emu/ip/emu_auto_pc_0/sim/emu_auto_pc_0.v" into library xil_defaultlib
INFO: [VRFC 10-311] analyzing module emu_auto_pc_0
INFO: [VRFC 10-2263] Analyzing Verilog file "/home/nomoto/src/StagedLSH/ver1.2/soft/u200/hw_emu/_x/link/vivado/vpl/prj/prj.ip_user_files/bd/emu/ip/emu_auto_pc_1/sim/emu_auto_pc_1.v" into library xil_defaultlib
INFO: [VRFC 10-311] analyzing module emu_auto_pc_1
INFO: [VRFC 10-2263] Analyzing Verilog file "/home/nomoto/src/StagedLSH/ver1.2/soft/u200/hw_emu/_x/link/vivado/vpl/prj/prj.ip_user_files/bd/emu/ip/emu_auto_pc_4/sim/emu_auto_pc_4.v" into library xil_defaultlib
INFO: [VRFC 10-311] analyzing module emu_auto_pc_4
INFO: [VRFC 10-2263] Analyzing Verilog file "/home/nomoto/src/StagedLSH/ver1.2/soft/u200/hw_emu/_x/link/vivado/vpl/prj/prj.ip_user_files/bd/emu/ip/emu_auto_pc_5/sim/emu_auto_pc_5.v" into library xil_defaultlib
INFO: [VRFC 10-311] analyzing module emu_auto_pc_5
INFO: [VRFC 10-2263] Analyzing Verilog file "/home/nomoto/src/StagedLSH/ver1.2/soft/u200/hw_emu/_x/link/vivado/vpl/prj/prj.ip_user_files/bd/emu/ip/emu_auto_pc_2/sim/emu_auto_pc_2.v" into library xil_defaultlib
INFO: [VRFC 10-311] analyzing module emu_auto_pc_2
INFO: [VRFC 10-2263] Analyzing Verilog file "/home/nomoto/src/StagedLSH/ver1.2/soft/u200/hw_emu/_x/link/vivado/vpl/prj/prj.ip_user_files/bd/emu/ip/emu_auto_pc_3/sim/emu_auto_pc_3.v" into library xil_defaultlib
INFO: [VRFC 10-311] analyzing module emu_auto_pc_3
INFO: [VRFC 10-2263] Analyzing Verilog file "/home/nomoto/src/StagedLSH/ver1.2/soft/u200/hw_emu/_x/link/vivado/vpl/prj/prj.ip_user_files/bd/emu/ip/emu_auto_pc_6/sim/emu_auto_pc_6.v" into library xil_defaultlib
INFO: [VRFC 10-311] analyzing module emu_auto_pc_6
INFO: [VRFC 10-2263] Analyzing Verilog file "/home/nomoto/src/StagedLSH/ver1.2/soft/u200/hw_emu/_x/link/vivado/vpl/prj/prj.ip_user_files/bd/emu/ip/emu_m01_regslice_2/sim/emu_m01_regslice_2.v" into library xil_defaultlib
INFO: [VRFC 10-311] analyzing module emu_m01_regslice_2
INFO: [VRFC 10-2263] Analyzing Verilog file "/home/nomoto/src/StagedLSH/ver1.2/soft/u200/hw_emu/_x/link/vivado/vpl/prj/prj.ip_user_files/bd/emu/ip/emu_auto_cc_0/sim/emu_auto_cc_0.v" into library xil_defaultlib
INFO: [VRFC 10-311] analyzing module emu_auto_cc_0
INFO: [VRFC 10-2263] Analyzing Verilog file "/home/nomoto/src/StagedLSH/ver1.2/soft/u200/hw_emu/_x/link/vivado/vpl/prj/prj.ip_user_files/bd/emu/ip/emu_auto_pc_7/sim/emu_auto_pc_7.v" into library xil_defaultlib
INFO: [VRFC 10-311] analyzing module emu_auto_pc_7
INFO: [VRFC 10-2263] Analyzing Verilog file "/home/nomoto/src/StagedLSH/ver1.2/soft/u200/hw_emu/_x/link/vivado/vpl/prj/prj.ip_user_files/bd/emu/ip/emu_s00_regslice_0/sim/emu_s00_regslice_0.v" into library xil_defaultlib
INFO: [VRFC 10-311] analyzing module emu_s00_regslice_0
INFO: [VRFC 10-2263] Analyzing Verilog file "/home/nomoto/src/StagedLSH/ver1.2/soft/u200/hw_emu/_x/link/vivado/vpl/prj/prj.ip_user_files/bd/emu/ip/emu_m00_regslice_0/sim/emu_m00_regslice_0.v" into library xil_defaultlib
INFO: [VRFC 10-311] analyzing module emu_m00_regslice_0
INFO: [VRFC 10-2263] Analyzing Verilog file "/home/nomoto/src/StagedLSH/ver1.2/soft/u200/hw_emu/_x/link/vivado/vpl/prj/prj.ip_user_files/bd/emu/ip/emu_auto_cc_1/sim/emu_auto_cc_1.v" into library xil_defaultlib
INFO: [VRFC 10-311] analyzing module emu_auto_cc_1
INFO: [VRFC 10-2263] Analyzing Verilog file "/home/nomoto/src/StagedLSH/ver1.2/soft/u200/hw_emu/_x/link/vivado/vpl/prj/prj.ip_user_files/bd/emu/ip/emu_m01_regslice_3/sim/emu_m01_regslice_3.v" into library xil_defaultlib
INFO: [VRFC 10-311] analyzing module emu_m01_regslice_3
INFO: [VRFC 10-2263] Analyzing Verilog file "/home/nomoto/src/StagedLSH/ver1.2/soft/u200/hw_emu/_x/link/vivado/vpl/prj/prj.ip_user_files/bd/emu/ip/emu_auto_cc_2/sim/emu_auto_cc_2.v" into library xil_defaultlib
INFO: [VRFC 10-311] analyzing module emu_auto_cc_2
INFO: [VRFC 10-2263] Analyzing Verilog file "/home/nomoto/src/StagedLSH/ver1.2/soft/u200/hw_emu/_x/link/vivado/vpl/prj/prj.ip_user_files/bd/emu/ip/emu_m02_regslice_0/sim/emu_m02_regslice_0.v" into library xil_defaultlib
INFO: [VRFC 10-311] analyzing module emu_m02_regslice_0
INFO: [VRFC 10-2263] Analyzing Verilog file "/home/nomoto/src/StagedLSH/ver1.2/soft/u200/hw_emu/_x/link/vivado/vpl/prj/prj.ip_user_files/bd/emu/ip/emu_auto_cc_3/sim/emu_auto_cc_3.v" into library xil_defaultlib
INFO: [VRFC 10-311] analyzing module emu_auto_cc_3
INFO: [VRFC 10-2263] Analyzing Verilog file "/home/nomoto/src/StagedLSH/ver1.2/soft/u200/hw_emu/_x/link/vivado/vpl/prj/prj.ip_user_files/bd/emu/ip/emu_m03_regslice_0/sim/emu_m03_regslice_0.v" into library xil_defaultlib
INFO: [VRFC 10-311] analyzing module emu_m03_regslice_0
INFO: [VRFC 10-2263] Analyzing Verilog file "/home/nomoto/src/StagedLSH/ver1.2/soft/u200/hw_emu/_x/link/vivado/vpl/prj/prj.ip_user_files/bd/emu/ip/emu_auto_cc_4/sim/emu_auto_cc_4.v" into library xil_defaultlib
INFO: [VRFC 10-311] analyzing module emu_auto_cc_4
INFO: [VRFC 10-2263] Analyzing Verilog file "/home/nomoto/src/StagedLSH/ver1.2/soft/u200/hw_emu/_x/link/vivado/vpl/prj/prj.ip_user_files/bd/emu/ip/emu_m04_regslice_0/sim/emu_m04_regslice_0.v" into library xil_defaultlib
INFO: [VRFC 10-311] analyzing module emu_m04_regslice_0
INFO: [VRFC 10-2263] Analyzing Verilog file "/home/nomoto/src/StagedLSH/ver1.2/soft/u200/hw_emu/_x/link/vivado/vpl/prj/prj.ip_user_files/bd/emu/ip/emu_auto_cc_5/sim/emu_auto_cc_5.v" into library xil_defaultlib
INFO: [VRFC 10-311] analyzing module emu_auto_cc_5
INFO: [VRFC 10-2263] Analyzing Verilog file "/home/nomoto/src/StagedLSH/ver1.2/soft/u200/hw_emu/_x/link/vivado/vpl/prj/prj.ip_user_files/bd/emu/ip/emu_m05_regslice_0/sim/emu_m05_regslice_0.v" into library xil_defaultlib
INFO: [VRFC 10-311] analyzing module emu_m05_regslice_0
INFO: [VRFC 10-2263] Analyzing Verilog file "/home/nomoto/src/StagedLSH/ver1.2/soft/u200/hw_emu/_x/link/vivado/vpl/prj/prj.ip_user_files/bd/emu/ip/emu_auto_cc_6/sim/emu_auto_cc_6.v" into library xil_defaultlib
INFO: [VRFC 10-311] analyzing module emu_auto_cc_6
INFO: [VRFC 10-2263] Analyzing Verilog file "/home/nomoto/src/StagedLSH/ver1.2/soft/u200/hw_emu/_x/link/vivado/vpl/prj/prj.ip_user_files/bd/emu/ip/emu_m06_regslice_0/sim/emu_m06_regslice_0.v" into library xil_defaultlib
INFO: [VRFC 10-311] analyzing module emu_m06_regslice_0
INFO: [VRFC 10-2263] Analyzing Verilog file "/home/nomoto/src/StagedLSH/ver1.2/soft/u200/hw_emu/_x/link/vivado/vpl/prj/prj.ip_user_files/bd/emu/ip/emu_auto_cc_7/sim/emu_auto_cc_7.v" into library xil_defaultlib
INFO: [VRFC 10-311] analyzing module emu_auto_cc_7
INFO: [VRFC 10-2263] Analyzing Verilog file "/home/nomoto/src/StagedLSH/ver1.2/soft/u200/hw_emu/_x/link/vivado/vpl/prj/prj.ip_user_files/bd/emu/ip/emu_m07_regslice_0/sim/emu_m07_regslice_0.v" into library xil_defaultlib
INFO: [VRFC 10-311] analyzing module emu_m07_regslice_0
INFO: [VRFC 10-2263] Analyzing Verilog file "/home/nomoto/src/StagedLSH/ver1.2/soft/u200/hw_emu/_x/link/vivado/vpl/prj/prj.ip_user_files/bd/emu/ip/emu_auto_cc_8/sim/emu_auto_cc_8.v" into library xil_defaultlib
INFO: [VRFC 10-311] analyzing module emu_auto_cc_8
INFO: [VRFC 10-2263] Analyzing SystemVerilog file "/home/nomoto/src/StagedLSH/ver1.2/soft/u200/hw_emu/_x/link/vivado/vpl/prj/prj.ip_user_files/bd/emu/sim/emu_sci_stub.sv" into library xil_defaultlib
INFO: [VRFC 10-311] analyzing module emu_sci
INFO: [VRFC 10-2263] Analyzing Verilog file "/home/nomoto/src/StagedLSH/ver1.2/soft/u200/hw_emu/_x/link/vivado/vpl/prj/prj.ip_user_files/bd/emu/sim/emu.v" into library xil_defaultlib
INFO: [VRFC 10-311] analyzing module System_DPA_imp_SEKSXZ
INFO: [VRFC 10-311] analyzing module clk_reset_wizard_imp_1N4AMRV
INFO: [VRFC 10-311] analyzing module embedded_schedular_imp_1KU1L3J
INFO: [VRFC 10-311] analyzing module emu
INFO: [VRFC 10-311] analyzing module emu_connect_to_es_0
INFO: [VRFC 10-311] analyzing module emu_connect_to_es_cu_0
INFO: [VRFC 10-311] analyzing module emu_dpa_ctrl_interconnect_0
INFO: [VRFC 10-311] analyzing module emu_interconnect_axilite_user_0_0
INFO: [VRFC 10-311] analyzing module emu_interconnect_axilite_user_1_0
INFO: [VRFC 10-311] analyzing module emu_interconnect_axilite_user_2_0
INFO: [VRFC 10-311] analyzing module interrupt_concat_imp_14CZY9A
INFO: [VRFC 10-311] analyzing module m00_couplers_imp_1A91X40
INFO: [VRFC 10-311] analyzing module m00_couplers_imp_1J2QOWN
INFO: [VRFC 10-311] analyzing module m00_couplers_imp_ICFMO4
INFO: [VRFC 10-311] analyzing module m00_couplers_imp_THO9J8
INFO: [VRFC 10-311] analyzing module m01_couplers_imp_189JRWH
INFO: [VRFC 10-311] analyzing module m01_couplers_imp_1F0NE0X
INFO: [VRFC 10-311] analyzing module m01_couplers_imp_7QT8NM
INFO: [VRFC 10-311] analyzing module m01_couplers_imp_Y65RAD
INFO: [VRFC 10-311] analyzing module m02_couplers_imp_1A3IVOC
INFO: [VRFC 10-311] analyzing module m02_couplers_imp_2SPS0F
INFO: [VRFC 10-311] analyzing module m02_couplers_imp_9I7M4V
INFO: [VRFC 10-311] analyzing module m03_couplers_imp_1YZEQFE
INFO: [VRFC 10-311] analyzing module m03_couplers_imp_YBOEHL
INFO: [VRFC 10-311] analyzing module m04_couplers_imp_1092B6A
INFO: [VRFC 10-311] analyzing module m05_couplers_imp_QEUZYV
INFO: [VRFC 10-311] analyzing module m06_couplers_imp_1QZA3IX
INFO: [VRFC 10-311] analyzing module m07_couplers_imp_HLJT24
INFO: [VRFC 10-311] analyzing module s00_couplers_imp_1I78I2M
INFO: [VRFC 10-311] analyzing module s00_couplers_imp_1T7YMYM
INFO: [VRFC 10-311] analyzing module s00_couplers_imp_4C40YI
INFO: [VRFC 10-311] analyzing module s00_couplers_imp_C34YJ9
INFO: [VRFC 10-311] analyzing module s00_couplers_imp_JWQMDG
INFO: [VRFC 10-311] analyzing module s00_couplers_imp_UX2T9P
INFO: [VRFC 10-311] analyzing module s01_couplers_imp_1DNO9BC
INFO: [VRFC 10-311] analyzing module s01_couplers_imp_8JQCQJ
INFO: [VRFC 10-311] analyzing module s02_couplers_imp_47SKBQ
INFO: [VRFC 10-311] analyzing module s03_couplers_imp_1MG1X0J
INFO: [VRFC 10-311] analyzing module slr0_imp_BW389K
INFO: [VRFC 10-311] analyzing module slr1_imp_14MDKOT
INFO: [VRFC 10-311] analyzing module slr2_imp_ZQRZ0Z
INFO: [VRFC 10-311] analyzing module static_region_imp_PT295H
INFO: [VRFC 10-2263] Analyzing Verilog file "/home/nomoto/src/StagedLSH/ver1.2/soft/u200/hw_emu/_x/link/vivado/vpl/prj/prj.gen/sources_1/bd/emu/hdl/emu_wrapper.v" into library xil_defaultlib
INFO: [VRFC 10-311] analyzing module emu_wrapper
INFO: [VRFC 10-2263] Analyzing Verilog file "/home/nomoto/src/StagedLSH/ver1.2/soft/u200/hw_emu/_x/link/vivado/vpl/prj/prj.sim/sim_1/behav_waveform/xsim/glbl.v" into library xil_defaultlib
INFO: [VRFC 10-311] analyzing module glbl
