Copyright 1986-2020 Xilinx, Inc. All Rights Reserved.
------------------------------------------------------------------------------------------
| Tool Version : Vivado v.2020.2 (lin64) Build 3064766 Wed Nov 18 09:12:47 MST 2020
| Date         : Sun Apr 17 16:15:20 2022
| Host         : alveo20 running 64-bit Ubuntu 18.04.6 LTS
| Command      : report_utilization -slr -file slr_util_routed.rpt -pb slr_util_routed.pb
| Design       : pfm_top_wrapper
| Device       : xcu200fsgd2104-2
| Design State : Routed
------------------------------------------------------------------------------------------

Utilization Design Information

Table of Contents
-----------------
1. SLR Connectivity
2. SLR Connectivity Matrix
3. SLR CLB Logic and Dedicated Block Utilization
4. SLR IO Utilization

1. SLR Connectivity
-------------------

+----------------------------------+------+-------+-----------+-------+
|                                  | Used | Fixed | Available | Util% |
+----------------------------------+------+-------+-----------+-------+
| SLR2 <-> SLR1                    | 1387 |       |     17280 |  8.03 |
|   SLR1 -> SLR2                   |  818 |       |           |  4.73 |
|     Using TX_REG only            |    0 |     0 |           |       |
|     Using RX_REG only            |    0 |     0 |           |       |
|     Using Both TX_REG and RX_REG |    0 |     0 |           |       |
|   SLR2 -> SLR1                   |  569 |       |           |  3.29 |
|     Using TX_REG only            |    0 |     0 |           |       |
|     Using RX_REG only            |    0 |     0 |           |       |
|     Using Both TX_REG and RX_REG |    0 |     0 |           |       |
| SLR1 <-> SLR0                    | 2918 |       |     17280 | 16.89 |
|   SLR0 -> SLR1                   | 1824 |       |           | 10.56 |
|     Using TX_REG only            |    0 |     0 |           |       |
|     Using RX_REG only            |    0 |     0 |           |       |
|     Using Both TX_REG and RX_REG |    0 |     0 |           |       |
|   SLR1 -> SLR0                   | 1094 |       |           |  6.33 |
|     Using TX_REG only            |    0 |     0 |           |       |
|     Using RX_REG only            |    0 |     0 |           |       |
|     Using Both TX_REG and RX_REG |    0 |     0 |           |       |
+----------------------------------+------+-------+-----------+-------+
| Total SLLs Used                  | 4305 |       |           |       |
+----------------------------------+------+-------+-----------+-------+


2. SLR Connectivity Matrix
--------------------------

+-----------+------+------+------+
| FROM \ TO | SLR2 | SLR1 | SLR0 |
+-----------+------+------+------+
| SLR2      |    0 |  569 |    0 |
| SLR1      |  818 |    0 | 1094 |
| SLR0      |    0 | 1824 |    0 |
+-----------+------+------+------+


3. SLR CLB Logic and Dedicated Block Utilization
------------------------------------------------

+----------------------------+-------+--------+------+--------+--------+--------+
|          Site Type         |  SLR0 |  SLR1  | SLR2 | SLR0 % | SLR1 % | SLR2 % |
+----------------------------+-------+--------+------+--------+--------+--------+
| CLB                        | 10755 |  39894 | 1247 |  21.83 |  80.99 |   2.53 |
|   CLBL                     |  5229 |  19809 |  642 |  21.26 |  80.52 |   2.61 |
|   CLBM                     |  5526 |  20085 |  605 |  22.41 |  81.45 |   2.45 |
| CLB LUTs                   | 46384 | 201521 | 3671 |  11.77 |  51.14 |   0.93 |
|   LUT as Logic             | 36243 | 175893 | 2555 |   9.20 |  44.63 |   0.65 |
|     using O5 output only   |  1031 |   3708 |   62 |   0.26 |   0.94 |   0.02 |
|     using O6 output only   | 18741 | 116555 | 1856 |   4.76 |  29.58 |   0.47 |
|     using O5 and O6        | 16471 |  55630 |  637 |   4.18 |  14.12 |   0.16 |
|   LUT as Memory            | 10141 |  25628 | 1116 |   5.14 |  12.99 |   0.57 |
|     LUT as Distributed RAM |  6924 |  16649 |  312 |   3.51 |   8.44 |   0.16 |
|       using O5 output only |     0 |      0 |    0 |   0.00 |   0.00 |   0.00 |
|       using O6 output only |     8 |   1403 |    0 |  <0.01 |   0.71 |   0.00 |
|       using O5 and O6      |  6916 |  15246 |  312 |   3.51 |   7.73 |   0.16 |
|     LUT as Shift Register  |  3217 |   8979 |  804 |   1.63 |   4.55 |   0.41 |
|       using O5 output only |     0 |      0 |    0 |   0.00 |   0.00 |   0.00 |
|       using O6 output only |  3182 |   7577 |  804 |   1.61 |   3.84 |   0.41 |
|       using O5 and O6      |    35 |   1402 |    0 |   0.02 |   0.71 |   0.00 |
| CLB Registers              | 75724 | 303101 | 5201 |   9.61 |  38.46 |   0.66 |
| CARRY8                     |   158 |   2246 |    0 |   0.32 |   4.56 |   0.00 |
| F7 Muxes                   |   436 |   3374 |    0 |   0.22 |   1.71 |   0.00 |
| F8 Muxes                   |    29 |    449 |    0 |   0.03 |   0.46 |   0.00 |
| F9 Muxes                   |     0 |      0 |    0 |   0.00 |   0.00 |   0.00 |
| Block RAM Tile             |   113 |    447 |    0 |  15.69 |  62.08 |   0.00 |
|   RAMB36/FIFO              |   111 |    434 |    0 |  15.42 |  60.28 |   0.00 |
|   RAMB18                   |     4 |     26 |    0 |   0.28 |   1.81 |   0.00 |
| URAM                       |     0 |      0 |    0 |   0.00 |   0.00 |   0.00 |
| DSPs                       |     3 |     10 |    0 |   0.13 |   0.44 |   0.00 |
| PLL                        |     0 |      0 |    0 |   0.00 |   0.00 |   0.00 |
| MMCM                       |     0 |      0 |    0 |   0.00 |   0.00 |   0.00 |
| Unique Control Sets        |  2027 |  10058 |  114 |   2.06 |  10.21 |   0.12 |
+----------------------------+-------+--------+------+--------+--------+--------+
* Note: Available Control Sets based on CLB Registers / 8


4. SLR IO Utilization
---------------------

+-----------+-----------+---------+------------+----------+------------+----------+-----+
| SLR Index | Used IOBs | (%)IOBs | Used IPADs | (%)IPADs | Used OPADs | (%)OPADs | GTs |
+-----------+-----------+---------+------------+----------+------------+----------+-----+
| SLR2      |         0 |    0.00 |          0 |     0.00 |          0 |     0.00 |   0 |
| SLR1      |       300 |   82.42 |          0 |     0.00 |          0 |     0.00 |  16 |
| SLR0      |       139 |   89.10 |          0 |     0.00 |          0 |     0.00 |   0 |
+-----------+-----------+---------+------------+----------+------------+----------+-----+
| Total     |       439 |         |          0 |          |          0 |          |  16 |
+-----------+-----------+---------+------------+----------+------------+----------+-----+


