XRT Build Version: 2.8.743 (2020.2)
       Build Date: 2020-11-16 00:19:11
          Hash ID: 77d5484b5c4daa691a7f78235053fb036829b1e9
Creating a default 'in-memory' xclbin image.

Section: 'BITSTREAM'(0) was successfully added.
Size   : 2051712 bytes
Format : RAW
File   : '/home/nomoto/src/StagedLSH/hard-StagedLSH/src/ver2.0/yan/u200/sw_emu/_x/link/int/table_serch.so'

Section: 'MEM_TOPOLOGY'(6) was successfully added.
Format : JSON
File   : 'mem_topology'

Section: 'IP_LAYOUT'(8) was successfully added.
Format : JSON
File   : 'ip_layout'

Section: 'CONNECTIVITY'(7) was successfully added.
Format : JSON
File   : 'connectivity'
WARNING: Skipping CLOCK_FREQ_TOPOLOGY section for count size is zero.
WARNING: Section 'CLOCK_FREQ_TOPOLOGY' content is empty.  No data in the given JSON file.

Section: 'CLOCK_FREQ_TOPOLOGY'(11) was empty.  No action taken.
Format : JSON
File   : '/home/nomoto/src/StagedLSH/hard-StagedLSH/src/ver2.0/yan/u200/sw_emu/_x/link/int/table_serch_xml.rtd'

Section: 'BUILD_METADATA'(14) was successfully added.
Size   : 19696 bytes
Format : JSON
File   : '/home/nomoto/src/StagedLSH/hard-StagedLSH/src/ver2.0/yan/u200/sw_emu/_x/link/int/table_serch_build.rtd'

Section: 'EMBEDDED_METADATA'(2) was successfully added.
Size   : 21435 bytes
Format : RAW
File   : '/home/nomoto/src/StagedLSH/hard-StagedLSH/src/ver2.0/yan/u200/sw_emu/_x/link/int/table_serch.xml'

Section: 'DEBUG_DATA'(4) was successfully added.
Size   : 0 bytes
Format : RAW
File   : '/dev/null'

Section: 'IP_LAYOUT'(8) was successfully appended to.
Format : JSON
File   : 'ip_layout'
Successfully wrote (2133620 bytes) to the output file: /home/nomoto/src/StagedLSH/hard-StagedLSH/src/ver2.0/yan/u200/sw_emu/table_serch.xclbin
Leaving xclbinutil.
