Vivado Simulator 2020.2
Copyright 1986-1999, 2001-2020 Xilinx, Inc. All Rights Reserved.
Running: /opt/Vivado/2020.2/bin/unwrapped/lnx64.o/xelab -wto b7caf869e1614f90a2aaf0e11da61db5 --incr --debug typical --relax --mt 8 -sv_root /opt/Vivado/2020.2/data/simmodels/xsim/2020.2/lnx64/6.2.0/ext/protobuf -sc_lib libprotobuf.so --include /opt/Vivado/2020.2/data/simmodels/xsim/2020.2/lnx64/6.2.0/ext/protobuf/include -sv_root /opt/Vivado/2020.2/data/xsim/ip/xtlm -sc_lib libxtlm.so --include /opt/Vivado/2020.2/data/xsim/ip/xtlm/include -sv_root /opt/Vivado/2020.2/data/xsim/ip/xtlm_simple_interconnect_v1_0 -sc_lib libxtlm_simple_interconnect_v1_0.so --include /opt/Vivado/2020.2/data/xsim/ip/xtlm_simple_interconnect_v1_0/include -sv_root /opt/Vivado/2020.2/data/xsim/ip/common_cpp_v1_0 -sc_lib libcommon_cpp_v1_0.so --include /opt/Vivado/2020.2/data/xsim/ip/common_cpp_v1_0/include -sv_root /opt/Vivado/2020.2/data/xsim/ip/emu_perf_common_v1_0 -sc_lib libemu_perf_common_v1_0.so --include /opt/Vivado/2020.2/data/xsim/ip/emu_perf_common_v1_0/include --include ../../../../prj.ip_user_files/bd/emu/ip/emu_sim_embedded_scheduler_sw_0_0/src --include ../../../../prj.ip_user_files/bd/emu/ip/emu_sim_embedded_scheduler_sw_0_0/sim --include ../../../../prj.ip_user_files/bd/emu/ip/emu_sim_ddr_1_0/sim_tlm/common --include ../../../../prj.ip_user_files/bd/emu/ip/emu_sim_ddr_1_0/sim_tlm/axi_crossbar/systemc_srcs --include ../../../../prj.ip_user_files/bd/emu/ip/emu_sim_ddr_1_0/sim_tlm/top --include ../../../../prj.ip_user_files/bd/emu/ip/emu_sim_ddr_1_0/sim_tlm/ddr_model/cpp_srcs --include ../../../../prj.ip_user_files/bd/emu/ip/emu_sim_ddr_1_0/sim_tlm/ddr_model/systemc_srcs --include ../../../../prj.ip_user_files/bd/emu/ip/emu_sim_ddr_1_0/sim --include ../../../../prj.ip_user_files/bd/emu/ip/emu_sim_xdma_0_0/src/common --include ../../../../prj.ip_user_files/bd/emu/ip/emu_sim_xdma_0_0/src/cpp_src --include ../../../../prj.ip_user_files/bd/emu/ip/emu_sim_xdma_0_0/src/sysc_src --include ../../../../prj.ip_user_files/bd/emu/ip/emu_sim_xdma_0_0/sim --include ../../../../prj.ip_user_files/bd/emu/ip/emu_xtlm_simple_intercon_0_0/src --include ../../../../prj.ip_user_files/bd/emu/ip/emu_xtlm_simple_intercon_0_0/sim --include ../../../../prj.ip_user_files/bd/emu/ip/emu_memory_subsystem_0/bd_0/ip/ip_0/src --include ../../../../prj.ip_user_files/bd/emu/ip/emu_memory_subsystem_0/bd_0/ip/ip_0/sim --include ../../../../prj.ip_user_files/bd/emu/ip/emu_memory_subsystem_0/bd_0/ip/ip_1/src --include ../../../../prj.ip_user_files/bd/emu/ip/emu_memory_subsystem_0/bd_0/ip/ip_1/sim --include ../../../../prj.ip_user_files/bd/emu/ip/emu_memory_subsystem_0/bd_0/ip/ip_2/src --include ../../../../prj.ip_user_files/bd/emu/ip/emu_memory_subsystem_0/bd_0/ip/ip_2/sim --include ../../../../prj.ip_user_files/bd/emu/ip/emu_memory_subsystem_0/bd_0/ip/ip_3/src --include ../../../../prj.ip_user_files/bd/emu/ip/emu_memory_subsystem_0/bd_0/ip/ip_3/sim --include ../../../../prj.ip_user_files/bd/emu/ip/emu_memory_subsystem_0/bd_0/sim --include ../../../../prj.ip_user_files/bd/emu/ip/emu_memory_subsystem_0/sim --include ../../../../prj.ip_user_files/bd/emu/ip/emu_sim_ddr_0_0/sim_tlm/common --include ../../../../prj.ip_user_files/bd/emu/ip/emu_sim_ddr_0_0/sim_tlm/axi_crossbar/systemc_srcs --include ../../../../prj.ip_user_files/bd/emu/ip/emu_sim_ddr_0_0/sim_tlm/top --include ../../../../prj.ip_user_files/bd/emu/ip/emu_sim_ddr_0_0/sim_tlm/ddr_model/cpp_srcs --include ../../../../prj.ip_user_files/bd/emu/ip/emu_sim_ddr_0_0/sim_tlm/ddr_model/systemc_srcs --include ../../../../prj.ip_user_files/bd/emu/ip/emu_sim_ddr_0_0/sim --include ../../../../prj.ip_user_files/bd/emu/ip/emu_sim_ddr_2_0/sim_tlm/common --include ../../../../prj.ip_user_files/bd/emu/ip/emu_sim_ddr_2_0/sim_tlm/axi_crossbar/systemc_srcs --include ../../../../prj.ip_user_files/bd/emu/ip/emu_sim_ddr_2_0/sim_tlm/top --include ../../../../prj.ip_user_files/bd/emu/ip/emu_sim_ddr_2_0/sim_tlm/ddr_model/cpp_srcs --include ../../../../prj.ip_user_files/bd/emu/ip/emu_sim_ddr_2_0/sim_tlm/ddr_model/systemc_srcs --include ../../../../prj.ip_user_files/bd/emu/ip/emu_sim_ddr_2_0/sim --include ../../../../prj.ip_user_files/bd/emu/ip/emu_sim_ddr_3_0/sim_tlm/common --include ../../../../prj.ip_user_files/bd/emu/ip/emu_sim_ddr_3_0/sim_tlm/axi_crossbar/systemc_srcs --include ../../../../prj.ip_user_files/bd/emu/ip/emu_sim_ddr_3_0/sim_tlm/top --include ../../../../prj.ip_user_files/bd/emu/ip/emu_sim_ddr_3_0/sim_tlm/ddr_model/cpp_srcs --include ../../../../prj.ip_user_files/bd/emu/ip/emu_sim_ddr_3_0/sim_tlm/ddr_model/systemc_srcs --include ../../../../prj.ip_user_files/bd/emu/ip/emu_sim_ddr_3_0/sim --include ../../../../prj.ip_user_files/bd/emu/ip/emu_icn_pass_0_0/src --include ../../../../prj.ip_user_files/bd/emu/ip/emu_icn_pass_0_0/sim --include ../../../../prj.ip_user_files/bd/emu/ip/emu_icn_pass_1_0/src --include ../../../../prj.ip_user_files/bd/emu/ip/emu_icn_pass_1_0/sim --include ../../../../prj.ip_user_files/bd/emu/ip/emu_icn_pass_2_0/src --include ../../../../prj.ip_user_files/bd/emu/ip/emu_icn_pass_2_0/sim --include ../../../../prj.ip_user_files/bd/emu/ip/emu_icn_pass_3_0/src --include ../../../../prj.ip_user_files/bd/emu/ip/emu_icn_pass_3_0/sim --include ../../../../prj.ip_user_files/bd/emu/ip/emu_dpa_hub_0/src --include ../../../../prj.ip_user_files/bd/emu/ip/emu_dpa_hub_0/sim --include ../../../../prj.ip_user_files/bd/emu/ip/emu_dpa_mon0_0/src --include ../../../../prj.ip_user_files/bd/emu/ip/emu_dpa_mon0_0/sim --include ../../../../prj.ip_user_files/bd/emu/ip/emu_dpa_mon1_0/src --include ../../../../prj.ip_user_files/bd/emu/ip/emu_dpa_mon1_0/sim --include ../../../../prj.ip_user_files/bd/emu/ip/emu_dpa_mon2_0/src --include ../../../../prj.ip_user_files/bd/emu/ip/emu_dpa_mon2_0/sim --include ../../../../prj.ip_user_files/bd/emu/ip/emu_dpa_mon3_0/src --include ../../../../prj.ip_user_files/bd/emu/ip/emu_dpa_mon3_0/sim --include ../../../../prj.ip_user_files/bd/emu/ip/emu_dpa_mon4_0/src --include ../../../../prj.ip_user_files/bd/emu/ip/emu_dpa_mon4_0/sim --include ../../../../prj.ip_user_files/bd/emu/ip/emu_dpa_mon5_0/src --include ../../../../prj.ip_user_files/bd/emu/ip/emu_dpa_mon5_0/sim --include ../../../../prj.ip_user_files/bd/emu/sim --include /opt/Vivado/2020.2/tps/boost_1_64_0 -L xil_defaultlib -L sim_clk_gen_v1_0_2 -L axi_lite_ipif_v3_0_4 -L axi_intc_v4_1_15 -L xlconcat_v2_1_4 -L xlconstant_v1_1_7 -L lib_cdc_v1_0_2 -L proc_sys_reset_v5_0_13 -L generic_baseblocks_v2_1_0 -L axi_infrastructure_v1_1_0 -L axi_register_slice_v2_1_22 -L fifo_generator_v13_2_5 -L axi_data_fifo_v2_1_21 -L axi_crossbar_v2_1_23 -L axi_protocol_converter_v2_1_22 -L axi_clock_converter_v2_1_21 -L uvm -L unisims_ver -L unimacro_ver -L secureip -L xpm -sv_root . -sc_lib libdpi.so --snapshot emu_wrapper_behav xil_defaultlib.emu_wrapper xil_defaultlib.glbl -log elaborate.log --include /opt/Vivado/2020.2/data/simmodels/xsim/2020.2/lnx64/6.2.0/ext/protobuf/include -ignore_assertions --debug sc 
Using 8 slave threads.
WARNING: [XSIM 43-3431] One or more environment variables have been detected which affect the operation of the C compiler. These are typically not set in standard installations and are not tested by Xilinx, however they may be appropriate for your system, so the flow will attempt to continue.  If errors occur, try running xelab with the "-mt off -v 1" switches to see more information from the C compiler. The following environment variables have been detected:
Starting static elaboration
Pass Through NonSizing Optimizer
WARNING: [VRFC 10-3091] actual bit length 2 differs from formal bit length 1 for port 's_axi_awid' [/home/nomoto/src/StagedLSH/ver1.2/soft/u200/hw_emu/_x/link/vivado/vpl/prj/prj.ip_user_files/bd/emu/ip/emu_s00_regslice_0/sim/emu_s00_regslice_0.v:224]
WARNING: [VRFC 10-3091] actual bit length 2 differs from formal bit length 1 for port 's_axi_wid' [/home/nomoto/src/StagedLSH/ver1.2/soft/u200/hw_emu/_x/link/vivado/vpl/prj/prj.ip_user_files/bd/emu/ip/emu_s00_regslice_0/sim/emu_s00_regslice_0.v:237]
WARNING: [VRFC 10-3091] actual bit length 2 differs from formal bit length 1 for port 's_axi_arid' [/home/nomoto/src/StagedLSH/ver1.2/soft/u200/hw_emu/_x/link/vivado/vpl/prj/prj.ip_user_files/bd/emu/ip/emu_s00_regslice_0/sim/emu_s00_regslice_0.v:249]
WARNING: [VRFC 10-3091] actual bit length 2 differs from formal bit length 1 for port 'm_axi_bid' [/home/nomoto/src/StagedLSH/ver1.2/soft/u200/hw_emu/_x/link/vivado/vpl/prj/prj.ip_user_files/bd/emu/ip/emu_s00_regslice_0/sim/emu_s00_regslice_0.v:289]
WARNING: [VRFC 10-3091] actual bit length 2 differs from formal bit length 1 for port 'm_axi_rid' [/home/nomoto/src/StagedLSH/ver1.2/soft/u200/hw_emu/_x/link/vivado/vpl/prj/prj.ip_user_files/bd/emu/ip/emu_s00_regslice_0/sim/emu_s00_regslice_0.v:307]
WARNING: [VRFC 10-3091] actual bit length 6 differs from formal bit length 9 for port 'm_axi_arprot' [/home/nomoto/src/StagedLSH/ver1.2/soft/u200/hw_emu/_x/link/vivado/vpl/prj/prj.ip_user_files/bd/emu/sim/emu.v:6749]
WARNING: [VRFC 10-3091] actual bit length 6 differs from formal bit length 9 for port 'm_axi_awprot' [/home/nomoto/src/StagedLSH/ver1.2/soft/u200/hw_emu/_x/link/vivado/vpl/prj/prj.ip_user_files/bd/emu/sim/emu.v:6753]
WARNING: [VRFC 10-3091] actual bit length 1 differs from formal bit length 2 for port 'state' [/home/nomoto/src/StagedLSH/ver1.2/soft/u200/hw_emu/_x/link/vivado/vpl/prj/prj.ip_user_files/bd/emu/ipshared/4292/src/CuISR.v:232]
WARNING: [VRFC 10-3091] actual bit length 1 differs from formal bit length 2 for port 'state' [/home/nomoto/src/StagedLSH/ver1.2/soft/u200/hw_emu/_x/link/vivado/vpl/prj/prj.ip_user_files/bd/emu/ipshared/4292/src/CuISR.v:244]
WARNING: [VRFC 10-3091] actual bit length 1 differs from formal bit length 2 for port 'state' [/home/nomoto/src/StagedLSH/ver1.2/soft/u200/hw_emu/_x/link/vivado/vpl/prj/prj.ip_user_files/bd/emu/ipshared/4292/src/CuISR.v:256]
WARNING: [VRFC 10-3091] actual bit length 1 differs from formal bit length 2 for port 'state' [/home/nomoto/src/StagedLSH/ver1.2/soft/u200/hw_emu/_x/link/vivado/vpl/prj/prj.ip_user_files/bd/emu/ipshared/4292/src/CuISR.v:268]
WARNING: [VRFC 10-5021] port 'mb_reset' is not connected on this instance [/home/nomoto/src/StagedLSH/ver1.2/soft/u200/hw_emu/_x/link/vivado/vpl/prj/prj.ip_user_files/bd/emu/sim/emu.v:19068]
WARNING: [VRFC 10-5021] port 'mb_reset' is not connected on this instance [/home/nomoto/src/StagedLSH/ver1.2/soft/u200/hw_emu/_x/link/vivado/vpl/prj/prj.ip_user_files/bd/emu/sim/emu.v:19074]
WARNING: [VRFC 10-5021] port 'aclk2x' is not connected on this instance [/wrk/ci/prod/2020.2/sw/continuous/733/packages/customer/vivado/data/ip/xilinx/axi_protocol_converter_v2_1/hdl/axi_protocol_converter_v2_1_vl_rfs.v:4376]
WARNING: [VRFC 10-5021] port 'aclk2x' is not connected on this instance [/wrk/ci/prod/2020.2/sw/continuous/733/packages/customer/vivado/data/ip/xilinx/axi_protocol_converter_v2_1/hdl/axi_protocol_converter_v2_1_vl_rfs.v:4631]
WARNING: [VRFC 10-5021] port 'aclk2x' is not connected on this instance [/wrk/ci/prod/2020.2/sw/continuous/733/packages/customer/vivado/data/ip/xilinx/axi_crossbar_v2_1/hdl/axi_crossbar_v2_1_vl_rfs.v:3103]
WARNING: [VRFC 10-5021] port 'mb_reset' is not connected on this instance [/home/nomoto/src/StagedLSH/ver1.2/soft/u200/hw_emu/_x/link/vivado/vpl/prj/prj.ip_user_files/bd/emu/sim/emu.v:20113]
WARNING: [VRFC 10-5021] port 'mb_reset' is not connected on this instance [/home/nomoto/src/StagedLSH/ver1.2/soft/u200/hw_emu/_x/link/vivado/vpl/prj/prj.ip_user_files/bd/emu/sim/emu.v:20119]
WARNING: [VRFC 10-5021] port 'mb_reset' is not connected on this instance [/home/nomoto/src/StagedLSH/ver1.2/soft/u200/hw_emu/_x/link/vivado/vpl/prj/prj.ip_user_files/bd/emu/sim/emu.v:20751]
WARNING: [VRFC 10-5021] port 'mb_reset' is not connected on this instance [/home/nomoto/src/StagedLSH/ver1.2/soft/u200/hw_emu/_x/link/vivado/vpl/prj/prj.ip_user_files/bd/emu/sim/emu.v:20757]
WARNING: [VRFC 10-5021] port 'mb_reset' is not connected on this instance [/home/nomoto/src/StagedLSH/ver1.2/soft/u200/hw_emu/_x/link/vivado/vpl/prj/prj.ip_user_files/bd/emu/sim/emu.v:22264]
Completed static elaboration
Starting simulation data flow analysis
WARNING: [XSIM 43-4099] "/home/nomoto/src/StagedLSH/ver1.2/soft/u200/hw_emu/_x/link/vivado/vpl/prj/prj.ip_user_files/bd/emu/sim/emu_sci_stub.sv" Line 11. Module emu_sci doesn't have a timescale but at least one module in design has a timescale.
WARNING: [XSIM 43-4099] "/home/nomoto/src/StagedLSH/ver1.2/soft/u200/hw_emu/_x/link/vivado/vpl/prj/prj.ip_user_files/bd/emu/sim/emu_sci_stub.sv" Line 11. Module emu_sci doesn't have a timescale but at least one module in design has a timescale.
Completed simulation data flow analysis
Time Resolution for simulation is 1ps
INFO: [XSIM 43-4431] System-C Modules instantiated in Design
Compiling package std.standard
Compiling package std.textio
Compiling package ieee.std_logic_1164
Compiling package ieee.numeric_std
Compiling package unisim.vcomponents
Compiling package ieee.vital_timing
Compiling package ieee.vital_primitives
Compiling package unisim.vpkg
Compiling package ieee.std_logic_arith
Compiling package synopsys.attributes
Compiling package ieee.std_logic_misc
Compiling package ieee.std_logic_unsigned
Compiling package axi_lite_ipif_v3_0_4.ipif_pkg
Compiling package ieee.math_real
Compiling package xil_defaultlib.$unit_emu_dpa_hub_0_stub_sv
Compiling package xil_defaultlib.$unit_emu_xtlm_simple_intercon_0...
Compiling package xil_defaultlib.$unit_emu_icn_pass_3_0_stub_sv
Compiling package xil_defaultlib.$unit_emu_sim_embedded_scheduler...
Compiling package xil_defaultlib.$unit_emu_sim_ddr_1_0_stub_sv
Compiling module axi_infrastructure_v1_1_0.axi_infrastructure_v1_1_0_axi2ve...
Compiling module xpm.xpm_cdc_single(DEST_SYNC_FF=3,SR...
Compiling module xpm.xpm_cdc_handshake(DEST_SYNC_FF=3...
Compiling module axi_clock_converter_v2_1_21.axi_clock_converter_v2_1_21_lite...
Compiling module xpm.xpm_cdc_handshake(DEST_SYNC_FF=3...
Compiling module axi_clock_converter_v2_1_21.axi_clock_converter_v2_1_21_lite...
Compiling module xpm.xpm_cdc_handshake(DEST_SYNC_FF=3...
Compiling module axi_clock_converter_v2_1_21.axi_clock_converter_v2_1_21_lite...
Compiling module xpm.xpm_cdc_handshake(DEST_SYNC_FF=3...
Compiling module axi_clock_converter_v2_1_21.axi_clock_converter_v2_1_21_lite...
Compiling module axi_infrastructure_v1_1_0.axi_infrastructure_v1_1_0_vector...
Compiling module axi_clock_converter_v2_1_21.axi_clock_converter_v2_1_21_axi_...
Compiling module xil_defaultlib.emu_auto_cc_1
Compiling module axi_register_slice_v2_1_22.axi_register_slice_v2_1_22_axic_...
Compiling module axi_register_slice_v2_1_22.axi_register_slice_v2_1_22_axic_...
Compiling module axi_register_slice_v2_1_22.axi_register_slice_v2_1_22_axic_...
Compiling module axi_register_slice_v2_1_22.axi_register_slice_v2_1_22_axic_...
Compiling module axi_register_slice_v2_1_22.axi_register_slice_v2_1_22_axi_r...
Compiling module xil_defaultlib.emu_m00_regslice_0
Compiling module xil_defaultlib.m00_couplers_imp_ICFMO4
Compiling module xil_defaultlib.emu_auto_cc_2
Compiling module xil_defaultlib.emu_m01_regslice_3
Compiling module xil_defaultlib.m01_couplers_imp_189JRWH
Compiling module xil_defaultlib.emu_auto_cc_3
Compiling module xil_defaultlib.emu_m02_regslice_0
Compiling module xil_defaultlib.m02_couplers_imp_9I7M4V
Compiling module xil_defaultlib.emu_auto_cc_4
Compiling module xil_defaultlib.emu_m03_regslice_0
Compiling module xil_defaultlib.m03_couplers_imp_1YZEQFE
Compiling module xil_defaultlib.emu_auto_cc_5
Compiling module xil_defaultlib.emu_m04_regslice_0
Compiling module xil_defaultlib.m04_couplers_imp_1092B6A
Compiling module xil_defaultlib.emu_auto_cc_6
Compiling module xil_defaultlib.emu_m05_regslice_0
Compiling module xil_defaultlib.m05_couplers_imp_QEUZYV
Compiling module xil_defaultlib.emu_auto_cc_7
Compiling module xil_defaultlib.emu_m06_regslice_0
Compiling module xil_defaultlib.m06_couplers_imp_1QZA3IX
Compiling module xil_defaultlib.emu_auto_cc_8
Compiling module xil_defaultlib.emu_m07_regslice_0
Compiling module xil_defaultlib.m07_couplers_imp_HLJT24
Compiling module axi_infrastructure_v1_1_0.axi_infrastructure_v1_1_0_axi2ve...
Compiling module axi_infrastructure_v1_1_0.axi_infrastructure_v1_1_0_vector...
Compiling module axi_register_slice_v2_1_22.axi_register_slice_v2_1_22_axic_...
Compiling module axi_register_slice_v2_1_22.axi_register_slice_v2_1_22_axi_r...
Compiling module xil_defaultlib.emu_s00_regslice_0
Compiling module xil_defaultlib.s00_couplers_imp_1T7YMYM
Compiling module axi_crossbar_v2_1_23.axi_crossbar_v2_1_23_addr_arbite...
Compiling module generic_baseblocks_v2_1_0.generic_baseblocks_v2_1_0_carry_...
Compiling module generic_baseblocks_v2_1_0.generic_baseblocks_v2_1_0_compar...
Compiling module generic_baseblocks_v2_1_0.generic_baseblocks_v2_1_0_compar...
Compiling module generic_baseblocks_v2_1_0.generic_baseblocks_v2_1_0_compar...
Compiling module generic_baseblocks_v2_1_0.generic_baseblocks_v2_1_0_compar...
Compiling module generic_baseblocks_v2_1_0.generic_baseblocks_v2_1_0_compar...
Compiling module generic_baseblocks_v2_1_0.generic_baseblocks_v2_1_0_compar...
Compiling module generic_baseblocks_v2_1_0.generic_baseblocks_v2_1_0_compar...
Compiling module generic_baseblocks_v2_1_0.generic_baseblocks_v2_1_0_compar...
Compiling module axi_crossbar_v2_1_23.axi_crossbar_v2_1_23_addr_decode...
Compiling module axi_crossbar_v2_1_23.axi_crossbar_v2_1_23_splitter(C_...
Compiling module axi_crossbar_v2_1_23.axi_crossbar_v2_1_23_splitter
Compiling module generic_baseblocks_v2_1_0.generic_baseblocks_v2_1_0_mux_en...
Compiling module generic_baseblocks_v2_1_0.generic_baseblocks_v2_1_0_mux_en...
Compiling module generic_baseblocks_v2_1_0.generic_baseblocks_v2_1_0_mux_en...
Compiling module axi_register_slice_v2_1_22.axi_register_slice_v2_1_22_axic_...
Compiling module generic_baseblocks_v2_1_0.generic_baseblocks_v2_1_0_mux_en...
Compiling module axi_crossbar_v2_1_23.axi_crossbar_v2_1_23_decerr_slav...
Compiling module axi_crossbar_v2_1_23.axi_crossbar_v2_1_23_crossbar_sa...
Compiling module axi_crossbar_v2_1_23.axi_crossbar_v2_1_23_axi_crossba...
Compiling module xil_defaultlib.emu_xbar_6
Compiling module xil_defaultlib.emu_dpa_ctrl_interconnect_0
Compiling module xil_defaultlib.emu_dpa_hub_0
Compiling module xil_defaultlib.emu_dpa_mon0_0
Compiling module xil_defaultlib.emu_dpa_mon1_0
Compiling module xil_defaultlib.emu_dpa_mon2_0
Compiling module xil_defaultlib.emu_dpa_mon3_0
Compiling module xil_defaultlib.emu_dpa_mon4_0
Compiling module xil_defaultlib.emu_dpa_mon5_0
Compiling module xil_defaultlib.System_DPA_imp_SEKSXZ
Compiling module xil_defaultlib.emu_sci
Compiling module xlconcat_v2_1_4.xlconcat_v2_1_4_xlconcat(IN0_WID...
Compiling module xil_defaultlib.emu_xlconcat_interrupt_0
Compiling module xlconcat_v2_1_4.xlconcat_v2_1_4_xlconcat(dout_wi...
Compiling module xil_defaultlib.emu_xlconcat_interrupt_0_0
Compiling module xil_defaultlib.emu_xlconcat_interrupt_1_0
Compiling module xil_defaultlib.emu_xlconcat_interrupt_2_0
Compiling module xil_defaultlib.emu_xlconcat_interrupt_3_0
Compiling module xlconstant_v1_1_7.xlconstant_v1_1_7_xlconstant
Compiling module xil_defaultlib.emu_xlconstant_gnd_0
Compiling module xil_defaultlib.interrupt_concat_imp_14CZY9A
Compiling module sim_clk_gen_v1_0_2.sim_clk_gen(CLOCK_PERIOD=2.0,RES...
Compiling module xil_defaultlib.emu_kernel2_clk_1
Compiling module sim_clk_gen_v1_0_2.sim_clk_gen(CLOCK_PERIOD=3.33333...
Compiling module xil_defaultlib.emu_kernel_clk_1
Compiling module xil_defaultlib.emu_memory_subsystem_0
Compiling module xil_defaultlib.emu_sim_ddr_0_0
Compiling module xil_defaultlib.emu_sim_ddr_2_0
Compiling module xil_defaultlib.emu_sim_ddr_3_0
Compiling module xil_defaultlib.emu_icn_pass_0_0
Compiling module axi_infrastructure_v1_1_0.axi_infrastructure_v1_1_0_axi2ve...
Compiling module axi_infrastructure_v1_1_0.axi_infrastructure_v1_1_0_vector...
Compiling module axi_register_slice_v2_1_22.axi_register_slice_v2_1_22_axic_...
Compiling module axi_register_slice_v2_1_22.axi_register_slice_v2_1_22_axic_...
Compiling module axi_register_slice_v2_1_22.axi_register_slice_v2_1_22_axic_...
Compiling module axi_register_slice_v2_1_22.axi_register_slice_v2_1_22_axic_...
Compiling module axi_register_slice_v2_1_22.axi_register_slice_v2_1_22_axi_r...
Compiling module axi_protocol_converter_v2_1_22.axi_protocol_converter_v2_1_22_b...
Compiling module axi_protocol_converter_v2_1_22.axi_protocol_converter_v2_1_22_b...
Compiling module axi_protocol_converter_v2_1_22.axi_protocol_converter_v2_1_22_b...
Compiling module axi_protocol_converter_v2_1_22.axi_protocol_converter_v2_1_22_b...
Compiling module axi_protocol_converter_v2_1_22.axi_protocol_converter_v2_1_22_b...
Compiling module axi_protocol_converter_v2_1_22.axi_protocol_converter_v2_1_22_b...
Compiling module axi_protocol_converter_v2_1_22.axi_protocol_converter_v2_1_22_b...
Compiling module axi_protocol_converter_v2_1_22.axi_protocol_converter_v2_1_22_b...
Compiling module axi_protocol_converter_v2_1_22.axi_protocol_converter_v2_1_22_b...
Compiling module axi_protocol_converter_v2_1_22.axi_protocol_converter_v2_1_22_b...
Compiling module axi_protocol_converter_v2_1_22.axi_protocol_converter_v2_1_22_b...
Compiling module axi_protocol_converter_v2_1_22.axi_protocol_converter_v2_1_22_b...
Compiling module axi_protocol_converter_v2_1_22.axi_protocol_converter_v2_1_22_b...
Compiling module axi_register_slice_v2_1_22.axi_register_slice_v2_1_22_axic_...
Compiling module axi_register_slice_v2_1_22.axi_register_slice_v2_1_22_axic_...
Compiling module axi_register_slice_v2_1_22.axi_register_slice_v2_1_22_axic_...
Compiling module axi_register_slice_v2_1_22.axi_register_slice_v2_1_22_axic_...
Compiling module axi_register_slice_v2_1_22.axi_register_slice_v2_1_22_axi_r...
Compiling module axi_protocol_converter_v2_1_22.axi_protocol_converter_v2_1_22_b...
Compiling module axi_protocol_converter_v2_1_22.axi_protocol_converter_v2_1_22_a...
Compiling module xil_defaultlib.emu_auto_pc_6
Compiling module xil_defaultlib.m00_couplers_imp_1A91X40
Compiling module fifo_generator_v13_2_5.fifo_generator_v13_2_5_sync_stag...
Compiling module fifo_generator_v13_2_5.fifo_generator_v13_2_5_bhv_ver_a...
Compiling module fifo_generator_v13_2_5.fifo_generator_v13_2_5_bhv_ver_p...
Compiling module fifo_generator_v13_2_5.fifo_generator_v13_2_5_CONV_VER(...
Compiling module fifo_generator_v13_2_5.fifo_generator_vlog_beh(C_DATA_C...
Compiling module fifo_generator_v13_2_5.fifo_generator_v13_2_5_bhv_ver_a...
Compiling module fifo_generator_v13_2_5.fifo_generator_v13_2_5_bhv_ver_p...
Compiling module fifo_generator_v13_2_5.fifo_generator_v13_2_5_CONV_VER(...
Compiling module fifo_generator_v13_2_5.fifo_generator_vlog_beh(C_DATA_C...
Compiling module fifo_generator_v13_2_5.fifo_generator_v13_2_5_bhv_ver_a...
Compiling module fifo_generator_v13_2_5.fifo_generator_v13_2_5_bhv_ver_p...
Compiling module fifo_generator_v13_2_5.fifo_generator_v13_2_5_CONV_VER(...
Compiling module fifo_generator_v13_2_5.fifo_generator_vlog_beh(C_DATA_C...
Compiling module fifo_generator_v13_2_5.fifo_generator_vlog_beh(C_DATA_C...
Compiling module fifo_generator_v13_2_5.fifo_generator_vlog_beh(C_DATA_C...
Compiling module axi_clock_converter_v2_1_21.axi_clock_converter_v2_1_21_axi_...
Compiling module xil_defaultlib.emu_auto_cc_0
Compiling module xil_defaultlib.emu_auto_pc_7
Compiling module axi_infrastructure_v1_1_0.axi_infrastructure_v1_1_0_axi2ve...
Compiling module axi_infrastructure_v1_1_0.axi_infrastructure_v1_1_0_vector...
Compiling module axi_register_slice_v2_1_22.axi_register_slice_v2_1_22_axic_...
Compiling module axi_register_slice_v2_1_22.axi_register_slice_v2_1_22_axi_r...
Compiling module xil_defaultlib.emu_m01_regslice_2
Compiling module xil_defaultlib.m01_couplers_imp_Y65RAD
Compiling module xil_defaultlib.s00_couplers_imp_4C40YI
Compiling module generic_baseblocks_v2_1_0.generic_baseblocks_v2_1_0_compar...
Compiling module axi_crossbar_v2_1_23.axi_crossbar_v2_1_23_addr_decode...
Compiling module axi_crossbar_v2_1_23.axi_crossbar_v2_1_23_arbiter_res...
Compiling module generic_baseblocks_v2_1_0.generic_baseblocks_v2_1_0_mux_en...
Compiling module axi_data_fifo_v2_1_21.axi_data_fifo_v2_1_21_ndeep_srl(...
Compiling module axi_data_fifo_v2_1_21.axi_data_fifo_v2_1_21_axic_srl_f...
Compiling module axi_crossbar_v2_1_23.axi_crossbar_v2_1_23_si_transact...
Compiling module generic_baseblocks_v2_1_0.generic_baseblocks_v2_1_0_mux_en...
Compiling module axi_crossbar_v2_1_23.axi_crossbar_v2_1_23_si_transact...
Compiling module axi_data_fifo_v2_1_21.axi_data_fifo_v2_1_21_ndeep_srl(...
Compiling module axi_data_fifo_v2_1_21.axi_data_fifo_v2_1_21_axic_reg_s...
Compiling module axi_crossbar_v2_1_23.axi_crossbar_v2_1_23_wdata_route...
Compiling module axi_crossbar_v2_1_23.axi_crossbar_v2_1_23_wdata_mux(C...
Compiling module axi_data_fifo_v2_1_21.axi_data_fifo_v2_1_21_axic_srl_f...
Compiling module axi_infrastructure_v1_1_0.axi_infrastructure_v1_1_0_axi2ve...
Compiling module axi_infrastructure_v1_1_0.axi_infrastructure_v1_1_0_vector...
Compiling module axi_register_slice_v2_1_22.axi_register_slice_v2_1_22_axic_...
Compiling module axi_register_slice_v2_1_22.axi_register_slice_v2_1_22_axic_...
Compiling module axi_register_slice_v2_1_22.axi_register_slice_v2_1_22_axic_...
Compiling module axi_register_slice_v2_1_22.axi_register_slice_v2_1_22_axic_...
Compiling module axi_register_slice_v2_1_22.axi_register_slice_v2_1_22_axi_r...
Compiling module axi_crossbar_v2_1_23.axi_crossbar_v2_1_23_wdata_mux(C...
Compiling module axi_data_fifo_v2_1_21.axi_data_fifo_v2_1_21_ndeep_srl(...
Compiling module axi_data_fifo_v2_1_21.axi_data_fifo_v2_1_21_axic_srl_f...
Compiling module axi_crossbar_v2_1_23.axi_crossbar_v2_1_23_addr_arbite...
Compiling module axi_crossbar_v2_1_23.axi_crossbar_v2_1_23_decerr_slav...
Compiling module axi_crossbar_v2_1_23.axi_crossbar_v2_1_23_crossbar(C_...
Compiling module axi_crossbar_v2_1_23.axi_crossbar_v2_1_23_axi_crossba...
Compiling module xil_defaultlib.emu_xbar_4
Compiling module xil_defaultlib.emu_interconnect_axilite_user_0_...
Compiling architecture fdre_v of entity unisim.FDRE [fdre_default]
Compiling architecture fdre_v of entity unisim.FDRE [\FDRE(init='1')\]
Compiling architecture fdr_v of entity unisim.FDR [fdr_default]
Compiling architecture implementation of entity lib_cdc_v1_0_2.cdc_sync [\cdc_sync(c_vector_width=2,c_mtb...]
Compiling architecture srl16e_v of entity unisim.SRL16E [\SRL16E(init="1111111111111111")...]
Compiling architecture srl16_v of entity unisim.SRL16 [\SRL16(init="1111111111111111")(...]
Compiling architecture imp of entity proc_sys_reset_v5_0_13.lpf [\lpf(c_ext_rst_width=4,c_aux_rst...]
Compiling architecture imp of entity proc_sys_reset_v5_0_13.upcnt_n [\upcnt_n(c_size=6)\]
Compiling architecture imp of entity proc_sys_reset_v5_0_13.sequence_psr [sequence_psr_default]
Compiling architecture imp of entity proc_sys_reset_v5_0_13.proc_sys_reset [\proc_sys_reset(c_family="virtex...]
Compiling architecture emu_psr_kernel2_clk_0_0_arch of entity xil_defaultlib.emu_psr_kernel2_clk_0_0 [emu_psr_kernel2_clk_0_0_default]
Compiling architecture emu_psr_kernel_clk_0_0_arch of entity xil_defaultlib.emu_psr_kernel_clk_0_0 [emu_psr_kernel_clk_0_0_default]
Compiling module xil_defaultlib.slr0_imp_BW389K
Compiling module xil_defaultlib.emu_icn_pass_1_0
Compiling module xil_defaultlib.emu_icn_pass_2_0
Compiling module xil_defaultlib.s00_couplers_imp_C34YJ9
Compiling module xil_defaultlib.emu_interconnect_axilite_user_1_...
Compiling architecture emu_psr_kernel2_clk_1_0_arch of entity xil_defaultlib.emu_psr_kernel2_clk_1_0 [emu_psr_kernel2_clk_1_0_default]
Compiling architecture emu_psr_kernel_clk_1_0_arch of entity xil_defaultlib.emu_psr_kernel_clk_1_0 [emu_psr_kernel_clk_1_0_default]
Compiling module xil_defaultlib.sim_axilite_slave_v1_0
Compiling module xil_defaultlib.emu_to_delete_kernel_ctrl_1_0
Compiling module xil_defaultlib.slr1_imp_14MDKOT
Compiling module xil_defaultlib.emu_icn_pass_3_0
Compiling module xil_defaultlib.s00_couplers_imp_JWQMDG
Compiling module xil_defaultlib.emu_interconnect_axilite_user_2_...
Compiling architecture emu_psr_kernel2_clk_2_0_arch of entity xil_defaultlib.emu_psr_kernel2_clk_2_0 [emu_psr_kernel2_clk_2_0_default]
Compiling architecture emu_psr_kernel_clk_2_0_arch of entity xil_defaultlib.emu_psr_kernel_clk_2_0 [emu_psr_kernel_clk_2_0_default]
Compiling module xil_defaultlib.emu_to_delete_kernel_ctrl_2_0
Compiling module xil_defaultlib.slr2_imp_ZQRZ0Z
Compiling module sim_clk_gen_v1_0_2.sim_clk_gen(CLOCK_PERIOD=3.33200...
Compiling module xil_defaultlib.emu_ddr0_ui_clk_0
Compiling module xil_defaultlib.emu_kernel2_clk_0
Compiling module xil_defaultlib.emu_kernel_clk_0
Compiling module xil_defaultlib.clk_reset_wizard_imp_1N4AMRV
Compiling module xil_defaultlib.m00_couplers_imp_THO9J8
Compiling module xil_defaultlib.m01_couplers_imp_1F0NE0X
Compiling module xil_defaultlib.m02_couplers_imp_2SPS0F
Compiling module xil_defaultlib.emu_auto_pc_0
Compiling module xil_defaultlib.s00_couplers_imp_1I78I2M
Compiling module axi_infrastructure_v1_1_0.axi_infrastructure_v1_1_0_axi2ve...
Compiling module axi_infrastructure_v1_1_0.axi_infrastructure_v1_1_0_vector...
Compiling module axi_register_slice_v2_1_22.axi_register_slice_v2_1_22_axic_...
Compiling module axi_register_slice_v2_1_22.axi_register_slice_v2_1_22_axic_...
Compiling module axi_register_slice_v2_1_22.axi_register_slice_v2_1_22_axic_...
Compiling module axi_register_slice_v2_1_22.axi_register_slice_v2_1_22_axi_r...
Compiling module axi_protocol_converter_v2_1_22.axi_protocol_converter_v2_1_22_b...
Compiling module axi_protocol_converter_v2_1_22.axi_protocol_converter_v2_1_22_b...
Compiling module axi_protocol_converter_v2_1_22.axi_protocol_converter_v2_1_22_b...
Compiling module axi_protocol_converter_v2_1_22.axi_protocol_converter_v2_1_22_b...
Compiling module axi_protocol_converter_v2_1_22.axi_protocol_converter_v2_1_22_b...
Compiling module axi_protocol_converter_v2_1_22.axi_protocol_converter_v2_1_22_b...
Compiling module axi_protocol_converter_v2_1_22.axi_protocol_converter_v2_1_22_b...
Compiling module axi_protocol_converter_v2_1_22.axi_protocol_converter_v2_1_22_b...
Compiling module axi_protocol_converter_v2_1_22.axi_protocol_converter_v2_1_22_b...
Compiling module axi_infrastructure_v1_1_0.axi_infrastructure_v1_1_0_axi2ve...
Compiling module axi_infrastructure_v1_1_0.axi_infrastructure_v1_1_0_vector...
Compiling module axi_register_slice_v2_1_22.axi_register_slice_v2_1_22_axic_...
Compiling module axi_register_slice_v2_1_22.axi_register_slice_v2_1_22_axi_r...
Compiling module axi_protocol_converter_v2_1_22.axi_protocol_converter_v2_1_22_b...
Compiling module axi_protocol_converter_v2_1_22.axi_protocol_converter_v2_1_22_a...
Compiling module xil_defaultlib.emu_auto_pc_1
Compiling module xil_defaultlib.s01_couplers_imp_8JQCQJ
Compiling module generic_baseblocks_v2_1_0.generic_baseblocks_v2_1_0_mux_en...
Compiling module axi_crossbar_v2_1_23.axi_crossbar_v2_1_23_addr_arbite...
Compiling module generic_baseblocks_v2_1_0.generic_baseblocks_v2_1_0_compar...
Compiling module generic_baseblocks_v2_1_0.generic_baseblocks_v2_1_0_compar...
Compiling module generic_baseblocks_v2_1_0.generic_baseblocks_v2_1_0_compar...
Compiling module axi_crossbar_v2_1_23.axi_crossbar_v2_1_23_addr_decode...
Compiling module generic_baseblocks_v2_1_0.generic_baseblocks_v2_1_0_mux_en...
Compiling module generic_baseblocks_v2_1_0.generic_baseblocks_v2_1_0_mux_en...
Compiling module generic_baseblocks_v2_1_0.generic_baseblocks_v2_1_0_mux_en...
Compiling module generic_baseblocks_v2_1_0.generic_baseblocks_v2_1_0_mux_en...
Compiling module generic_baseblocks_v2_1_0.generic_baseblocks_v2_1_0_mux_en...
Compiling module axi_crossbar_v2_1_23.axi_crossbar_v2_1_23_crossbar_sa...
Compiling module axi_crossbar_v2_1_23.axi_crossbar_v2_1_23_axi_crossba...
Compiling module xil_defaultlib.emu_xbar_2
Compiling module xil_defaultlib.emu_connect_to_es_0
Compiling module xil_defaultlib.m00_couplers_imp_1J2QOWN
Compiling module xil_defaultlib.m01_couplers_imp_7QT8NM
Compiling module xil_defaultlib.emu_auto_pc_2
Compiling module xil_defaultlib.m02_couplers_imp_1A3IVOC
Compiling module xil_defaultlib.emu_auto_pc_3
Compiling module xil_defaultlib.m03_couplers_imp_YBOEHL
Compiling module axi_protocol_converter_v2_1_22.axi_protocol_converter_v2_1_22_a...
Compiling module xil_defaultlib.emu_auto_pc_4
Compiling module xil_defaultlib.s00_couplers_imp_UX2T9P
Compiling module xil_defaultlib.s01_couplers_imp_1DNO9BC
Compiling module xil_defaultlib.s02_couplers_imp_47SKBQ
Compiling module xil_defaultlib.emu_auto_pc_5
Compiling module xil_defaultlib.s03_couplers_imp_1MG1X0J
Compiling module generic_baseblocks_v2_1_0.generic_baseblocks_v2_1_0_compar...
Compiling module generic_baseblocks_v2_1_0.generic_baseblocks_v2_1_0_compar...
Compiling module axi_crossbar_v2_1_23.axi_crossbar_v2_1_23_addr_decode...
Compiling module generic_baseblocks_v2_1_0.generic_baseblocks_v2_1_0_mux_en...
Compiling module axi_data_fifo_v2_1_21.axi_data_fifo_v2_1_21_axic_srl_f...
Compiling module axi_crossbar_v2_1_23.axi_crossbar_v2_1_23_si_transact...
Compiling module generic_baseblocks_v2_1_0.generic_baseblocks_v2_1_0_mux_en...
Compiling module axi_crossbar_v2_1_23.axi_crossbar_v2_1_23_si_transact...
Compiling module axi_data_fifo_v2_1_21.axi_data_fifo_v2_1_21_axic_reg_s...
Compiling module axi_crossbar_v2_1_23.axi_crossbar_v2_1_23_wdata_route...
Compiling module axi_crossbar_v2_1_23.axi_crossbar_v2_1_23_si_transact...
Compiling module axi_crossbar_v2_1_23.axi_crossbar_v2_1_23_si_transact...
Compiling module axi_data_fifo_v2_1_21.axi_data_fifo_v2_1_21_axic_reg_s...
Compiling module axi_crossbar_v2_1_23.axi_crossbar_v2_1_23_wdata_route...
Compiling module axi_crossbar_v2_1_23.axi_crossbar_v2_1_23_si_transact...
Compiling module axi_crossbar_v2_1_23.axi_crossbar_v2_1_23_si_transact...
Compiling module axi_data_fifo_v2_1_21.axi_data_fifo_v2_1_21_axic_srl_f...
Compiling module axi_crossbar_v2_1_23.axi_crossbar_v2_1_23_si_transact...
Compiling module axi_crossbar_v2_1_23.axi_crossbar_v2_1_23_si_transact...
Compiling module axi_data_fifo_v2_1_21.axi_data_fifo_v2_1_21_axic_reg_s...
Compiling module axi_crossbar_v2_1_23.axi_crossbar_v2_1_23_wdata_route...
Compiling module axi_crossbar_v2_1_23.axi_crossbar_v2_1_23_addr_decode...
Compiling module axi_data_fifo_v2_1_21.axi_data_fifo_v2_1_21_axic_reg_s...
Compiling module generic_baseblocks_v2_1_0.generic_baseblocks_v2_1_0_mux_en...
Compiling module axi_crossbar_v2_1_23.axi_crossbar_v2_1_23_wdata_mux(C...
Compiling module axi_data_fifo_v2_1_21.axi_data_fifo_v2_1_21_axic_reg_s...
Compiling module axi_crossbar_v2_1_23.axi_crossbar_v2_1_23_wdata_mux(C...
Compiling module generic_baseblocks_v2_1_0.generic_baseblocks_v2_1_0_mux_en...
Compiling module generic_baseblocks_v2_1_0.generic_baseblocks_v2_1_0_mux_en...
Compiling module axi_crossbar_v2_1_23.axi_crossbar_v2_1_23_addr_arbite...
Compiling module axi_crossbar_v2_1_23.axi_crossbar_v2_1_23_crossbar(C_...
Compiling module axi_crossbar_v2_1_23.axi_crossbar_v2_1_23_axi_crossba...
Compiling module xil_defaultlib.emu_xbar_3
Compiling module xil_defaultlib.emu_connect_to_es_cu_0
Compiling module xil_defaultlib.emu_dma_pcie_clk_0
Compiling module xil_defaultlib.CuDmaController_CQDma_m_axi_thro...
Compiling module xil_defaultlib.CuDmaController_CQDma_m_axi_reg_...
Compiling module xil_defaultlib.CuDmaController_CQDma_m_axi_fifo...
Compiling module xil_defaultlib.CuDmaController_CQDma_m_axi_buff...
Compiling module xil_defaultlib.CuDmaController_CQDma_m_axi_fifo...
Compiling module xil_defaultlib.CuDmaController_CQDma_m_axi_fifo...
Compiling module xil_defaultlib.CuDmaController_CQDma_m_axi_fifo...
Compiling module xil_defaultlib.CuDmaController_CQDma_m_axi_writ...
Compiling module xil_defaultlib.CuDmaController_CQDma_m_axi_buff...
Compiling module xil_defaultlib.CuDmaController_CQDma_m_axi_reg_...
Compiling module xil_defaultlib.CuDmaController_CQDma_m_axi_read...
Compiling module xil_defaultlib.CuDmaController_CQDma_m_axi(NUM_...
Compiling module xil_defaultlib.CuDmaController_CUDma_m_axi_thro...
Compiling module xil_defaultlib.CuDmaController_CUDma_m_axi_reg_...
Compiling module xil_defaultlib.CuDmaController_CUDma_m_axi_fifo...
Compiling module xil_defaultlib.CuDmaController_CUDma_m_axi_buff...
Compiling module xil_defaultlib.CuDmaController_CUDma_m_axi_fifo...
Compiling module xil_defaultlib.CuDmaController_CUDma_m_axi_fifo...
Compiling module xil_defaultlib.CuDmaController_CUDma_m_axi_fifo...
Compiling module xil_defaultlib.CuDmaController_CUDma_m_axi_writ...
Compiling module xil_defaultlib.CuDmaController_CUDma_m_axi_buff...
Compiling module xil_defaultlib.CuDmaController_CUDma_m_axi_reg_...
Compiling module xil_defaultlib.CuDmaController_CUDma_m_axi_read...
Compiling module xil_defaultlib.CuDmaController_CUDma_m_axi(NUM_...
Compiling module xil_defaultlib.CuDmaController_mbkb(ID=1,din4_W...
Compiling module xil_defaultlib.CuDmaController(C_M_AXI_CQDMA_TA...
Compiling module xil_defaultlib.emu_CuDmaController_0_0
Compiling architecture imp of entity axi_intc_v4_1_15.intc_core [\intc_core(c_family="virtexuplus...]
Compiling architecture imp of entity axi_lite_ipif_v3_0_4.pselect_f [\pselect_f(c_ab=3,c_aw=9,c_bar="...]
Compiling architecture imp of entity axi_lite_ipif_v3_0_4.pselect_f [\pselect_f(c_ab=4,c_aw=4,c_bar="...]
Compiling architecture imp of entity axi_lite_ipif_v3_0_4.pselect_f [\pselect_f(c_ab=4,c_aw=4,c_bar="...]
Compiling architecture imp of entity axi_lite_ipif_v3_0_4.pselect_f [\pselect_f(c_ab=4,c_aw=4,c_bar="...]
Compiling architecture imp of entity axi_lite_ipif_v3_0_4.pselect_f [\pselect_f(c_ab=4,c_aw=4,c_bar="...]
Compiling architecture imp of entity axi_lite_ipif_v3_0_4.pselect_f [\pselect_f(c_ab=4,c_aw=4,c_bar="...]
Compiling architecture imp of entity axi_lite_ipif_v3_0_4.pselect_f [\pselect_f(c_ab=4,c_aw=4,c_bar="...]
Compiling architecture imp of entity axi_lite_ipif_v3_0_4.pselect_f [\pselect_f(c_ab=4,c_aw=4,c_bar="...]
Compiling architecture imp of entity axi_lite_ipif_v3_0_4.pselect_f [\pselect_f(c_ab=4,c_aw=4,c_bar="...]
Compiling architecture imp of entity axi_lite_ipif_v3_0_4.pselect_f [\pselect_f(c_ab=4,c_aw=4,c_bar="...]
Compiling architecture imp of entity axi_lite_ipif_v3_0_4.pselect_f [\pselect_f(c_ab=4,c_aw=4,c_bar="...]
Compiling architecture imp of entity axi_lite_ipif_v3_0_4.pselect_f [\pselect_f(c_ab=4,c_aw=4,c_bar="...]
Compiling architecture imp of entity axi_lite_ipif_v3_0_4.pselect_f [\pselect_f(c_ab=4,c_aw=4,c_bar="...]
Compiling architecture imp of entity axi_lite_ipif_v3_0_4.pselect_f [\pselect_f(c_ab=4,c_aw=4,c_bar="...]
Compiling architecture imp of entity axi_lite_ipif_v3_0_4.pselect_f [\pselect_f(c_ab=4,c_aw=4,c_bar="...]
Compiling architecture imp of entity axi_lite_ipif_v3_0_4.pselect_f [\pselect_f(c_ab=4,c_aw=4,c_bar="...]
Compiling architecture imp of entity axi_lite_ipif_v3_0_4.pselect_f [\pselect_f(c_ab=4,c_aw=4,c_bar="...]
Compiling architecture imp of entity axi_lite_ipif_v3_0_4.pselect_f [\pselect_f(c_ab=2,c_aw=9,c_bar="...]
Compiling architecture imp of entity axi_lite_ipif_v3_0_4.pselect_f [\pselect_f(c_ab=1,c_aw=9,c_bar="...]
Compiling architecture imp of entity axi_lite_ipif_v3_0_4.pselect_f [\pselect_f(c_ab=1,c_aw=1,c_bar="...]
Compiling architecture imp of entity axi_lite_ipif_v3_0_4.pselect_f [\pselect_f(c_ab=1,c_aw=1,c_bar="...]
Compiling architecture imp of entity axi_lite_ipif_v3_0_4.address_decoder [\address_decoder(c_bus_awidth=9,...]
Compiling architecture imp of entity axi_lite_ipif_v3_0_4.slave_attachment [\slave_attachment(c_ard_addr_ran...]
Compiling architecture imp of entity axi_lite_ipif_v3_0_4.axi_lite_ipif [\axi_lite_ipif(c_s_axi_addr_widt...]
Compiling architecture imp of entity axi_intc_v4_1_15.axi_intc [\axi_intc(c_family="virtexuplus"...]
Compiling architecture emu_axi_intc_0_0_arch of entity xil_defaultlib.emu_axi_intc_0_0 [emu_axi_intc_0_0_default]
Compiling module xil_defaultlib.cuisr_a_m_axi_throttl_default
Compiling module xil_defaultlib.cuisr_a_m_axi_reg_slice(N=64)
Compiling module xil_defaultlib.cuisr_a_m_axi_fifo(DATA_BITS=64,...
Compiling module xil_defaultlib.cuisr_a_m_axi_buffer(DATA_WIDTH=...
Compiling module xil_defaultlib.cuisr_a_m_axi_fifo(DEPTH=5,DEPTH...
Compiling module xil_defaultlib.cuisr_a_m_axi_fifo(DATA_BITS=2,D...
Compiling module xil_defaultlib.cuisr_a_m_axi_fifo(DATA_BITS=2,D...
Compiling module xil_defaultlib.cuisr_a_m_axi_write(NUM_WRITE_OU...
Compiling module xil_defaultlib.cuisr_a_m_axi_buffer(DATA_WIDTH=...
Compiling module xil_defaultlib.cuisr_a_m_axi_reg_slice(N=34)
Compiling module xil_defaultlib.cuisr_a_m_axi_read(NUM_READ_OUTS...
Compiling module xil_defaultlib.cuisr_a_m_axi(NUM_READ_OUTSTANDI...
Compiling module xil_defaultlib.cuisr(C_M_AXI_A_TARGET_ADDR=32'b...
Compiling module xil_defaultlib.emu_cuisr_0_0
Compiling module xpm.xpm_cdc_array_single(DEST_SYNC_F...
Compiling module xil_defaultlib.irq_handler
Compiling module xil_defaultlib.CuDmaController_rtl
Compiling module xil_defaultlib.isr_irq_handler
Compiling module xil_defaultlib.CuISR
Compiling module xil_defaultlib.embedded_scheduler_hw
Compiling module xil_defaultlib.emu_embedded_scheduler_hw_0_0
Compiling module xil_defaultlib.emu_sim_embedded_scheduler_sw_0_...
Compiling module xlconcat_v2_1_4.xlconcat_v2_1_4_xlconcat_default
Compiling module xil_defaultlib.emu_xlconcat_0_0
Compiling module xlconstant_v1_1_7.xlconstant_v1_1_7_xlconstant(CON...
Compiling module xil_defaultlib.emu_xlconstant_0_0
Compiling module xil_defaultlib.embedded_schedular_imp_1KU1L3J
Compiling architecture emu_psr_dma_pcie_aclk_0_arch of entity xil_defaultlib.emu_psr_dma_pcie_aclk_0 [emu_psr_dma_pcie_aclk_0_default]
Compiling module xil_defaultlib.emu_sim_ddr_1_0
Compiling module xil_defaultlib.emu_sim_xdma_0_0
Compiling module xil_defaultlib.static_region_imp_PT295H
Compiling module xil_defaultlib.table_serch_control_s_axi
Compiling module xil_defaultlib.table_serch_plram0_m_axi_reg_sli...
Compiling module xil_defaultlib.table_serch_plram0_m_axi_fifo(DA...
Compiling module xil_defaultlib.table_serch_plram0_m_axi_buffer(...
Compiling module xil_defaultlib.table_serch_plram0_m_axi_fifo(DE...
Compiling module xil_defaultlib.table_serch_plram0_m_axi_fifo(DA...
Compiling module xil_defaultlib.table_serch_plram0_m_axi_fifo(DA...
Compiling module xil_defaultlib.table_serch_plram0_m_axi_write(N...
Compiling module xil_defaultlib.table_serch_plram0_m_axi_buffer(...
Compiling module xil_defaultlib.table_serch_plram0_m_axi_reg_sli...
Compiling module xil_defaultlib.table_serch_plram0_m_axi_read(NU...
Compiling module xil_defaultlib.table_serch_plram0_m_axi_reg_sli...
Compiling module xil_defaultlib.table_serch_plram0_m_axi_fifo(DA...
Compiling module xil_defaultlib.table_serch_plram0_m_axi_fifo(DA...
Compiling module xil_defaultlib.table_serch_plram0_m_axi_throttl...
Compiling module xil_defaultlib.table_serch_plram0_m_axi(CONSERV...
Compiling module xil_defaultlib.table_serch_aximm0_m_axi_reg_sli...
Compiling module xil_defaultlib.table_serch_aximm0_m_axi_fifo(DA...
Compiling module xil_defaultlib.table_serch_aximm0_m_axi_buffer(...
Compiling module xil_defaultlib.table_serch_aximm0_m_axi_fifo(DE...
Compiling module xil_defaultlib.table_serch_aximm0_m_axi_fifo(DA...
Compiling module xil_defaultlib.table_serch_aximm0_m_axi_fifo(DA...
Compiling module xil_defaultlib.table_serch_aximm0_m_axi_write(N...
Compiling module xil_defaultlib.table_serch_aximm0_m_axi_buffer(...
Compiling module xil_defaultlib.table_serch_aximm0_m_axi_reg_sli...
Compiling module xil_defaultlib.table_serch_aximm0_m_axi_read(NU...
Compiling module xil_defaultlib.table_serch_aximm0_m_axi_reg_sli...
Compiling module xil_defaultlib.table_serch_aximm0_m_axi_fifo(DA...
Compiling module xil_defaultlib.table_serch_aximm0_m_axi_fifo(DA...
Compiling module xil_defaultlib.table_serch_aximm0_m_axi_throttl...
Compiling module xil_defaultlib.table_serch_aximm0_m_axi(CONSERV...
Compiling module xil_defaultlib.table_serch_aximm1_m_axi_reg_sli...
Compiling module xil_defaultlib.table_serch_aximm1_m_axi_fifo(DA...
Compiling module xil_defaultlib.table_serch_aximm1_m_axi_buffer(...
Compiling module xil_defaultlib.table_serch_aximm1_m_axi_fifo(DE...
Compiling module xil_defaultlib.table_serch_aximm1_m_axi_fifo(DA...
Compiling module xil_defaultlib.table_serch_aximm1_m_axi_fifo(DA...
Compiling module xil_defaultlib.table_serch_aximm1_m_axi_write(N...
Compiling module xil_defaultlib.table_serch_aximm1_m_axi_buffer(...
Compiling module xil_defaultlib.table_serch_aximm1_m_axi_reg_sli...
Compiling module xil_defaultlib.table_serch_aximm1_m_axi_read(NU...
Compiling module xil_defaultlib.table_serch_aximm1_m_axi_reg_sli...
Compiling module xil_defaultlib.table_serch_aximm1_m_axi_fifo(DA...
Compiling module xil_defaultlib.table_serch_aximm1_m_axi_fifo(DA...
Compiling module xil_defaultlib.table_serch_aximm1_m_axi_throttl...
Compiling module xil_defaultlib.table_serch_aximm1_m_axi(CONSERV...
Compiling module xil_defaultlib.table_serch_aximm2_m_axi_reg_sli...
Compiling module xil_defaultlib.table_serch_aximm2_m_axi_fifo(DA...
Compiling module xil_defaultlib.table_serch_aximm2_m_axi_buffer(...
Compiling module xil_defaultlib.table_serch_aximm2_m_axi_fifo(DE...
Compiling module xil_defaultlib.table_serch_aximm2_m_axi_fifo(DA...
Compiling module xil_defaultlib.table_serch_aximm2_m_axi_fifo(DA...
Compiling module xil_defaultlib.table_serch_aximm2_m_axi_write(N...
Compiling module xil_defaultlib.table_serch_aximm2_m_axi_buffer(...
Compiling module xil_defaultlib.table_serch_aximm2_m_axi_reg_sli...
Compiling module xil_defaultlib.table_serch_aximm2_m_axi_read(NU...
Compiling module xil_defaultlib.table_serch_aximm2_m_axi_reg_sli...
Compiling module xil_defaultlib.table_serch_aximm2_m_axi_fifo(DA...
Compiling module xil_defaultlib.table_serch_aximm2_m_axi_fifo(DA...
Compiling module xil_defaultlib.table_serch_aximm2_m_axi_throttl...
Compiling module xil_defaultlib.table_serch_aximm2_m_axi(CONSERV...
Compiling module xil_defaultlib.table_serch_gmem_m_axi_reg_slice...
Compiling module xil_defaultlib.table_serch_gmem_m_axi_fifo(DATA...
Compiling module xil_defaultlib.table_serch_gmem_m_axi_buffer(DA...
Compiling module xil_defaultlib.table_serch_gmem_m_axi_fifo(DEPT...
Compiling module xil_defaultlib.table_serch_gmem_m_axi_fifo(DATA...
Compiling module xil_defaultlib.table_serch_gmem_m_axi_fifo(DATA...
Compiling module xil_defaultlib.table_serch_gmem_m_axi_write(NUM...
Compiling module xil_defaultlib.table_serch_gmem_m_axi_buffer(DA...
Compiling module xil_defaultlib.table_serch_gmem_m_axi_reg_slice...
Compiling module xil_defaultlib.table_serch_gmem_m_axi_read(NUM_...
Compiling module xil_defaultlib.table_serch_gmem_m_axi_reg_slice...
Compiling module xil_defaultlib.table_serch_gmem_m_axi_fifo(DATA...
Compiling module xil_defaultlib.table_serch_gmem_m_axi_fifo(DATA...
Compiling module xil_defaultlib.table_serch_gmem_m_axi_throttle(...
Compiling module xil_defaultlib.table_serch_gmem_m_axi(CONSERVAT...
Compiling module xil_defaultlib.table_serch(C_M_AXI_PLRAM0_USER_...
Compiling module xil_defaultlib.emu_table_serch_1_0
Compiling module xil_defaultlib.emu_xtlm_simple_intercon_0_0
Compiling module xil_defaultlib.emu
Compiling module xil_defaultlib.emu_wrapper
Compiling module xil_defaultlib.glbl
Built simulation snapshot emu_wrapper_behav
