
*** Running vivado
    with args -log bd_d216_plram_mem01_0.vds -m64 -product Vivado -mode batch -messageDb vivado.pb -notrace -source bd_d216_plram_mem01_0.tcl


****** Vivado v2020.2 (64-bit)
  **** SW Build 3064766 on Wed Nov 18 09:12:47 MST 2020
  **** IP Build 3064653 on Wed Nov 18 14:17:31 MST 2020
    ** Copyright 1986-2020 Xilinx, Inc. All Rights Reserved.

source bd_d216_plram_mem01_0.tcl -notrace
INFO: Dispatch client connection id - 38379
INFO: [IP_Flow 19-234] Refreshing IP repositories
INFO: [IP_Flow 19-1700] Loaded user IP repository '/home/nomoto/src/StagedLSH/ver1.3/soft/u200/hw/_x/link/int/xo/ip_repo/xilinx_com_hls_table_serch_1_0'.
WARNING: [IP_Flow 19-1694] Ignoring duplicate Bus Abstraction IP file 'xilinx.com:display_pcie4_uscaleplus:int_gtcom_rtl:1.0' found within IP repository '/home/nomoto/src/StagedLSH/ver1.3/soft/u200/hw/_x/link/vivado/vpl/.local/hw_platform/iprepo'.
File in use: /home/nomoto/src/StagedLSH/ver1.3/soft/u200/hw/_x/link/vivado/vpl/.local/hw_platform/iprepo/iprepo/xdma_v4_1/interfaces/pcie4_usp_int_gtcom_rtl.xml
File ignored: /home/nomoto/src/StagedLSH/ver1.3/soft/u200/hw/_x/link/vivado/vpl/.local/hw_platform/iprepo/iprepo/pcie4_uscale_plus_v1_3/interfaces/pcie4_usp_int_gtcom_rtl.xml
WARNING: [IP_Flow 19-1694] Ignoring duplicate Bus Abstraction IP file 'xilinx.com:display_pcie4_uscaleplus:ext_gtcom_rtl:1.0' found within IP repository '/home/nomoto/src/StagedLSH/ver1.3/soft/u200/hw/_x/link/vivado/vpl/.local/hw_platform/iprepo'.
File in use: /home/nomoto/src/StagedLSH/ver1.3/soft/u200/hw/_x/link/vivado/vpl/.local/hw_platform/iprepo/iprepo/xdma_v4_1/interfaces/pcie4_usp_ext_gtcom_rtl.xml
File ignored: /home/nomoto/src/StagedLSH/ver1.3/soft/u200/hw/_x/link/vivado/vpl/.local/hw_platform/iprepo/iprepo/pcie4_uscale_plus_v1_3/interfaces/pcie4_usp_ext_gtcom_rtl.xml
WARNING: [IP_Flow 19-1694] Ignoring duplicate Bus Definition IP file 'xilinx.com:display_pcie4_uscaleplus:int_gtcom:1.0' found within IP repository '/home/nomoto/src/StagedLSH/ver1.3/soft/u200/hw/_x/link/vivado/vpl/.local/hw_platform/iprepo'.
File in use: /home/nomoto/src/StagedLSH/ver1.3/soft/u200/hw/_x/link/vivado/vpl/.local/hw_platform/iprepo/iprepo/xdma_v4_1/interfaces/pcie4_usp_int_gtcom.xml
File ignored: /home/nomoto/src/StagedLSH/ver1.3/soft/u200/hw/_x/link/vivado/vpl/.local/hw_platform/iprepo/iprepo/pcie4_uscale_plus_v1_3/interfaces/pcie4_usp_int_gtcom.xml
WARNING: [IP_Flow 19-1694] Ignoring duplicate Bus Abstraction IP file 'xilinx.com:display_pcie4:pcie4_gt_if_rtl:1.0' found within IP repository '/home/nomoto/src/StagedLSH/ver1.3/soft/u200/hw/_x/link/vivado/vpl/.local/hw_platform/iprepo'.
File in use: /home/nomoto/src/StagedLSH/ver1.3/soft/u200/hw/_x/link/vivado/vpl/.local/hw_platform/iprepo/iprepo/xdma_v4_1/interfaces/pcie4_gt_if_rtl.xml
File ignored: /home/nomoto/src/StagedLSH/ver1.3/soft/u200/hw/_x/link/vivado/vpl/.local/hw_platform/iprepo/iprepo/pcie4_uscale_plus_v1_3/interfaces/pcie4_gt_if_rtl.xml
WARNING: [IP_Flow 19-1694] Ignoring duplicate Bus Definition IP file 'xilinx.com:display_pcie4:pcie4_gt_if:1.0' found within IP repository '/home/nomoto/src/StagedLSH/ver1.3/soft/u200/hw/_x/link/vivado/vpl/.local/hw_platform/iprepo'.
File in use: /home/nomoto/src/StagedLSH/ver1.3/soft/u200/hw/_x/link/vivado/vpl/.local/hw_platform/iprepo/iprepo/xdma_v4_1/interfaces/pcie4_gt_if.xml
File ignored: /home/nomoto/src/StagedLSH/ver1.3/soft/u200/hw/_x/link/vivado/vpl/.local/hw_platform/iprepo/iprepo/pcie4_uscale_plus_v1_3/interfaces/pcie4_gt_if.xml
WARNING: [IP_Flow 19-1694] Ignoring duplicate Bus Definition IP file 'xilinx.com:display_pcie4_uscaleplus:ext_gtcom:1.0' found within IP repository '/home/nomoto/src/StagedLSH/ver1.3/soft/u200/hw/_x/link/vivado/vpl/.local/hw_platform/iprepo'.
File in use: /home/nomoto/src/StagedLSH/ver1.3/soft/u200/hw/_x/link/vivado/vpl/.local/hw_platform/iprepo/iprepo/xdma_v4_1/interfaces/pcie4_usp_ext_gtcom.xml
File ignored: /home/nomoto/src/StagedLSH/ver1.3/soft/u200/hw/_x/link/vivado/vpl/.local/hw_platform/iprepo/iprepo/pcie4_uscale_plus_v1_3/interfaces/pcie4_usp_ext_gtcom.xml
INFO: [IP_Flow 19-1700] Loaded user IP repository '/home/nomoto/src/StagedLSH/ver1.3/soft/u200/hw/_x/link/vivado/vpl/.local/hw_platform/iprepo'.
INFO: [IP_Flow 19-1700] Loaded user IP repository '/opt/Vitis/2020.2/data/cache/xilinx'.
INFO: [IP_Flow 19-1700] Loaded user IP repository '/home/nomoto/src/StagedLSH/ver1.3/soft/u200/hw/_x/link/vivado/vpl/.local/hw_platform/ipcache'.
INFO: [IP_Flow 19-1700] Loaded user IP repository '/opt/Vitis/2020.2/data/ip'.
INFO: [IP_Flow 19-2313] Loaded Vivado IP repository '/opt/Vivado/2020.2/data/ip'.
WARNING: [IP_Flow 19-1663] Duplicate IP found for 'xilinx.com:ip:xdma:4.1'. The one found in IP location '/home/nomoto/src/StagedLSH/ver1.3/soft/u200/hw/_x/link/vivado/vpl/.local/hw_platform/iprepo/iprepo/xdma_v4_1' will take precedence over the same IP in the Xilinx installed IP.
WARNING: [IP_Flow 19-1663] Duplicate IP found for 'xilinx.com:ip:pcie4_uscale_plus:1.3'. The one found in IP location '/home/nomoto/src/StagedLSH/ver1.3/soft/u200/hw/_x/link/vivado/vpl/.local/hw_platform/iprepo/iprepo/pcie4_uscale_plus_v1_3' will take precedence over the same IP in the Xilinx installed IP.
WARNING: [IP_Flow 19-4830] Duplicate Interface found for 'xilinx.com:display_pcie3_ultrascale:pcie3_us_gt_if:1.0'. The one found in location '/home/nomoto/src/StagedLSH/ver1.3/soft/u200/hw/_x/link/vivado/vpl/.local/hw_platform/iprepo/iprepo/xdma_v4_1/interfaces/pcie3_us_gt_if.xml' will take precedence over the same Interface in location '/opt/Vivado/2020.2/data/ip/xilinx/pcie3_ultrascale_v4_4/interfaces/pcie3_us_gt_if.xml'
WARNING: [IP_Flow 19-4830] Duplicate Interface found for 'xilinx.com:display_xdma:xdma_debug_ports:1.0'. The one found in location '/home/nomoto/src/StagedLSH/ver1.3/soft/u200/hw/_x/link/vivado/vpl/.local/hw_platform/iprepo/iprepo/xdma_v4_1/interfaces/xdma_debug_ports.xml' will take precedence over the same Interface in location '/opt/Vivado/2020.2/data/ip/xilinx/qdma_v4_0/interfaces/xdma_debug_ports.xml'
WARNING: [IP_Flow 19-4830] Duplicate Interface found for 'xilinx.com:display_xdma:pcie4_us_plus_transceiver_debug:1.0'. The one found in location '/home/nomoto/src/StagedLSH/ver1.3/soft/u200/hw/_x/link/vivado/vpl/.local/hw_platform/iprepo/iprepo/xdma_v4_1/interfaces/pcie4_us_plus_transceiver_debug.xml' will take precedence over the same Interface in location '/opt/Vivado/2020.2/data/ip/xilinx/qdma_v4_0/interfaces/pcie4_us_plus_transceiver_debug.xml'
WARNING: [IP_Flow 19-4830] Duplicate Interface found for 'xilinx.com:display_xdma:xdma_status_ports:1.0'. The one found in location '/home/nomoto/src/StagedLSH/ver1.3/soft/u200/hw/_x/link/vivado/vpl/.local/hw_platform/iprepo/iprepo/xdma_v4_1/interfaces/xdma_status_ports.xml' will take precedence over the same Interface in location '/opt/Vivado/2020.2/data/ip/xilinx/qdma_v4_0/interfaces/xdma_status_ports.xml'
WARNING: [IP_Flow 19-4830] Duplicate Interface found for 'xilinx.com:display_xdma:int_shared_logic:1.0'. The one found in location '/home/nomoto/src/StagedLSH/ver1.3/soft/u200/hw/_x/link/vivado/vpl/.local/hw_platform/iprepo/iprepo/xdma_v4_1/interfaces/pcie3_us_int_shared_logic.xml' will take precedence over the same Interface in location '/opt/Vivado/2020.2/data/ip/xilinx/qdma_v4_0/interfaces/pcie3_us_int_shared_logic.xml'
WARNING: [IP_Flow 19-4830] Duplicate Interface found for 'xilinx.com:display_pcie4_uscaleplus:int_gtcom:1.0'. The one found in location '/home/nomoto/src/StagedLSH/ver1.3/soft/u200/hw/_x/link/vivado/vpl/.local/hw_platform/iprepo/iprepo/xdma_v4_1/interfaces/pcie4_usp_int_gtcom.xml' will take precedence over the same Interface in location '/opt/Vivado/2020.2/data/ip/xilinx/pcie4_uscale_plus_v1_3/interfaces/pcie4_usp_int_gtcom.xml'
WARNING: [IP_Flow 19-4830] Duplicate Interface found for 'xilinx.com:display_pcie3_ultrascale:ext_shared_logic:1.0'. The one found in location '/home/nomoto/src/StagedLSH/ver1.3/soft/u200/hw/_x/link/vivado/vpl/.local/hw_platform/iprepo/iprepo/xdma_v4_1/interfaces/pcie3_us_ext_shared_logic.xml' will take precedence over the same Interface in location '/opt/Vivado/2020.2/data/ip/xilinx/axi_pcie3_v3_0/interfaces/pcie3_us_ext_shared_logic.xml'
WARNING: [IP_Flow 19-4830] Duplicate Interface found for 'xilinx.com:display_pcie4:pcie4_gt_if:1.0'. The one found in location '/home/nomoto/src/StagedLSH/ver1.3/soft/u200/hw/_x/link/vivado/vpl/.local/hw_platform/iprepo/iprepo/xdma_v4_1/interfaces/pcie4_gt_if.xml' will take precedence over the same Interface in location '/opt/Vivado/2020.2/data/ip/xilinx/pcie4_uscale_plus_v1_3/interfaces/pcie4_gt_if.xml'
WARNING: [IP_Flow 19-4830] Duplicate Interface found for 'xilinx.com:display_xdma:pcie3_7x_transceiver_debug:1.0'. The one found in location '/home/nomoto/src/StagedLSH/ver1.3/soft/u200/hw/_x/link/vivado/vpl/.local/hw_platform/iprepo/iprepo/xdma_v4_1/interfaces/pcie3_7x_transceiver_debug.xml' will take precedence over the same Interface in location '/opt/Vivado/2020.2/data/ip/xilinx/qdma_v4_0/interfaces/pcie3_7x_transceiver_debug.xml'
WARNING: [IP_Flow 19-4830] Duplicate Interface found for 'xilinx.com:display_xdma:pcie3_us_transceiver_debug:1.0'. The one found in location '/home/nomoto/src/StagedLSH/ver1.3/soft/u200/hw/_x/link/vivado/vpl/.local/hw_platform/iprepo/iprepo/xdma_v4_1/interfaces/pcie3_us_transceiver_debug.xml' will take precedence over the same Interface in location '/opt/Vivado/2020.2/data/ip/xilinx/qdma_v4_0/interfaces/pcie3_us_transceiver_debug.xml'
WARNING: [IP_Flow 19-4830] Duplicate Interface found for 'xilinx.com:display_xdma:dsc_bypass:1.0'. The one found in location '/home/nomoto/src/StagedLSH/ver1.3/soft/u200/hw/_x/link/vivado/vpl/.local/hw_platform/iprepo/iprepo/xdma_v4_1/interfaces/dsc_bypass.xml' will take precedence over the same Interface in location '/opt/Vivado/2020.2/data/ip/xilinx/qdma_v4_0/interfaces/dsc_bypass.xml'
WARNING: [IP_Flow 19-4830] Duplicate Interface found for 'xilinx.com:display_xdma:pcie_debug:1.0'. The one found in location '/home/nomoto/src/StagedLSH/ver1.3/soft/u200/hw/_x/link/vivado/vpl/.local/hw_platform/iprepo/iprepo/xdma_v4_1/interfaces/pcie_debug.xml' will take precedence over the same Interface in location '/opt/Vivado/2020.2/data/ip/xilinx/qdma_v4_0/interfaces/pcie_debug.xml'
WARNING: [IP_Flow 19-4830] Duplicate Interface found for 'xilinx.com:display_pcie4_uscaleplus:ext_gtcom:1.0'. The one found in location '/home/nomoto/src/StagedLSH/ver1.3/soft/u200/hw/_x/link/vivado/vpl/.local/hw_platform/iprepo/iprepo/xdma_v4_1/interfaces/pcie4_usp_ext_gtcom.xml' will take precedence over the same Interface in location '/opt/Vivado/2020.2/data/ip/xilinx/pcie4_uscale_plus_v1_3/interfaces/pcie4_usp_ext_gtcom.xml'
WARNING: [IP_Flow 19-4830] Duplicate Interface found for 'xilinx.com:display_xdma:pcie_cfg_external_msix:1.0'. The one found in location '/home/nomoto/src/StagedLSH/ver1.3/soft/u200/hw/_x/link/vivado/vpl/.local/hw_platform/iprepo/iprepo/xdma_v4_1/interfaces/pcie_cfg_ext_msix.xml' will take precedence over the same Interface in location '/opt/Vivado/2020.2/data/ip/xilinx/xdma_v4_1/interfaces/pcie_cfg_ext_msix.xml'
WARNING: [IP_Flow 19-4830] Duplicate Interface found for 'xilinx.com:display_pcie4:pcie4_cfg_external_msix:1.0'. The one found in location '/home/nomoto/src/StagedLSH/ver1.3/soft/u200/hw/_x/link/vivado/vpl/.local/hw_platform/iprepo/iprepo/pcie4_uscale_plus_v1_3/interfaces/pcie4_cfg_ext_msix.xml' will take precedence over the same Interface in location '/opt/Vivado/2020.2/data/ip/xilinx/pcie4_uscale_plus_v1_3/interfaces/pcie4_cfg_ext_msix.xml'
WARNING: [IP_Flow 19-4830] Duplicate Interface found for 'xilinx.com:display_pcie4:pcie4_pl:1.0'. The one found in location '/home/nomoto/src/StagedLSH/ver1.3/soft/u200/hw/_x/link/vivado/vpl/.local/hw_platform/iprepo/iprepo/pcie4_uscale_plus_v1_3/interfaces/pcie4_pl.xml' will take precedence over the same Interface in location '/opt/Vivado/2020.2/data/ip/xilinx/pcie4_uscale_plus_v1_3/interfaces/pcie4_pl.xml'
WARNING: [IP_Flow 19-4830] Duplicate Interface found for 'xilinx.com:display_pcie4:pcie4_cfg_control:1.0'. The one found in location '/home/nomoto/src/StagedLSH/ver1.3/soft/u200/hw/_x/link/vivado/vpl/.local/hw_platform/iprepo/iprepo/pcie4_uscale_plus_v1_3/interfaces/pcie4_cfg_control.xml' will take precedence over the same Interface in location '/opt/Vivado/2020.2/data/ip/xilinx/pcie4_uscale_plus_v1_3/interfaces/pcie4_cfg_control.xml'
WARNING: [IP_Flow 19-4830] Duplicate Interface found for 'xilinx.com:display_pcie4:pcie4_cfg_mgmt:1.0'. The one found in location '/home/nomoto/src/StagedLSH/ver1.3/soft/u200/hw/_x/link/vivado/vpl/.local/hw_platform/iprepo/iprepo/pcie4_uscale_plus_v1_3/interfaces/pcie4_cfg_mgmt.xml' will take precedence over the same Interface in location '/opt/Vivado/2020.2/data/ip/xilinx/pcie4_uscale_plus_v1_3/interfaces/pcie4_cfg_mgmt.xml'
WARNING: [IP_Flow 19-4830] Duplicate Interface found for 'xilinx.com:display_pcie4:pcie4_pcie_id:1.0'. The one found in location '/home/nomoto/src/StagedLSH/ver1.3/soft/u200/hw/_x/link/vivado/vpl/.local/hw_platform/iprepo/iprepo/pcie4_uscale_plus_v1_3/interfaces/pcie4_pcie_id.xml' will take precedence over the same Interface in location '/opt/Vivado/2020.2/data/ip/xilinx/pcie4_uscale_plus_v1_3/interfaces/pcie4_pcie_id.xml'
WARNING: [IP_Flow 19-4830] Duplicate Interface found for 'xilinx.com:display_pcie4_uscaleplus:transceiver_debug:1.0'. The one found in location '/home/nomoto/src/StagedLSH/ver1.3/soft/u200/hw/_x/link/vivado/vpl/.local/hw_platform/iprepo/iprepo/pcie4_uscale_plus_v1_3/interfaces/transceiver_debug.xml' will take precedence over the same Interface in location '/opt/Vivado/2020.2/data/ip/xilinx/pcie4_uscale_plus_v1_3/interfaces/transceiver_debug.xml'
WARNING: [IP_Flow 19-4830] Duplicate Interface found for 'xilinx.com:display_pcie4:pcie4_cfg_msix_internal:1.0'. The one found in location '/home/nomoto/src/StagedLSH/ver1.3/soft/u200/hw/_x/link/vivado/vpl/.local/hw_platform/iprepo/iprepo/pcie4_uscale_plus_v1_3/interfaces/pcie4_cfg_msix_int.xml' will take precedence over the same Interface in location '/opt/Vivado/2020.2/data/ip/xilinx/pcie4_uscale_plus_v1_3/interfaces/pcie4_cfg_msix_int.xml'
WARNING: [IP_Flow 19-4830] Duplicate Interface found for 'xilinx.com:display_pcie4:pcie4_rbar:1.0'. The one found in location '/home/nomoto/src/StagedLSH/ver1.3/soft/u200/hw/_x/link/vivado/vpl/.local/hw_platform/iprepo/iprepo/pcie4_uscale_plus_v1_3/interfaces/pcie4_rbar.xml' will take precedence over the same Interface in location '/opt/Vivado/2020.2/data/ip/xilinx/pcie4_uscale_plus_v1_3/interfaces/pcie4_rbar.xml'
WARNING: [IP_Flow 19-4830] Duplicate Interface found for 'xilinx.com:display_pcie4:pcie4_cfg_status:1.0'. The one found in location '/home/nomoto/src/StagedLSH/ver1.3/soft/u200/hw/_x/link/vivado/vpl/.local/hw_platform/iprepo/iprepo/pcie4_uscale_plus_v1_3/interfaces/pcie4_cfg_status.xml' will take precedence over the same Interface in location '/opt/Vivado/2020.2/data/ip/xilinx/pcie4_uscale_plus_v1_3/interfaces/pcie4_cfg_status.xml'
WARNING: [IP_Flow 19-4830] Duplicate Interface found for 'xilinx.com:display_pcie4:pcie4_cfg_msix_external:1.0'. The one found in location '/home/nomoto/src/StagedLSH/ver1.3/soft/u200/hw/_x/link/vivado/vpl/.local/hw_platform/iprepo/iprepo/pcie4_uscale_plus_v1_3/interfaces/pcie4_cfg_msix.xml' will take precedence over the same Interface in location '/opt/Vivado/2020.2/data/ip/xilinx/pcie4_uscale_plus_v1_3/interfaces/pcie4_cfg_msix.xml'
WARNING: [IP_Flow 19-4830] Duplicate Interface found for 'xilinx.com:display_pcie4:pcie4_cfg_pm:1.0'. The one found in location '/home/nomoto/src/StagedLSH/ver1.3/soft/u200/hw/_x/link/vivado/vpl/.local/hw_platform/iprepo/iprepo/pcie4_uscale_plus_v1_3/interfaces/pcie4_cfg_pm.xml' will take precedence over the same Interface in location '/opt/Vivado/2020.2/data/ip/xilinx/pcie4_uscale_plus_v1_3/interfaces/pcie4_cfg_pm.xml'
Command: synth_design -top bd_d216_plram_mem01_0 -part xcu200-fsgd2104-2-e -mode out_of_context
Starting synth_design
Attempting to get a license for feature 'Synthesis' and/or device 'xcu200'
INFO: [Common 17-349] Got license for feature 'Synthesis' and/or device 'xcu200'
INFO: [Device 21-403] Loading part xcu200-fsgd2104-2-e
INFO: [Synth 8-7079] Multithreading enabled for synth_design using a maximum of 1 processes.
INFO: [Synth 8-7078] Launching helper process for spawning children vivado processes
INFO: [Synth 8-7075] Helper process launched with PID 21684
---------------------------------------------------------------------------------
Starting RTL Elaboration : Time (s): cpu = 00:00:03 ; elapsed = 00:00:03 . Memory (MB): peak = 3080.191 ; gain = 212.625 ; free physical = 75811 ; free virtual = 108402
---------------------------------------------------------------------------------
INFO: [Synth 8-638] synthesizing module 'bd_d216_plram_mem01_0' [/home/nomoto/src/StagedLSH/ver1.3/soft/u200/hw/_x/link/vivado/vpl/prj/prj.gen/my_rm/bd/bd/ip/pfm_dynamic_memory_subsystem_0/bd_0/ip/ip_28/synth/bd_d216_plram_mem01_0.vhd:111]
	Parameter C_BRAM_INST_MODE bound to: EXTERNAL - type: string 
	Parameter C_MEMORY_DEPTH bound to: 2048 - type: integer 
	Parameter C_BRAM_ADDR_WIDTH bound to: 11 - type: integer 
	Parameter C_S_AXI_ADDR_WIDTH bound to: 17 - type: integer 
	Parameter C_S_AXI_DATA_WIDTH bound to: 512 - type: integer 
	Parameter C_S_AXI_ID_WIDTH bound to: 1 - type: integer 
	Parameter C_S_AXI_PROTOCOL bound to: AXI4 - type: string 
	Parameter C_S_AXI_SUPPORTS_NARROW_BURST bound to: 0 - type: integer 
	Parameter C_SINGLE_PORT_BRAM bound to: 0 - type: integer 
	Parameter C_FAMILY bound to: virtexuplus - type: string 
	Parameter C_READ_LATENCY bound to: 1 - type: integer 
	Parameter C_RD_CMD_OPTIMIZATION bound to: 0 - type: integer 
	Parameter C_S_AXI_CTRL_ADDR_WIDTH bound to: 32 - type: integer 
	Parameter C_S_AXI_CTRL_DATA_WIDTH bound to: 32 - type: integer 
	Parameter C_ECC bound to: 0 - type: integer 
	Parameter C_ECC_TYPE bound to: 0 - type: integer 
	Parameter C_FAULT_INJECT bound to: 0 - type: integer 
	Parameter C_ECC_ONOFF_RESET_VALUE bound to: 0 - type: integer 
INFO: [Synth 8-3491] module 'axi_bram_ctrl' declared at '/home/nomoto/src/StagedLSH/ver1.3/soft/u200/hw/_x/link/vivado/vpl/prj/prj.gen/my_rm/bd/bd/ipshared/c9f0/hdl/axi_bram_ctrl_v4_1_rfs.vhd:31357' bound to instance 'U0' of component 'axi_bram_ctrl' [/home/nomoto/src/StagedLSH/ver1.3/soft/u200/hw/_x/link/vivado/vpl/prj/prj.gen/my_rm/bd/bd/ip/pfm_dynamic_memory_subsystem_0/bd_0/ip/ip_28/synth/bd_d216_plram_mem01_0.vhd:270]
INFO: [Synth 8-638] synthesizing module 'axi_bram_ctrl' [/home/nomoto/src/StagedLSH/ver1.3/soft/u200/hw/_x/link/vivado/vpl/prj/prj.gen/my_rm/bd/bd/ipshared/c9f0/hdl/axi_bram_ctrl_v4_1_rfs.vhd:31528]
	Parameter C_BRAM_INST_MODE bound to: EXTERNAL - type: string 
	Parameter C_MEMORY_DEPTH bound to: 2048 - type: integer 
	Parameter C_BRAM_ADDR_WIDTH bound to: 11 - type: integer 
	Parameter C_S_AXI_ADDR_WIDTH bound to: 17 - type: integer 
	Parameter C_S_AXI_DATA_WIDTH bound to: 512 - type: integer 
	Parameter C_S_AXI_ID_WIDTH bound to: 1 - type: integer 
	Parameter C_S_AXI_PROTOCOL bound to: AXI4 - type: string 
	Parameter C_S_AXI_SUPPORTS_NARROW_BURST bound to: 0 - type: integer 
	Parameter C_SINGLE_PORT_BRAM bound to: 0 - type: integer 
	Parameter C_FAMILY bound to: virtexuplus - type: string 
	Parameter C_READ_LATENCY bound to: 1 - type: integer 
	Parameter C_RD_CMD_OPTIMIZATION bound to: 0 - type: integer 
	Parameter C_S_AXI_CTRL_ADDR_WIDTH bound to: 32 - type: integer 
	Parameter C_S_AXI_CTRL_DATA_WIDTH bound to: 32 - type: integer 
	Parameter C_ECC bound to: 0 - type: integer 
	Parameter C_ECC_TYPE bound to: 0 - type: integer 
	Parameter C_FAULT_INJECT bound to: 0 - type: integer 
	Parameter C_ECC_ONOFF_RESET_VALUE bound to: 0 - type: integer 
INFO: [Synth 8-638] synthesizing module 'axi_bram_ctrl_top' [/home/nomoto/src/StagedLSH/ver1.3/soft/u200/hw/_x/link/vivado/vpl/prj/prj.gen/my_rm/bd/bd/ipshared/c9f0/hdl/axi_bram_ctrl_v4_1_rfs.vhd:30527]
	Parameter C_BRAM_ADDR_WIDTH bound to: 11 - type: integer 
	Parameter C_S_AXI_ADDR_WIDTH bound to: 17 - type: integer 
	Parameter C_S_AXI_DATA_WIDTH bound to: 512 - type: integer 
	Parameter C_S_AXI_ID_WIDTH bound to: 1 - type: integer 
	Parameter C_S_AXI_PROTOCOL bound to: AXI4 - type: string 
	Parameter C_S_AXI_SUPPORTS_NARROW_BURST bound to: 0 - type: integer 
	Parameter C_SINGLE_PORT_BRAM bound to: 0 - type: integer 
	Parameter C_FAMILY bound to: virtexuplus - type: string 
	Parameter C_S_AXI_CTRL_ADDR_WIDTH bound to: 32 - type: integer 
	Parameter C_S_AXI_CTRL_DATA_WIDTH bound to: 32 - type: integer 
	Parameter C_READ_LATENCY bound to: 1 - type: integer 
	Parameter C_RD_CMD_OPTIMIZATION bound to: 0 - type: integer 
	Parameter C_ECC bound to: 0 - type: integer 
	Parameter C_ECC_TYPE bound to: 0 - type: integer 
	Parameter C_FAULT_INJECT bound to: 0 - type: integer 
	Parameter C_ECC_ONOFF_RESET_VALUE bound to: 0 - type: integer 
INFO: [Synth 8-638] synthesizing module 'full_axi' [/home/nomoto/src/StagedLSH/ver1.3/soft/u200/hw/_x/link/vivado/vpl/prj/prj.gen/my_rm/bd/bd/ipshared/c9f0/hdl/axi_bram_ctrl_v4_1_rfs.vhd:29280]
	Parameter C_S_AXI_ADDR_WIDTH bound to: 17 - type: integer 
	Parameter C_S_AXI_DATA_WIDTH bound to: 512 - type: integer 
	Parameter C_S_AXI_ID_WIDTH bound to: 1 - type: integer 
	Parameter C_S_AXI_PROTOCOL bound to: AXI4 - type: string 
	Parameter C_S_AXI_SUPPORTS_NARROW_BURST bound to: 0 - type: integer 
	Parameter C_SINGLE_PORT_BRAM bound to: 0 - type: integer 
	Parameter C_READ_LATENCY bound to: 1 - type: integer 
	Parameter C_RD_CMD_OPTIMIZATION bound to: 0 - type: integer 
	Parameter C_S_AXI_CTRL_ADDR_WIDTH bound to: 32 - type: integer 
	Parameter C_S_AXI_CTRL_DATA_WIDTH bound to: 32 - type: integer 
	Parameter C_ECC bound to: 0 - type: integer 
	Parameter C_ECC_WIDTH bound to: 0 - type: integer 
	Parameter C_ECC_TYPE bound to: 0 - type: integer 
	Parameter C_FAULT_INJECT bound to: 0 - type: integer 
	Parameter C_ECC_ONOFF_RESET_VALUE bound to: 0 - type: integer 
	Parameter C_ENABLE_AXI_CTRL_REG_IF bound to: 0 - type: integer 
	Parameter C_CE_FAILING_REGISTERS bound to: 0 - type: integer 
	Parameter C_UE_FAILING_REGISTERS bound to: 0 - type: integer 
	Parameter C_ECC_STATUS_REGISTERS bound to: 0 - type: integer 
	Parameter C_ECC_ONOFF_REGISTER bound to: 0 - type: integer 
	Parameter C_CE_COUNTER_WIDTH bound to: 0 - type: integer 
WARNING: [Synth 8-6774] Null subtype or type declaration found [/home/nomoto/src/StagedLSH/ver1.3/soft/u200/hw/_x/link/vivado/vpl/prj/prj.gen/my_rm/bd/bd/ipshared/c9f0/hdl/axi_bram_ctrl_v4_1_rfs.vhd:29350]
INFO: [Synth 8-3919] null assignment ignored [/home/nomoto/src/StagedLSH/ver1.3/soft/u200/hw/_x/link/vivado/vpl/prj/prj.gen/my_rm/bd/bd/ipshared/c9f0/hdl/axi_bram_ctrl_v4_1_rfs.vhd:29350]
WARNING: [Synth 8-6774] Null subtype or type declaration found [/home/nomoto/src/StagedLSH/ver1.3/soft/u200/hw/_x/link/vivado/vpl/prj/prj.gen/my_rm/bd/bd/ipshared/c9f0/hdl/axi_bram_ctrl_v4_1_rfs.vhd:29351]
INFO: [Synth 8-3919] null assignment ignored [/home/nomoto/src/StagedLSH/ver1.3/soft/u200/hw/_x/link/vivado/vpl/prj/prj.gen/my_rm/bd/bd/ipshared/c9f0/hdl/axi_bram_ctrl_v4_1_rfs.vhd:29351]
INFO: [Synth 8-638] synthesizing module 'wr_chnl' [/home/nomoto/src/StagedLSH/ver1.3/soft/u200/hw/_x/link/vivado/vpl/prj/prj.gen/my_rm/bd/bd/ipshared/c9f0/hdl/axi_bram_ctrl_v4_1_rfs.vhd:24159]
	Parameter C_AXI_ADDR_WIDTH bound to: 17 - type: integer 
	Parameter C_BRAM_ADDR_ADJUST_FACTOR bound to: 6 - type: integer 
	Parameter C_AXI_DATA_WIDTH bound to: 512 - type: integer 
	Parameter C_AXI_ID_WIDTH bound to: 1 - type: integer 
	Parameter C_S_AXI_SUPPORTS_NARROW bound to: 0 - type: integer 
	Parameter C_READ_LATENCY bound to: 1 - type: integer 
	Parameter C_S_AXI_PROTOCOL bound to: AXI4 - type: string 
	Parameter C_SINGLE_PORT_BRAM bound to: 0 - type: integer 
	Parameter C_ECC bound to: 0 - type: integer 
	Parameter C_ECC_WIDTH bound to: 0 - type: integer 
	Parameter C_ECC_TYPE bound to: 0 - type: integer 
INFO: [Synth 8-506] null port 'FaultInjectECC' ignored [/home/nomoto/src/StagedLSH/ver1.3/soft/u200/hw/_x/link/vivado/vpl/prj/prj.gen/my_rm/bd/bd/ipshared/c9f0/hdl/axi_bram_ctrl_v4_1_rfs.vhd:24126]
INFO: [Synth 8-638] synthesizing module 'wrap_brst' [/home/nomoto/src/StagedLSH/ver1.3/soft/u200/hw/_x/link/vivado/vpl/prj/prj.gen/my_rm/bd/bd/ipshared/c9f0/hdl/axi_bram_ctrl_v4_1_rfs.vhd:12455]
	Parameter C_AXI_ADDR_WIDTH bound to: 17 - type: integer 
	Parameter C_BRAM_ADDR_ADJUST_FACTOR bound to: 6 - type: integer 
	Parameter C_AXI_DATA_WIDTH bound to: 512 - type: integer 
INFO: [Synth 8-256] done synthesizing module 'wrap_brst' (1#1) [/home/nomoto/src/StagedLSH/ver1.3/soft/u200/hw/_x/link/vivado/vpl/prj/prj.gen/my_rm/bd/bd/ipshared/c9f0/hdl/axi_bram_ctrl_v4_1_rfs.vhd:12455]
INFO: [Synth 8-226] default block is never used [/home/nomoto/src/StagedLSH/ver1.3/soft/u200/hw/_x/link/vivado/vpl/prj/prj.gen/my_rm/bd/bd/ipshared/c9f0/hdl/axi_bram_ctrl_v4_1_rfs.vhd:25832]
INFO: [Synth 8-638] synthesizing module 'SRL_FIFO' [/home/nomoto/src/StagedLSH/ver1.3/soft/u200/hw/_x/link/vivado/vpl/prj/prj.gen/my_rm/bd/bd/ipshared/c9f0/hdl/axi_bram_ctrl_v4_1_rfs.vhd:133]
	Parameter C_DATA_BITS bound to: 1 - type: integer 
	Parameter C_DEPTH bound to: 8 - type: integer 
	Parameter C_XON bound to: 0 - type: bool 
INFO: [Synth 8-3491] module 'FDR' declared at '/opt/Vivado/2020.2/scripts/rt/data/unisim_comp.v:13711' bound to instance 'Data_Exists_DFF' of component 'FDR' [/home/nomoto/src/StagedLSH/ver1.3/soft/u200/hw/_x/link/vivado/vpl/prj/prj.gen/my_rm/bd/bd/ipshared/c9f0/hdl/axi_bram_ctrl_v4_1_rfs.vhd:230]
INFO: [Synth 8-6157] synthesizing module 'FDR' [/opt/Vivado/2020.2/scripts/rt/data/unisim_comp.v:13711]
	Parameter INIT bound to: 1'b0 
INFO: [Synth 8-6155] done synthesizing module 'FDR' (2#1) [/opt/Vivado/2020.2/scripts/rt/data/unisim_comp.v:13711]
INFO: [Synth 8-3491] module 'MUXCY_L' declared at '/opt/Vivado/2020.2/scripts/rt/data/unisim_comp.v:42961' bound to instance 'MUXCY_L_I' of component 'MUXCY_L' [/home/nomoto/src/StagedLSH/ver1.3/soft/u200/hw/_x/link/vivado/vpl/prj/prj.gen/my_rm/bd/bd/ipshared/c9f0/hdl/axi_bram_ctrl_v4_1_rfs.vhd:247]
INFO: [Synth 8-6157] synthesizing module 'MUXCY_L' [/opt/Vivado/2020.2/scripts/rt/data/unisim_comp.v:42961]
INFO: [Synth 8-6155] done synthesizing module 'MUXCY_L' (3#1) [/opt/Vivado/2020.2/scripts/rt/data/unisim_comp.v:42961]
INFO: [Synth 8-3491] module 'XORCY' declared at '/opt/Vivado/2020.2/scripts/rt/data/unisim_comp.v:82372' bound to instance 'XORCY_I' of component 'XORCY' [/home/nomoto/src/StagedLSH/ver1.3/soft/u200/hw/_x/link/vivado/vpl/prj/prj.gen/my_rm/bd/bd/ipshared/c9f0/hdl/axi_bram_ctrl_v4_1_rfs.vhd:254]
INFO: [Synth 8-6157] synthesizing module 'XORCY' [/opt/Vivado/2020.2/scripts/rt/data/unisim_comp.v:82372]
INFO: [Synth 8-6155] done synthesizing module 'XORCY' (4#1) [/opt/Vivado/2020.2/scripts/rt/data/unisim_comp.v:82372]
INFO: [Synth 8-3491] module 'FDRE' declared at '/opt/Vivado/2020.2/scripts/rt/data/unisim_comp.v:13724' bound to instance 'FDRE_I' of component 'FDRE' [/home/nomoto/src/StagedLSH/ver1.3/soft/u200/hw/_x/link/vivado/vpl/prj/prj.gen/my_rm/bd/bd/ipshared/c9f0/hdl/axi_bram_ctrl_v4_1_rfs.vhd:260]
INFO: [Synth 8-6157] synthesizing module 'FDRE' [/opt/Vivado/2020.2/scripts/rt/data/unisim_comp.v:13724]
	Parameter INIT bound to: 1'b0 
	Parameter IS_C_INVERTED bound to: 1'b0 
	Parameter IS_D_INVERTED bound to: 1'b0 
	Parameter IS_R_INVERTED bound to: 1'b0 
INFO: [Synth 8-6155] done synthesizing module 'FDRE' (5#1) [/opt/Vivado/2020.2/scripts/rt/data/unisim_comp.v:13724]
INFO: [Synth 8-3491] module 'MUXCY_L' declared at '/opt/Vivado/2020.2/scripts/rt/data/unisim_comp.v:42961' bound to instance 'MUXCY_L_I' of component 'MUXCY_L' [/home/nomoto/src/StagedLSH/ver1.3/soft/u200/hw/_x/link/vivado/vpl/prj/prj.gen/my_rm/bd/bd/ipshared/c9f0/hdl/axi_bram_ctrl_v4_1_rfs.vhd:247]
INFO: [Synth 8-3491] module 'XORCY' declared at '/opt/Vivado/2020.2/scripts/rt/data/unisim_comp.v:82372' bound to instance 'XORCY_I' of component 'XORCY' [/home/nomoto/src/StagedLSH/ver1.3/soft/u200/hw/_x/link/vivado/vpl/prj/prj.gen/my_rm/bd/bd/ipshared/c9f0/hdl/axi_bram_ctrl_v4_1_rfs.vhd:254]
INFO: [Synth 8-3491] module 'FDRE' declared at '/opt/Vivado/2020.2/scripts/rt/data/unisim_comp.v:13724' bound to instance 'FDRE_I' of component 'FDRE' [/home/nomoto/src/StagedLSH/ver1.3/soft/u200/hw/_x/link/vivado/vpl/prj/prj.gen/my_rm/bd/bd/ipshared/c9f0/hdl/axi_bram_ctrl_v4_1_rfs.vhd:260]
INFO: [Synth 8-3491] module 'MUXCY_L' declared at '/opt/Vivado/2020.2/scripts/rt/data/unisim_comp.v:42961' bound to instance 'MUXCY_L_I' of component 'MUXCY_L' [/home/nomoto/src/StagedLSH/ver1.3/soft/u200/hw/_x/link/vivado/vpl/prj/prj.gen/my_rm/bd/bd/ipshared/c9f0/hdl/axi_bram_ctrl_v4_1_rfs.vhd:247]
INFO: [Synth 8-3491] module 'XORCY' declared at '/opt/Vivado/2020.2/scripts/rt/data/unisim_comp.v:82372' bound to instance 'XORCY_I' of component 'XORCY' [/home/nomoto/src/StagedLSH/ver1.3/soft/u200/hw/_x/link/vivado/vpl/prj/prj.gen/my_rm/bd/bd/ipshared/c9f0/hdl/axi_bram_ctrl_v4_1_rfs.vhd:254]
INFO: [Synth 8-3491] module 'FDRE' declared at '/opt/Vivado/2020.2/scripts/rt/data/unisim_comp.v:13724' bound to instance 'FDRE_I' of component 'FDRE' [/home/nomoto/src/StagedLSH/ver1.3/soft/u200/hw/_x/link/vivado/vpl/prj/prj.gen/my_rm/bd/bd/ipshared/c9f0/hdl/axi_bram_ctrl_v4_1_rfs.vhd:260]
INFO: [Synth 8-3491] module 'MUXCY_L' declared at '/opt/Vivado/2020.2/scripts/rt/data/unisim_comp.v:42961' bound to instance 'MUXCY_L_I' of component 'MUXCY_L' [/home/nomoto/src/StagedLSH/ver1.3/soft/u200/hw/_x/link/vivado/vpl/prj/prj.gen/my_rm/bd/bd/ipshared/c9f0/hdl/axi_bram_ctrl_v4_1_rfs.vhd:247]
INFO: [Synth 8-3491] module 'XORCY' declared at '/opt/Vivado/2020.2/scripts/rt/data/unisim_comp.v:82372' bound to instance 'XORCY_I' of component 'XORCY' [/home/nomoto/src/StagedLSH/ver1.3/soft/u200/hw/_x/link/vivado/vpl/prj/prj.gen/my_rm/bd/bd/ipshared/c9f0/hdl/axi_bram_ctrl_v4_1_rfs.vhd:254]
INFO: [Synth 8-3491] module 'FDRE' declared at '/opt/Vivado/2020.2/scripts/rt/data/unisim_comp.v:13724' bound to instance 'FDRE_I' of component 'FDRE' [/home/nomoto/src/StagedLSH/ver1.3/soft/u200/hw/_x/link/vivado/vpl/prj/prj.gen/my_rm/bd/bd/ipshared/c9f0/hdl/axi_bram_ctrl_v4_1_rfs.vhd:260]
INFO: [Synth 8-3491] module 'SRL16E' declared at '/opt/Vivado/2020.2/scripts/rt/data/unisim_comp.v:78034' bound to instance 'SRL16E_I' of component 'SRL16E' [/home/nomoto/src/StagedLSH/ver1.3/soft/u200/hw/_x/link/vivado/vpl/prj/prj.gen/my_rm/bd/bd/ipshared/c9f0/hdl/axi_bram_ctrl_v4_1_rfs.vhd:271]
INFO: [Synth 8-6157] synthesizing module 'SRL16E' [/opt/Vivado/2020.2/scripts/rt/data/unisim_comp.v:78034]
	Parameter INIT bound to: 16'b0000000000000000 
	Parameter IS_CLK_INVERTED bound to: 1'b0 
INFO: [Synth 8-6155] done synthesizing module 'SRL16E' (6#1) [/opt/Vivado/2020.2/scripts/rt/data/unisim_comp.v:78034]
INFO: [Synth 8-256] done synthesizing module 'SRL_FIFO' (7#1) [/home/nomoto/src/StagedLSH/ver1.3/soft/u200/hw/_x/link/vivado/vpl/prj/prj.gen/my_rm/bd/bd/ipshared/c9f0/hdl/axi_bram_ctrl_v4_1_rfs.vhd:133]
INFO: [Synth 8-256] done synthesizing module 'wr_chnl' (8#1) [/home/nomoto/src/StagedLSH/ver1.3/soft/u200/hw/_x/link/vivado/vpl/prj/prj.gen/my_rm/bd/bd/ipshared/c9f0/hdl/axi_bram_ctrl_v4_1_rfs.vhd:24159]
WARNING: [Synth 8-6778] Component port with null array found, Will be ignored [/home/nomoto/src/StagedLSH/ver1.3/soft/u200/hw/_x/link/vivado/vpl/prj/prj.gen/my_rm/bd/bd/ipshared/c9f0/hdl/axi_bram_ctrl_v4_1_rfs.vhd:30020]
INFO: [Synth 8-638] synthesizing module 'rd_chnl' [/home/nomoto/src/StagedLSH/ver1.3/soft/u200/hw/_x/link/vivado/vpl/prj/prj.gen/my_rm/bd/bd/ipshared/c9f0/hdl/axi_bram_ctrl_v4_1_rfs.vhd:14746]
	Parameter C_AXI_ADDR_WIDTH bound to: 17 - type: integer 
	Parameter C_BRAM_ADDR_ADJUST_FACTOR bound to: 6 - type: integer 
	Parameter C_AXI_DATA_WIDTH bound to: 512 - type: integer 
	Parameter C_AXI_ID_WIDTH bound to: 1 - type: integer 
	Parameter C_S_AXI_SUPPORTS_NARROW bound to: 0 - type: integer 
	Parameter C_READ_LATENCY bound to: 1 - type: integer 
	Parameter C_RD_CMD_OPTIMIZATION bound to: 0 - type: integer 
	Parameter C_S_AXI_PROTOCOL bound to: AXI4 - type: string 
	Parameter C_SINGLE_PORT_BRAM bound to: 0 - type: integer 
	Parameter C_ECC bound to: 0 - type: integer 
	Parameter C_ECC_WIDTH bound to: 0 - type: integer 
	Parameter C_ECC_TYPE bound to: 0 - type: integer 
WARNING: [Synth 8-6774] Null subtype or type declaration found [/home/nomoto/src/StagedLSH/ver1.3/soft/u200/hw/_x/link/vivado/vpl/prj/prj.gen/my_rm/bd/bd/ipshared/c9f0/hdl/axi_bram_ctrl_v4_1_rfs.vhd:15184]
INFO: [Synth 8-3919] null assignment ignored [/home/nomoto/src/StagedLSH/ver1.3/soft/u200/hw/_x/link/vivado/vpl/prj/prj.gen/my_rm/bd/bd/ipshared/c9f0/hdl/axi_bram_ctrl_v4_1_rfs.vhd:15184]
WARNING: [Synth 8-6774] Null subtype or type declaration found [/home/nomoto/src/StagedLSH/ver1.3/soft/u200/hw/_x/link/vivado/vpl/prj/prj.gen/my_rm/bd/bd/ipshared/c9f0/hdl/axi_bram_ctrl_v4_1_rfs.vhd:15189]
INFO: [Synth 8-3919] null assignment ignored [/home/nomoto/src/StagedLSH/ver1.3/soft/u200/hw/_x/link/vivado/vpl/prj/prj.gen/my_rm/bd/bd/ipshared/c9f0/hdl/axi_bram_ctrl_v4_1_rfs.vhd:15189]
WARNING: [Synth 8-6774] Null subtype or type declaration found [/home/nomoto/src/StagedLSH/ver1.3/soft/u200/hw/_x/link/vivado/vpl/prj/prj.gen/my_rm/bd/bd/ipshared/c9f0/hdl/axi_bram_ctrl_v4_1_rfs.vhd:15190]
INFO: [Synth 8-3919] null assignment ignored [/home/nomoto/src/StagedLSH/ver1.3/soft/u200/hw/_x/link/vivado/vpl/prj/prj.gen/my_rm/bd/bd/ipshared/c9f0/hdl/axi_bram_ctrl_v4_1_rfs.vhd:15190]
WARNING: [Synth 8-6774] Null subtype or type declaration found [/home/nomoto/src/StagedLSH/ver1.3/soft/u200/hw/_x/link/vivado/vpl/prj/prj.gen/my_rm/bd/bd/ipshared/c9f0/hdl/axi_bram_ctrl_v4_1_rfs.vhd:15197]
INFO: [Synth 8-3919] null assignment ignored [/home/nomoto/src/StagedLSH/ver1.3/soft/u200/hw/_x/link/vivado/vpl/prj/prj.gen/my_rm/bd/bd/ipshared/c9f0/hdl/axi_bram_ctrl_v4_1_rfs.vhd:15197]
WARNING: [Synth 8-6774] Null subtype or type declaration found [/home/nomoto/src/StagedLSH/ver1.3/soft/u200/hw/_x/link/vivado/vpl/prj/prj.gen/my_rm/bd/bd/ipshared/c9f0/hdl/axi_bram_ctrl_v4_1_rfs.vhd:15202]
INFO: [Synth 8-256] done synthesizing module 'rd_chnl' (9#1) [/home/nomoto/src/StagedLSH/ver1.3/soft/u200/hw/_x/link/vivado/vpl/prj/prj.gen/my_rm/bd/bd/ipshared/c9f0/hdl/axi_bram_ctrl_v4_1_rfs.vhd:14746]
INFO: [Synth 8-256] done synthesizing module 'full_axi' (10#1) [/home/nomoto/src/StagedLSH/ver1.3/soft/u200/hw/_x/link/vivado/vpl/prj/prj.gen/my_rm/bd/bd/ipshared/c9f0/hdl/axi_bram_ctrl_v4_1_rfs.vhd:29280]
INFO: [Synth 8-256] done synthesizing module 'axi_bram_ctrl_top' (11#1) [/home/nomoto/src/StagedLSH/ver1.3/soft/u200/hw/_x/link/vivado/vpl/prj/prj.gen/my_rm/bd/bd/ipshared/c9f0/hdl/axi_bram_ctrl_v4_1_rfs.vhd:30527]
INFO: [Synth 8-256] done synthesizing module 'axi_bram_ctrl' (12#1) [/home/nomoto/src/StagedLSH/ver1.3/soft/u200/hw/_x/link/vivado/vpl/prj/prj.gen/my_rm/bd/bd/ipshared/c9f0/hdl/axi_bram_ctrl_v4_1_rfs.vhd:31528]
INFO: [Synth 8-256] done synthesizing module 'bd_d216_plram_mem01_0' (13#1) [/home/nomoto/src/StagedLSH/ver1.3/soft/u200/hw/_x/link/vivado/vpl/prj/prj.gen/my_rm/bd/bd/ip/pfm_dynamic_memory_subsystem_0/bd_0/ip/ip_28/synth/bd_d216_plram_mem01_0.vhd:111]
---------------------------------------------------------------------------------
Finished RTL Elaboration : Time (s): cpu = 00:00:06 ; elapsed = 00:00:07 . Memory (MB): peak = 3188.098 ; gain = 320.531 ; free physical = 76575 ; free virtual = 109168
---------------------------------------------------------------------------------
---------------------------------------------------------------------------------
Start Handling Custom Attributes
---------------------------------------------------------------------------------
---------------------------------------------------------------------------------
Finished Handling Custom Attributes : Time (s): cpu = 00:00:07 ; elapsed = 00:00:07 . Memory (MB): peak = 3202.973 ; gain = 335.406 ; free physical = 76541 ; free virtual = 109126
---------------------------------------------------------------------------------
---------------------------------------------------------------------------------
Finished RTL Optimization Phase 1 : Time (s): cpu = 00:00:07 ; elapsed = 00:00:07 . Memory (MB): peak = 3202.973 ; gain = 335.406 ; free physical = 76541 ; free virtual = 109126
---------------------------------------------------------------------------------
Netlist sorting complete. Time (s): cpu = 00:00:00.04 ; elapsed = 00:00:00.04 . Memory (MB): peak = 3214.879 ; gain = 0.000 ; free physical = 77574 ; free virtual = 110160
INFO: [Netlist 29-17] Analyzing 9 Unisim elements for replacement
INFO: [Netlist 29-28] Unisim Transformation completed in 0 CPU seconds
INFO: [Project 1-570] Preparing netlist for logic optimization

Processing XDC Constraints
Initializing timing engine
Parsing XDC File [/home/nomoto/src/StagedLSH/ver1.3/soft/u200/hw/_x/link/vivado/vpl/prj/prj.gen/my_rm/bd/bd/ip/pfm_dynamic_memory_subsystem_0/bd_0/ip/ip_28/bd_d216_plram_mem01_0_ooc.xdc] for cell 'U0'
Finished Parsing XDC File [/home/nomoto/src/StagedLSH/ver1.3/soft/u200/hw/_x/link/vivado/vpl/prj/prj.gen/my_rm/bd/bd/ip/pfm_dynamic_memory_subsystem_0/bd_0/ip/ip_28/bd_d216_plram_mem01_0_ooc.xdc] for cell 'U0'
Parsing XDC File [/home/nomoto/src/StagedLSH/ver1.3/soft/u200/hw/_x/link/vivado/vpl/prj/prj.runs/bd_d216_plram_mem01_0_synth_1/dont_touch.xdc]
Finished Parsing XDC File [/home/nomoto/src/StagedLSH/ver1.3/soft/u200/hw/_x/link/vivado/vpl/prj/prj.runs/bd_d216_plram_mem01_0_synth_1/dont_touch.xdc]
Completed Processing XDC Constraints

Netlist sorting complete. Time (s): cpu = 00:00:00 ; elapsed = 00:00:00 . Memory (MB): peak = 3326.535 ; gain = 0.000 ; free physical = 79947 ; free virtual = 112539
INFO: [Project 1-111] Unisim Transformation Summary:
  A total of 5 instances were transformed.
  FDR => FDRE: 1 instance 
  MUXCY_L => MUXCY: 4 instances

Constraint Validation Runtime : Time (s): cpu = 00:00:00.08 ; elapsed = 00:00:00.09 . Memory (MB): peak = 3326.535 ; gain = 0.000 ; free physical = 79956 ; free virtual = 112548
---------------------------------------------------------------------------------
Finished Constraint Validation : Time (s): cpu = 00:00:14 ; elapsed = 00:00:16 . Memory (MB): peak = 3326.535 ; gain = 458.969 ; free physical = 78998 ; free virtual = 111587
---------------------------------------------------------------------------------
---------------------------------------------------------------------------------
Start Loading Part and Timing Information
---------------------------------------------------------------------------------
Loading part: xcu200-fsgd2104-2-e
INFO: [Synth 8-6742] Reading net delay rules and data
---------------------------------------------------------------------------------
Finished Loading Part and Timing Information : Time (s): cpu = 00:00:14 ; elapsed = 00:00:16 . Memory (MB): peak = 3326.535 ; gain = 458.969 ; free physical = 78996 ; free virtual = 111584
---------------------------------------------------------------------------------
---------------------------------------------------------------------------------
Start Applying 'set_property' XDC Constraints
---------------------------------------------------------------------------------
Applied set_property KEEP_HIERARCHY = SOFT for U0. (constraint file  /home/nomoto/src/StagedLSH/ver1.3/soft/u200/hw/_x/link/vivado/vpl/prj/prj.runs/bd_d216_plram_mem01_0_synth_1/dont_touch.xdc, line 6).
---------------------------------------------------------------------------------
Finished applying 'set_property' XDC Constraints : Time (s): cpu = 00:00:14 ; elapsed = 00:00:16 . Memory (MB): peak = 3326.535 ; gain = 458.969 ; free physical = 78993 ; free virtual = 111581
---------------------------------------------------------------------------------
INFO: [Synth 8-802] inferred FSM for state register 'GEN_WDATA_SM_NO_ECC_DUAL_REG_WREADY.wr_data_sm_cs_reg' in module 'wr_chnl'
INFO: [Synth 8-802] inferred FSM for state register 'GEN_NO_RD_CMD_OPT.GEN_AR_DUAL.rd_addr_sm_cs_reg' in module 'rd_chnl'
INFO: [Synth 8-802] inferred FSM for state register 'GEN_NO_RD_CMD_OPT.rd_data_sm_cs_reg' in module 'rd_chnl'
INFO: [Synth 8-802] inferred FSM for state register 'GEN_NO_RD_CMD_OPT.rlast_sm_cs_reg' in module 'rd_chnl'
---------------------------------------------------------------------------------------------------
                   State |                     New Encoding |                Previous Encoding 
---------------------------------------------------------------------------------------------------
                    idle |                              000 |                              000
               w8_awaddr |                              001 |                              001
            brst_wr_data |                              010 |                              011
          b2b_w8_wr_data |                              011 |                              100
             sng_wr_data |                              100 |                              010
---------------------------------------------------------------------------------------------------
INFO: [Synth 8-3354] encoded FSM with state register 'GEN_WDATA_SM_NO_ECC_DUAL_REG_WREADY.wr_data_sm_cs_reg' using encoding 'sequential' in module 'wr_chnl'
---------------------------------------------------------------------------------------------------
                   State |                     New Encoding |                Previous Encoding 
---------------------------------------------------------------------------------------------------
                    idle |                                0 |                               00
               ld_araddr |                                1 |                               10
---------------------------------------------------------------------------------------------------
INFO: [Synth 8-3354] encoded FSM with state register 'GEN_NO_RD_CMD_OPT.GEN_AR_DUAL.rd_addr_sm_cs_reg' using encoding 'sequential' in module 'rd_chnl'
---------------------------------------------------------------------------------------------------
                   State |                     New Encoding |                Previous Encoding 
---------------------------------------------------------------------------------------------------
                    idle |                              000 |                              000
          w8_throttle_b2 |                              001 |                              101
             w8_throttle |                              010 |                              010
        w8_2nd_last_data |                              011 |                              011
            w8_last_data |                              100 |                              100
---------------------------------------------------------------------------------------------------
INFO: [Synth 8-3354] encoded FSM with state register 'GEN_NO_RD_CMD_OPT.rlast_sm_cs_reg' using encoding 'sequential' in module 'rd_chnl'
---------------------------------------------------------------------------------------------------
                   State |                     New Encoding |                Previous Encoding 
---------------------------------------------------------------------------------------------------
                    idle |                             0000 |                             0000
                sng_addr |                             0001 |                             0011
                sec_addr |                             0010 |                             0100
               full_pipe |                             0011 |                             0101
           full_throttle |                             0100 |                             0110
               last_addr |                             0101 |                             0111
           last_throttle |                             0110 |                             1000
               last_data |                             0111 |                             1001
       last_data_ar_pend |                             1000 |                             1010
---------------------------------------------------------------------------------------------------
INFO: [Synth 8-3354] encoded FSM with state register 'GEN_NO_RD_CMD_OPT.rd_data_sm_cs_reg' using encoding 'sequential' in module 'rd_chnl'
---------------------------------------------------------------------------------
Finished RTL Optimization Phase 2 : Time (s): cpu = 00:00:16 ; elapsed = 00:00:18 . Memory (MB): peak = 3326.535 ; gain = 458.969 ; free physical = 78965 ; free virtual = 111554
---------------------------------------------------------------------------------
---------------------------------------------------------------------------------
Start RTL Component Statistics 
---------------------------------------------------------------------------------
Detailed RTL Component Info : 
+---Adders : 
	   2 Input    8 Bit       Adders := 1     
	   2 Input    6 Bit       Adders := 2     
	   2 Input    3 Bit       Adders := 2     
+---XORs : 
	   2 Input      1 Bit         XORs := 4     
+---Registers : 
	              512 Bit    Registers := 1     
	               64 Bit    Registers := 1     
	               11 Bit    Registers := 2     
	               10 Bit    Registers := 2     
	                8 Bit    Registers := 3     
	                3 Bit    Registers := 5     
	                2 Bit    Registers := 4     
	                1 Bit    Registers := 1124  
+---Muxes : 
	   2 Input  512 Bit        Muxes := 1     
	   5 Input   11 Bit        Muxes := 2     
	   2 Input   11 Bit        Muxes := 8     
	   2 Input    8 Bit        Muxes := 4     
	   2 Input    6 Bit        Muxes := 1     
	   9 Input    4 Bit        Muxes := 1     
	   2 Input    4 Bit        Muxes := 10    
	   5 Input    3 Bit        Muxes := 4     
	   2 Input    3 Bit        Muxes := 11    
	   4 Input    2 Bit        Muxes := 2     
	   3 Input    2 Bit        Muxes := 2     
	   2 Input    2 Bit        Muxes := 2     
	   2 Input    1 Bit        Muxes := 87    
	   5 Input    1 Bit        Muxes := 15    
	   3 Input    1 Bit        Muxes := 1     
	   9 Input    1 Bit        Muxes := 24    
---------------------------------------------------------------------------------
Finished RTL Component Statistics 
---------------------------------------------------------------------------------
---------------------------------------------------------------------------------
Start Part Resource Summary
---------------------------------------------------------------------------------
Part Resources:
DSPs: 6840 (col length:120)
BRAMs: 4320 (col length: RAMB18 360 RAMB36 180)
---------------------------------------------------------------------------------
Finished Part Resource Summary
---------------------------------------------------------------------------------
---------------------------------------------------------------------------------
Start Cross Boundary and Area Optimization
---------------------------------------------------------------------------------
---------------------------------------------------------------------------------
Finished Cross Boundary and Area Optimization : Time (s): cpu = 00:00:19 ; elapsed = 00:00:20 . Memory (MB): peak = 3326.535 ; gain = 458.969 ; free physical = 80734 ; free virtual = 113332
---------------------------------------------------------------------------------
---------------------------------------------------------------------------------
Start Applying XDC Timing Constraints
---------------------------------------------------------------------------------
---------------------------------------------------------------------------------
Finished Applying XDC Timing Constraints : Time (s): cpu = 00:00:28 ; elapsed = 00:00:37 . Memory (MB): peak = 3546.941 ; gain = 679.375 ; free physical = 78619 ; free virtual = 111302
---------------------------------------------------------------------------------
---------------------------------------------------------------------------------
Start Timing Optimization
---------------------------------------------------------------------------------
---------------------------------------------------------------------------------
Finished Timing Optimization : Time (s): cpu = 00:00:29 ; elapsed = 00:00:38 . Memory (MB): peak = 3584.973 ; gain = 717.406 ; free physical = 79349 ; free virtual = 111962
---------------------------------------------------------------------------------
---------------------------------------------------------------------------------
Start Technology Mapping
---------------------------------------------------------------------------------
---------------------------------------------------------------------------------
Finished Technology Mapping : Time (s): cpu = 00:00:30 ; elapsed = 00:00:39 . Memory (MB): peak = 3604.012 ; gain = 736.445 ; free physical = 80723 ; free virtual = 113336
---------------------------------------------------------------------------------
---------------------------------------------------------------------------------
Start IO Insertion
---------------------------------------------------------------------------------
---------------------------------------------------------------------------------
Start Flattening Before IO Insertion
---------------------------------------------------------------------------------
---------------------------------------------------------------------------------
Finished Flattening Before IO Insertion
---------------------------------------------------------------------------------
---------------------------------------------------------------------------------
Start Final Netlist Cleanup
---------------------------------------------------------------------------------
---------------------------------------------------------------------------------
Finished Final Netlist Cleanup
---------------------------------------------------------------------------------
---------------------------------------------------------------------------------
Finished IO Insertion : Time (s): cpu = 00:00:32 ; elapsed = 00:00:41 . Memory (MB): peak = 3604.012 ; gain = 736.445 ; free physical = 80510 ; free virtual = 113122
---------------------------------------------------------------------------------
---------------------------------------------------------------------------------
Start Renaming Generated Instances
---------------------------------------------------------------------------------
---------------------------------------------------------------------------------
Finished Renaming Generated Instances : Time (s): cpu = 00:00:32 ; elapsed = 00:00:41 . Memory (MB): peak = 3604.012 ; gain = 736.445 ; free physical = 80514 ; free virtual = 113126
---------------------------------------------------------------------------------
---------------------------------------------------------------------------------
Start Rebuilding User Hierarchy
---------------------------------------------------------------------------------
---------------------------------------------------------------------------------
Finished Rebuilding User Hierarchy : Time (s): cpu = 00:00:32 ; elapsed = 00:00:41 . Memory (MB): peak = 3604.012 ; gain = 736.445 ; free physical = 80518 ; free virtual = 113131
---------------------------------------------------------------------------------
---------------------------------------------------------------------------------
Start Renaming Generated Ports
---------------------------------------------------------------------------------
---------------------------------------------------------------------------------
Finished Renaming Generated Ports : Time (s): cpu = 00:00:32 ; elapsed = 00:00:41 . Memory (MB): peak = 3604.012 ; gain = 736.445 ; free physical = 80518 ; free virtual = 113130
---------------------------------------------------------------------------------
---------------------------------------------------------------------------------
Start Handling Custom Attributes
---------------------------------------------------------------------------------
---------------------------------------------------------------------------------
Finished Handling Custom Attributes : Time (s): cpu = 00:00:32 ; elapsed = 00:00:41 . Memory (MB): peak = 3604.012 ; gain = 736.445 ; free physical = 80566 ; free virtual = 113181
---------------------------------------------------------------------------------
---------------------------------------------------------------------------------
Start Renaming Generated Nets
---------------------------------------------------------------------------------
---------------------------------------------------------------------------------
Finished Renaming Generated Nets : Time (s): cpu = 00:00:33 ; elapsed = 00:00:41 . Memory (MB): peak = 3604.012 ; gain = 736.445 ; free physical = 80565 ; free virtual = 113179
---------------------------------------------------------------------------------
---------------------------------------------------------------------------------
Start Writing Synthesis Report
---------------------------------------------------------------------------------

Report BlackBoxes: 
+-+--------------+----------+
| |BlackBox name |Instances |
+-+--------------+----------+
+-+--------------+----------+

Report Cell Usage: 
+------+------+------+
|      |Cell  |Count |
+------+------+------+
|1     |LUT1  |     5|
|2     |LUT2  |    26|
|3     |LUT3  |   544|
|4     |LUT4  |    44|
|5     |LUT5  |    51|
|6     |LUT6  |   122|
|7     |MUXF7 |     2|
|8     |FDRE  |  1766|
+------+------+------+
---------------------------------------------------------------------------------
Finished Writing Synthesis Report : Time (s): cpu = 00:00:33 ; elapsed = 00:00:41 . Memory (MB): peak = 3604.012 ; gain = 736.445 ; free physical = 80564 ; free virtual = 113179
---------------------------------------------------------------------------------
Synthesis finished with 0 errors, 0 critical warnings and 0 warnings.
Synthesis Optimization Runtime : Time (s): cpu = 00:00:28 ; elapsed = 00:00:36 . Memory (MB): peak = 3604.012 ; gain = 612.883 ; free physical = 80585 ; free virtual = 113200
Synthesis Optimization Complete : Time (s): cpu = 00:00:33 ; elapsed = 00:00:41 . Memory (MB): peak = 3604.020 ; gain = 736.445 ; free physical = 80584 ; free virtual = 113201
INFO: [Project 1-571] Translating synthesized netlist
Netlist sorting complete. Time (s): cpu = 00:00:00.03 ; elapsed = 00:00:00.03 . Memory (MB): peak = 3604.020 ; gain = 0.000 ; free physical = 80626 ; free virtual = 113258
INFO: [Netlist 29-17] Analyzing 2 Unisim elements for replacement
INFO: [Netlist 29-28] Unisim Transformation completed in 0 CPU seconds
INFO: [Project 1-570] Preparing netlist for logic optimization
INFO: [Opt 31-138] Pushed 0 inverter(s) to 0 load pin(s).
Netlist sorting complete. Time (s): cpu = 00:00:00 ; elapsed = 00:00:00 . Memory (MB): peak = 3677.574 ; gain = 0.000 ; free physical = 80374 ; free virtual = 112994
INFO: [Project 1-111] Unisim Transformation Summary:
No Unisim elements were transformed.

INFO: [Common 17-83] Releasing license: Synthesis
81 Infos, 41 Warnings, 0 Critical Warnings and 0 Errors encountered.
synth_design completed successfully
synth_design: Time (s): cpu = 00:00:45 ; elapsed = 00:00:53 . Memory (MB): peak = 3677.574 ; gain = 1233.086 ; free physical = 80498 ; free virtual = 113118
INFO: [Common 17-600] The following parameters have non-default value.
general.maxThreads
INFO: [Common 17-1381] The checkpoint '/home/nomoto/src/StagedLSH/ver1.3/soft/u200/hw/_x/link/vivado/vpl/prj/prj.runs/bd_d216_plram_mem01_0_synth_1/bd_d216_plram_mem01_0.dcp' has been generated.
WARNING: [Common 17-576] 'use_project_ipc' is deprecated. This option is deprecated and no longer used.
INFO: [Coretcl 2-1648] Added synthesis output to IP cache for IP bd_d216_plram_mem01_0, cache-ID = eeab51b40c354317
INFO: [Coretcl 2-1174] Renamed 7 cell refs.
INFO: [Common 17-1381] The checkpoint '/home/nomoto/src/StagedLSH/ver1.3/soft/u200/hw/_x/link/vivado/vpl/prj/prj.runs/bd_d216_plram_mem01_0_synth_1/bd_d216_plram_mem01_0.dcp' has been generated.
INFO: [runtcl-4] Executing : report_utilization -file bd_d216_plram_mem01_0_utilization_synth.rpt -pb bd_d216_plram_mem01_0_utilization_synth.pb
INFO: [Common 17-206] Exiting Vivado at Sun Apr 17 14:36:21 2022...
