INFO: [v++ 60-1306] Additional information associated with this v++ link can be found at:
	Reports: /home/nomoto/src/StagedLSH/hard-StagedLSH/src/best_src_2/self/yan/u200/sw_emu/_x/reports/link
	Log files: /home/nomoto/src/StagedLSH/hard-StagedLSH/src/best_src_2/self/yan/u200/sw_emu/_x/logs/link
INFO: [v++ 60-1548] Creating build summary session with primary output /home/nomoto/src/StagedLSH/hard-StagedLSH/src/best_src_2/self/yan/u200/sw_emu/table_serch.xclbin.link_summary, at Tue Jul 12 13:50:35 2022
INFO: [v++ 60-1316] Initiating connection to rulecheck server, at Tue Jul 12 13:50:35 2022
INFO: [v++ 60-1315] Creating rulecheck session with output '/home/nomoto/src/StagedLSH/hard-StagedLSH/src/best_src_2/self/yan/u200/sw_emu/_x/reports/link/v++_link_table_serch_guidance.html', at Tue Jul 12 13:50:36 2022
INFO: [v++ 60-895]   Target platform: /opt/xilinx/platforms/xilinx_u200_xdma_201830_2/xilinx_u200_xdma_201830_2.xpfm
INFO: [v++ 60-1578]   This platform contains Device Support Archive '/opt/xilinx/platforms/xilinx_u200_xdma_201830_2/hw/xilinx_u200_xdma_201830_2.dsa'
INFO: [v++ 74-74] Compiler Version string: 2020.2
INFO: [v++ 60-1302] Platform 'xilinx_u200_xdma_201830_2.xpfm' has been explicitly enabled for this release.
INFO: [v++ 60-629] Linking for software emulation target
INFO: [v++ 60-423]   Target device: xilinx_u200_xdma_201830_2
INFO: [v++ 60-645] kernel flags are '-g -I /home/nomoto/src/StagedLSH/hard-StagedLSH/src/best_src_2/self/yan/src/kernel -g'
INFO: [v++ 60-645] kernel flags are '-g -I /home/nomoto/src/StagedLSH/hard-StagedLSH/src/best_src_2/self/yan/src/kernel -g'
INFO: [v++ 60-586] Created table_serch.xclbin
INFO: [v++ 60-1307] Run completed. Additional information can be found in:
	Guidance: /home/nomoto/src/StagedLSH/hard-StagedLSH/src/best_src_2/self/yan/u200/sw_emu/_x/reports/link/v++_link_table_serch_guidance.html
	Steps Log File: /home/nomoto/src/StagedLSH/hard-StagedLSH/src/best_src_2/self/yan/u200/sw_emu/_x/logs/link/link.steps.log

INFO: [v++ 60-2343] Use the vitis_analyzer tool to visualize and navigate the relevant reports. Run the following command. 
    vitis_analyzer /home/nomoto/src/StagedLSH/hard-StagedLSH/src/best_src_2/self/yan/u200/sw_emu/table_serch.xclbin.link_summary 
INFO: [v++ 60-791] Total elapsed time: 0h 0m 21s
