INFO: [v++ 60-1306] Additional information associated with this v++ link can be found at:
	Reports: /home/nomoto/src/StagedLSH/ver1.2/soft/u200/hw_emu/_x/reports/link
	Log files: /home/nomoto/src/StagedLSH/ver1.2/soft/u200/hw_emu/_x/logs/link
INFO: [v++ 60-1548] Creating build summary session with primary output /home/nomoto/src/StagedLSH/ver1.2/soft/u200/hw_emu/table_serch.xclbin.link_summary, at Wed Apr 13 19:01:00 2022
INFO: [v++ 60-1316] Initiating connection to rulecheck server, at Wed Apr 13 19:01:00 2022
INFO: [v++ 60-1315] Creating rulecheck session with output '/home/nomoto/src/StagedLSH/ver1.2/soft/u200/hw_emu/_x/reports/link/v++_link_table_serch_guidance.html', at Wed Apr 13 19:01:01 2022
INFO: [v++ 60-895]   Target platform: /opt/xilinx/platforms/xilinx_u200_xdma_201830_2/xilinx_u200_xdma_201830_2.xpfm
INFO: [v++ 60-1578]   This platform contains Device Support Archive '/opt/xilinx/platforms/xilinx_u200_xdma_201830_2/hw/xilinx_u200_xdma_201830_2.dsa'
INFO: [v++ 74-74] Compiler Version string: 2020.2
INFO: [v++ 60-1302] Platform 'xilinx_u200_xdma_201830_2.xpfm' has been explicitly enabled for this release.
INFO: [v++ 60-629] Linking for hardware emulation target
INFO: [v++ 60-423]   Target device: xilinx_u200_xdma_201830_2
INFO: [v++ 60-1332] Run 'run_link' status: Not started
INFO: [v++ 60-1443] [19:01:07] Run run_link: Step system_link: Started
INFO: [v++ 60-1453] Command Line: system_link --xo /home/nomoto/src/StagedLSH/ver1.2/soft/u200/hw_emu/table_serch.xo -keep --config /home/nomoto/src/StagedLSH/ver1.2/soft/u200/hw_emu/_x/link/int/syslinkConfig.ini --xpfm /opt/xilinx/platforms/xilinx_u200_xdma_201830_2/xilinx_u200_xdma_201830_2.xpfm --target emu --output_dir /home/nomoto/src/StagedLSH/ver1.2/soft/u200/hw_emu/_x/link/int --temp_dir /home/nomoto/src/StagedLSH/ver1.2/soft/u200/hw_emu/_x/link/sys_link
INFO: [v++ 60-1454] Run Directory: /home/nomoto/src/StagedLSH/ver1.2/soft/u200/hw_emu/_x/link/run_link
INFO: [SYSTEM_LINK 60-1316] Initiating connection to rulecheck server, at Wed Apr 13 19:01:08 2022
INFO: [SYSTEM_LINK 82-70] Extracting xo v3 file /home/nomoto/src/StagedLSH/ver1.2/soft/u200/hw_emu/table_serch.xo
INFO: [SYSTEM_LINK 82-53] Creating IP database /home/nomoto/src/StagedLSH/ver1.2/soft/u200/hw_emu/_x/link/sys_link/_sysl/.cdb/xd_ip_db.xml
INFO: [SYSTEM_LINK 82-38] [19:01:08] build_xd_ip_db started: /opt/Vitis/2020.2/bin/build_xd_ip_db -ip_search 0  -sds-pf /home/nomoto/src/StagedLSH/ver1.2/soft/u200/hw_emu/_x/link/sys_link/emu/xilinx_u200_xdma_201830_2_emu.hpfm -clkid 0 -ip /home/nomoto/src/StagedLSH/ver1.2/soft/u200/hw_emu/_x/link/sys_link/iprepo/xilinx_com_hls_table_serch_1_0,table_serch -o /home/nomoto/src/StagedLSH/ver1.2/soft/u200/hw_emu/_x/link/sys_link/_sysl/.cdb/xd_ip_db.xml
INFO: [SYSTEM_LINK 82-37] [19:01:11] build_xd_ip_db finished successfully
Time (s): cpu = 00:00:04 ; elapsed = 00:00:03 . Memory (MB): peak = 1696.125 ; gain = 0.000 ; free physical = 94019 ; free virtual = 118459
INFO: [SYSTEM_LINK 82-51] Create system connectivity graph
INFO: [SYSTEM_LINK 82-102] Applying explicit connections to the system connectivity graph: /home/nomoto/src/StagedLSH/ver1.2/soft/u200/hw_emu/_x/link/sys_link/cfgraph/cfgen_cfgraph.xml
INFO: [SYSTEM_LINK 82-38] [19:01:11] cfgen started: /opt/Vitis/2020.2/bin/cfgen  -nk table_serch:1:table_serch_1 -sp table_serch_1.query:PLRAM[0] -sp table_serch_1.FP_DB:DDR[0] -sp table_serch_1.hash_table:DDR[1] -sp table_serch_1.hash_table_pointer:DDR[2] -sp table_serch_1.judge_temp:PLRAM[1] -dmclkid 0 -r /home/nomoto/src/StagedLSH/ver1.2/soft/u200/hw_emu/_x/link/sys_link/_sysl/.cdb/xd_ip_db.xml -o /home/nomoto/src/StagedLSH/ver1.2/soft/u200/hw_emu/_x/link/sys_link/cfgraph/cfgen_cfgraph.xml
INFO: [CFGEN 83-0] Kernel Specs: 
INFO: [CFGEN 83-0]   kernel: table_serch, num: 1  {table_serch_1}
INFO: [CFGEN 83-0] Port Specs: 
INFO: [CFGEN 83-0]   kernel: table_serch_1, k_port: query, sptag: PLRAM[0]
INFO: [CFGEN 83-0]   kernel: table_serch_1, k_port: FP_DB, sptag: DDR[0]
INFO: [CFGEN 83-0]   kernel: table_serch_1, k_port: hash_table, sptag: DDR[1]
INFO: [CFGEN 83-0]   kernel: table_serch_1, k_port: hash_table_pointer, sptag: DDR[2]
INFO: [CFGEN 83-0]   kernel: table_serch_1, k_port: judge_temp, sptag: PLRAM[1]
INFO: [CFGEN 83-2228] Creating mapping for argument table_serch_1.query to PLRAM[0] for directive table_serch_1.query:PLRAM[0]
INFO: [CFGEN 83-2228] Creating mapping for argument table_serch_1.FP_DB to DDR[0] for directive table_serch_1.FP_DB:DDR[0]
INFO: [CFGEN 83-2228] Creating mapping for argument table_serch_1.hash_table to DDR[1] for directive table_serch_1.hash_table:DDR[1]
INFO: [CFGEN 83-2228] Creating mapping for argument table_serch_1.hash_table_pointer to DDR[2] for directive table_serch_1.hash_table_pointer:DDR[2]
INFO: [CFGEN 83-2228] Creating mapping for argument table_serch_1.judge_temp to PLRAM[1] for directive table_serch_1.judge_temp:PLRAM[1]
INFO: [SYSTEM_LINK 82-37] [19:01:15] cfgen finished successfully
Time (s): cpu = 00:00:03 ; elapsed = 00:00:03 . Memory (MB): peak = 1696.125 ; gain = 0.000 ; free physical = 94017 ; free virtual = 118457
INFO: [SYSTEM_LINK 82-52] Create top-level block diagram
INFO: [SYSTEM_LINK 82-38] [19:01:15] cf2bd started: /opt/Vitis/2020.2/bin/cf2bd  --linux --trace_buffer 1024 --input_file /home/nomoto/src/StagedLSH/ver1.2/soft/u200/hw_emu/_x/link/sys_link/cfgraph/cfgen_cfgraph.xml --ip_db /home/nomoto/src/StagedLSH/ver1.2/soft/u200/hw_emu/_x/link/sys_link/_sysl/.cdb/xd_ip_db.xml --cf_name dr --working_dir /home/nomoto/src/StagedLSH/ver1.2/soft/u200/hw_emu/_x/link/sys_link/_sysl/.xsd --temp_dir /home/nomoto/src/StagedLSH/ver1.2/soft/u200/hw_emu/_x/link/sys_link --output_dir /home/nomoto/src/StagedLSH/ver1.2/soft/u200/hw_emu/_x/link/int --target_bd emu/emu.bd
INFO: [CF2BD 82-31] Launching cf2xd: cf2xd -linux -trace-buffer 1024 -i /home/nomoto/src/StagedLSH/ver1.2/soft/u200/hw_emu/_x/link/sys_link/cfgraph/cfgen_cfgraph.xml -r /home/nomoto/src/StagedLSH/ver1.2/soft/u200/hw_emu/_x/link/sys_link/_sysl/.cdb/xd_ip_db.xml -o dr.xml
INFO: [CF2BD 82-28] cf2xd finished successfully
INFO: [CF2BD 82-31] Launching cf_xsd: cf_xsd -disable-address-gen -bd emu/emu.bd -dn dr -dp /home/nomoto/src/StagedLSH/ver1.2/soft/u200/hw_emu/_x/link/sys_link/_sysl/.xsd
INFO: [CF2BD 82-28] cf_xsd finished successfully
INFO: [SYSTEM_LINK 82-37] [19:01:16] cf2bd finished successfully
Time (s): cpu = 00:00:02 ; elapsed = 00:00:02 . Memory (MB): peak = 1696.125 ; gain = 0.000 ; free physical = 94013 ; free virtual = 118456
INFO: [v++ 60-1441] [19:01:16] Run run_link: Step system_link: Completed
Time (s): cpu = 00:00:10 ; elapsed = 00:00:09 . Memory (MB): peak = 1587.840 ; gain = 0.000 ; free physical = 94052 ; free virtual = 118495
INFO: [v++ 60-1443] [19:01:16] Run run_link: Step cf2sw: Started
INFO: [v++ 60-1453] Command Line: cf2sw -sdsl /home/nomoto/src/StagedLSH/ver1.2/soft/u200/hw_emu/_x/link/int/sdsl.dat -rtd /home/nomoto/src/StagedLSH/ver1.2/soft/u200/hw_emu/_x/link/int/cf2sw.rtd -nofilter /home/nomoto/src/StagedLSH/ver1.2/soft/u200/hw_emu/_x/link/int/cf2sw_full.rtd -xclbin /home/nomoto/src/StagedLSH/ver1.2/soft/u200/hw_emu/_x/link/int/xclbin_orig.xml -o /home/nomoto/src/StagedLSH/ver1.2/soft/u200/hw_emu/_x/link/int/xclbin_orig.1.xml
INFO: [v++ 60-1454] Run Directory: /home/nomoto/src/StagedLSH/ver1.2/soft/u200/hw_emu/_x/link/run_link
INFO: [v++ 60-1441] [19:01:18] Run run_link: Step cf2sw: Completed
Time (s): cpu = 00:00:02 ; elapsed = 00:00:02 . Memory (MB): peak = 1587.840 ; gain = 0.000 ; free physical = 94052 ; free virtual = 118496
INFO: [v++ 60-1443] [19:01:18] Run run_link: Step rtd2_system_diagram: Started
INFO: [v++ 60-1453] Command Line: rtd2SystemDiagram
INFO: [v++ 60-1454] Run Directory: /home/nomoto/src/StagedLSH/ver1.2/soft/u200/hw_emu/_x/link/run_link
INFO: [v++ 60-1441] [19:01:19] Run run_link: Step rtd2_system_diagram: Completed
Time (s): cpu = 00:00:00 ; elapsed = 00:00:00.81 . Memory (MB): peak = 1587.840 ; gain = 0.000 ; free physical = 93548 ; free virtual = 117991
INFO: [v++ 60-1443] [19:01:19] Run run_link: Step vpl: Started
INFO: [v++ 60-1453] Command Line: vpl -t hw_emu -f xilinx_u200_xdma_201830_2 -g --remote_ip_cache /home/nomoto/src/StagedLSH/ver1.2/soft/u200/hw_emu/.ipcache -s --output_dir /home/nomoto/src/StagedLSH/ver1.2/soft/u200/hw_emu/_x/link/int --log_dir /home/nomoto/src/StagedLSH/ver1.2/soft/u200/hw_emu/_x/logs/link --report_dir /home/nomoto/src/StagedLSH/ver1.2/soft/u200/hw_emu/_x/reports/link --config /home/nomoto/src/StagedLSH/ver1.2/soft/u200/hw_emu/_x/link/int/vplConfig.ini -k /home/nomoto/src/StagedLSH/ver1.2/soft/u200/hw_emu/_x/link/int/kernel_info.dat --webtalk_flag Vitis --temp_dir /home/nomoto/src/StagedLSH/ver1.2/soft/u200/hw_emu/_x/link --emulation_mode debug_waveform --no-info --iprepo /home/nomoto/src/StagedLSH/ver1.2/soft/u200/hw_emu/_x/link/int/xo/ip_repo/xilinx_com_hls_table_serch_1_0 --messageDb /home/nomoto/src/StagedLSH/ver1.2/soft/u200/hw_emu/_x/link/run_link/vpl.pb /home/nomoto/src/StagedLSH/ver1.2/soft/u200/hw_emu/_x/link/int/dr.bd.tcl
INFO: [v++ 60-1454] Run Directory: /home/nomoto/src/StagedLSH/ver1.2/soft/u200/hw_emu/_x/link/run_link

****** vpl v2020.2 (64-bit)
  **** SW Build (by xbuild) on 2020-11-18-05:13:29
    ** Copyright 1986-2020 Xilinx, Inc. All Rights Reserved.

INFO: [VPL 60-839] Read in kernel information from file '/home/nomoto/src/StagedLSH/ver1.2/soft/u200/hw_emu/_x/link/int/kernel_info.dat'.
INFO: [VPL 74-74] Compiler Version string: 2020.2
INFO: [VPL 60-423]   Target device: xilinx_u200_xdma_201830_2
INFO: [VPL 60-1032] Extracting hardware platform to /home/nomoto/src/StagedLSH/ver1.2/soft/u200/hw_emu/_x/link/vivado/vpl/.local/hw_platform
WARNING: /opt/Vitis/2020.2/tps/lnx64/jre9.0.4 does not exist.
[19:01:35] Run vpl: Step create_project: Started
Creating Vivado project.
[19:01:42] Run vpl: Step create_project: Completed
[19:01:42] Run vpl: Step create_bd: Started
[19:02:08] Run vpl: Step create_bd: Completed
[19:02:08] Run vpl: Step update_bd: Started
[19:02:13] Run vpl: Step update_bd: Completed
[19:02:13] Run vpl: Step generate_target: Started
[19:02:35] Run vpl: Step generate_target: Completed
[19:02:35] Run vpl: Step config_hw_emu.gen_scripts: Started
[19:02:55] Run vpl: Step config_hw_emu.gen_scripts: Completed
[19:02:55] Run vpl: Step config_hw_emu.compile: Started
[19:03:17] Run vpl: Step config_hw_emu.compile: Completed
[19:03:17] Run vpl: Step config_hw_emu.elaborate: Started
[19:03:43] Run vpl: Step config_hw_emu.elaborate: Completed
[19:03:43] Run vpl: FINISHED. Run Status: config_hw_emu.elaborate Complete!
INFO: [v++ 60-1441] [19:03:43] Run run_link: Step vpl: Completed
Time (s): cpu = 00:00:12 ; elapsed = 00:02:24 . Memory (MB): peak = 1587.840 ; gain = 0.000 ; free physical = 91297 ; free virtual = 117013
INFO: [v++ 60-1443] [19:03:43] Run run_link: Step rtdgen: Started
INFO: [v++ 60-1453] Command Line: rtdgen
INFO: [v++ 60-1454] Run Directory: /home/nomoto/src/StagedLSH/ver1.2/soft/u200/hw_emu/_x/link/run_link
WARNING: /opt/Vitis/2020.2/tps/lnx64/jre9.0.4 does not exist.
WARNING: /opt/Vitis/2020.2/tps/lnx64/jre9.0.4 does not exist.
INFO: [v++ 60-991] clock name 'kernel2_clk/clk' (clock ID '1') is being mapped to clock name 'KERNEL_CLK' in the xclbin
INFO: [v++ 60-991] clock name 'kernel_clk/clk' (clock ID '0') is being mapped to clock name 'DATA_CLK' in the xclbin
INFO: [v++ 60-1230] The compiler selected the following frequencies for the runtime controllable kernel clock(s) and scalable system clock(s): Kernel (KERNEL) clock: kernel2_clk/clk = 500, Kernel (DATA) clock: kernel_clk/clk = 300
INFO: [v++ 60-1453] Command Line: cf2sw -a /home/nomoto/src/StagedLSH/ver1.2/soft/u200/hw_emu/_x/link/int/address_map.xml -sdsl /home/nomoto/src/StagedLSH/ver1.2/soft/u200/hw_emu/_x/link/int/sdsl.dat -xclbin /home/nomoto/src/StagedLSH/ver1.2/soft/u200/hw_emu/_x/link/int/xclbin_orig.xml -rtd /home/nomoto/src/StagedLSH/ver1.2/soft/u200/hw_emu/_x/link/int/table_serch.rtd -o /home/nomoto/src/StagedLSH/ver1.2/soft/u200/hw_emu/_x/link/int/table_serch.xml
INFO: [v++ 60-1652] Cf2sw returned exit code: 0
WARNING: /opt/Vitis/2020.2/tps/lnx64/jre9.0.4 does not exist.
WARNING: /opt/Vitis/2020.2/tps/lnx64/jre9.0.4 does not exist.
INFO: [v++ 60-2311] HPISystemDiagram::writeSystemDiagramAfterRunningVivado, rtdInputFilePath: /home/nomoto/src/StagedLSH/ver1.2/soft/u200/hw_emu/_x/link/int/table_serch.rtd
INFO: [v++ 60-2312] HPISystemDiagram::writeSystemDiagramAfterRunningVivado, systemDiagramOutputFilePath: /home/nomoto/src/StagedLSH/ver1.2/soft/u200/hw_emu/_x/link/int/systemDiagramModelSlrBaseAddress.json
INFO: [v++ 60-1618] Launching 
INFO: [v++ 60-1441] [19:03:52] Run run_link: Step rtdgen: Completed
Time (s): cpu = 00:00:09 ; elapsed = 00:00:09 . Memory (MB): peak = 1587.840 ; gain = 0.000 ; free physical = 92614 ; free virtual = 118367
INFO: [v++ 60-1443] [19:03:52] Run run_link: Step xclbinutil: Started
INFO: [v++ 60-1453] Command Line: xclbinutil --add-section DEBUG_DATA:RAW:/home/nomoto/src/StagedLSH/ver1.2/soft/u200/hw_emu/_x/link/int/consolidated.cf --add-section DEBUG_IP_LAYOUT:JSON:/home/nomoto/src/StagedLSH/ver1.2/soft/u200/hw_emu/_x/link/int/debug_ip_layout.rtd --add-section BITSTREAM:RAW:/home/nomoto/src/StagedLSH/ver1.2/soft/u200/hw_emu/_x/link/int/behav.xse --force --target hw_emu --key-value SYS:dfx_enable:false --add-section :JSON:/home/nomoto/src/StagedLSH/ver1.2/soft/u200/hw_emu/_x/link/int/table_serch.rtd --append-section :JSON:/home/nomoto/src/StagedLSH/ver1.2/soft/u200/hw_emu/_x/link/int/appendSection.rtd --add-section CLOCK_FREQ_TOPOLOGY:JSON:/home/nomoto/src/StagedLSH/ver1.2/soft/u200/hw_emu/_x/link/int/table_serch_xml.rtd --add-section BUILD_METADATA:JSON:/home/nomoto/src/StagedLSH/ver1.2/soft/u200/hw_emu/_x/link/int/table_serch_build.rtd --add-section EMBEDDED_METADATA:RAW:/home/nomoto/src/StagedLSH/ver1.2/soft/u200/hw_emu/_x/link/int/table_serch.xml --add-section SYSTEM_METADATA:RAW:/home/nomoto/src/StagedLSH/ver1.2/soft/u200/hw_emu/_x/link/int/systemDiagramModelSlrBaseAddress.json --output /home/nomoto/src/StagedLSH/ver1.2/soft/u200/hw_emu/table_serch.xclbin
INFO: [v++ 60-1454] Run Directory: /home/nomoto/src/StagedLSH/ver1.2/soft/u200/hw_emu/_x/link/run_link
XRT Build Version: 2.8.743 (2020.2)
       Build Date: 2020-11-16 00:19:11
          Hash ID: 77d5484b5c4daa691a7f78235053fb036829b1e9
Creating a default 'in-memory' xclbin image.

Section: 'DEBUG_DATA'(4) was successfully added.
Size   : 410135 bytes
Format : RAW
File   : '/home/nomoto/src/StagedLSH/ver1.2/soft/u200/hw_emu/_x/link/int/consolidated.cf'

Section: 'DEBUG_IP_LAYOUT'(9) was successfully added.
Size   : 1304 bytes
Format : JSON
File   : '/home/nomoto/src/StagedLSH/ver1.2/soft/u200/hw_emu/_x/link/int/debug_ip_layout.rtd'

Section: 'BITSTREAM'(0) was successfully added.
Size   : 29562641 bytes
Format : RAW
File   : '/home/nomoto/src/StagedLSH/ver1.2/soft/u200/hw_emu/_x/link/int/behav.xse'

Section: 'MEM_TOPOLOGY'(6) was successfully added.
Format : JSON
File   : 'mem_topology'

Section: 'IP_LAYOUT'(8) was successfully added.
Format : JSON
File   : 'ip_layout'

Section: 'CONNECTIVITY'(7) was successfully added.
Format : JSON
File   : 'connectivity'

Section: 'CLOCK_FREQ_TOPOLOGY'(11) was successfully added.
Size   : 274 bytes
Format : JSON
File   : '/home/nomoto/src/StagedLSH/ver1.2/soft/u200/hw_emu/_x/link/int/table_serch_xml.rtd'

Section: 'BUILD_METADATA'(14) was successfully added.
Size   : 3736 bytes
Format : JSON
File   : '/home/nomoto/src/StagedLSH/ver1.2/soft/u200/hw_emu/_x/link/int/table_serch_build.rtd'

Section: 'EMBEDDED_METADATA'(2) was successfully added.
Size   : 4424 bytes
Format : RAW
File   : '/home/nomoto/src/StagedLSH/ver1.2/soft/u200/hw_emu/_x/link/int/table_serch.xml'

Section: 'SYSTEM_METADATA'(22) was successfully added.
Size   : 9037 bytes
Format : RAW
File   : '/home/nomoto/src/StagedLSH/ver1.2/soft/u200/hw_emu/_x/link/int/systemDiagramModelSlrBaseAddress.json'

Section: 'IP_LAYOUT'(8) was successfully appended to.
Format : JSON
File   : 'ip_layout'
Successfully wrote (30004267 bytes) to the output file: /home/nomoto/src/StagedLSH/ver1.2/soft/u200/hw_emu/table_serch.xclbin
Leaving xclbinutil.
INFO: [v++ 60-1441] [19:03:52] Run run_link: Step xclbinutil: Completed
Time (s): cpu = 00:00:00.08 ; elapsed = 00:00:00.33 . Memory (MB): peak = 1587.840 ; gain = 0.000 ; free physical = 92732 ; free virtual = 118368
INFO: [v++ 60-1443] [19:03:52] Run run_link: Step xclbinutilinfo: Started
INFO: [v++ 60-1453] Command Line: xclbinutil --quiet --force --info /home/nomoto/src/StagedLSH/ver1.2/soft/u200/hw_emu/table_serch.xclbin.info --input /home/nomoto/src/StagedLSH/ver1.2/soft/u200/hw_emu/table_serch.xclbin
INFO: [v++ 60-1454] Run Directory: /home/nomoto/src/StagedLSH/ver1.2/soft/u200/hw_emu/_x/link/run_link
INFO: [v++ 60-1441] [19:03:52] Run run_link: Step xclbinutilinfo: Completed
Time (s): cpu = 00:00:00.25 ; elapsed = 00:00:00.26 . Memory (MB): peak = 1587.840 ; gain = 0.000 ; free physical = 92731 ; free virtual = 118367
INFO: [v++ 60-1443] [19:03:52] Run run_link: Step generate_sc_driver: Started
INFO: [v++ 60-1453] Command Line: 
INFO: [v++ 60-1454] Run Directory: /home/nomoto/src/StagedLSH/ver1.2/soft/u200/hw_emu/_x/link/run_link
INFO: [v++ 60-1441] [19:03:52] Run run_link: Step generate_sc_driver: Completed
Time (s): cpu = 00:00:00 ; elapsed = 00:00:00 . Memory (MB): peak = 1587.840 ; gain = 0.000 ; free physical = 92731 ; free virtual = 118367
INFO: [v++ 60-244] Generating system estimate report...
INFO: [v++ 60-1092] Generated system estimate report: /home/nomoto/src/StagedLSH/ver1.2/soft/u200/hw_emu/_x/reports/link/system_estimate_table_serch.xtxt
INFO: [v++ 60-586] Created table_serch.xclbin
INFO: [v++ 60-1307] Run completed. Additional information can be found in:
	Guidance: /home/nomoto/src/StagedLSH/ver1.2/soft/u200/hw_emu/_x/reports/link/v++_link_table_serch_guidance.html
	Steps Log File: /home/nomoto/src/StagedLSH/ver1.2/soft/u200/hw_emu/_x/logs/link/link.steps.log

INFO: [v++ 60-2343] Use the vitis_analyzer tool to visualize and navigate the relevant reports. Run the following command. 
    vitis_analyzer /home/nomoto/src/StagedLSH/ver1.2/soft/u200/hw_emu/table_serch.xclbin.link_summary 
INFO: [v++ 60-791] Total elapsed time: 0h 3m 2s
