INFO: [SIM 2] *************** CSIM start ***************
INFO: [SIM 4] CSIM will launch GCC as the compiler.
   Compiling ../../../../../src/table_serch.cpp in debug mode
   Generating csim.exe
処理開始
StagedLSH[Yan]
楽曲数 : 1000
BER : 20.000000 %
Hash値bit数 : 13 bit
Hash関数個数 : 6 個
試行回数 : 1 回
DB作成完了
フレーム先頭位置格納完了

Hashテーブルへの要素格納完了

正解率 : 100.000000 %
不正解率 : 0.000000 %
未発見 : 0.000000 %

平均発見時間 : 0.001837 s
最大発見時間 : 0.001837 s
最小発見時間 : 0.001837 s
処理終了
INFO: [SIM 1] CSim done with 0 errors.
INFO: [SIM 3] *************** CSIM finish ***************
