

================================================================
== Vitis HLS Report for 'hid_cal'
================================================================
* Date:           Fri Jun  3 08:30:14 2022

* Version:        2020.2 (Build 3064766 on Wed Nov 18 09:12:47 MST 2020)
* Project:        yan
* Solution:       solution1 (Vitis Kernel Flow Target)
* Product family: virtexuplus
* Target device:  xcu200-fsgd2104-2-e


================================================================
== Performance Estimates
================================================================
+ Timing: 
    * Summary: 
    +--------+----------+----------+------------+
    |  Clock |  Target  | Estimated| Uncertainty|
    +--------+----------+----------+------------+
    |ap_clk  |  10.00 ns|  1.181 ns|     2.70 ns|
    +--------+----------+----------+------------+

+ Latency: 
    * Summary: 
    +---------+---------+----------+----------+-----+-----+---------+
    |  Latency (cycles) |  Latency (absolute) |  Interval | Pipeline|
    |   min   |   max   |    min   |    max   | min | max |   Type  |
    +---------+---------+----------+----------+-----+-----+---------+
    |        0|        0|      0 ns|      0 ns|    0|    0|     none|
    +---------+---------+----------+----------+-----+-----+---------+

    + Detail: 
        * Instance: 
        N/A

        * Loop: 
        N/A



================================================================
== Utilization Estimates
================================================================
* Summary: 
+---------------------+---------+------+---------+---------+-----+
|         Name        | BRAM_18K|  DSP |    FF   |   LUT   | URAM|
+---------------------+---------+------+---------+---------+-----+
|DSP                  |        -|     -|        -|        -|    -|
|Expression           |        -|     -|        0|      249|    -|
|FIFO                 |        -|     -|        -|        -|    -|
|Instance             |        -|     -|        -|        -|    -|
|Memory               |        -|     -|        -|        -|    -|
|Multiplexer          |        -|     -|        -|        -|    -|
|Register             |        -|     -|        -|        -|    -|
+---------------------+---------+------+---------+---------+-----+
|Total                |        0|     0|        0|      249|    0|
+---------------------+---------+------+---------+---------+-----+
|Available SLR        |     1440|  2280|   788160|   394080|  320|
+---------------------+---------+------+---------+---------+-----+
|Utilization SLR (%)  |        0|     0|        0|       ~0|    0|
+---------------------+---------+------+---------+---------+-----+
|Available            |     4320|  6840|  2364480|  1182240|  960|
+---------------------+---------+------+---------+---------+-----+
|Utilization (%)      |        0|     0|        0|       ~0|    0|
+---------------------+---------+------+---------+---------+-----+

+ Detail: 
    * Instance: 
    N/A

    * DSP: 
    N/A

    * Memory: 
    N/A

    * FIFO: 
    N/A

    * Expression: 
    +-------------------------+----------+----+---+----+------------+------------+
    |      Variable Name      | Operation| DSP| FF| LUT| Bitwidth P0| Bitwidth P1|
    +-------------------------+----------+----+---+----+------------+------------+
    |icmp_ln65_1_fu_760_p2    |      icmp|   0|  0|   9|           3|           4|
    |icmp_ln65_2_fu_766_p2    |      icmp|   0|  0|   8|           3|           2|
    |icmp_ln65_3_fu_772_p2    |      icmp|   0|  0|   8|           3|           2|
    |icmp_ln65_4_fu_778_p2    |      icmp|   0|  0|   8|           3|           1|
    |icmp_ln65_5_fu_784_p2    |      icmp|   0|  0|   8|           3|           1|
    |icmp_ln65_fu_754_p2      |      icmp|   0|  0|   8|           3|           3|
    |or_ln65_1_fu_812_p2      |        or|   0|  0|   2|           1|           1|
    |or_ln65_2_fu_826_p2      |        or|   0|  0|   2|           1|           1|
    |or_ln65_3_fu_840_p2      |        or|   0|  0|   2|           1|           1|
    |or_ln65_fu_798_p2        |        or|   0|  0|   2|           1|           1|
    |ap_return                |    select|   0|  0|  32|           1|          32|
    |select_ln65_1_fu_804_p3  |    select|   0|  0|  32|           1|          32|
    |select_ln65_2_fu_818_p3  |    select|   0|  0|  32|           1|          32|
    |select_ln65_3_fu_832_p3  |    select|   0|  0|  32|           1|          32|
    |select_ln65_4_fu_846_p3  |    select|   0|  0|  32|           1|          32|
    |select_ln65_fu_790_p3    |    select|   0|  0|  32|           1|          32|
    +-------------------------+----------+----+---+----+------------+------------+
    |Total                    |          |   0|  0| 249|          28|         209|
    +-------------------------+----------+----+---+----+------------+------------+

    * Multiplexer: 
    N/A

    * Register: 
    N/A



================================================================
== Interface
================================================================
* Summary: 
+-----------+-----+-----+------------+--------------+--------------+
| RTL Ports | Dir | Bits|  Protocol  | Source Object|    C Type    |
+-----------+-----+-----+------------+--------------+--------------+
|ap_ready   |  out|    1|  ap_ctrl_hs|       hid_cal|  return value|
|ap_return  |  out|   32|  ap_ctrl_hs|       hid_cal|  return value|
|flame96    |   in|   96|     ap_none|       flame96|        scalar|
|L          |   in|    3|     ap_none|             L|        scalar|
+-----------+-----+-----+------------+--------------+--------------+

