

================================================================
== Vitis HLS Report for 'table_serch'
================================================================
* Date:           Fri Jun  3 08:30:20 2022

* Version:        2020.2 (Build 3064766 on Wed Nov 18 09:12:47 MST 2020)
* Project:        yan
* Solution:       solution1 (Vitis Kernel Flow Target)
* Product family: virtexuplus
* Target device:  xcu200-fsgd2104-2-e


================================================================
== Performance Estimates
================================================================
+ Timing: 
    * Summary: 
    +--------+----------+----------+------------+
    |  Clock |  Target  | Estimated| Uncertainty|
    +--------+----------+----------+------------+
    |ap_clk  |  10.00 ns|  7.300 ns|     2.70 ns|
    +--------+----------+----------+------------+

+ Latency: 
    * Summary: 
    +---------+---------+----------+----------+-----+-----+---------+
    |  Latency (cycles) |  Latency (absolute) |  Interval | Pipeline|
    |   min   |   max   |    min   |    max   | min | max |   Type  |
    +---------+---------+----------+----------+-----+-----+---------+
    |        ?|        ?|         ?|         ?|    ?|    ?|     none|
    +---------+---------+----------+----------+-----+-----+---------+

    + Detail: 
        * Instance: 
        +-------------------------+--------------+---------+---------+----------+----------+-----+-----+---------+
        |                         |              |  Latency (cycles) |  Latency (absolute) |  Interval | Pipeline|
        |         Instance        |    Module    |   min   |   max   |    min   |    max   | min | max |   Type  |
        +-------------------------+--------------+---------+---------+----------+----------+-----+-----+---------+
        |grp_backet_serch_fu_299  |backet_serch  |        ?|        ?|         ?|         ?|    ?|    ?|     none|
        |grp_hid_cal_fu_317       |hid_cal       |        0|        0|      0 ns|      0 ns|    0|    0|     none|
        +-------------------------+--------------+---------+---------+----------+----------+-----+-----+---------+

        * Loop: 
        +---------------+---------+---------+----------+-----------+-----------+---------+----------+
        |               |  Latency (cycles) | Iteration|  Initiation Interval  |   Trip  |          |
        |   Loop Name   |   min   |   max   |  Latency |  achieved |   target  |  Count  | Pipelined|
        +---------------+---------+---------+----------+-----------+-----------+---------+----------+
        |- flame_serch  |        ?|        ?|         ?|          -|          -|  1 ~ 126|        no|
        +---------------+---------+---------+----------+-----------+-----------+---------+----------+



================================================================
== Utilization Estimates
================================================================
* Summary: 
+---------------------+---------+------+---------+---------+-----+
|         Name        | BRAM_18K|  DSP |    FF   |   LUT   | URAM|
+---------------------+---------+------+---------+---------+-----+
|DSP                  |        -|     -|        -|        -|    -|
|Expression           |        -|     -|        0|     2318|    -|
|FIFO                 |        -|     -|        -|        -|    -|
|Instance             |       66|     -|     9659|    24695|    -|
|Memory               |        -|     -|        -|        -|    -|
|Multiplexer          |        -|     -|        -|     1557|    -|
|Register             |        -|     -|     1595|        -|    -|
+---------------------+---------+------+---------+---------+-----+
|Total                |       66|     0|    11254|    28570|    0|
+---------------------+---------+------+---------+---------+-----+
|Available SLR        |     1440|  2280|   788160|   394080|  320|
+---------------------+---------+------+---------+---------+-----+
|Utilization SLR (%)  |        4|     0|        1|        7|    0|
+---------------------+---------+------+---------+---------+-----+
|Available            |     4320|  6840|  2364480|  1182240|  960|
+---------------------+---------+------+---------+---------+-----+
|Utilization (%)      |        1|     0|       ~0|        2|    0|
+---------------------+---------+------+---------+---------+-----+

+ Detail: 
    * Instance: 
    +-------------------------+----------------------+---------+----+------+-------+-----+
    |         Instance        |        Module        | BRAM_18K| DSP|  FF  |  LUT  | URAM|
    +-------------------------+----------------------+---------+----+------+-------+-----+
    |DB_aximm0_m_axi_U        |DB_aximm0_m_axi       |       30|   0|  1415|   1585|    0|
    |grp_backet_serch_fu_299  |backet_serch          |        0|   0|  4907|  18856|    0|
    |control_s_axi_U          |control_s_axi         |        0|   0|   386|    680|    0|
    |grp_hid_cal_fu_317       |hid_cal               |        0|   0|     0|    249|    0|
    |judge_plram1_m_axi_U     |judge_plram1_m_axi    |        2|   0|   512|    580|    0|
    |pointer_aximm2_m_axi_U   |pointer_aximm2_m_axi  |        2|   0|   512|    580|    0|
    |query_plram0_m_axi_U     |query_plram0_m_axi    |       30|   0|  1415|   1585|    0|
    |table_aximm1_m_axi_U     |table_aximm1_m_axi    |        2|   0|   512|    580|    0|
    +-------------------------+----------------------+---------+----+------+-------+-----+
    |Total                    |                      |       66|   0|  9659|  24695|    0|
    +-------------------------+----------------------+---------+----+------+-------+-----+

    * DSP: 
    N/A

    * Memory: 
    N/A

    * FIFO: 
    N/A

    * Expression: 
    +--------------------------------------+----------+----+---+------+------------+------------+
    |             Variable Name            | Operation| DSP| FF|  LUT | Bitwidth P0| Bitwidth P1|
    +--------------------------------------+----------+----+---+------+------------+------------+
    |add_ln341_fu_387_p2                   |         +|   0|  0|    14|           7|           1|
    |add_ln344_1_fu_423_p2                 |         +|   0|  0|    71|          64|          64|
    |add_ln344_2_fu_438_p2                 |         +|   0|  0|    13|           6|           4|
    |add_ln344_3_fu_444_p2                 |         +|   0|  0|    13|           6|           6|
    |add_ln344_fu_413_p2                   |         +|   0|  0|    16|           9|           4|
    |ap_block_state157_io                  |       and|   0|  0|     2|           1|           1|
    |ap_block_state157_on_subcall_done     |       and|   0|  0|     2|           1|           1|
    |ap_predicate_op456_call_state157      |       and|   0|  0|     2|           1|           1|
    |icmp_ln341_fu_381_p2                  |      icmp|   0|  0|    10|           7|           3|
    |lshr_ln344_fu_470_p2                  |      lshr|   0|  0|  2171|         512|         512|
    |ap_block_state1                       |        or|   0|  0|     2|           1|           1|
    |ap_predicate_op463_writereq_state157  |        or|   0|  0|     2|           1|           1|
    +--------------------------------------+----------+----+---+------+------------+------------+
    |Total                                 |          |   0|  0|  2318|         616|         599|
    +--------------------------------------+----------+----+---+------+------------+------------+

    * Multiplexer: 
    +---------------------------------+------+-----------+-----+-----------+
    |               Name              |  LUT | Input Size| Bits| Total Bits|
    +---------------------------------+------+-----------+-----+-----------+
    |DB_aximm0_ARVALID                |     9|          2|    1|          2|
    |DB_aximm0_RREADY                 |     9|          2|    1|          2|
    |ap_NS_fsm                        |  1205|        227|    1|        227|
    |ap_done                          |     9|          2|    1|          2|
    |flame_index_reg_234              |     9|          2|    7|         14|
    |grp_backet_serch_fu_299_hash_id  |    14|          3|   32|         96|
    |grp_hid_cal_fu_317_L             |    37|          7|    3|         21|
    |grp_hid_cal_fu_317_flame96       |    14|          3|   96|        288|
    |judge_plram1_blk_n_AW            |     9|          2|    1|          2|
    |judge_plram1_blk_n_B             |     9|          2|    1|          2|
    |judge_plram1_blk_n_W             |     9|          2|    1|          2|
    |music_index_2130_reg_278         |     9|          2|   32|         64|
    |pointer_aximm2_ARVALID           |     9|          2|    1|          2|
    |pointer_aximm2_RREADY            |     9|          2|    1|          2|
    |query_plram0_ARADDR              |    20|          4|   64|        256|
    |query_plram0_ARBURST             |     9|          2|    2|          4|
    |query_plram0_ARCACHE             |     9|          2|    4|          8|
    |query_plram0_ARID                |     9|          2|    1|          2|
    |query_plram0_ARLEN               |    14|          3|   32|         96|
    |query_plram0_ARLOCK              |     9|          2|    2|          4|
    |query_plram0_ARPROT              |     9|          2|    3|          6|
    |query_plram0_ARQOS               |     9|          2|    4|          8|
    |query_plram0_ARREGION            |     9|          2|    4|          8|
    |query_plram0_ARSIZE              |     9|          2|    3|          6|
    |query_plram0_ARUSER              |     9|          2|    1|          2|
    |query_plram0_ARVALID             |    14|          3|    1|          3|
    |query_plram0_RREADY              |    14|          3|    1|          3|
    |query_plram0_blk_n_AR            |     9|          2|    1|          2|
    |query_plram0_blk_n_R             |     9|          2|    1|          2|
    |table_aximm1_ARVALID             |     9|          2|    1|          2|
    |table_aximm1_RREADY              |     9|          2|    1|          2|
    |tempA32_V_3_reg_245              |     9|          2|   32|         64|
    |tempB32_V_3_reg_255              |     9|          2|   32|         64|
    +---------------------------------+------+-----------+-----+-----------+
    |Total                            |  1557|        303|  369|       1268|
    +---------------------------------+------+-----------+-----+-----------+

    * Register: 
    +--------------------------------------+-----+----+-----+-----------+
    |                 Name                 |  FF | LUT| Bits| Const Bits|
    +--------------------------------------+-----+----+-----+-----------+
    |FP_DB_read_reg_526                    |   64|   0|   64|          0|
    |add_ln341_reg_567                     |    7|   0|    7|          0|
    |add_ln344_3_reg_577                   |    6|   0|    6|          0|
    |ap_CS_fsm                             |  226|   0|  226|          0|
    |ap_done_reg                           |    1|   0|    1|          0|
    |ap_rst_n_inv                          |    1|   0|    1|          0|
    |ap_rst_reg_1                          |    1|   0|    1|          0|
    |ap_rst_reg_2                          |    1|   0|    1|          0|
    |call_5_phi_reg_266                    |   32|   0|   32|          0|
    |call_ret9_reg_649                     |   32|   0|   32|          0|
    |flame_index_reg_234                   |    7|   0|    7|          0|
    |grp_backet_serch_fu_299_ap_start_reg  |    1|   0|    1|          0|
    |hash_table_pointer_read_reg_516       |   64|   0|   64|          0|
    |hash_table_read_reg_521               |   64|   0|   64|          0|
    |icmp_ln341_reg_563                    |    1|   0|    1|          0|
    |judge_temp_read_reg_511               |   64|   0|   64|          0|
    |music_index_2130_reg_278              |   32|   0|   32|          0|
    |p_Result_s_reg_598                    |   96|   0|   96|          0|
    |query_plram0_addr_1_read_reg_588      |  512|   0|  512|          0|
    |query_read_reg_531                    |   64|   0|   64|          0|
    |reg_338                               |   32|   0|   32|          0|
    |tempA32_V_3_reg_245                   |   32|   0|   32|          0|
    |tempA32_V_reg_553                     |   32|   0|   32|          0|
    |tempB32_V_3_reg_255                   |   32|   0|   32|          0|
    |tempB32_V_reg_558                     |   32|   0|   32|          0|
    |tempC32_V_reg_593                     |   32|   0|   32|          0|
    |tmp_1_reg_609                         |    1|   0|    1|          0|
    |tmp_2_reg_618                         |    1|   0|    1|          0|
    |tmp_3_reg_627                         |    1|   0|    1|          0|
    |tmp_4_reg_636                         |    1|   0|    1|          0|
    |tmp_5_reg_645                         |    1|   0|    1|          0|
    |trunc_ln336_1_reg_537                 |   58|   0|   58|          0|
    |trunc_ln344_2_reg_572                 |   58|   0|   58|          0|
    |trunc_ln344_reg_542                   |    6|   0|    6|          0|
    +--------------------------------------+-----+----+-----+-----------+
    |Total                                 | 1595|   0| 1595|          0|
    +--------------------------------------+-----+----+-----+-----------+



================================================================
== Interface
================================================================
* Summary: 
+-------------------------------+-----+-----+---------------+----------------+--------------+
|           RTL Ports           | Dir | Bits|    Protocol   |  Source Object |    C Type    |
+-------------------------------+-----+-----+---------------+----------------+--------------+
|s_axi_control_AWVALID          |   in|    1|          s_axi|         control|        scalar|
|s_axi_control_AWREADY          |  out|    1|          s_axi|         control|        scalar|
|s_axi_control_AWADDR           |   in|    7|          s_axi|         control|        scalar|
|s_axi_control_WVALID           |   in|    1|          s_axi|         control|        scalar|
|s_axi_control_WREADY           |  out|    1|          s_axi|         control|        scalar|
|s_axi_control_WDATA            |   in|   32|          s_axi|         control|        scalar|
|s_axi_control_WSTRB            |   in|    4|          s_axi|         control|        scalar|
|s_axi_control_ARVALID          |   in|    1|          s_axi|         control|        scalar|
|s_axi_control_ARREADY          |  out|    1|          s_axi|         control|        scalar|
|s_axi_control_ARADDR           |   in|    7|          s_axi|         control|        scalar|
|s_axi_control_RVALID           |  out|    1|          s_axi|         control|        scalar|
|s_axi_control_RREADY           |   in|    1|          s_axi|         control|        scalar|
|s_axi_control_RDATA            |  out|   32|          s_axi|         control|        scalar|
|s_axi_control_RRESP            |  out|    2|          s_axi|         control|        scalar|
|s_axi_control_BVALID           |  out|    1|          s_axi|         control|        scalar|
|s_axi_control_BREADY           |   in|    1|          s_axi|         control|        scalar|
|s_axi_control_BRESP            |  out|    2|          s_axi|         control|        scalar|
|ap_clk                         |   in|    1|  ap_ctrl_chain|     table_serch|  return value|
|ap_rst_n                       |   in|    1|  ap_ctrl_chain|     table_serch|  return value|
|interrupt                      |  out|    1|  ap_ctrl_chain|     table_serch|  return value|
|m_axi_query_plram0_AWVALID     |  out|    1|          m_axi|    query_plram0|       pointer|
|m_axi_query_plram0_AWREADY     |   in|    1|          m_axi|    query_plram0|       pointer|
|m_axi_query_plram0_AWADDR      |  out|   64|          m_axi|    query_plram0|       pointer|
|m_axi_query_plram0_AWID        |  out|    1|          m_axi|    query_plram0|       pointer|
|m_axi_query_plram0_AWLEN       |  out|    8|          m_axi|    query_plram0|       pointer|
|m_axi_query_plram0_AWSIZE      |  out|    3|          m_axi|    query_plram0|       pointer|
|m_axi_query_plram0_AWBURST     |  out|    2|          m_axi|    query_plram0|       pointer|
|m_axi_query_plram0_AWLOCK      |  out|    2|          m_axi|    query_plram0|       pointer|
|m_axi_query_plram0_AWCACHE     |  out|    4|          m_axi|    query_plram0|       pointer|
|m_axi_query_plram0_AWPROT      |  out|    3|          m_axi|    query_plram0|       pointer|
|m_axi_query_plram0_AWQOS       |  out|    4|          m_axi|    query_plram0|       pointer|
|m_axi_query_plram0_AWREGION    |  out|    4|          m_axi|    query_plram0|       pointer|
|m_axi_query_plram0_AWUSER      |  out|    1|          m_axi|    query_plram0|       pointer|
|m_axi_query_plram0_WVALID      |  out|    1|          m_axi|    query_plram0|       pointer|
|m_axi_query_plram0_WREADY      |   in|    1|          m_axi|    query_plram0|       pointer|
|m_axi_query_plram0_WDATA       |  out|  512|          m_axi|    query_plram0|       pointer|
|m_axi_query_plram0_WSTRB       |  out|   64|          m_axi|    query_plram0|       pointer|
|m_axi_query_plram0_WLAST       |  out|    1|          m_axi|    query_plram0|       pointer|
|m_axi_query_plram0_WID         |  out|    1|          m_axi|    query_plram0|       pointer|
|m_axi_query_plram0_WUSER       |  out|    1|          m_axi|    query_plram0|       pointer|
|m_axi_query_plram0_ARVALID     |  out|    1|          m_axi|    query_plram0|       pointer|
|m_axi_query_plram0_ARREADY     |   in|    1|          m_axi|    query_plram0|       pointer|
|m_axi_query_plram0_ARADDR      |  out|   64|          m_axi|    query_plram0|       pointer|
|m_axi_query_plram0_ARID        |  out|    1|          m_axi|    query_plram0|       pointer|
|m_axi_query_plram0_ARLEN       |  out|    8|          m_axi|    query_plram0|       pointer|
|m_axi_query_plram0_ARSIZE      |  out|    3|          m_axi|    query_plram0|       pointer|
|m_axi_query_plram0_ARBURST     |  out|    2|          m_axi|    query_plram0|       pointer|
|m_axi_query_plram0_ARLOCK      |  out|    2|          m_axi|    query_plram0|       pointer|
|m_axi_query_plram0_ARCACHE     |  out|    4|          m_axi|    query_plram0|       pointer|
|m_axi_query_plram0_ARPROT      |  out|    3|          m_axi|    query_plram0|       pointer|
|m_axi_query_plram0_ARQOS       |  out|    4|          m_axi|    query_plram0|       pointer|
|m_axi_query_plram0_ARREGION    |  out|    4|          m_axi|    query_plram0|       pointer|
|m_axi_query_plram0_ARUSER      |  out|    1|          m_axi|    query_plram0|       pointer|
|m_axi_query_plram0_RVALID      |   in|    1|          m_axi|    query_plram0|       pointer|
|m_axi_query_plram0_RREADY      |  out|    1|          m_axi|    query_plram0|       pointer|
|m_axi_query_plram0_RDATA       |   in|  512|          m_axi|    query_plram0|       pointer|
|m_axi_query_plram0_RLAST       |   in|    1|          m_axi|    query_plram0|       pointer|
|m_axi_query_plram0_RID         |   in|    1|          m_axi|    query_plram0|       pointer|
|m_axi_query_plram0_RUSER       |   in|    1|          m_axi|    query_plram0|       pointer|
|m_axi_query_plram0_RRESP       |   in|    2|          m_axi|    query_plram0|       pointer|
|m_axi_query_plram0_BVALID      |   in|    1|          m_axi|    query_plram0|       pointer|
|m_axi_query_plram0_BREADY      |  out|    1|          m_axi|    query_plram0|       pointer|
|m_axi_query_plram0_BRESP       |   in|    2|          m_axi|    query_plram0|       pointer|
|m_axi_query_plram0_BID         |   in|    1|          m_axi|    query_plram0|       pointer|
|m_axi_query_plram0_BUSER       |   in|    1|          m_axi|    query_plram0|       pointer|
|m_axi_DB_aximm0_AWVALID        |  out|    1|          m_axi|       DB_aximm0|       pointer|
|m_axi_DB_aximm0_AWREADY        |   in|    1|          m_axi|       DB_aximm0|       pointer|
|m_axi_DB_aximm0_AWADDR         |  out|   64|          m_axi|       DB_aximm0|       pointer|
|m_axi_DB_aximm0_AWID           |  out|    1|          m_axi|       DB_aximm0|       pointer|
|m_axi_DB_aximm0_AWLEN          |  out|    8|          m_axi|       DB_aximm0|       pointer|
|m_axi_DB_aximm0_AWSIZE         |  out|    3|          m_axi|       DB_aximm0|       pointer|
|m_axi_DB_aximm0_AWBURST        |  out|    2|          m_axi|       DB_aximm0|       pointer|
|m_axi_DB_aximm0_AWLOCK         |  out|    2|          m_axi|       DB_aximm0|       pointer|
|m_axi_DB_aximm0_AWCACHE        |  out|    4|          m_axi|       DB_aximm0|       pointer|
|m_axi_DB_aximm0_AWPROT         |  out|    3|          m_axi|       DB_aximm0|       pointer|
|m_axi_DB_aximm0_AWQOS          |  out|    4|          m_axi|       DB_aximm0|       pointer|
|m_axi_DB_aximm0_AWREGION       |  out|    4|          m_axi|       DB_aximm0|       pointer|
|m_axi_DB_aximm0_AWUSER         |  out|    1|          m_axi|       DB_aximm0|       pointer|
|m_axi_DB_aximm0_WVALID         |  out|    1|          m_axi|       DB_aximm0|       pointer|
|m_axi_DB_aximm0_WREADY         |   in|    1|          m_axi|       DB_aximm0|       pointer|
|m_axi_DB_aximm0_WDATA          |  out|  512|          m_axi|       DB_aximm0|       pointer|
|m_axi_DB_aximm0_WSTRB          |  out|   64|          m_axi|       DB_aximm0|       pointer|
|m_axi_DB_aximm0_WLAST          |  out|    1|          m_axi|       DB_aximm0|       pointer|
|m_axi_DB_aximm0_WID            |  out|    1|          m_axi|       DB_aximm0|       pointer|
|m_axi_DB_aximm0_WUSER          |  out|    1|          m_axi|       DB_aximm0|       pointer|
|m_axi_DB_aximm0_ARVALID        |  out|    1|          m_axi|       DB_aximm0|       pointer|
|m_axi_DB_aximm0_ARREADY        |   in|    1|          m_axi|       DB_aximm0|       pointer|
|m_axi_DB_aximm0_ARADDR         |  out|   64|          m_axi|       DB_aximm0|       pointer|
|m_axi_DB_aximm0_ARID           |  out|    1|          m_axi|       DB_aximm0|       pointer|
|m_axi_DB_aximm0_ARLEN          |  out|    8|          m_axi|       DB_aximm0|       pointer|
|m_axi_DB_aximm0_ARSIZE         |  out|    3|          m_axi|       DB_aximm0|       pointer|
|m_axi_DB_aximm0_ARBURST        |  out|    2|          m_axi|       DB_aximm0|       pointer|
|m_axi_DB_aximm0_ARLOCK         |  out|    2|          m_axi|       DB_aximm0|       pointer|
|m_axi_DB_aximm0_ARCACHE        |  out|    4|          m_axi|       DB_aximm0|       pointer|
|m_axi_DB_aximm0_ARPROT         |  out|    3|          m_axi|       DB_aximm0|       pointer|
|m_axi_DB_aximm0_ARQOS          |  out|    4|          m_axi|       DB_aximm0|       pointer|
|m_axi_DB_aximm0_ARREGION       |  out|    4|          m_axi|       DB_aximm0|       pointer|
|m_axi_DB_aximm0_ARUSER         |  out|    1|          m_axi|       DB_aximm0|       pointer|
|m_axi_DB_aximm0_RVALID         |   in|    1|          m_axi|       DB_aximm0|       pointer|
|m_axi_DB_aximm0_RREADY         |  out|    1|          m_axi|       DB_aximm0|       pointer|
|m_axi_DB_aximm0_RDATA          |   in|  512|          m_axi|       DB_aximm0|       pointer|
|m_axi_DB_aximm0_RLAST          |   in|    1|          m_axi|       DB_aximm0|       pointer|
|m_axi_DB_aximm0_RID            |   in|    1|          m_axi|       DB_aximm0|       pointer|
|m_axi_DB_aximm0_RUSER          |   in|    1|          m_axi|       DB_aximm0|       pointer|
|m_axi_DB_aximm0_RRESP          |   in|    2|          m_axi|       DB_aximm0|       pointer|
|m_axi_DB_aximm0_BVALID         |   in|    1|          m_axi|       DB_aximm0|       pointer|
|m_axi_DB_aximm0_BREADY         |  out|    1|          m_axi|       DB_aximm0|       pointer|
|m_axi_DB_aximm0_BRESP          |   in|    2|          m_axi|       DB_aximm0|       pointer|
|m_axi_DB_aximm0_BID            |   in|    1|          m_axi|       DB_aximm0|       pointer|
|m_axi_DB_aximm0_BUSER          |   in|    1|          m_axi|       DB_aximm0|       pointer|
|m_axi_table_aximm1_AWVALID     |  out|    1|          m_axi|    table_aximm1|       pointer|
|m_axi_table_aximm1_AWREADY     |   in|    1|          m_axi|    table_aximm1|       pointer|
|m_axi_table_aximm1_AWADDR      |  out|   64|          m_axi|    table_aximm1|       pointer|
|m_axi_table_aximm1_AWID        |  out|    1|          m_axi|    table_aximm1|       pointer|
|m_axi_table_aximm1_AWLEN       |  out|    8|          m_axi|    table_aximm1|       pointer|
|m_axi_table_aximm1_AWSIZE      |  out|    3|          m_axi|    table_aximm1|       pointer|
|m_axi_table_aximm1_AWBURST     |  out|    2|          m_axi|    table_aximm1|       pointer|
|m_axi_table_aximm1_AWLOCK      |  out|    2|          m_axi|    table_aximm1|       pointer|
|m_axi_table_aximm1_AWCACHE     |  out|    4|          m_axi|    table_aximm1|       pointer|
|m_axi_table_aximm1_AWPROT      |  out|    3|          m_axi|    table_aximm1|       pointer|
|m_axi_table_aximm1_AWQOS       |  out|    4|          m_axi|    table_aximm1|       pointer|
|m_axi_table_aximm1_AWREGION    |  out|    4|          m_axi|    table_aximm1|       pointer|
|m_axi_table_aximm1_AWUSER      |  out|    1|          m_axi|    table_aximm1|       pointer|
|m_axi_table_aximm1_WVALID      |  out|    1|          m_axi|    table_aximm1|       pointer|
|m_axi_table_aximm1_WREADY      |   in|    1|          m_axi|    table_aximm1|       pointer|
|m_axi_table_aximm1_WDATA       |  out|   32|          m_axi|    table_aximm1|       pointer|
|m_axi_table_aximm1_WSTRB       |  out|    4|          m_axi|    table_aximm1|       pointer|
|m_axi_table_aximm1_WLAST       |  out|    1|          m_axi|    table_aximm1|       pointer|
|m_axi_table_aximm1_WID         |  out|    1|          m_axi|    table_aximm1|       pointer|
|m_axi_table_aximm1_WUSER       |  out|    1|          m_axi|    table_aximm1|       pointer|
|m_axi_table_aximm1_ARVALID     |  out|    1|          m_axi|    table_aximm1|       pointer|
|m_axi_table_aximm1_ARREADY     |   in|    1|          m_axi|    table_aximm1|       pointer|
|m_axi_table_aximm1_ARADDR      |  out|   64|          m_axi|    table_aximm1|       pointer|
|m_axi_table_aximm1_ARID        |  out|    1|          m_axi|    table_aximm1|       pointer|
|m_axi_table_aximm1_ARLEN       |  out|    8|          m_axi|    table_aximm1|       pointer|
|m_axi_table_aximm1_ARSIZE      |  out|    3|          m_axi|    table_aximm1|       pointer|
|m_axi_table_aximm1_ARBURST     |  out|    2|          m_axi|    table_aximm1|       pointer|
|m_axi_table_aximm1_ARLOCK      |  out|    2|          m_axi|    table_aximm1|       pointer|
|m_axi_table_aximm1_ARCACHE     |  out|    4|          m_axi|    table_aximm1|       pointer|
|m_axi_table_aximm1_ARPROT      |  out|    3|          m_axi|    table_aximm1|       pointer|
|m_axi_table_aximm1_ARQOS       |  out|    4|          m_axi|    table_aximm1|       pointer|
|m_axi_table_aximm1_ARREGION    |  out|    4|          m_axi|    table_aximm1|       pointer|
|m_axi_table_aximm1_ARUSER      |  out|    1|          m_axi|    table_aximm1|       pointer|
|m_axi_table_aximm1_RVALID      |   in|    1|          m_axi|    table_aximm1|       pointer|
|m_axi_table_aximm1_RREADY      |  out|    1|          m_axi|    table_aximm1|       pointer|
|m_axi_table_aximm1_RDATA       |   in|   32|          m_axi|    table_aximm1|       pointer|
|m_axi_table_aximm1_RLAST       |   in|    1|          m_axi|    table_aximm1|       pointer|
|m_axi_table_aximm1_RID         |   in|    1|          m_axi|    table_aximm1|       pointer|
|m_axi_table_aximm1_RUSER       |   in|    1|          m_axi|    table_aximm1|       pointer|
|m_axi_table_aximm1_RRESP       |   in|    2|          m_axi|    table_aximm1|       pointer|
|m_axi_table_aximm1_BVALID      |   in|    1|          m_axi|    table_aximm1|       pointer|
|m_axi_table_aximm1_BREADY      |  out|    1|          m_axi|    table_aximm1|       pointer|
|m_axi_table_aximm1_BRESP       |   in|    2|          m_axi|    table_aximm1|       pointer|
|m_axi_table_aximm1_BID         |   in|    1|          m_axi|    table_aximm1|       pointer|
|m_axi_table_aximm1_BUSER       |   in|    1|          m_axi|    table_aximm1|       pointer|
|m_axi_pointer_aximm2_AWVALID   |  out|    1|          m_axi|  pointer_aximm2|       pointer|
|m_axi_pointer_aximm2_AWREADY   |   in|    1|          m_axi|  pointer_aximm2|       pointer|
|m_axi_pointer_aximm2_AWADDR    |  out|   64|          m_axi|  pointer_aximm2|       pointer|
|m_axi_pointer_aximm2_AWID      |  out|    1|          m_axi|  pointer_aximm2|       pointer|
|m_axi_pointer_aximm2_AWLEN     |  out|    8|          m_axi|  pointer_aximm2|       pointer|
|m_axi_pointer_aximm2_AWSIZE    |  out|    3|          m_axi|  pointer_aximm2|       pointer|
|m_axi_pointer_aximm2_AWBURST   |  out|    2|          m_axi|  pointer_aximm2|       pointer|
|m_axi_pointer_aximm2_AWLOCK    |  out|    2|          m_axi|  pointer_aximm2|       pointer|
|m_axi_pointer_aximm2_AWCACHE   |  out|    4|          m_axi|  pointer_aximm2|       pointer|
|m_axi_pointer_aximm2_AWPROT    |  out|    3|          m_axi|  pointer_aximm2|       pointer|
|m_axi_pointer_aximm2_AWQOS     |  out|    4|          m_axi|  pointer_aximm2|       pointer|
|m_axi_pointer_aximm2_AWREGION  |  out|    4|          m_axi|  pointer_aximm2|       pointer|
|m_axi_pointer_aximm2_AWUSER    |  out|    1|          m_axi|  pointer_aximm2|       pointer|
|m_axi_pointer_aximm2_WVALID    |  out|    1|          m_axi|  pointer_aximm2|       pointer|
|m_axi_pointer_aximm2_WREADY    |   in|    1|          m_axi|  pointer_aximm2|       pointer|
|m_axi_pointer_aximm2_WDATA     |  out|   32|          m_axi|  pointer_aximm2|       pointer|
|m_axi_pointer_aximm2_WSTRB     |  out|    4|          m_axi|  pointer_aximm2|       pointer|
|m_axi_pointer_aximm2_WLAST     |  out|    1|          m_axi|  pointer_aximm2|       pointer|
|m_axi_pointer_aximm2_WID       |  out|    1|          m_axi|  pointer_aximm2|       pointer|
|m_axi_pointer_aximm2_WUSER     |  out|    1|          m_axi|  pointer_aximm2|       pointer|
|m_axi_pointer_aximm2_ARVALID   |  out|    1|          m_axi|  pointer_aximm2|       pointer|
|m_axi_pointer_aximm2_ARREADY   |   in|    1|          m_axi|  pointer_aximm2|       pointer|
|m_axi_pointer_aximm2_ARADDR    |  out|   64|          m_axi|  pointer_aximm2|       pointer|
|m_axi_pointer_aximm2_ARID      |  out|    1|          m_axi|  pointer_aximm2|       pointer|
|m_axi_pointer_aximm2_ARLEN     |  out|    8|          m_axi|  pointer_aximm2|       pointer|
|m_axi_pointer_aximm2_ARSIZE    |  out|    3|          m_axi|  pointer_aximm2|       pointer|
|m_axi_pointer_aximm2_ARBURST   |  out|    2|          m_axi|  pointer_aximm2|       pointer|
|m_axi_pointer_aximm2_ARLOCK    |  out|    2|          m_axi|  pointer_aximm2|       pointer|
|m_axi_pointer_aximm2_ARCACHE   |  out|    4|          m_axi|  pointer_aximm2|       pointer|
|m_axi_pointer_aximm2_ARPROT    |  out|    3|          m_axi|  pointer_aximm2|       pointer|
|m_axi_pointer_aximm2_ARQOS     |  out|    4|          m_axi|  pointer_aximm2|       pointer|
|m_axi_pointer_aximm2_ARREGION  |  out|    4|          m_axi|  pointer_aximm2|       pointer|
|m_axi_pointer_aximm2_ARUSER    |  out|    1|          m_axi|  pointer_aximm2|       pointer|
|m_axi_pointer_aximm2_RVALID    |   in|    1|          m_axi|  pointer_aximm2|       pointer|
|m_axi_pointer_aximm2_RREADY    |  out|    1|          m_axi|  pointer_aximm2|       pointer|
|m_axi_pointer_aximm2_RDATA     |   in|   32|          m_axi|  pointer_aximm2|       pointer|
|m_axi_pointer_aximm2_RLAST     |   in|    1|          m_axi|  pointer_aximm2|       pointer|
|m_axi_pointer_aximm2_RID       |   in|    1|          m_axi|  pointer_aximm2|       pointer|
|m_axi_pointer_aximm2_RUSER     |   in|    1|          m_axi|  pointer_aximm2|       pointer|
|m_axi_pointer_aximm2_RRESP     |   in|    2|          m_axi|  pointer_aximm2|       pointer|
|m_axi_pointer_aximm2_BVALID    |   in|    1|          m_axi|  pointer_aximm2|       pointer|
|m_axi_pointer_aximm2_BREADY    |  out|    1|          m_axi|  pointer_aximm2|       pointer|
|m_axi_pointer_aximm2_BRESP     |   in|    2|          m_axi|  pointer_aximm2|       pointer|
|m_axi_pointer_aximm2_BID       |   in|    1|          m_axi|  pointer_aximm2|       pointer|
|m_axi_pointer_aximm2_BUSER     |   in|    1|          m_axi|  pointer_aximm2|       pointer|
|m_axi_judge_plram1_AWVALID     |  out|    1|          m_axi|    judge_plram1|       pointer|
|m_axi_judge_plram1_AWREADY     |   in|    1|          m_axi|    judge_plram1|       pointer|
|m_axi_judge_plram1_AWADDR      |  out|   64|          m_axi|    judge_plram1|       pointer|
|m_axi_judge_plram1_AWID        |  out|    1|          m_axi|    judge_plram1|       pointer|
|m_axi_judge_plram1_AWLEN       |  out|    8|          m_axi|    judge_plram1|       pointer|
|m_axi_judge_plram1_AWSIZE      |  out|    3|          m_axi|    judge_plram1|       pointer|
|m_axi_judge_plram1_AWBURST     |  out|    2|          m_axi|    judge_plram1|       pointer|
|m_axi_judge_plram1_AWLOCK      |  out|    2|          m_axi|    judge_plram1|       pointer|
|m_axi_judge_plram1_AWCACHE     |  out|    4|          m_axi|    judge_plram1|       pointer|
|m_axi_judge_plram1_AWPROT      |  out|    3|          m_axi|    judge_plram1|       pointer|
|m_axi_judge_plram1_AWQOS       |  out|    4|          m_axi|    judge_plram1|       pointer|
|m_axi_judge_plram1_AWREGION    |  out|    4|          m_axi|    judge_plram1|       pointer|
|m_axi_judge_plram1_AWUSER      |  out|    1|          m_axi|    judge_plram1|       pointer|
|m_axi_judge_plram1_WVALID      |  out|    1|          m_axi|    judge_plram1|       pointer|
|m_axi_judge_plram1_WREADY      |   in|    1|          m_axi|    judge_plram1|       pointer|
|m_axi_judge_plram1_WDATA       |  out|   32|          m_axi|    judge_plram1|       pointer|
|m_axi_judge_plram1_WSTRB       |  out|    4|          m_axi|    judge_plram1|       pointer|
|m_axi_judge_plram1_WLAST       |  out|    1|          m_axi|    judge_plram1|       pointer|
|m_axi_judge_plram1_WID         |  out|    1|          m_axi|    judge_plram1|       pointer|
|m_axi_judge_plram1_WUSER       |  out|    1|          m_axi|    judge_plram1|       pointer|
|m_axi_judge_plram1_ARVALID     |  out|    1|          m_axi|    judge_plram1|       pointer|
|m_axi_judge_plram1_ARREADY     |   in|    1|          m_axi|    judge_plram1|       pointer|
|m_axi_judge_plram1_ARADDR      |  out|   64|          m_axi|    judge_plram1|       pointer|
|m_axi_judge_plram1_ARID        |  out|    1|          m_axi|    judge_plram1|       pointer|
|m_axi_judge_plram1_ARLEN       |  out|    8|          m_axi|    judge_plram1|       pointer|
|m_axi_judge_plram1_ARSIZE      |  out|    3|          m_axi|    judge_plram1|       pointer|
|m_axi_judge_plram1_ARBURST     |  out|    2|          m_axi|    judge_plram1|       pointer|
|m_axi_judge_plram1_ARLOCK      |  out|    2|          m_axi|    judge_plram1|       pointer|
|m_axi_judge_plram1_ARCACHE     |  out|    4|          m_axi|    judge_plram1|       pointer|
|m_axi_judge_plram1_ARPROT      |  out|    3|          m_axi|    judge_plram1|       pointer|
|m_axi_judge_plram1_ARQOS       |  out|    4|          m_axi|    judge_plram1|       pointer|
|m_axi_judge_plram1_ARREGION    |  out|    4|          m_axi|    judge_plram1|       pointer|
|m_axi_judge_plram1_ARUSER      |  out|    1|          m_axi|    judge_plram1|       pointer|
|m_axi_judge_plram1_RVALID      |   in|    1|          m_axi|    judge_plram1|       pointer|
|m_axi_judge_plram1_RREADY      |  out|    1|          m_axi|    judge_plram1|       pointer|
|m_axi_judge_plram1_RDATA       |   in|   32|          m_axi|    judge_plram1|       pointer|
|m_axi_judge_plram1_RLAST       |   in|    1|          m_axi|    judge_plram1|       pointer|
|m_axi_judge_plram1_RID         |   in|    1|          m_axi|    judge_plram1|       pointer|
|m_axi_judge_plram1_RUSER       |   in|    1|          m_axi|    judge_plram1|       pointer|
|m_axi_judge_plram1_RRESP       |   in|    2|          m_axi|    judge_plram1|       pointer|
|m_axi_judge_plram1_BVALID      |   in|    1|          m_axi|    judge_plram1|       pointer|
|m_axi_judge_plram1_BREADY      |  out|    1|          m_axi|    judge_plram1|       pointer|
|m_axi_judge_plram1_BRESP       |   in|    2|          m_axi|    judge_plram1|       pointer|
|m_axi_judge_plram1_BID         |   in|    1|          m_axi|    judge_plram1|       pointer|
|m_axi_judge_plram1_BUSER       |   in|    1|          m_axi|    judge_plram1|       pointer|
+-------------------------------+-----+-----+---------------+----------------+--------------+

