INFO: [SIM 2] *************** CSIM start ***************
INFO: [SIM 4] CSIM will launch GCC as the compiler.
   Compiling ../../../../../src/main.cpp in debug mode
   Compiling ../../../../../src/hash_stock.cpp in debug mode
   Compiling ../../../../../src/hash_func.cpp in debug mode
   Compiling ../../../../../src/ele_func.cpp in debug mode
   Compiling ../../../../../src/table_serch.cpp in debug mode
   Generating csim.exe
処理開始
楽曲数 : 300
BER : 25.000000 %
....................................................................................................
....................................................................................................
....................................................................................................
..............................................................................

正解率 : 100.000000 %
不正解率 : 0.000000 %
未発見 : 0.000000 %
処理終了
INFO: [SIM 1] CSim done with 0 errors.
INFO: [SIM 3] *************** CSIM finish ***************
