XRT Build Version: 2.8.743 (2020.2)
       Build Date: 2020-11-16 00:19:11
          Hash ID: 77d5484b5c4daa691a7f78235053fb036829b1e9
Creating a default 'in-memory' xclbin image.

Section: 'BITSTREAM'(0) was successfully added.
Size   : 510464 bytes
Format : RAW
File   : '/home/nomoto/src/StagedLSH/ver1.2/soft/u200/sw_emu/_x/link/int/table_serch.so'
WARNING: Skipping CLOCK_FREQ_TOPOLOGY section for count size is zero.
WARNING: Section 'CLOCK_FREQ_TOPOLOGY' content is empty.  No data in the given JSON file.

Section: 'CLOCK_FREQ_TOPOLOGY'(11) was empty.  No action taken.
Format : JSON
File   : '/home/nomoto/src/StagedLSH/ver1.2/soft/u200/sw_emu/_x/link/int/table_serch_xml.rtd'

Section: 'BUILD_METADATA'(14) was successfully added.
Size   : 3380 bytes
Format : JSON
File   : '/home/nomoto/src/StagedLSH/ver1.2/soft/u200/sw_emu/_x/link/int/table_serch_build.rtd'

Section: 'EMBEDDED_METADATA'(2) was successfully added.
Size   : 2852 bytes
Format : RAW
File   : '/home/nomoto/src/StagedLSH/ver1.2/soft/u200/sw_emu/_x/link/int/table_serch.xml'

Section: 'DEBUG_DATA'(4) was successfully added.
Size   : 0 bytes
Format : RAW
File   : '/dev/null'
Successfully wrote (521956 bytes) to the output file: /home/nomoto/src/StagedLSH/ver1.2/soft/u200/sw_emu/table_serch.xclbin
Leaving xclbinutil.
