#-----------------------------------------------------------
# xsim v2020.2 (64-bit)
# SW Build 3064766 on Wed Nov 18 09:12:47 MST 2020
# IP Build 3064653 on Wed Nov 18 14:17:31 MST 2020
# Start of session at: Wed Apr 13 19:04:47 2022
# Process ID: 13679
# Current directory: /home/nomoto/src/StagedLSH/ver1.2/soft/u200/hw_emu/.run/13618/hw_em/device0/binary_0/behav_waveform/xsim
# Command line: xsim -log simulate.log -mode tcl -source {xsim.dir/emu_wrapper_behav/xsim_script.tcl}
# Log file: /home/nomoto/src/StagedLSH/ver1.2/soft/u200/hw_emu/.run/13618/hw_em/device0/binary_0/behav_waveform/xsim/simulate.log
# Journal file: /home/nomoto/src/StagedLSH/ver1.2/soft/u200/hw_emu/.run/13618/hw_em/device0/binary_0/behav_waveform/xsim/xsim.jou
#-----------------------------------------------------------
source xsim.dir/emu_wrapper_behav/xsim_script.tcl
# xsim {emu_wrapper_behav} -wdb {xilinx_u200_xdma_201830_2-0-table_serch.wdb} -autoloadwcfg -tclbatch {emu_wrapper.tcl} -key {Behavioral:sim_1:Functional:emu_wrapper} -protoinst {protoinst_files/bd_3a93.protoinst} -protoinst {protoinst_files/emu.protoinst} -protoinst {./dr_behav.protoinst}
Vivado Simulator 2020.2

Warning: (W505) object already exists: .emu_wrapper.emu_i.System_DPA.dpa_hub.inst.s_aximm_wr_util. Latter declaration will be renamed to .emu_wrapper.emu_i.System_DPA.dpa_hub.inst.s_aximm_wr_util_0
In file: sc_object_manager.cpp:161

Warning: (W505) object already exists: .emu_wrapper.emu_i.System_DPA.dpa_mon0.inst.rd_mon.rd_skt. Latter declaration will be renamed to .emu_wrapper.emu_i.System_DPA.dpa_mon0.inst.rd_mon.rd_skt_0
In file: sc_object_manager.cpp:161

Warning: (W505) object already exists: .emu_wrapper.emu_i.System_DPA.dpa_mon0.inst.rd_mon.wr_skt. Latter declaration will be renamed to .emu_wrapper.emu_i.System_DPA.dpa_mon0.inst.rd_mon.wr_skt_0
In file: sc_object_manager.cpp:161
CRITICAL_WARNING::[ XTLM::751 ] Deprecated.! Please instantiate Memory Manager with this pointer (sc_module pointer).

Info: (I804) /IEEE_Std_1666/deprecated: sc_sensitive_neg is deprecated use sc_sensitive << with neg() instead

Warning: (W505) object already exists: .emu_wrapper.emu_i.System_DPA.dpa_mon1.inst.rd_mon.rd_skt. Latter declaration will be renamed to .emu_wrapper.emu_i.System_DPA.dpa_mon1.inst.rd_mon.rd_skt_0
In file: sc_object_manager.cpp:161
CRITICAL_WARNING::[ XTLM::751 ] Deprecated.! Please instantiate Memory Manager with this pointer (sc_module pointer).

Warning: (W505) object already exists: .emu_wrapper.emu_i.System_DPA.dpa_mon1.inst.wr_mon.wr_skt. Latter declaration will be renamed to .emu_wrapper.emu_i.System_DPA.dpa_mon1.inst.wr_mon.wr_skt_0
In file: sc_object_manager.cpp:161
CRITICAL_WARNING::[ XTLM::751 ] Deprecated.! Please instantiate Memory Manager with this pointer (sc_module pointer).

Warning: (W505) object already exists: .emu_wrapper.emu_i.System_DPA.dpa_mon1.inst.mon_saxi_rd_socket. Latter declaration will be renamed to .emu_wrapper.emu_i.System_DPA.dpa_mon1.inst.mon_saxi_rd_socket_0
In file: sc_object_manager.cpp:161

Warning: (W505) object already exists: .emu_wrapper.emu_i.System_DPA.dpa_mon1.inst.mon_saxi_wr_socket. Latter declaration will be renamed to .emu_wrapper.emu_i.System_DPA.dpa_mon1.inst.mon_saxi_wr_socket_0
In file: sc_object_manager.cpp:161

Warning: (W505) object already exists: .emu_wrapper.emu_i.System_DPA.dpa_mon2.inst.rd_mon.rd_skt. Latter declaration will be renamed to .emu_wrapper.emu_i.System_DPA.dpa_mon2.inst.rd_mon.rd_skt_0
In file: sc_object_manager.cpp:161
CRITICAL_WARNING::[ XTLM::751 ] Deprecated.! Please instantiate Memory Manager with this pointer (sc_module pointer).

Warning: (W505) object already exists: .emu_wrapper.emu_i.System_DPA.dpa_mon2.inst.wr_mon.wr_skt. Latter declaration will be renamed to .emu_wrapper.emu_i.System_DPA.dpa_mon2.inst.wr_mon.wr_skt_0
In file: sc_object_manager.cpp:161
CRITICAL_WARNING::[ XTLM::751 ] Deprecated.! Please instantiate Memory Manager with this pointer (sc_module pointer).

Warning: (W505) object already exists: .emu_wrapper.emu_i.System_DPA.dpa_mon2.inst.mon_saxi_rd_socket. Latter declaration will be renamed to .emu_wrapper.emu_i.System_DPA.dpa_mon2.inst.mon_saxi_rd_socket_0
In file: sc_object_manager.cpp:161

Warning: (W505) object already exists: .emu_wrapper.emu_i.System_DPA.dpa_mon2.inst.mon_saxi_wr_socket. Latter declaration will be renamed to .emu_wrapper.emu_i.System_DPA.dpa_mon2.inst.mon_saxi_wr_socket_0
In file: sc_object_manager.cpp:161

Warning: (W505) object already exists: .emu_wrapper.emu_i.System_DPA.dpa_mon3.inst.rd_mon.rd_skt. Latter declaration will be renamed to .emu_wrapper.emu_i.System_DPA.dpa_mon3.inst.rd_mon.rd_skt_0
In file: sc_object_manager.cpp:161
CRITICAL_WARNING::[ XTLM::751 ] Deprecated.! Please instantiate Memory Manager with this pointer (sc_module pointer).

Warning: (W505) object already exists: .emu_wrapper.emu_i.System_DPA.dpa_mon3.inst.wr_mon.wr_skt. Latter declaration will be renamed to .emu_wrapper.emu_i.System_DPA.dpa_mon3.inst.wr_mon.wr_skt_0
In file: sc_object_manager.cpp:161
CRITICAL_WARNING::[ XTLM::751 ] Deprecated.! Please instantiate Memory Manager with this pointer (sc_module pointer).

Warning: (W505) object already exists: .emu_wrapper.emu_i.System_DPA.dpa_mon3.inst.mon_saxi_rd_socket. Latter declaration will be renamed to .emu_wrapper.emu_i.System_DPA.dpa_mon3.inst.mon_saxi_rd_socket_0
In file: sc_object_manager.cpp:161

Warning: (W505) object already exists: .emu_wrapper.emu_i.System_DPA.dpa_mon3.inst.mon_saxi_wr_socket. Latter declaration will be renamed to .emu_wrapper.emu_i.System_DPA.dpa_mon3.inst.mon_saxi_wr_socket_0
In file: sc_object_manager.cpp:161

Warning: (W505) object already exists: .emu_wrapper.emu_i.System_DPA.dpa_mon4.inst.rd_mon.rd_skt. Latter declaration will be renamed to .emu_wrapper.emu_i.System_DPA.dpa_mon4.inst.rd_mon.rd_skt_0
In file: sc_object_manager.cpp:161
CRITICAL_WARNING::[ XTLM::751 ] Deprecated.! Please instantiate Memory Manager with this pointer (sc_module pointer).

Warning: (W505) object already exists: .emu_wrapper.emu_i.System_DPA.dpa_mon4.inst.wr_mon.wr_skt. Latter declaration will be renamed to .emu_wrapper.emu_i.System_DPA.dpa_mon4.inst.wr_mon.wr_skt_0
In file: sc_object_manager.cpp:161
CRITICAL_WARNING::[ XTLM::751 ] Deprecated.! Please instantiate Memory Manager with this pointer (sc_module pointer).

Warning: (W505) object already exists: .emu_wrapper.emu_i.System_DPA.dpa_mon4.inst.mon_saxi_rd_socket. Latter declaration will be renamed to .emu_wrapper.emu_i.System_DPA.dpa_mon4.inst.mon_saxi_rd_socket_0
In file: sc_object_manager.cpp:161

Warning: (W505) object already exists: .emu_wrapper.emu_i.System_DPA.dpa_mon4.inst.mon_saxi_wr_socket. Latter declaration will be renamed to .emu_wrapper.emu_i.System_DPA.dpa_mon4.inst.mon_saxi_wr_socket_0
In file: sc_object_manager.cpp:161

Warning: (W505) object already exists: .emu_wrapper.emu_i.System_DPA.dpa_mon5.inst.rd_mon.rd_skt. Latter declaration will be renamed to .emu_wrapper.emu_i.System_DPA.dpa_mon5.inst.rd_mon.rd_skt_0
In file: sc_object_manager.cpp:161
CRITICAL_WARNING::[ XTLM::751 ] Deprecated.! Please instantiate Memory Manager with this pointer (sc_module pointer).

Warning: (W505) object already exists: .emu_wrapper.emu_i.System_DPA.dpa_mon5.inst.wr_mon.wr_skt. Latter declaration will be renamed to .emu_wrapper.emu_i.System_DPA.dpa_mon5.inst.wr_mon.wr_skt_0
In file: sc_object_manager.cpp:161
CRITICAL_WARNING::[ XTLM::751 ] Deprecated.! Please instantiate Memory Manager with this pointer (sc_module pointer).

Warning: (W505) object already exists: .emu_wrapper.emu_i.System_DPA.dpa_mon5.inst.mon_saxi_rd_socket. Latter declaration will be renamed to .emu_wrapper.emu_i.System_DPA.dpa_mon5.inst.mon_saxi_rd_socket_0
In file: sc_object_manager.cpp:161

Warning: (W505) object already exists: .emu_wrapper.emu_i.System_DPA.dpa_mon5.inst.mon_saxi_wr_socket. Latter declaration will be renamed to .emu_wrapper.emu_i.System_DPA.dpa_mon5.inst.mon_saxi_wr_socket_0
In file: sc_object_manager.cpp:161

Warning: (W505) object already exists: .emu_wrapper.emu_i.memory_subsystem.inst.rd_socket. Latter declaration will be renamed to .emu_wrapper.emu_i.memory_subsystem.inst.rd_socket_0
In file: sc_object_manager.cpp:161

Warning: (W505) object already exists: .emu_wrapper.emu_i.memory_subsystem.inst.wr_socket. Latter declaration will be renamed to .emu_wrapper.emu_i.memory_subsystem.inst.wr_socket_0
In file: sc_object_manager.cpp:161

Warning: (W505) object already exists: .emu_wrapper.emu_i.memory_subsystem.inst.rd_socket. Latter declaration will be renamed to .emu_wrapper.emu_i.memory_subsystem.inst.rd_socket_1
In file: sc_object_manager.cpp:161

Warning: (W505) object already exists: .emu_wrapper.emu_i.memory_subsystem.inst.wr_socket. Latter declaration will be renamed to .emu_wrapper.emu_i.memory_subsystem.inst.wr_socket_1
In file: sc_object_manager.cpp:161

Warning: (W505) object already exists: .emu_wrapper.emu_i.memory_subsystem.inst.rd_socket. Latter declaration will be renamed to .emu_wrapper.emu_i.memory_subsystem.inst.rd_socket_2
In file: sc_object_manager.cpp:161

Warning: (W505) object already exists: .emu_wrapper.emu_i.memory_subsystem.inst.wr_socket. Latter declaration will be renamed to .emu_wrapper.emu_i.memory_subsystem.inst.wr_socket_2
In file: sc_object_manager.cpp:161

Warning: (W505) object already exists: .emu_wrapper.emu_i.memory_subsystem.inst.rd_socket. Latter declaration will be renamed to .emu_wrapper.emu_i.memory_subsystem.inst.rd_socket_3
In file: sc_object_manager.cpp:161

Warning: (W505) object already exists: .emu_wrapper.emu_i.memory_subsystem.inst.wr_socket. Latter declaration will be renamed to .emu_wrapper.emu_i.memory_subsystem.inst.wr_socket_3
In file: sc_object_manager.cpp:161

Warning: (W505) object already exists: .emu_wrapper.emu_i.memory_subsystem.inst.rd_socket. Latter declaration will be renamed to .emu_wrapper.emu_i.memory_subsystem.inst.rd_socket_4
In file: sc_object_manager.cpp:161

Warning: (W505) object already exists: .emu_wrapper.emu_i.memory_subsystem.inst.wr_socket. Latter declaration will be renamed to .emu_wrapper.emu_i.memory_subsystem.inst.wr_socket_4
In file: sc_object_manager.cpp:161

Warning: (W505) object already exists: .emu_wrapper.emu_i.memory_subsystem.inst.rd_socket. Latter declaration will be renamed to .emu_wrapper.emu_i.memory_subsystem.inst.rd_socket_5
In file: sc_object_manager.cpp:161

Warning: (W505) object already exists: .emu_wrapper.emu_i.memory_subsystem.inst.wr_socket. Latter declaration will be renamed to .emu_wrapper.emu_i.memory_subsystem.inst.wr_socket_5
In file: sc_object_manager.cpp:161

Warning: (W505) object already exists: .emu_wrapper.emu_i.memory_subsystem.inst.rd_socket. Latter declaration will be renamed to .emu_wrapper.emu_i.memory_subsystem.inst.rd_socket_6
In file: sc_object_manager.cpp:161

Warning: (W505) object already exists: .emu_wrapper.emu_i.memory_subsystem.inst.wr_socket. Latter declaration will be renamed to .emu_wrapper.emu_i.memory_subsystem.inst.wr_socket_6
In file: sc_object_manager.cpp:161

Warning: (W505) object already exists: .emu_wrapper.emu_i.memory_subsystem.inst.rd_socket. Latter declaration will be renamed to .emu_wrapper.emu_i.memory_subsystem.inst.rd_socket_7
In file: sc_object_manager.cpp:161

Warning: (W505) object already exists: .emu_wrapper.emu_i.memory_subsystem.inst.wr_socket. Latter declaration will be renamed to .emu_wrapper.emu_i.memory_subsystem.inst.wr_socket_7
In file: sc_object_manager.cpp:161

Warning: (W505) object already exists: .emu_wrapper.emu_i.memory_subsystem.inst.rd_socket. Latter declaration will be renamed to .emu_wrapper.emu_i.memory_subsystem.inst.rd_socket_8
In file: sc_object_manager.cpp:161

Warning: (W505) object already exists: .emu_wrapper.emu_i.memory_subsystem.inst.wr_socket. Latter declaration will be renamed to .emu_wrapper.emu_i.memory_subsystem.inst.wr_socket_8
In file: sc_object_manager.cpp:161

Warning: (W505) object already exists: .emu_wrapper.emu_i.memory_subsystem.inst.rd_socket. Latter declaration will be renamed to .emu_wrapper.emu_i.memory_subsystem.inst.rd_socket_9
In file: sc_object_manager.cpp:161

Warning: (W505) object already exists: .emu_wrapper.emu_i.memory_subsystem.inst.wr_socket. Latter declaration will be renamed to .emu_wrapper.emu_i.memory_subsystem.inst.wr_socket_9
In file: sc_object_manager.cpp:161

Warning: (W505) object already exists: .emu_wrapper.emu_i.memory_subsystem.inst.rd_socket. Latter declaration will be renamed to .emu_wrapper.emu_i.memory_subsystem.inst.rd_socket_10
In file: sc_object_manager.cpp:161

Warning: (W505) object already exists: .emu_wrapper.emu_i.memory_subsystem.inst.wr_socket. Latter declaration will be renamed to .emu_wrapper.emu_i.memory_subsystem.inst.wr_socket_10
In file: sc_object_manager.cpp:161

Warning: (W505) object already exists: .emu_wrapper.emu_i.memory_subsystem.inst.rd_socket. Latter declaration will be renamed to .emu_wrapper.emu_i.memory_subsystem.inst.rd_socket_11
In file: sc_object_manager.cpp:161

Warning: (W505) object already exists: .emu_wrapper.emu_i.memory_subsystem.inst.wr_socket. Latter declaration will be renamed to .emu_wrapper.emu_i.memory_subsystem.inst.wr_socket_11
In file: sc_object_manager.cpp:161

Warning: (W505) object already exists: .emu_wrapper.emu_i.sim_ddr_0.inst.axi_crossbar_model.master_skt_wr_0. Latter declaration will be renamed to .emu_wrapper.emu_i.sim_ddr_0.inst.axi_crossbar_model.master_skt_wr_0_0
In file: sc_object_manager.cpp:161

Warning: (W505) object already exists: .emu_wrapper.emu_i.sim_ddr_0.inst.axi_crossbar_model.master_skt_rd_0. Latter declaration will be renamed to .emu_wrapper.emu_i.sim_ddr_0.inst.axi_crossbar_model.master_skt_rd_0_0
In file: sc_object_manager.cpp:161

Warning: (W505) object already exists: .emu_wrapper.emu_i.sim_ddr_0.inst.axi_crossbar_model.slave_skt_wr_0. Latter declaration will be renamed to .emu_wrapper.emu_i.sim_ddr_0.inst.axi_crossbar_model.slave_skt_wr_0_0
In file: sc_object_manager.cpp:161

Warning: (W505) object already exists: .emu_wrapper.emu_i.sim_ddr_0.inst.axi_crossbar_model.slave_skt_rd_0. Latter declaration will be renamed to .emu_wrapper.emu_i.sim_ddr_0.inst.axi_crossbar_model.slave_skt_rd_0_0
In file: sc_object_manager.cpp:161

Warning: (W505) object already exists: .emu_wrapper.emu_i.sim_ddr_0.inst.axi_crossbar_model.slave_skt_wr_1. Latter declaration will be renamed to .emu_wrapper.emu_i.sim_ddr_0.inst.axi_crossbar_model.slave_skt_wr_1_0
In file: sc_object_manager.cpp:161

Warning: (W505) object already exists: .emu_wrapper.emu_i.sim_ddr_0.inst.axi_crossbar_model.slave_skt_rd_1. Latter declaration will be renamed to .emu_wrapper.emu_i.sim_ddr_0.inst.axi_crossbar_model.slave_skt_rd_1_0
In file: sc_object_manager.cpp:161

Warning: (W505) object already exists: .emu_wrapper.emu_i.sim_ddr_0.inst.ddrx_top_tlm_model_0.axi_app_tlm_model_0.rd_skt_util. Latter declaration will be renamed to .emu_wrapper.emu_i.sim_ddr_0.inst.ddrx_top_tlm_model_0.axi_app_tlm_model_0.rd_skt_util_0
In file: sc_object_manager.cpp:161
CRITICAL_WARNING::[ XTLM::751 ] Deprecated.! Please instantiate Memory Manager with this pointer (sc_module pointer).

Warning: (W505) object already exists: .emu_wrapper.emu_i.sim_ddr_2.inst.axi_crossbar_model.master_skt_wr_0. Latter declaration will be renamed to .emu_wrapper.emu_i.sim_ddr_2.inst.axi_crossbar_model.master_skt_wr_0_0
In file: sc_object_manager.cpp:161

Warning: (W505) object already exists: .emu_wrapper.emu_i.sim_ddr_2.inst.axi_crossbar_model.master_skt_rd_0. Latter declaration will be renamed to .emu_wrapper.emu_i.sim_ddr_2.inst.axi_crossbar_model.master_skt_rd_0_0
In file: sc_object_manager.cpp:161

Warning: (W505) object already exists: .emu_wrapper.emu_i.sim_ddr_2.inst.axi_crossbar_model.slave_skt_wr_0. Latter declaration will be renamed to .emu_wrapper.emu_i.sim_ddr_2.inst.axi_crossbar_model.slave_skt_wr_0_0
In file: sc_object_manager.cpp:161

Warning: (W505) object already exists: .emu_wrapper.emu_i.sim_ddr_2.inst.axi_crossbar_model.slave_skt_rd_0. Latter declaration will be renamed to .emu_wrapper.emu_i.sim_ddr_2.inst.axi_crossbar_model.slave_skt_rd_0_0
In file: sc_object_manager.cpp:161

Warning: (W505) object already exists: .emu_wrapper.emu_i.sim_ddr_2.inst.axi_crossbar_model.slave_skt_wr_1. Latter declaration will be renamed to .emu_wrapper.emu_i.sim_ddr_2.inst.axi_crossbar_model.slave_skt_wr_1_0
In file: sc_object_manager.cpp:161

Warning: (W505) object already exists: .emu_wrapper.emu_i.sim_ddr_2.inst.axi_crossbar_model.slave_skt_rd_1. Latter declaration will be renamed to .emu_wrapper.emu_i.sim_ddr_2.inst.axi_crossbar_model.slave_skt_rd_1_0
In file: sc_object_manager.cpp:161

Warning: (W505) object already exists: .emu_wrapper.emu_i.sim_ddr_2.inst.ddrx_top_tlm_model_0.axi_app_tlm_model_0.rd_skt_util. Latter declaration will be renamed to .emu_wrapper.emu_i.sim_ddr_2.inst.ddrx_top_tlm_model_0.axi_app_tlm_model_0.rd_skt_util_0
In file: sc_object_manager.cpp:161
CRITICAL_WARNING::[ XTLM::751 ] Deprecated.! Please instantiate Memory Manager with this pointer (sc_module pointer).

Warning: (W505) object already exists: .emu_wrapper.emu_i.sim_ddr_3.inst.axi_crossbar_model.master_skt_wr_0. Latter declaration will be renamed to .emu_wrapper.emu_i.sim_ddr_3.inst.axi_crossbar_model.master_skt_wr_0_0
In file: sc_object_manager.cpp:161

Warning: (W505) object already exists: .emu_wrapper.emu_i.sim_ddr_3.inst.axi_crossbar_model.master_skt_rd_0. Latter declaration will be renamed to .emu_wrapper.emu_i.sim_ddr_3.inst.axi_crossbar_model.master_skt_rd_0_0
In file: sc_object_manager.cpp:161

Warning: (W505) object already exists: .emu_wrapper.emu_i.sim_ddr_3.inst.axi_crossbar_model.slave_skt_wr_0. Latter declaration will be renamed to .emu_wrapper.emu_i.sim_ddr_3.inst.axi_crossbar_model.slave_skt_wr_0_0
In file: sc_object_manager.cpp:161

Warning: (W505) object already exists: .emu_wrapper.emu_i.sim_ddr_3.inst.axi_crossbar_model.slave_skt_rd_0. Latter declaration will be renamed to .emu_wrapper.emu_i.sim_ddr_3.inst.axi_crossbar_model.slave_skt_rd_0_0
In file: sc_object_manager.cpp:161

Warning: (W505) object already exists: .emu_wrapper.emu_i.sim_ddr_3.inst.axi_crossbar_model.slave_skt_wr_1. Latter declaration will be renamed to .emu_wrapper.emu_i.sim_ddr_3.inst.axi_crossbar_model.slave_skt_wr_1_0
In file: sc_object_manager.cpp:161

Warning: (W505) object already exists: .emu_wrapper.emu_i.sim_ddr_3.inst.axi_crossbar_model.slave_skt_rd_1. Latter declaration will be renamed to .emu_wrapper.emu_i.sim_ddr_3.inst.axi_crossbar_model.slave_skt_rd_1_0
In file: sc_object_manager.cpp:161

Warning: (W505) object already exists: .emu_wrapper.emu_i.sim_ddr_3.inst.ddrx_top_tlm_model_0.axi_app_tlm_model_0.rd_skt_util. Latter declaration will be renamed to .emu_wrapper.emu_i.sim_ddr_3.inst.ddrx_top_tlm_model_0.axi_app_tlm_model_0.rd_skt_util_0
In file: sc_object_manager.cpp:161
CRITICAL_WARNING::[ XTLM::751 ] Deprecated.! Please instantiate Memory Manager with this pointer (sc_module pointer).
CRITICAL_WARNING::[ XTLM::751 ] Deprecated.! Please instantiate Memory Manager with this pointer (sc_module pointer).

Warning: (W505) object already exists: .emu_wrapper.emu_i.static_region.sim_ddr_1.inst.axi_crossbar_model.master_skt_wr_0. Latter declaration will be renamed to .emu_wrapper.emu_i.static_region.sim_ddr_1.inst.axi_crossbar_model.master_skt_wr_0_0
In file: sc_object_manager.cpp:161

Warning: (W505) object already exists: .emu_wrapper.emu_i.static_region.sim_ddr_1.inst.axi_crossbar_model.master_skt_rd_0. Latter declaration will be renamed to .emu_wrapper.emu_i.static_region.sim_ddr_1.inst.axi_crossbar_model.master_skt_rd_0_0
In file: sc_object_manager.cpp:161

Warning: (W505) object already exists: .emu_wrapper.emu_i.static_region.sim_ddr_1.inst.axi_crossbar_model.slave_skt_wr_0. Latter declaration will be renamed to .emu_wrapper.emu_i.static_region.sim_ddr_1.inst.axi_crossbar_model.slave_skt_wr_0_0
In file: sc_object_manager.cpp:161

Warning: (W505) object already exists: .emu_wrapper.emu_i.static_region.sim_ddr_1.inst.axi_crossbar_model.slave_skt_rd_0. Latter declaration will be renamed to .emu_wrapper.emu_i.static_region.sim_ddr_1.inst.axi_crossbar_model.slave_skt_rd_0_0
In file: sc_object_manager.cpp:161

Warning: (W505) object already exists: .emu_wrapper.emu_i.static_region.sim_ddr_1.inst.axi_crossbar_model.slave_skt_wr_1. Latter declaration will be renamed to .emu_wrapper.emu_i.static_region.sim_ddr_1.inst.axi_crossbar_model.slave_skt_wr_1_0
In file: sc_object_manager.cpp:161

Warning: (W505) object already exists: .emu_wrapper.emu_i.static_region.sim_ddr_1.inst.axi_crossbar_model.slave_skt_rd_1. Latter declaration will be renamed to .emu_wrapper.emu_i.static_region.sim_ddr_1.inst.axi_crossbar_model.slave_skt_rd_1_0
In file: sc_object_manager.cpp:161

Warning: (W505) object already exists: .emu_wrapper.emu_i.static_region.sim_ddr_1.inst.ddrx_top_tlm_model_0.axi_app_tlm_model_0.rd_skt_util. Latter declaration will be renamed to .emu_wrapper.emu_i.static_region.sim_ddr_1.inst.ddrx_top_tlm_model_0.axi_app_tlm_model_0.rd_skt_util_0
In file: sc_object_manager.cpp:161
CRITICAL_WARNING::[ XTLM::751 ] Deprecated.! Please instantiate Memory Manager with this pointer (sc_module pointer).
CRITICAL_WARNING::[ XTLM::751 ] Deprecated.! Please instantiate Memory Manager with this pointer (sc_module pointer).
CRITICAL_WARNING::[ XTLM::751 ] Deprecated.! Please instantiate Memory Manager with this pointer (sc_module pointer).

Info: (I804) /IEEE_Std_1666/deprecated: sc_sensitive_pos is deprecated use sc_sensitive << with pos() instead
INFO: [Wavedata 42-565] Reading protoinst file protoinst_files/bd_3a93.protoinst
WARNING: [Wavedata 42-558] Couldn't load one or more protocol instances from protoinst file protoinst_files/bd_3a93.protoinst for the following reason(s):
There are no instances of module "bd_3a93" in the design.

INFO: [Wavedata 42-565] Reading protoinst file protoinst_files/emu.protoinst
INFO: [Wavedata 42-564]   Found protocol instance at /emu_wrapper/emu_i//System_DPA/S00_AXI
INFO: [Wavedata 42-564]   Found protocol instance at /emu_wrapper/emu_i//System_DPA/S_AXIMM
INFO: [Wavedata 42-564]   Found protocol instance at /emu_wrapper/emu_i//System_DPA/dpa_ctrl_interconnect/M00_AXI
INFO: [Wavedata 42-564]   Found protocol instance at /emu_wrapper/emu_i//System_DPA/dpa_ctrl_interconnect/M01_AXI
INFO: [Wavedata 42-564]   Found protocol instance at /emu_wrapper/emu_i//System_DPA/dpa_ctrl_interconnect/M02_AXI
INFO: [Wavedata 42-564]   Found protocol instance at /emu_wrapper/emu_i//System_DPA/dpa_ctrl_interconnect/M03_AXI
INFO: [Wavedata 42-564]   Found protocol instance at /emu_wrapper/emu_i//System_DPA/dpa_ctrl_interconnect/M04_AXI
INFO: [Wavedata 42-564]   Found protocol instance at /emu_wrapper/emu_i//System_DPA/dpa_ctrl_interconnect/M05_AXI
INFO: [Wavedata 42-564]   Found protocol instance at /emu_wrapper/emu_i//System_DPA/dpa_ctrl_interconnect/M06_AXI
INFO: [Wavedata 42-564]   Found protocol instance at /emu_wrapper/emu_i//System_DPA/dpa_ctrl_interconnect/M07_AXI
INFO: [Wavedata 42-564]   Found protocol instance at /emu_wrapper/emu_i//System_DPA/dpa_ctrl_interconnect/S00_AXI
INFO: [Wavedata 42-564]   Found protocol instance at /emu_wrapper/emu_i//System_DPA/dpa_ctrl_interconnect/m00_couplers/M_AXI
INFO: [Wavedata 42-564]   Found protocol instance at /emu_wrapper/emu_i//System_DPA/dpa_ctrl_interconnect/m00_couplers/S_AXI
INFO: [Wavedata 42-564]   Found protocol instance at /emu_wrapper/emu_i//System_DPA/dpa_ctrl_interconnect/m00_couplers/auto_cc/M_AXI
INFO: [Wavedata 42-564]   Found protocol instance at /emu_wrapper/emu_i//System_DPA/dpa_ctrl_interconnect/m00_couplers/auto_cc/S_AXI
INFO: [Wavedata 42-564]   Found protocol instance at /emu_wrapper/emu_i//System_DPA/dpa_ctrl_interconnect/m00_couplers/m00_regslice/M_AXI
INFO: [Wavedata 42-564]   Found protocol instance at /emu_wrapper/emu_i//System_DPA/dpa_ctrl_interconnect/m00_couplers/m00_regslice/S_AXI
INFO: [Wavedata 42-564]   Found protocol instance at /emu_wrapper/emu_i//System_DPA/dpa_ctrl_interconnect/m01_couplers/M_AXI
INFO: [Wavedata 42-564]   Found protocol instance at /emu_wrapper/emu_i//System_DPA/dpa_ctrl_interconnect/m01_couplers/S_AXI
INFO: [Wavedata 42-564]   Found protocol instance at /emu_wrapper/emu_i//System_DPA/dpa_ctrl_interconnect/m01_couplers/auto_cc/M_AXI
INFO: [Wavedata 42-564]   Found protocol instance at /emu_wrapper/emu_i//System_DPA/dpa_ctrl_interconnect/m01_couplers/auto_cc/S_AXI
INFO: [Wavedata 42-564]   Found protocol instance at /emu_wrapper/emu_i//System_DPA/dpa_ctrl_interconnect/m01_couplers/m01_regslice/M_AXI
INFO: [Wavedata 42-564]   Found protocol instance at /emu_wrapper/emu_i//System_DPA/dpa_ctrl_interconnect/m01_couplers/m01_regslice/S_AXI
INFO: [Wavedata 42-564]   Found protocol instance at /emu_wrapper/emu_i//System_DPA/dpa_ctrl_interconnect/m02_couplers/M_AXI
INFO: [Wavedata 42-564]   Found protocol instance at /emu_wrapper/emu_i//System_DPA/dpa_ctrl_interconnect/m02_couplers/S_AXI
INFO: [Wavedata 42-564]   Found protocol instance at /emu_wrapper/emu_i//System_DPA/dpa_ctrl_interconnect/m02_couplers/auto_cc/M_AXI
INFO: [Wavedata 42-564]   Found protocol instance at /emu_wrapper/emu_i//System_DPA/dpa_ctrl_interconnect/m02_couplers/auto_cc/S_AXI
INFO: [Wavedata 42-564]   Found protocol instance at /emu_wrapper/emu_i//System_DPA/dpa_ctrl_interconnect/m02_couplers/m02_regslice/M_AXI
INFO: [Wavedata 42-564]   Found protocol instance at /emu_wrapper/emu_i//System_DPA/dpa_ctrl_interconnect/m02_couplers/m02_regslice/S_AXI
INFO: [Wavedata 42-564]   Found protocol instance at /emu_wrapper/emu_i//System_DPA/dpa_ctrl_interconnect/m03_couplers/M_AXI
INFO: [Wavedata 42-564]   Found protocol instance at /emu_wrapper/emu_i//System_DPA/dpa_ctrl_interconnect/m03_couplers/S_AXI
INFO: [Wavedata 42-564]   Found protocol instance at /emu_wrapper/emu_i//System_DPA/dpa_ctrl_interconnect/m03_couplers/auto_cc/M_AXI
INFO: [Wavedata 42-564]   Found protocol instance at /emu_wrapper/emu_i//System_DPA/dpa_ctrl_interconnect/m03_couplers/auto_cc/S_AXI
INFO: [Wavedata 42-564]   Found protocol instance at /emu_wrapper/emu_i//System_DPA/dpa_ctrl_interconnect/m03_couplers/m03_regslice/M_AXI
INFO: [Wavedata 42-564]   Found protocol instance at /emu_wrapper/emu_i//System_DPA/dpa_ctrl_interconnect/m03_couplers/m03_regslice/S_AXI
INFO: [Wavedata 42-564]   Found protocol instance at /emu_wrapper/emu_i//System_DPA/dpa_ctrl_interconnect/m04_couplers/M_AXI
INFO: [Wavedata 42-564]   Found protocol instance at /emu_wrapper/emu_i//System_DPA/dpa_ctrl_interconnect/m04_couplers/S_AXI
INFO: [Wavedata 42-564]   Found protocol instance at /emu_wrapper/emu_i//System_DPA/dpa_ctrl_interconnect/m04_couplers/auto_cc/M_AXI
INFO: [Wavedata 42-564]   Found protocol instance at /emu_wrapper/emu_i//System_DPA/dpa_ctrl_interconnect/m04_couplers/auto_cc/S_AXI
INFO: [Wavedata 42-564]   Found protocol instance at /emu_wrapper/emu_i//System_DPA/dpa_ctrl_interconnect/m04_couplers/m04_regslice/M_AXI
INFO: [Wavedata 42-564]   Found protocol instance at /emu_wrapper/emu_i//System_DPA/dpa_ctrl_interconnect/m04_couplers/m04_regslice/S_AXI
INFO: [Wavedata 42-564]   Found protocol instance at /emu_wrapper/emu_i//System_DPA/dpa_ctrl_interconnect/m05_couplers/M_AXI
INFO: [Wavedata 42-564]   Found protocol instance at /emu_wrapper/emu_i//System_DPA/dpa_ctrl_interconnect/m05_couplers/S_AXI
INFO: [Wavedata 42-564]   Found protocol instance at /emu_wrapper/emu_i//System_DPA/dpa_ctrl_interconnect/m05_couplers/auto_cc/M_AXI
INFO: [Wavedata 42-564]   Found protocol instance at /emu_wrapper/emu_i//System_DPA/dpa_ctrl_interconnect/m05_couplers/auto_cc/S_AXI
INFO: [Wavedata 42-564]   Found protocol instance at /emu_wrapper/emu_i//System_DPA/dpa_ctrl_interconnect/m05_couplers/m05_regslice/M_AXI
INFO: [Wavedata 42-564]   Found protocol instance at /emu_wrapper/emu_i//System_DPA/dpa_ctrl_interconnect/m05_couplers/m05_regslice/S_AXI
INFO: [Wavedata 42-564]   Found protocol instance at /emu_wrapper/emu_i//System_DPA/dpa_ctrl_interconnect/m06_couplers/M_AXI
INFO: [Wavedata 42-564]   Found protocol instance at /emu_wrapper/emu_i//System_DPA/dpa_ctrl_interconnect/m06_couplers/S_AXI
INFO: [Wavedata 42-564]   Found protocol instance at /emu_wrapper/emu_i//System_DPA/dpa_ctrl_interconnect/m06_couplers/auto_cc/M_AXI
INFO: [Wavedata 42-564]   Found protocol instance at /emu_wrapper/emu_i//System_DPA/dpa_ctrl_interconnect/m06_couplers/auto_cc/S_AXI
INFO: [Wavedata 42-564]   Found protocol instance at /emu_wrapper/emu_i//System_DPA/dpa_ctrl_interconnect/m06_couplers/m06_regslice/M_AXI
INFO: [Wavedata 42-564]   Found protocol instance at /emu_wrapper/emu_i//System_DPA/dpa_ctrl_interconnect/m06_couplers/m06_regslice/S_AXI
INFO: [Wavedata 42-564]   Found protocol instance at /emu_wrapper/emu_i//System_DPA/dpa_ctrl_interconnect/m07_couplers/M_AXI
INFO: [Wavedata 42-564]   Found protocol instance at /emu_wrapper/emu_i//System_DPA/dpa_ctrl_interconnect/m07_couplers/S_AXI
INFO: [Wavedata 42-564]   Found protocol instance at /emu_wrapper/emu_i//System_DPA/dpa_ctrl_interconnect/m07_couplers/auto_cc/M_AXI
INFO: [Wavedata 42-564]   Found protocol instance at /emu_wrapper/emu_i//System_DPA/dpa_ctrl_interconnect/m07_couplers/auto_cc/S_AXI
INFO: [Wavedata 42-564]   Found protocol instance at /emu_wrapper/emu_i//System_DPA/dpa_ctrl_interconnect/m07_couplers/m07_regslice/M_AXI
INFO: [Wavedata 42-564]   Found protocol instance at /emu_wrapper/emu_i//System_DPA/dpa_ctrl_interconnect/m07_couplers/m07_regslice/S_AXI
INFO: [Wavedata 42-564]   Found protocol instance at /emu_wrapper/emu_i//System_DPA/dpa_ctrl_interconnect/s00_couplers/M_AXI
INFO: [Wavedata 42-564]   Found protocol instance at /emu_wrapper/emu_i//System_DPA/dpa_ctrl_interconnect/s00_couplers/S_AXI
INFO: [Wavedata 42-564]   Found protocol instance at /emu_wrapper/emu_i//System_DPA/dpa_ctrl_interconnect/s00_couplers/s00_regslice/M_AXI
INFO: [Wavedata 42-564]   Found protocol instance at /emu_wrapper/emu_i//System_DPA/dpa_ctrl_interconnect/s00_couplers/s00_regslice/S_AXI
INFO: [Wavedata 42-564]   Found protocol instance at /emu_wrapper/emu_i//System_DPA/dpa_ctrl_interconnect/xbar/M00_AXI
INFO: [Wavedata 42-564]   Found protocol instance at /emu_wrapper/emu_i//System_DPA/dpa_ctrl_interconnect/xbar/M01_AXI
INFO: [Wavedata 42-564]   Found protocol instance at /emu_wrapper/emu_i//System_DPA/dpa_ctrl_interconnect/xbar/M02_AXI
INFO: [Wavedata 42-564]   Found protocol instance at /emu_wrapper/emu_i//System_DPA/dpa_ctrl_interconnect/xbar/M03_AXI
INFO: [Wavedata 42-564]   Found protocol instance at /emu_wrapper/emu_i//System_DPA/dpa_ctrl_interconnect/xbar/M04_AXI
INFO: [Wavedata 42-564]   Found protocol instance at /emu_wrapper/emu_i//System_DPA/dpa_ctrl_interconnect/xbar/M05_AXI
INFO: [Wavedata 42-564]   Found protocol instance at /emu_wrapper/emu_i//System_DPA/dpa_ctrl_interconnect/xbar/M06_AXI
INFO: [Wavedata 42-564]   Found protocol instance at /emu_wrapper/emu_i//System_DPA/dpa_ctrl_interconnect/xbar/M07_AXI
INFO: [Wavedata 42-564]   Found protocol instance at /emu_wrapper/emu_i//System_DPA/dpa_ctrl_interconnect/xbar/S00_AXI
INFO: [Wavedata 42-564]   Found protocol instance at /emu_wrapper/emu_i//System_DPA/dpa_hub/S_AXIFIFO
INFO: [Wavedata 42-564]   Found protocol instance at /emu_wrapper/emu_i//System_DPA/dpa_hub/S_AXIHUB
INFO: [Wavedata 42-564]   Found protocol instance at /emu_wrapper/emu_i//System_DPA/dpa_hub/S_AXIMM
INFO: [Wavedata 42-564]   Found protocol instance at /emu_wrapper/emu_i//System_DPA/dpa_hub/TRACE_IN_0
INFO: [Wavedata 42-564]   Found protocol instance at /emu_wrapper/emu_i//System_DPA/dpa_hub/TRACE_IN_1
INFO: [Wavedata 42-564]   Found protocol instance at /emu_wrapper/emu_i//System_DPA/dpa_hub/TRACE_IN_10
INFO: [Wavedata 42-564]   Found protocol instance at /emu_wrapper/emu_i//System_DPA/dpa_hub/TRACE_IN_2
INFO: [Wavedata 42-564]   Found protocol instance at /emu_wrapper/emu_i//System_DPA/dpa_hub/TRACE_IN_3
INFO: [Wavedata 42-564]   Found protocol instance at /emu_wrapper/emu_i//System_DPA/dpa_hub/TRACE_IN_4
INFO: [Wavedata 42-564]   Found protocol instance at /emu_wrapper/emu_i//System_DPA/dpa_hub/TRACE_IN_5
INFO: [Wavedata 42-564]   Found protocol instance at /emu_wrapper/emu_i//System_DPA/dpa_hub/TRACE_IN_6
INFO: [Wavedata 42-564]   Found protocol instance at /emu_wrapper/emu_i//System_DPA/dpa_hub/TRACE_IN_7
INFO: [Wavedata 42-564]   Found protocol instance at /emu_wrapper/emu_i//System_DPA/dpa_hub/TRACE_IN_8
INFO: [Wavedata 42-564]   Found protocol instance at /emu_wrapper/emu_i//System_DPA/dpa_hub/TRACE_IN_9
INFO: [Wavedata 42-564]   Found protocol instance at /emu_wrapper/emu_i//System_DPA/dpa_mon0/S_AXI
INFO: [Wavedata 42-564]   Found protocol instance at /emu_wrapper/emu_i//System_DPA/dpa_mon0/TRACE_OUT
INFO: [Wavedata 42-564]   Found protocol instance at /emu_wrapper/emu_i//System_DPA/dpa_mon1/S_AXI
INFO: [Wavedata 42-564]   Found protocol instance at /emu_wrapper/emu_i//System_DPA/dpa_mon1/TRACE_OUT_0
INFO: [Wavedata 42-564]   Found protocol instance at /emu_wrapper/emu_i//System_DPA/dpa_mon1/TRACE_OUT_1
INFO: [Wavedata 42-564]   Found protocol instance at /emu_wrapper/emu_i//System_DPA/dpa_mon2/S_AXI
INFO: [Wavedata 42-564]   Found protocol instance at /emu_wrapper/emu_i//System_DPA/dpa_mon2/TRACE_OUT_0
INFO: [Wavedata 42-564]   Found protocol instance at /emu_wrapper/emu_i//System_DPA/dpa_mon2/TRACE_OUT_1
INFO: [Wavedata 42-564]   Found protocol instance at /emu_wrapper/emu_i//System_DPA/dpa_mon3/S_AXI
INFO: [Wavedata 42-564]   Found protocol instance at /emu_wrapper/emu_i//System_DPA/dpa_mon3/TRACE_OUT_0
INFO: [Wavedata 42-564]   Found protocol instance at /emu_wrapper/emu_i//System_DPA/dpa_mon3/TRACE_OUT_1
INFO: [Wavedata 42-564]   Found protocol instance at /emu_wrapper/emu_i//System_DPA/dpa_mon4/S_AXI
INFO: [Wavedata 42-564]   Found protocol instance at /emu_wrapper/emu_i//System_DPA/dpa_mon4/TRACE_OUT_0
INFO: [Wavedata 42-564]   Found protocol instance at /emu_wrapper/emu_i//System_DPA/dpa_mon4/TRACE_OUT_1
INFO: [Common 17-14] Message 'Wavedata 42-564' appears 100 times and further instances of the messages will be disabled. Use the Tcl command set_msg_config to change the current settings.
INFO: [Wavedata 42-565] Reading protoinst file ./dr_behav.protoinst
Time resolution is 1 ps
source emu_wrapper.tcl
## if { [info exists ::env(USER_PRE_SIM_SCRIPT) ] } {
##   if {[catch {source $::env(USER_PRE_SIM_SCRIPT)} msg]} {puts $msg}
## }
## if { [info exists ::env(VITIS_WAVEFORM) ] } {
##   if {[file exists $::env(VITIS_WAVEFORM)] == 1} {
##     open_wave_config $::env(VITIS_WAVEFORM)
##   }
## }
## if { [file exists preprocess_profile.tcl] } {
##   if {[catch {source -notrace preprocess_profile.tcl} msg]} {puts $msg}
## }
## puts "We are running Simulator for infinite time. Added some default signals in the waveform. You can pause simulation and add signals and then resume the simulaion again."
We are running Simulator for infinite time. Added some default signals in the waveform. You can pause simulation and add signals and then resume the simulaion again.
## puts ""

## puts "Stopping at breakpoint in simulator also stops the host code execution"
Stopping at breakpoint in simulator also stops the host code execution
## puts ""

## if { [info exists ::env(VITIS_LAUNCH_WAVEFORM_GUI) ] } {
##   run 1ns
## } else {
##   run all
## }
WARNING: Behavioral models for independent clock FIFO configurations do not model synchronization delays. The behavioral models are functionally correct, and will represent the behavior of the configured FIFO. See the FIFO Generator User Guide for more information.
WARNING: Behavioral models for independent clock FIFO configurations do not model synchronization delays. The behavioral models are functionally correct, and will represent the behavior of the configured FIFO. See the FIFO Generator User Guide for more information.
WARNING: Behavioral models for independent clock FIFO configurations do not model synchronization delays. The behavioral models are functionally correct, and will represent the behavior of the configured FIFO. See the FIFO Generator User Guide for more information.
WARNING: Behavioral models for independent clock FIFO configurations do not model synchronization delays. The behavioral models are functionally correct, and will represent the behavior of the configured FIFO. See the FIFO Generator User Guide for more information.
WARNING: Behavioral models for independent clock FIFO configurations do not model synchronization delays. The behavioral models are functionally correct, and will represent the behavior of the configured FIFO. See the FIFO Generator User Guide for more information.
$stop called at time : 321219331 ps
run: Time (s): cpu = 00:00:16 ; elapsed = 00:00:46 . Memory (MB): peak = 3590.168 ; gain = 87.949 ; free physical = 91615 ; free virtual = 117560
## if { [file exists profile.tcl] } {
##   if {[catch {source -notrace profile.tcl } msg]} {puts $msg}
## }
Waiting for protocol analyzers to complete...
Done!
## if { [info exists ::env(VITIS_LAUNCH_WAVEFORM_BATCH) ] } {
##   if { [info exists ::env(USER_POST_SIM_SCRIPT) ] } {
##     if {[catch {source $::env(USER_POST_SIM_SCRIPT)} msg]} {puts $msg}
##   }
##   quit
## }
INFO: [Common 17-206] Exiting xsim at Wed Apr 13 19:05:41 2022...
