
*** Running vivado
    with args -log pfm_dynamic_freq_counter_0_0.vds -m64 -product Vivado -mode batch -messageDb vivado.pb -notrace -source pfm_dynamic_freq_counter_0_0.tcl


****** Vivado v2020.2 (64-bit)
  **** SW Build 3064766 on Wed Nov 18 09:12:47 MST 2020
  **** IP Build 3064653 on Wed Nov 18 14:17:31 MST 2020
    ** Copyright 1986-2020 Xilinx, Inc. All Rights Reserved.

source pfm_dynamic_freq_counter_0_0.tcl -notrace
INFO: Dispatch client connection id - 38379
INFO: [IP_Flow 19-234] Refreshing IP repositories
INFO: [IP_Flow 19-1700] Loaded user IP repository '/home/nomoto/src/StagedLSH/ver1.3/soft/u200/hw/_x/link/int/xo/ip_repo/xilinx_com_hls_table_serch_1_0'.
WARNING: [IP_Flow 19-1694] Ignoring duplicate Bus Abstraction IP file 'xilinx.com:display_pcie4_uscaleplus:int_gtcom_rtl:1.0' found within IP repository '/home/nomoto/src/StagedLSH/ver1.3/soft/u200/hw/_x/link/vivado/vpl/.local/hw_platform/iprepo'.
File in use: /home/nomoto/src/StagedLSH/ver1.3/soft/u200/hw/_x/link/vivado/vpl/.local/hw_platform/iprepo/iprepo/xdma_v4_1/interfaces/pcie4_usp_int_gtcom_rtl.xml
File ignored: /home/nomoto/src/StagedLSH/ver1.3/soft/u200/hw/_x/link/vivado/vpl/.local/hw_platform/iprepo/iprepo/pcie4_uscale_plus_v1_3/interfaces/pcie4_usp_int_gtcom_rtl.xml
WARNING: [IP_Flow 19-1694] Ignoring duplicate Bus Abstraction IP file 'xilinx.com:display_pcie4_uscaleplus:ext_gtcom_rtl:1.0' found within IP repository '/home/nomoto/src/StagedLSH/ver1.3/soft/u200/hw/_x/link/vivado/vpl/.local/hw_platform/iprepo'.
File in use: /home/nomoto/src/StagedLSH/ver1.3/soft/u200/hw/_x/link/vivado/vpl/.local/hw_platform/iprepo/iprepo/xdma_v4_1/interfaces/pcie4_usp_ext_gtcom_rtl.xml
File ignored: /home/nomoto/src/StagedLSH/ver1.3/soft/u200/hw/_x/link/vivado/vpl/.local/hw_platform/iprepo/iprepo/pcie4_uscale_plus_v1_3/interfaces/pcie4_usp_ext_gtcom_rtl.xml
WARNING: [IP_Flow 19-1694] Ignoring duplicate Bus Definition IP file 'xilinx.com:display_pcie4_uscaleplus:int_gtcom:1.0' found within IP repository '/home/nomoto/src/StagedLSH/ver1.3/soft/u200/hw/_x/link/vivado/vpl/.local/hw_platform/iprepo'.
File in use: /home/nomoto/src/StagedLSH/ver1.3/soft/u200/hw/_x/link/vivado/vpl/.local/hw_platform/iprepo/iprepo/xdma_v4_1/interfaces/pcie4_usp_int_gtcom.xml
File ignored: /home/nomoto/src/StagedLSH/ver1.3/soft/u200/hw/_x/link/vivado/vpl/.local/hw_platform/iprepo/iprepo/pcie4_uscale_plus_v1_3/interfaces/pcie4_usp_int_gtcom.xml
WARNING: [IP_Flow 19-1694] Ignoring duplicate Bus Abstraction IP file 'xilinx.com:display_pcie4:pcie4_gt_if_rtl:1.0' found within IP repository '/home/nomoto/src/StagedLSH/ver1.3/soft/u200/hw/_x/link/vivado/vpl/.local/hw_platform/iprepo'.
File in use: /home/nomoto/src/StagedLSH/ver1.3/soft/u200/hw/_x/link/vivado/vpl/.local/hw_platform/iprepo/iprepo/xdma_v4_1/interfaces/pcie4_gt_if_rtl.xml
File ignored: /home/nomoto/src/StagedLSH/ver1.3/soft/u200/hw/_x/link/vivado/vpl/.local/hw_platform/iprepo/iprepo/pcie4_uscale_plus_v1_3/interfaces/pcie4_gt_if_rtl.xml
WARNING: [IP_Flow 19-1694] Ignoring duplicate Bus Definition IP file 'xilinx.com:display_pcie4:pcie4_gt_if:1.0' found within IP repository '/home/nomoto/src/StagedLSH/ver1.3/soft/u200/hw/_x/link/vivado/vpl/.local/hw_platform/iprepo'.
File in use: /home/nomoto/src/StagedLSH/ver1.3/soft/u200/hw/_x/link/vivado/vpl/.local/hw_platform/iprepo/iprepo/xdma_v4_1/interfaces/pcie4_gt_if.xml
File ignored: /home/nomoto/src/StagedLSH/ver1.3/soft/u200/hw/_x/link/vivado/vpl/.local/hw_platform/iprepo/iprepo/pcie4_uscale_plus_v1_3/interfaces/pcie4_gt_if.xml
WARNING: [IP_Flow 19-1694] Ignoring duplicate Bus Definition IP file 'xilinx.com:display_pcie4_uscaleplus:ext_gtcom:1.0' found within IP repository '/home/nomoto/src/StagedLSH/ver1.3/soft/u200/hw/_x/link/vivado/vpl/.local/hw_platform/iprepo'.
File in use: /home/nomoto/src/StagedLSH/ver1.3/soft/u200/hw/_x/link/vivado/vpl/.local/hw_platform/iprepo/iprepo/xdma_v4_1/interfaces/pcie4_usp_ext_gtcom.xml
File ignored: /home/nomoto/src/StagedLSH/ver1.3/soft/u200/hw/_x/link/vivado/vpl/.local/hw_platform/iprepo/iprepo/pcie4_uscale_plus_v1_3/interfaces/pcie4_usp_ext_gtcom.xml
INFO: [IP_Flow 19-1700] Loaded user IP repository '/home/nomoto/src/StagedLSH/ver1.3/soft/u200/hw/_x/link/vivado/vpl/.local/hw_platform/iprepo'.
INFO: [IP_Flow 19-1700] Loaded user IP repository '/opt/Vitis/2020.2/data/cache/xilinx'.
INFO: [IP_Flow 19-1700] Loaded user IP repository '/home/nomoto/src/StagedLSH/ver1.3/soft/u200/hw/_x/link/vivado/vpl/.local/hw_platform/ipcache'.
INFO: [IP_Flow 19-1700] Loaded user IP repository '/opt/Vitis/2020.2/data/ip'.
INFO: [IP_Flow 19-2313] Loaded Vivado IP repository '/opt/Vivado/2020.2/data/ip'.
WARNING: [IP_Flow 19-1663] Duplicate IP found for 'xilinx.com:ip:xdma:4.1'. The one found in IP location '/home/nomoto/src/StagedLSH/ver1.3/soft/u200/hw/_x/link/vivado/vpl/.local/hw_platform/iprepo/iprepo/xdma_v4_1' will take precedence over the same IP in the Xilinx installed IP.
WARNING: [IP_Flow 19-1663] Duplicate IP found for 'xilinx.com:ip:pcie4_uscale_plus:1.3'. The one found in IP location '/home/nomoto/src/StagedLSH/ver1.3/soft/u200/hw/_x/link/vivado/vpl/.local/hw_platform/iprepo/iprepo/pcie4_uscale_plus_v1_3' will take precedence over the same IP in the Xilinx installed IP.
WARNING: [IP_Flow 19-4830] Duplicate Interface found for 'xilinx.com:display_pcie3_ultrascale:pcie3_us_gt_if:1.0'. The one found in location '/home/nomoto/src/StagedLSH/ver1.3/soft/u200/hw/_x/link/vivado/vpl/.local/hw_platform/iprepo/iprepo/xdma_v4_1/interfaces/pcie3_us_gt_if.xml' will take precedence over the same Interface in location '/opt/Vivado/2020.2/data/ip/xilinx/pcie3_ultrascale_v4_4/interfaces/pcie3_us_gt_if.xml'
WARNING: [IP_Flow 19-4830] Duplicate Interface found for 'xilinx.com:display_xdma:xdma_debug_ports:1.0'. The one found in location '/home/nomoto/src/StagedLSH/ver1.3/soft/u200/hw/_x/link/vivado/vpl/.local/hw_platform/iprepo/iprepo/xdma_v4_1/interfaces/xdma_debug_ports.xml' will take precedence over the same Interface in location '/opt/Vivado/2020.2/data/ip/xilinx/qdma_v4_0/interfaces/xdma_debug_ports.xml'
WARNING: [IP_Flow 19-4830] Duplicate Interface found for 'xilinx.com:display_xdma:pcie4_us_plus_transceiver_debug:1.0'. The one found in location '/home/nomoto/src/StagedLSH/ver1.3/soft/u200/hw/_x/link/vivado/vpl/.local/hw_platform/iprepo/iprepo/xdma_v4_1/interfaces/pcie4_us_plus_transceiver_debug.xml' will take precedence over the same Interface in location '/opt/Vivado/2020.2/data/ip/xilinx/qdma_v4_0/interfaces/pcie4_us_plus_transceiver_debug.xml'
WARNING: [IP_Flow 19-4830] Duplicate Interface found for 'xilinx.com:display_xdma:xdma_status_ports:1.0'. The one found in location '/home/nomoto/src/StagedLSH/ver1.3/soft/u200/hw/_x/link/vivado/vpl/.local/hw_platform/iprepo/iprepo/xdma_v4_1/interfaces/xdma_status_ports.xml' will take precedence over the same Interface in location '/opt/Vivado/2020.2/data/ip/xilinx/qdma_v4_0/interfaces/xdma_status_ports.xml'
WARNING: [IP_Flow 19-4830] Duplicate Interface found for 'xilinx.com:display_xdma:int_shared_logic:1.0'. The one found in location '/home/nomoto/src/StagedLSH/ver1.3/soft/u200/hw/_x/link/vivado/vpl/.local/hw_platform/iprepo/iprepo/xdma_v4_1/interfaces/pcie3_us_int_shared_logic.xml' will take precedence over the same Interface in location '/opt/Vivado/2020.2/data/ip/xilinx/qdma_v4_0/interfaces/pcie3_us_int_shared_logic.xml'
WARNING: [IP_Flow 19-4830] Duplicate Interface found for 'xilinx.com:display_pcie4_uscaleplus:int_gtcom:1.0'. The one found in location '/home/nomoto/src/StagedLSH/ver1.3/soft/u200/hw/_x/link/vivado/vpl/.local/hw_platform/iprepo/iprepo/xdma_v4_1/interfaces/pcie4_usp_int_gtcom.xml' will take precedence over the same Interface in location '/opt/Vivado/2020.2/data/ip/xilinx/pcie4_uscale_plus_v1_3/interfaces/pcie4_usp_int_gtcom.xml'
WARNING: [IP_Flow 19-4830] Duplicate Interface found for 'xilinx.com:display_pcie3_ultrascale:ext_shared_logic:1.0'. The one found in location '/home/nomoto/src/StagedLSH/ver1.3/soft/u200/hw/_x/link/vivado/vpl/.local/hw_platform/iprepo/iprepo/xdma_v4_1/interfaces/pcie3_us_ext_shared_logic.xml' will take precedence over the same Interface in location '/opt/Vivado/2020.2/data/ip/xilinx/axi_pcie3_v3_0/interfaces/pcie3_us_ext_shared_logic.xml'
WARNING: [IP_Flow 19-4830] Duplicate Interface found for 'xilinx.com:display_pcie4:pcie4_gt_if:1.0'. The one found in location '/home/nomoto/src/StagedLSH/ver1.3/soft/u200/hw/_x/link/vivado/vpl/.local/hw_platform/iprepo/iprepo/xdma_v4_1/interfaces/pcie4_gt_if.xml' will take precedence over the same Interface in location '/opt/Vivado/2020.2/data/ip/xilinx/pcie4_uscale_plus_v1_3/interfaces/pcie4_gt_if.xml'
WARNING: [IP_Flow 19-4830] Duplicate Interface found for 'xilinx.com:display_xdma:pcie3_7x_transceiver_debug:1.0'. The one found in location '/home/nomoto/src/StagedLSH/ver1.3/soft/u200/hw/_x/link/vivado/vpl/.local/hw_platform/iprepo/iprepo/xdma_v4_1/interfaces/pcie3_7x_transceiver_debug.xml' will take precedence over the same Interface in location '/opt/Vivado/2020.2/data/ip/xilinx/qdma_v4_0/interfaces/pcie3_7x_transceiver_debug.xml'
WARNING: [IP_Flow 19-4830] Duplicate Interface found for 'xilinx.com:display_xdma:pcie3_us_transceiver_debug:1.0'. The one found in location '/home/nomoto/src/StagedLSH/ver1.3/soft/u200/hw/_x/link/vivado/vpl/.local/hw_platform/iprepo/iprepo/xdma_v4_1/interfaces/pcie3_us_transceiver_debug.xml' will take precedence over the same Interface in location '/opt/Vivado/2020.2/data/ip/xilinx/qdma_v4_0/interfaces/pcie3_us_transceiver_debug.xml'
WARNING: [IP_Flow 19-4830] Duplicate Interface found for 'xilinx.com:display_xdma:dsc_bypass:1.0'. The one found in location '/home/nomoto/src/StagedLSH/ver1.3/soft/u200/hw/_x/link/vivado/vpl/.local/hw_platform/iprepo/iprepo/xdma_v4_1/interfaces/dsc_bypass.xml' will take precedence over the same Interface in location '/opt/Vivado/2020.2/data/ip/xilinx/qdma_v4_0/interfaces/dsc_bypass.xml'
WARNING: [IP_Flow 19-4830] Duplicate Interface found for 'xilinx.com:display_xdma:pcie_debug:1.0'. The one found in location '/home/nomoto/src/StagedLSH/ver1.3/soft/u200/hw/_x/link/vivado/vpl/.local/hw_platform/iprepo/iprepo/xdma_v4_1/interfaces/pcie_debug.xml' will take precedence over the same Interface in location '/opt/Vivado/2020.2/data/ip/xilinx/qdma_v4_0/interfaces/pcie_debug.xml'
WARNING: [IP_Flow 19-4830] Duplicate Interface found for 'xilinx.com:display_pcie4_uscaleplus:ext_gtcom:1.0'. The one found in location '/home/nomoto/src/StagedLSH/ver1.3/soft/u200/hw/_x/link/vivado/vpl/.local/hw_platform/iprepo/iprepo/xdma_v4_1/interfaces/pcie4_usp_ext_gtcom.xml' will take precedence over the same Interface in location '/opt/Vivado/2020.2/data/ip/xilinx/pcie4_uscale_plus_v1_3/interfaces/pcie4_usp_ext_gtcom.xml'
WARNING: [IP_Flow 19-4830] Duplicate Interface found for 'xilinx.com:display_xdma:pcie_cfg_external_msix:1.0'. The one found in location '/home/nomoto/src/StagedLSH/ver1.3/soft/u200/hw/_x/link/vivado/vpl/.local/hw_platform/iprepo/iprepo/xdma_v4_1/interfaces/pcie_cfg_ext_msix.xml' will take precedence over the same Interface in location '/opt/Vivado/2020.2/data/ip/xilinx/xdma_v4_1/interfaces/pcie_cfg_ext_msix.xml'
WARNING: [IP_Flow 19-4830] Duplicate Interface found for 'xilinx.com:display_pcie4:pcie4_cfg_external_msix:1.0'. The one found in location '/home/nomoto/src/StagedLSH/ver1.3/soft/u200/hw/_x/link/vivado/vpl/.local/hw_platform/iprepo/iprepo/pcie4_uscale_plus_v1_3/interfaces/pcie4_cfg_ext_msix.xml' will take precedence over the same Interface in location '/opt/Vivado/2020.2/data/ip/xilinx/pcie4_uscale_plus_v1_3/interfaces/pcie4_cfg_ext_msix.xml'
WARNING: [IP_Flow 19-4830] Duplicate Interface found for 'xilinx.com:display_pcie4:pcie4_pl:1.0'. The one found in location '/home/nomoto/src/StagedLSH/ver1.3/soft/u200/hw/_x/link/vivado/vpl/.local/hw_platform/iprepo/iprepo/pcie4_uscale_plus_v1_3/interfaces/pcie4_pl.xml' will take precedence over the same Interface in location '/opt/Vivado/2020.2/data/ip/xilinx/pcie4_uscale_plus_v1_3/interfaces/pcie4_pl.xml'
WARNING: [IP_Flow 19-4830] Duplicate Interface found for 'xilinx.com:display_pcie4:pcie4_cfg_control:1.0'. The one found in location '/home/nomoto/src/StagedLSH/ver1.3/soft/u200/hw/_x/link/vivado/vpl/.local/hw_platform/iprepo/iprepo/pcie4_uscale_plus_v1_3/interfaces/pcie4_cfg_control.xml' will take precedence over the same Interface in location '/opt/Vivado/2020.2/data/ip/xilinx/pcie4_uscale_plus_v1_3/interfaces/pcie4_cfg_control.xml'
WARNING: [IP_Flow 19-4830] Duplicate Interface found for 'xilinx.com:display_pcie4:pcie4_cfg_mgmt:1.0'. The one found in location '/home/nomoto/src/StagedLSH/ver1.3/soft/u200/hw/_x/link/vivado/vpl/.local/hw_platform/iprepo/iprepo/pcie4_uscale_plus_v1_3/interfaces/pcie4_cfg_mgmt.xml' will take precedence over the same Interface in location '/opt/Vivado/2020.2/data/ip/xilinx/pcie4_uscale_plus_v1_3/interfaces/pcie4_cfg_mgmt.xml'
WARNING: [IP_Flow 19-4830] Duplicate Interface found for 'xilinx.com:display_pcie4:pcie4_pcie_id:1.0'. The one found in location '/home/nomoto/src/StagedLSH/ver1.3/soft/u200/hw/_x/link/vivado/vpl/.local/hw_platform/iprepo/iprepo/pcie4_uscale_plus_v1_3/interfaces/pcie4_pcie_id.xml' will take precedence over the same Interface in location '/opt/Vivado/2020.2/data/ip/xilinx/pcie4_uscale_plus_v1_3/interfaces/pcie4_pcie_id.xml'
WARNING: [IP_Flow 19-4830] Duplicate Interface found for 'xilinx.com:display_pcie4_uscaleplus:transceiver_debug:1.0'. The one found in location '/home/nomoto/src/StagedLSH/ver1.3/soft/u200/hw/_x/link/vivado/vpl/.local/hw_platform/iprepo/iprepo/pcie4_uscale_plus_v1_3/interfaces/transceiver_debug.xml' will take precedence over the same Interface in location '/opt/Vivado/2020.2/data/ip/xilinx/pcie4_uscale_plus_v1_3/interfaces/transceiver_debug.xml'
WARNING: [IP_Flow 19-4830] Duplicate Interface found for 'xilinx.com:display_pcie4:pcie4_cfg_msix_internal:1.0'. The one found in location '/home/nomoto/src/StagedLSH/ver1.3/soft/u200/hw/_x/link/vivado/vpl/.local/hw_platform/iprepo/iprepo/pcie4_uscale_plus_v1_3/interfaces/pcie4_cfg_msix_int.xml' will take precedence over the same Interface in location '/opt/Vivado/2020.2/data/ip/xilinx/pcie4_uscale_plus_v1_3/interfaces/pcie4_cfg_msix_int.xml'
WARNING: [IP_Flow 19-4830] Duplicate Interface found for 'xilinx.com:display_pcie4:pcie4_rbar:1.0'. The one found in location '/home/nomoto/src/StagedLSH/ver1.3/soft/u200/hw/_x/link/vivado/vpl/.local/hw_platform/iprepo/iprepo/pcie4_uscale_plus_v1_3/interfaces/pcie4_rbar.xml' will take precedence over the same Interface in location '/opt/Vivado/2020.2/data/ip/xilinx/pcie4_uscale_plus_v1_3/interfaces/pcie4_rbar.xml'
WARNING: [IP_Flow 19-4830] Duplicate Interface found for 'xilinx.com:display_pcie4:pcie4_cfg_status:1.0'. The one found in location '/home/nomoto/src/StagedLSH/ver1.3/soft/u200/hw/_x/link/vivado/vpl/.local/hw_platform/iprepo/iprepo/pcie4_uscale_plus_v1_3/interfaces/pcie4_cfg_status.xml' will take precedence over the same Interface in location '/opt/Vivado/2020.2/data/ip/xilinx/pcie4_uscale_plus_v1_3/interfaces/pcie4_cfg_status.xml'
WARNING: [IP_Flow 19-4830] Duplicate Interface found for 'xilinx.com:display_pcie4:pcie4_cfg_msix_external:1.0'. The one found in location '/home/nomoto/src/StagedLSH/ver1.3/soft/u200/hw/_x/link/vivado/vpl/.local/hw_platform/iprepo/iprepo/pcie4_uscale_plus_v1_3/interfaces/pcie4_cfg_msix.xml' will take precedence over the same Interface in location '/opt/Vivado/2020.2/data/ip/xilinx/pcie4_uscale_plus_v1_3/interfaces/pcie4_cfg_msix.xml'
WARNING: [IP_Flow 19-4830] Duplicate Interface found for 'xilinx.com:display_pcie4:pcie4_cfg_pm:1.0'. The one found in location '/home/nomoto/src/StagedLSH/ver1.3/soft/u200/hw/_x/link/vivado/vpl/.local/hw_platform/iprepo/iprepo/pcie4_uscale_plus_v1_3/interfaces/pcie4_cfg_pm.xml' will take precedence over the same Interface in location '/opt/Vivado/2020.2/data/ip/xilinx/pcie4_uscale_plus_v1_3/interfaces/pcie4_cfg_pm.xml'
Command: synth_design -top pfm_dynamic_freq_counter_0_0 -part xcu200-fsgd2104-2-e -mode out_of_context
Starting synth_design
Attempting to get a license for feature 'Synthesis' and/or device 'xcu200'
INFO: [Common 17-349] Got license for feature 'Synthesis' and/or device 'xcu200'
INFO: [Device 21-403] Loading part xcu200-fsgd2104-2-e
INFO: [Synth 8-7079] Multithreading enabled for synth_design using a maximum of 1 processes.
INFO: [Synth 8-7078] Launching helper process for spawning children vivado processes
INFO: [Synth 8-7075] Helper process launched with PID 21244
---------------------------------------------------------------------------------
Starting RTL Elaboration : Time (s): cpu = 00:00:03 ; elapsed = 00:00:03 . Memory (MB): peak = 3079.316 ; gain = 214.625 ; free physical = 82361 ; free virtual = 114931
---------------------------------------------------------------------------------
INFO: [Synth 8-6157] synthesizing module 'pfm_dynamic_freq_counter_0_0' [/home/nomoto/src/StagedLSH/ver1.3/soft/u200/hw/_x/link/vivado/vpl/prj/prj.gen/my_rm/bd/bd/ip/pfm_dynamic_freq_counter_0_0/synth/pfm_dynamic_freq_counter_0_0.v:58]
INFO: [Synth 8-6157] synthesizing module 'freq_counter' [/home/nomoto/src/StagedLSH/ver1.3/soft/u200/hw/_x/link/vivado/vpl/prj/prj.gen/my_rm/bd/pfm_dynamic/ipshared/5634/src/freq_counter.v:52]
	Parameter REF_CLK_FREQ_HZ bound to: 50925 - type: integer 
	Parameter IDLE_WRITE bound to: 3'b001 
	Parameter WAIT_FOR_WVALID_WRITE bound to: 3'b010 
	Parameter WAIT_FOR_BREADY_WRITE bound to: 3'b100 
	Parameter IDLE_READ bound to: 2'b01 
	Parameter WAIT_FOR_RVALID_READ bound to: 2'b10 
INFO: [Synth 8-6157] synthesizing module 'xpm_cdc_array_single' [/opt/Vivado/2020.2/data/ip/xpm/xpm_cdc/hdl/xpm_cdc.sv:903]
	Parameter DEST_SYNC_FF bound to: 2 - type: integer 
	Parameter INIT_SYNC_FF bound to: 0 - type: integer 
	Parameter SIM_ASSERT_CHK bound to: 0 - type: integer 
	Parameter SRC_INPUT_REG bound to: 0 - type: integer 
	Parameter VERSION bound to: 0 - type: integer 
	Parameter WIDTH bound to: 1 - type: integer 
INFO: [Synth 8-6155] done synthesizing module 'xpm_cdc_array_single' (1#1) [/opt/Vivado/2020.2/data/ip/xpm/xpm_cdc/hdl/xpm_cdc.sv:903]
INFO: [Synth 8-6157] synthesizing module 'xpm_cdc_array_single__parameterized0' [/opt/Vivado/2020.2/data/ip/xpm/xpm_cdc/hdl/xpm_cdc.sv:903]
	Parameter DEST_SYNC_FF bound to: 2 - type: integer 
	Parameter INIT_SYNC_FF bound to: 0 - type: integer 
	Parameter SIM_ASSERT_CHK bound to: 0 - type: integer 
	Parameter SRC_INPUT_REG bound to: 0 - type: integer 
	Parameter VERSION bound to: 0 - type: integer 
	Parameter WIDTH bound to: 32 - type: integer 
INFO: [Synth 8-6155] done synthesizing module 'xpm_cdc_array_single__parameterized0' (1#1) [/opt/Vivado/2020.2/data/ip/xpm/xpm_cdc/hdl/xpm_cdc.sv:903]
INFO: [Synth 8-155] case statement is not full and has no default [/home/nomoto/src/StagedLSH/ver1.3/soft/u200/hw/_x/link/vivado/vpl/prj/prj.gen/my_rm/bd/pfm_dynamic/ipshared/5634/src/freq_counter.v:256]
INFO: [Synth 8-155] case statement is not full and has no default [/home/nomoto/src/StagedLSH/ver1.3/soft/u200/hw/_x/link/vivado/vpl/prj/prj.gen/my_rm/bd/pfm_dynamic/ipshared/5634/src/freq_counter.v:303]
INFO: [Synth 8-6155] done synthesizing module 'freq_counter' (2#1) [/home/nomoto/src/StagedLSH/ver1.3/soft/u200/hw/_x/link/vivado/vpl/prj/prj.gen/my_rm/bd/pfm_dynamic/ipshared/5634/src/freq_counter.v:52]
INFO: [Synth 8-6155] done synthesizing module 'pfm_dynamic_freq_counter_0_0' (3#1) [/home/nomoto/src/StagedLSH/ver1.3/soft/u200/hw/_x/link/vivado/vpl/prj/prj.gen/my_rm/bd/bd/ip/pfm_dynamic_freq_counter_0_0/synth/pfm_dynamic_freq_counter_0_0.v:58]
---------------------------------------------------------------------------------
Finished RTL Elaboration : Time (s): cpu = 00:00:03 ; elapsed = 00:00:04 . Memory (MB): peak = 3134.223 ; gain = 269.531 ; free physical = 83614 ; free virtual = 116185
---------------------------------------------------------------------------------
---------------------------------------------------------------------------------
Start Handling Custom Attributes
---------------------------------------------------------------------------------
---------------------------------------------------------------------------------
Finished Handling Custom Attributes : Time (s): cpu = 00:00:04 ; elapsed = 00:00:04 . Memory (MB): peak = 3152.066 ; gain = 287.375 ; free physical = 84346 ; free virtual = 116917
---------------------------------------------------------------------------------
---------------------------------------------------------------------------------
Finished RTL Optimization Phase 1 : Time (s): cpu = 00:00:04 ; elapsed = 00:00:04 . Memory (MB): peak = 3152.066 ; gain = 287.375 ; free physical = 84346 ; free virtual = 116917
---------------------------------------------------------------------------------
Netlist sorting complete. Time (s): cpu = 00:00:00 ; elapsed = 00:00:00.01 . Memory (MB): peak = 3152.066 ; gain = 0.000 ; free physical = 84367 ; free virtual = 116938
INFO: [Project 1-570] Preparing netlist for logic optimization

Processing XDC Constraints
Initializing timing engine
INFO: [Project 1-236] Implementation specific constraints were found while reading constraint file [/opt/Vivado/2020.2/data/ip/xpm/xpm_cdc/tcl/xpm_cdc_array_single.tcl]. These constraints will be ignored for synthesis but will be used in implementation. Impacted constraints are listed in the file [.Xil/pfm_dynamic_freq_counter_0_0_propImpl.xdc].
Resolution: To avoid this warning, move constraints listed in [.Xil/pfm_dynamic_freq_counter_0_0_propImpl.xdc] to another XDC file and exclude this new file from synthesis with the used_in_synthesis property (File Properties dialog in GUI) and re-run elaboration/synthesis.
INFO: [Project 1-1715] 1 XPM XDC files have been applied to the design.
Completed Processing XDC Constraints

Netlist sorting complete. Time (s): cpu = 00:00:00 ; elapsed = 00:00:00 . Memory (MB): peak = 3275.629 ; gain = 0.000 ; free physical = 84421 ; free virtual = 116993
INFO: [Project 1-111] Unisim Transformation Summary:
No Unisim elements were transformed.

Constraint Validation Runtime : Time (s): cpu = 00:00:00.01 ; elapsed = 00:00:00.01 . Memory (MB): peak = 3275.629 ; gain = 0.000 ; free physical = 84418 ; free virtual = 116990
---------------------------------------------------------------------------------
Finished Constraint Validation : Time (s): cpu = 00:00:08 ; elapsed = 00:00:10 . Memory (MB): peak = 3275.629 ; gain = 410.938 ; free physical = 83486 ; free virtual = 116058
---------------------------------------------------------------------------------
---------------------------------------------------------------------------------
Start Loading Part and Timing Information
---------------------------------------------------------------------------------
Loading part: xcu200-fsgd2104-2-e
INFO: [Synth 8-6742] Reading net delay rules and data
---------------------------------------------------------------------------------
Finished Loading Part and Timing Information : Time (s): cpu = 00:00:08 ; elapsed = 00:00:10 . Memory (MB): peak = 3275.629 ; gain = 410.938 ; free physical = 83482 ; free virtual = 116054
---------------------------------------------------------------------------------
---------------------------------------------------------------------------------
Start Applying 'set_property' XDC Constraints
---------------------------------------------------------------------------------
Applied set_property KEEP_HIERARCHY = SOFT for inst/xpm_cdc_array_single_inst. (constraint file  auto generated constraint).
Applied set_property KEEP_HIERARCHY = SOFT for inst/xpm_cdc_array_single_inst1. (constraint file  auto generated constraint).
Applied set_property KEEP_HIERARCHY = SOFT for inst/xpm_cdc_array_single_inst2. (constraint file  auto generated constraint).
Applied set_property KEEP_HIERARCHY = SOFT for inst/xpm_cdc_array_single_inst5. (constraint file  auto generated constraint).
Applied set_property KEEP_HIERARCHY = SOFT for inst/xpm_cdc_array_single_inst6. (constraint file  auto generated constraint).
Applied set_property KEEP_HIERARCHY = SOFT for inst/xpm_cdc_array_single_inst7. (constraint file  auto generated constraint).
Applied set_property KEEP_HIERARCHY = SOFT for inst/xpm_cdc_array_single_inst3. (constraint file  auto generated constraint).
Applied set_property KEEP_HIERARCHY = SOFT for inst/xpm_cdc_array_single_inst4. (constraint file  auto generated constraint).
---------------------------------------------------------------------------------
Finished applying 'set_property' XDC Constraints : Time (s): cpu = 00:00:08 ; elapsed = 00:00:10 . Memory (MB): peak = 3275.629 ; gain = 410.938 ; free physical = 83468 ; free virtual = 116040
---------------------------------------------------------------------------------
INFO: [Synth 8-802] inferred FSM for state register 'state_write_reg' in module 'freq_counter'
INFO: [Synth 8-802] inferred FSM for state register 'state_read_reg' in module 'freq_counter'
---------------------------------------------------------------------------------------------------
                   State |                     New Encoding |                Previous Encoding 
---------------------------------------------------------------------------------------------------
*
              IDLE_WRITE |                              001 |                              001
   WAIT_FOR_WVALID_WRITE |                              010 |                              010
   WAIT_FOR_BREADY_WRITE |                              100 |                              100
---------------------------------------------------------------------------------------------------
INFO: [Synth 8-3898] No Re-encoding of one hot register 'state_write_reg' in module 'freq_counter'
---------------------------------------------------------------------------------------------------
                   State |                     New Encoding |                Previous Encoding 
---------------------------------------------------------------------------------------------------
*
               IDLE_READ |                               01 |                               01
    WAIT_FOR_RVALID_READ |                               10 |                               10
---------------------------------------------------------------------------------------------------
INFO: [Synth 8-3898] No Re-encoding of one hot register 'state_read_reg' in module 'freq_counter'
---------------------------------------------------------------------------------
Finished RTL Optimization Phase 2 : Time (s): cpu = 00:00:08 ; elapsed = 00:00:10 . Memory (MB): peak = 3275.629 ; gain = 410.938 ; free physical = 83346 ; free virtual = 115918
---------------------------------------------------------------------------------
---------------------------------------------------------------------------------
Start RTL Component Statistics 
---------------------------------------------------------------------------------
Detailed RTL Component Info : 
+---Registers : 
	               32 Bit    Registers := 5     
	                2 Bit    Registers := 1     
	                1 Bit    Registers := 18    
+---Muxes : 
	   2 Input   32 Bit        Muxes := 1     
	   4 Input    3 Bit        Muxes := 1     
	   3 Input    2 Bit        Muxes := 1     
	   4 Input    1 Bit        Muxes := 6     
	   3 Input    1 Bit        Muxes := 4     
	   2 Input    1 Bit        Muxes := 1     
---------------------------------------------------------------------------------
Finished RTL Component Statistics 
---------------------------------------------------------------------------------
---------------------------------------------------------------------------------
Start Part Resource Summary
---------------------------------------------------------------------------------
Part Resources:
DSPs: 6840 (col length:120)
BRAMs: 4320 (col length: RAMB18 360 RAMB36 180)
---------------------------------------------------------------------------------
Finished Part Resource Summary
---------------------------------------------------------------------------------
---------------------------------------------------------------------------------
Start Cross Boundary and Area Optimization
---------------------------------------------------------------------------------
---------------------------------------------------------------------------------
Finished Cross Boundary and Area Optimization : Time (s): cpu = 00:00:09 ; elapsed = 00:00:11 . Memory (MB): peak = 3275.629 ; gain = 410.938 ; free physical = 81853 ; free virtual = 114429
---------------------------------------------------------------------------------
---------------------------------------------------------------------------------
Start Applying XDC Timing Constraints
---------------------------------------------------------------------------------
---------------------------------------------------------------------------------
Finished Applying XDC Timing Constraints : Time (s): cpu = 00:00:18 ; elapsed = 00:00:26 . Memory (MB): peak = 3534.988 ; gain = 670.297 ; free physical = 77335 ; free virtual = 109922
---------------------------------------------------------------------------------
---------------------------------------------------------------------------------
Start Timing Optimization
---------------------------------------------------------------------------------
---------------------------------------------------------------------------------
Finished Timing Optimization : Time (s): cpu = 00:00:18 ; elapsed = 00:00:26 . Memory (MB): peak = 3535.988 ; gain = 671.297 ; free physical = 77326 ; free virtual = 109915
---------------------------------------------------------------------------------
---------------------------------------------------------------------------------
Start Technology Mapping
---------------------------------------------------------------------------------
---------------------------------------------------------------------------------
Finished Technology Mapping : Time (s): cpu = 00:00:18 ; elapsed = 00:00:27 . Memory (MB): peak = 3564.035 ; gain = 699.344 ; free physical = 77325 ; free virtual = 109912
---------------------------------------------------------------------------------
---------------------------------------------------------------------------------
Start IO Insertion
---------------------------------------------------------------------------------
---------------------------------------------------------------------------------
Start Flattening Before IO Insertion
---------------------------------------------------------------------------------
---------------------------------------------------------------------------------
Finished Flattening Before IO Insertion
---------------------------------------------------------------------------------
---------------------------------------------------------------------------------
Start Final Netlist Cleanup
---------------------------------------------------------------------------------
---------------------------------------------------------------------------------
Finished Final Netlist Cleanup
---------------------------------------------------------------------------------
---------------------------------------------------------------------------------
Finished IO Insertion : Time (s): cpu = 00:00:20 ; elapsed = 00:00:29 . Memory (MB): peak = 3564.035 ; gain = 699.344 ; free physical = 76602 ; free virtual = 109193
---------------------------------------------------------------------------------
---------------------------------------------------------------------------------
Start Renaming Generated Instances
---------------------------------------------------------------------------------
---------------------------------------------------------------------------------
Finished Renaming Generated Instances : Time (s): cpu = 00:00:20 ; elapsed = 00:00:29 . Memory (MB): peak = 3564.035 ; gain = 699.344 ; free physical = 76601 ; free virtual = 109191
---------------------------------------------------------------------------------
---------------------------------------------------------------------------------
Start Rebuilding User Hierarchy
---------------------------------------------------------------------------------
---------------------------------------------------------------------------------
Finished Rebuilding User Hierarchy : Time (s): cpu = 00:00:20 ; elapsed = 00:00:29 . Memory (MB): peak = 3564.035 ; gain = 699.344 ; free physical = 76594 ; free virtual = 109184
---------------------------------------------------------------------------------
---------------------------------------------------------------------------------
Start Renaming Generated Ports
---------------------------------------------------------------------------------
---------------------------------------------------------------------------------
Finished Renaming Generated Ports : Time (s): cpu = 00:00:21 ; elapsed = 00:00:29 . Memory (MB): peak = 3564.035 ; gain = 699.344 ; free physical = 76594 ; free virtual = 109184
---------------------------------------------------------------------------------
---------------------------------------------------------------------------------
Start Handling Custom Attributes
---------------------------------------------------------------------------------
---------------------------------------------------------------------------------
Finished Handling Custom Attributes : Time (s): cpu = 00:00:21 ; elapsed = 00:00:29 . Memory (MB): peak = 3564.035 ; gain = 699.344 ; free physical = 76603 ; free virtual = 109193
---------------------------------------------------------------------------------
---------------------------------------------------------------------------------
Start Renaming Generated Nets
---------------------------------------------------------------------------------
---------------------------------------------------------------------------------
Finished Renaming Generated Nets : Time (s): cpu = 00:00:21 ; elapsed = 00:00:29 . Memory (MB): peak = 3564.035 ; gain = 699.344 ; free physical = 76600 ; free virtual = 109190
---------------------------------------------------------------------------------
---------------------------------------------------------------------------------
Start Writing Synthesis Report
---------------------------------------------------------------------------------

Report BlackBoxes: 
+-+--------------+----------+
| |BlackBox name |Instances |
+-+--------------+----------+
+-+--------------+----------+

Report Cell Usage: 
+------+-------+------+
|      |Cell   |Count |
+------+-------+------+
|1     |CARRY8 |    12|
|2     |LUT1   |     7|
|3     |LUT2   |     4|
|4     |LUT3   |     2|
|5     |LUT4   |    10|
|6     |LUT5   |     8|
|7     |LUT6   |    69|
|8     |FDRE   |   279|
|9     |FDSE   |     2|
+------+-------+------+
---------------------------------------------------------------------------------
Finished Writing Synthesis Report : Time (s): cpu = 00:00:21 ; elapsed = 00:00:29 . Memory (MB): peak = 3564.035 ; gain = 699.344 ; free physical = 76598 ; free virtual = 109189
---------------------------------------------------------------------------------
Synthesis finished with 0 errors, 0 critical warnings and 0 warnings.
Synthesis Optimization Runtime : Time (s): cpu = 00:00:19 ; elapsed = 00:00:27 . Memory (MB): peak = 3564.035 ; gain = 575.781 ; free physical = 76628 ; free virtual = 109218
Synthesis Optimization Complete : Time (s): cpu = 00:00:21 ; elapsed = 00:00:29 . Memory (MB): peak = 3564.043 ; gain = 699.344 ; free physical = 76627 ; free virtual = 109218
INFO: [Project 1-571] Translating synthesized netlist
Netlist sorting complete. Time (s): cpu = 00:00:00 ; elapsed = 00:00:00.01 . Memory (MB): peak = 3576.004 ; gain = 0.000 ; free physical = 76683 ; free virtual = 109273
INFO: [Netlist 29-17] Analyzing 12 Unisim elements for replacement
INFO: [Netlist 29-28] Unisim Transformation completed in 0 CPU seconds
INFO: [Project 1-570] Preparing netlist for logic optimization
INFO: [Opt 31-138] Pushed 0 inverter(s) to 0 load pin(s).
Netlist sorting complete. Time (s): cpu = 00:00:00 ; elapsed = 00:00:00 . Memory (MB): peak = 3627.660 ; gain = 0.000 ; free physical = 75683 ; free virtual = 108273
INFO: [Project 1-111] Unisim Transformation Summary:
No Unisim elements were transformed.

INFO: [Common 17-83] Releasing license: Synthesis
38 Infos, 33 Warnings, 0 Critical Warnings and 0 Errors encountered.
synth_design completed successfully
synth_design: Time (s): cpu = 00:00:33 ; elapsed = 00:00:41 . Memory (MB): peak = 3627.660 ; gain = 1194.078 ; free physical = 75819 ; free virtual = 108410
INFO: [Common 17-600] The following parameters have non-default value.
general.maxThreads
INFO: [Common 17-1381] The checkpoint '/home/nomoto/src/StagedLSH/ver1.3/soft/u200/hw/_x/link/vivado/vpl/prj/prj.runs/pfm_dynamic_freq_counter_0_0_synth_1/pfm_dynamic_freq_counter_0_0.dcp' has been generated.
WARNING: [Common 17-576] 'use_project_ipc' is deprecated. This option is deprecated and no longer used.
INFO: [Coretcl 2-1648] Added synthesis output to IP cache for IP pfm_dynamic_freq_counter_0_0, cache-ID = 62287540a8d1ccdb
INFO: [Coretcl 2-1174] Renamed 9 cell refs.
INFO: [Common 17-1381] The checkpoint '/home/nomoto/src/StagedLSH/ver1.3/soft/u200/hw/_x/link/vivado/vpl/prj/prj.runs/pfm_dynamic_freq_counter_0_0_synth_1/pfm_dynamic_freq_counter_0_0.dcp' has been generated.
INFO: [runtcl-4] Executing : report_utilization -file pfm_dynamic_freq_counter_0_0_utilization_synth.rpt -pb pfm_dynamic_freq_counter_0_0_utilization_synth.pb
INFO: [Common 17-206] Exiting Vivado at Sun Apr 17 14:35:39 2022...
