==============================================================
Vitis HLS - High-Level Synthesis from C, C++ and OpenCL v2020.2 (64-bit)
Copyright 1986-2020 Xilinx, Inc. All Rights Reserved.
==============================================================
INFO: [HLS 200-1505] Using flow_target 'vitis'
INFO: [HLS 200-435] Setting 'open_solution -flow_target vitis' configuration: config_interface -m_axi_latency=64
INFO: [HLS 200-435] Setting 'open_solution -flow_target vitis' configuration: config_interface -m_axi_alignment_byte_size=64
INFO: [HLS 200-435] Setting 'open_solution -flow_target vitis' configuration: config_interface -m_axi_max_widen_bitwidth=512
INFO: [HLS 200-435] Setting 'open_solution -flow_target vitis' configuration: config_interface -m_axi_offset=slave
INFO: [HLS 200-435] Setting 'open_solution -flow_target vitis' configuration: config_rtl -register_reset_num=3
INFO: [HLS 200-1510] Running: set_part xcu200-fsgd2104-2-e 
INFO: [HLS 200-10] Setting target device to 'xcu200-fsgd2104-2-e'
INFO: [HLS 200-1510] Running: create_clock -period 300.000000MHz -name default 
INFO: [SYN 201-201] Setting up clock 'default' with a period of 3.333ns.
INFO: [HLS 200-1510] Running: config_rtl -kernel_profile 
INFO: [HLS 200-1510] Running: config_dataflow -strict_mode warning 
INFO: [HLS 200-1510] Running: config_debug -enable 
INFO: [HLS 200-1510] Running: config_export -disable_deadlock_detection=true 
INFO: [HLS 200-1510] Running: config_rtl -m_axi_conservative_mode=1 
WARNING: [HLS 200-483] The 'config_rtl -m_axi_conservative_mode' command is deprecated and will be removed in a future release. Use 'config_interface -m_axi_conservative_mode' as its replacement.
INFO: [HLS 200-1510] Running: config_interface -m_axi_addr64 
INFO: [HLS 200-1510] Running: config_interface -m_axi_auto_max_ports=0 
INFO: [HLS 200-1510] Running: config_export -format ip_catalog -ipname judge_index_set_1 
INFO: [HLS 200-1510] Running: csynth_design -synthesis_check 
INFO: [HLS 200-111] Finished File checks and directory preparation: CPU user time: 0.01 seconds. CPU system time: 0 seconds. Elapsed time: 0 seconds; current allocated memory: 189.699 MB.
INFO: [HLS 200-10] Analyzing design file '/home/nomoto/src/StagedLSH/hard-StagedLSH/src/best_src_2/self/yan/src/kernel/serch_module_set_1/judge_index_set_1.cpp' ... 
WARNING: [HLS 207-5527] unexpected pragma parameter 'bundle': /home/nomoto/src/StagedLSH/hard-StagedLSH/src/best_src_2/self/yan/src/kernel/serch_module_set_1/judge_index_set_1.cpp:141:53
INFO: [HLS 200-111] Finished Source Code Analysis and Preprocessing: CPU user time: 2.7 seconds. CPU system time: 0.21 seconds. Elapsed time: 2.5 seconds; current allocated memory: 190.814 MB.
INFO: [HLS 200-777] Using interface defaults for 'Vitis' flow target.
INFO: [HLS 214-131] Inlining function 'hls::axis<ap_uint<32>, 0ul, 0ul, 0ul>::get_user_ptr()' into 'hls::stream<hls::axis<ap_uint<32>, 0ul, 0ul, 0ul>, 0>::empty()' (/opt/Vitis_HLS/2020.2/common/technology/autopilot/ap_axi_sdata.h:267:60)
INFO: [HLS 214-131] Inlining function 'hls::axis<ap_uint<32>, 0ul, 0ul, 0ul>::get_dest_ptr()' into 'hls::stream<hls::axis<ap_uint<32>, 0ul, 0ul, 0ul>, 0>::empty()' (/opt/Vitis_HLS/2020.2/common/technology/autopilot/ap_axi_sdata.h:268:61)
INFO: [HLS 214-131] Inlining function 'hls::axis<ap_uint<32>, 0ul, 0ul, 0ul>::get_id_ptr()' into 'hls::stream<hls::axis<ap_uint<32>, 0ul, 0ul, 0ul>, 0>::empty()' (/opt/Vitis_HLS/2020.2/common/technology/autopilot/ap_axi_sdata.h:268:45)
INFO: [HLS 214-131] Inlining function 'hls::axis<ap_uint<32>, 0ul, 0ul, 0ul>::get_user_ptr()' into 'hls::stream<hls::axis<ap_uint<32>, 0ul, 0ul, 0ul>, 0>::read()' (/opt/Vitis_HLS/2020.2/common/technology/autopilot/ap_axi_sdata.h:293:50)
INFO: [HLS 214-131] Inlining function 'hls::axis<ap_uint<32>, 0ul, 0ul, 0ul>::get_dest_ptr()' into 'hls::stream<hls::axis<ap_uint<32>, 0ul, 0ul, 0ul>, 0>::read()' (/opt/Vitis_HLS/2020.2/common/technology/autopilot/ap_axi_sdata.h:296:25)
INFO: [HLS 214-131] Inlining function 'hls::axis<ap_uint<32>, 0ul, 0ul, 0ul>::get_id_ptr()' into 'hls::stream<hls::axis<ap_uint<32>, 0ul, 0ul, 0ul>, 0>::read()' (/opt/Vitis_HLS/2020.2/common/technology/autopilot/ap_axi_sdata.h:295:67)
INFO: [HLS 214-131] Inlining function 'hls::axis<ap_uint<32>, 0ul, 0ul, 0ul>::get_user_ptr()' into 'hls::stream<hls::axis<ap_uint<32>, 0ul, 0ul, 0ul>, 0>::read()' (/opt/Vitis_HLS/2020.2/common/technology/autopilot/ap_axi_sdata.h:295:36)
INFO: [HLS 214-131] Inlining function 'hls::axis<ap_uint<32>, 0ul, 0ul, 0ul>::get_dest_ptr()' into 'hls::stream<hls::axis<ap_uint<32>, 0ul, 0ul, 0ul>, 0>::read()' (/opt/Vitis_HLS/2020.2/common/technology/autopilot/ap_axi_sdata.h:294:39)
INFO: [HLS 214-131] Inlining function 'hls::axis<ap_uint<32>, 0ul, 0ul, 0ul>::get_id_ptr()' into 'hls::stream<hls::axis<ap_uint<32>, 0ul, 0ul, 0ul>, 0>::read()' (/opt/Vitis_HLS/2020.2/common/technology/autopilot/ap_axi_sdata.h:294:23)
INFO: [HLS 214-131] Inlining function 'hls::stream<hls::axis<ap_uint<32>, 0ul, 0ul, 0ul>, 0>::read()' into 'read_locate(hls::stream<hls::axis<ap_uint<32>, 0ul, 0ul, 0ul>, 0>&, unsigned int*, unsigned int*, int*)' (/home/nomoto/src/StagedLSH/hard-StagedLSH/src/best_src_2/self/yan/src/kernel/serch_module_set_1/judge_index_set_1.cpp:48:34)
INFO: [HLS 214-131] Inlining function 'hls::stream<ap_uint<512>, 0>::write(ap_uint<512> const&)' into 'read_4096(ap_uint<512>*, unsigned int, hls::stream<ap_uint<512>, 0>&)' (/home/nomoto/src/StagedLSH/hard-StagedLSH/src/best_src_2/self/yan/src/kernel/serch_module_set_1/judge_index_set_1.cpp:67:21)
INFO: [HLS 214-131] Inlining function 'hls::stream<ap_uint<512>, 0>::read(ap_uint<512>&)' into 'hls::stream<ap_uint<512>, 0>::read()' (/opt/Vitis_HLS/2020.2/common/technology/autopilot/hls_stream_39.h:156:9)
INFO: [HLS 214-131] Inlining function 'hls::stream<ap_uint<512>, 0>::read()' into 'haming_dis4096(ap_uint<512>*, hls::stream<ap_uint<512>, 0>&, unsigned int*)' (/home/nomoto/src/StagedLSH/hard-StagedLSH/src/best_src_2/self/yan/src/kernel/serch_module_set_1/judge_index_set_1.cpp:86:25)
INFO: [HLS 214-131] Inlining function 'hls::stream<ap_uint<512>, 0>::stream()' into 'dataflow_func(hls::stream<hls::axis<ap_uint<32>, 0ul, 0ul, 0ul>, 0>&, int*, unsigned int*, ap_uint<512>*, unsigned int*, ap_uint<512>*)' (/home/nomoto/src/StagedLSH/hard-StagedLSH/src/best_src_2/self/yan/src/kernel/serch_module_set_1/judge_index_set_1.cpp:105:28)
INFO: [HLS 214-131] Inlining function 'hls::stream<hls::axis<ap_uint<32>, 0ul, 0ul, 0ul>, 0>::empty()' into 'judge_index_set_1' (/home/nomoto/src/StagedLSH/hard-StagedLSH/src/best_src_2/self/yan/src/kernel/serch_module_set_1/judge_index_set_1.cpp:174:31)
INFO: [HLS 214-131] Inlining function 'hls::stream<hls::axis<ap_uint<32>, 0ul, 0ul, 0ul>, 0>::read()' into 'judge_index_set_1' (/home/nomoto/src/StagedLSH/hard-StagedLSH/src/best_src_2/self/yan/src/kernel/serch_module_set_1/judge_index_set_1.cpp:197:44)
INFO: [HLS 214-131] Inlining function 'hls::stream<hls::axis<ap_uint<32>, 0ul, 0ul, 0ul>, 0>::empty()' into 'judge_index_set_1' (/home/nomoto/src/StagedLSH/hard-StagedLSH/src/best_src_2/self/yan/src/kernel/serch_module_set_1/judge_index_set_1.cpp:196:34)
INFO: [HLS 214-131] Inlining function 'hls::stream<hls::axis<ap_uint<32>, 0ul, 0ul, 0ul>, 0>::empty()' into 'judge_index_set_1' (/home/nomoto/src/StagedLSH/hard-StagedLSH/src/best_src_2/self/yan/src/kernel/serch_module_set_1/judge_index_set_1.cpp:194:30)
INFO: [HLS 214-188] Unrolling loop 'haming_dis32_loop' (/home/nomoto/src/StagedLSH/hard-StagedLSH/src/best_src_2/self/yan/src/kernel/serch_module_set_1/judge_index_set_1.cpp:25:23) in function 'hd_cal512' partially with a factor of 128 (/home/nomoto/src/StagedLSH/hard-StagedLSH/src/best_src_2/self/yan/src/kernel/serch_module_set_1/judge_index_set_1.cpp:25:23)
INFO: [HLS 214-188] Unrolling loop 'hd4096_loop' (/home/nomoto/src/StagedLSH/hard-StagedLSH/src/best_src_2/self/yan/src/kernel/serch_module_set_1/judge_index_set_1.cpp:81:18) in function 'haming_dis4096' partially with a factor of 2 (/home/nomoto/src/StagedLSH/hard-StagedLSH/src/best_src_2/self/yan/src/kernel/serch_module_set_1/judge_index_set_1.cpp:81:18)
INFO: [HLS 214-186] Unrolling loop 'read_query' (/home/nomoto/src/StagedLSH/hard-StagedLSH/src/best_src_2/self/yan/src/kernel/serch_module_set_1/judge_index_set_1.cpp:154:17) in function 'judge_index_set_1' completely with a factor of 8 (/home/nomoto/src/StagedLSH/hard-StagedLSH/src/best_src_2/self/yan/src/kernel/serch_module_set_1/judge_index_set_1.cpp:154:17)
