INFO-FLOW: Workspace /home/nomoto/src/StagedLSH/hard-StagedLSH/src/ver2.2/yan/u200/sw_emu/_x/judge_index_set_1/judge_index_set_1/judge_index_set_1/solution opened at Tue Jul 05 22:00:28 JST 2022
Execute       send_msg_by_id INFO @200-1505@%s%s  vitis 
INFO: [HLS 200-1505] Using flow_target 'vitis'
Execute       get_config_interface -m_axi_latency 
Execute       send_msg_by_id INFO @200-435@%s%s 'open_solution -flow_target vitis' config_interface -m_axi_latency=64 
INFO: [HLS 200-435] Setting 'open_solution -flow_target vitis' configuration: config_interface -m_axi_latency=64
Execute       config_interface -m_axi_latency=64 
Execute       get_config_interface -m_axi_alignment_byte_size 
Execute       send_msg_by_id INFO @200-435@%s%s 'open_solution -flow_target vitis' config_interface -m_axi_alignment_byte_size=64 
INFO: [HLS 200-435] Setting 'open_solution -flow_target vitis' configuration: config_interface -m_axi_alignment_byte_size=64
Execute       config_interface -m_axi_alignment_byte_size=64 
Execute       get_config_interface -m_axi_max_widen_bitwidth 
Execute       send_msg_by_id INFO @200-435@%s%s 'open_solution -flow_target vitis' config_interface -m_axi_max_widen_bitwidth=512 
INFO: [HLS 200-435] Setting 'open_solution -flow_target vitis' configuration: config_interface -m_axi_max_widen_bitwidth=512
Execute       config_interface -m_axi_max_widen_bitwidth=512 
Execute       get_config_interface -default_interface 
INFO-FLOW: Setting macro_cmd open_solution -flow_target vitis configuration: config_interface -default_interface=kernel
Execute       config_interface -default_interface=kernel 
Execute       get_config_interface -m_axi_offset 
Execute       send_msg_by_id INFO @200-435@%s%s 'open_solution -flow_target vitis' config_interface -m_axi_offset=slave 
INFO: [HLS 200-435] Setting 'open_solution -flow_target vitis' configuration: config_interface -m_axi_offset=slave
Execute       config_interface -m_axi_offset=slave 
Execute       get_config_rtl -register_reset_num 
Execute       send_msg_by_id INFO @200-435@%s%s 'open_solution -flow_target vitis' config_rtl -register_reset_num=3 
INFO: [HLS 200-435] Setting 'open_solution -flow_target vitis' configuration: config_rtl -register_reset_num=3
Execute       config_rtl -register_reset_num=3 
Execute     set_part xcu200-fsgd2104-2-e 
INFO: [HLS 200-1510] Running: set_part xcu200-fsgd2104-2-e 
INFO-FLOW: DBG:set_part: XILINX_VIVADO=/opt/Vivado/2020.2
INFO-FLOW: DBG:set_part: RDI_DATADIR=/opt/Vivado/2020.2/data:/opt/Vitis_HLS/2020.2/data
Execute       ap_part_info -name xcu200-fsgd2104-2-e -data single -quiet 
DBG:HLSDevice: Trying to load device library: /opt/Vitis_HLS/2020.2/lib/lnx64.o/librdi_hlsvwrap.so
DBG:HLSDevice: first parts/arch.xml in RDI_DATADIR: /opt/Vivado/2020.2/data/parts/arch.xml
Command       ap_part_info done; 0.89 sec.
Execute       ap_part_info -name xcu200-fsgd2104-2-e -data info 
Execute       add_library xilinx/virtexuplus/virtexuplus:xcu200:-fsgd2104:-2-e 
Execute         get_default_platform 
Execute         open_platform DefaultPlatform 
Execute         ap_part_info -data single -name xcu200-fsgd2104-2-e 
Execute         ap_part_info -name xcu200-fsgd2104-2-e -data resources 
Execute         config_chip_info -resource {SLICE 147780} {LUT 1182240} {FF 2364480} {DSP 6840} {BRAM 4320} {URAM 960} {SLR 3} 
Execute         ap_part_info -name xcu200-fsgd2104-2-e -data info 
Execute         config_chip_info -speed medium 
Execute         ap_part_info -name xcu200-fsgd2104-2-e -data info 
Execute         config_library_info -library virtexuplus_medium 
Execute         config_library_info -family virtexuplus 
Execute         config_library_info -part xcu200:-fsgd2104:-2-e 
Execute         import_lib /opt/Vitis_HLS/2020.2/common/technology/xilinx/virtexuplus/virtexuplus 
Execute           source /opt/Vitis_HLS/2020.2/common/technology/xilinx/interface/xilinx_interface.hlp 
Execute             source /opt/Vitis_HLS/2020.2/common/technology/xilinx/interface/maxi.hlp 
Execute             source /opt/Vitis_HLS/2020.2/common/technology/xilinx/interface/saxilite.hlp 
Execute           source /opt/Vitis_HLS/2020.2/common/technology/xilinx/DSP48/dsp48.hlp 
Execute           source /opt/Vitis_HLS/2020.2/common/technology/xilinx/DSP48/virtexuplus_dsp48e2.hlp 
Execute         source /opt/Vitis_HLS/2020.2/common/technology/xilinx/common/xilinx.gen 
Execute           source /opt/Vitis_HLS/2020.2/common/technology/xilinx/interface/plb46.gen 
Execute           source /opt/Vitis_HLS/2020.2/common/technology/xilinx/interface/axi4.gen 
Execute           source /opt/Vitis_HLS/2020.2/common/technology/xilinx/interface/nativeAXI4.gen 
Execute             source /opt/Vitis_HLS/2020.2/common/technology/xilinx/interface/saxilite.gen 
Execute             source /opt/Vitis_HLS/2020.2/common/technology/xilinx/interface/maxi.gen 
Execute           source /opt/Vitis_HLS/2020.2/common/technology/xilinx/scripts/xilinxcoregen.gen 
Execute           source /opt/Vitis_HLS/2020.2/common/technology/xilinx/interface/XilEDKCoreGen.gen 
Execute           source /opt/Vitis_HLS/2020.2/common/technology/xilinx/ip/dds_compiler.gen 
Execute           source /opt/Vitis_HLS/2020.2/common/technology/xilinx/ip/util.gen 
Execute           source /opt/Vitis_HLS/2020.2/common/technology/xilinx/ip/xfft.gen 
Execute           source /opt/Vitis_HLS/2020.2/common/technology/xilinx/ip/xfir.gen 
Execute           source /opt/Vitis_HLS/2020.2/common/technology/xilinx/DSP48/dsp48.gen 
Command       add_library done; 0.13 sec.
INFO: [HLS 200-10] Setting target device to 'xcu200-fsgd2104-2-e'
Execute       ap_part_info -name xcu200-fsgd2104-2-e -data info 
Execute       config_compile -quiet -complex-mul-dsp=0 
Command     set_part done; 1.04 sec.
Execute     create_clock -period 300.000000MHz -name default 
INFO: [HLS 200-1510] Running: create_clock -period 300.000000MHz -name default 
Execute       ap_set_clock -name default -period 3.333 -unit ns -default=false 
INFO: [SYN 201-201] Setting up clock 'default' with a period of 3.333ns.
Execute     config_rtl -kernel_profile 
INFO: [HLS 200-1510] Running: config_rtl -kernel_profile 
Execute     config_dataflow -strict_mode warning 
INFO: [HLS 200-1510] Running: config_dataflow -strict_mode warning 
Execute     config_debug -enable 
INFO: [HLS 200-1510] Running: config_debug -enable 
Execute     config_export -disable_deadlock_detection=true 
INFO: [HLS 200-1510] Running: config_export -disable_deadlock_detection=true 
Execute     config_rtl -m_axi_conservative_mode=1 
INFO: [HLS 200-1510] Running: config_rtl -m_axi_conservative_mode=1 
WARNING: [HLS 200-483] The 'config_rtl -m_axi_conservative_mode' command is deprecated and will be removed in a future release. Use 'config_interface -m_axi_conservative_mode' as its replacement.
Execute     config_interface -m_axi_addr64 
INFO: [HLS 200-1510] Running: config_interface -m_axi_addr64 
Execute     config_interface -m_axi_auto_max_ports=0 
INFO: [HLS 200-1510] Running: config_interface -m_axi_auto_max_ports=0 
Execute     config_export -format ip_catalog -ipname judge_index_set_1 
INFO: [HLS 200-1510] Running: config_export -format ip_catalog -ipname judge_index_set_1 
Execute     csynth_design -synthesis_check 
INFO: [HLS 200-1510] Running: csynth_design -synthesis_check 
Execute       get_config_compile -effort 
Execute       get_config_compile -enable_clang39 
Execute       get_config_compile -g 
Execute       get_config_compile -ng 
Execute       get_config_compile -opt_fp 
Execute       get_config_compile -skip_cdt 
Execute       get_config_compile -skip_syncheck 
Execute       get_config_compile -skip_transform 
Execute       get_config_compile -keep_printf 
Execute       elaborate -effort=medium -skip_syncheck=0 -keep_printf=0 -skip_cdt=0 -skip_transform=2 -ng=0 -g=0 -opt_fp=0 -from_csynth_design=1 
INFO: [HLS 200-111] Finished File checks and directory preparation: CPU user time: 0 seconds. CPU system time: 0 seconds. Elapsed time: 0 seconds; current allocated memory: 189.683 MB.
INFO: [HLS 200-10] Analyzing design file '/home/nomoto/src/StagedLSH/hard-StagedLSH/src/ver2.2/yan/src/kernel/serch_module_set_1/judge_index_set_1.cpp' ... 
INFO-FLOW: Compiling one TU...
Execute         get_config_compile -pragma_strict_mode 
INFO-FLOW: Handling /home/nomoto/src/StagedLSH/hard-StagedLSH/src/ver2.2/yan/src/kernel/serch_module_set_1/judge_index_set_1.cpp as C++
Execute         ap_part_info -name xcu200-fsgd2104-2-e -data info 
INFO-FLOW: Running: GCC PP 39
INFO-FLOW: Source preprocessing
Execute         ap_eval exec -ignorestderr /opt/Vitis_HLS/2020.2/lnx64/tools/clang-3.9-csynth/bin/clang /home/nomoto/src/StagedLSH/hard-StagedLSH/src/ver2.2/yan/src/kernel/serch_module_set_1/judge_index_set_1.cpp -foptimization-record-file=/home/nomoto/src/StagedLSH/hard-StagedLSH/src/ver2.2/yan/u200/sw_emu/_x/judge_index_set_1/judge_index_set_1/judge_index_set_1/solution/.autopilot/db/clang.judge_index_set_1.cpp.diag.yml -mllvm -pass-remarks-missed=reflow|pasta|unroll -mllvm -pass-remarks=reflow|pasta|unroll|inline -fno-limit-debug-info -gcc-toolchain /opt/Vitis_HLS/2020.2/tps/lnx64/gcc-6.2.0 -fhls -fno-exceptions -E -g -I/home/nomoto/src/StagedLSH/hard-StagedLSH/src/ver2.2/yan/src/kernel -fno-math-errno -c -emit-llvm -mllvm -disable-llvm-optzns -Werror=implicit-function-declaration -Werror=implicit-hls-streams -Werror=return-type -Wpragmas -Wunused-parameter -fno-threadsafe-statics -fno-use-cxa-atexit -std=gnu++14 -target fpga64-xilinx-linux-gnu -fno-threadsafe-statics -fno-use-cxa-atexit -I /opt/Vitis_HLS/2020.2/common/technology/autopilot/39 -D__VITIS_HLS__ -DAESL_SYN -D__SYNTHESIS__ -D__HLS_SYN__ -I /opt/Vitis_HLS/2020.2/common/technology/autopilot -I /opt/Vitis_HLS/2020.2/common/technology/autopilot/ap_sysc -include etc/autopilot_ssdm_op.h -D__DSP48E2__ -o /home/nomoto/src/StagedLSH/hard-StagedLSH/src/ver2.2/yan/u200/sw_emu/_x/judge_index_set_1/judge_index_set_1/judge_index_set_1/solution/.autopilot/db/judge_index_set_1.pp.0.cpp > /home/nomoto/src/StagedLSH/hard-StagedLSH/src/ver2.2/yan/u200/sw_emu/_x/judge_index_set_1/judge_index_set_1/judge_index_set_1/solution/.autopilot/db/clang.judge_index_set_1.cpp.out.log 2> /home/nomoto/src/StagedLSH/hard-StagedLSH/src/ver2.2/yan/u200/sw_emu/_x/judge_index_set_1/judge_index_set_1/judge_index_set_1/solution/.autopilot/db/clang.judge_index_set_1.cpp.err.log 
INFO-FLOW: Done: GCC PP 39 time: 0.1 seconds per iteration
Execute         set_directive_top judge_index_set_1 -name=judge_index_set_1 
INFO-FLOW: Setting directive 'TOP' name=judge_index_set_1 
INFO-FLOW: Setting directive 'TOP' name=judge_index_set_1 
Execute         source /opt/Vitis_HLS/2020.2/tps/tcl/tcllib1.11.1/yaml/huddle.tcl 
Execute         source /opt/Vitis_HLS/2020.2/tps/tcl/tcllib1.11.1/yaml/json2huddle.tcl 
Execute           source /opt/Vitis_HLS/2020.2/tps/tcl/tcllib1.11.1/try/try.tcl 
INFO-FLOW: Setting directive 'TOP' name=judge_index_set_1 
Execute         list_core -type functional_unit 
Execute         clang_tidy xilinx-systemc-detector /home/nomoto/src/StagedLSH/hard-StagedLSH/src/ver2.2/yan/u200/sw_emu/_x/judge_index_set_1/judge_index_set_1/judge_index_set_1/solution/.autopilot/db/judge_index_set_1.pp.0.cpp std=gnu++14 -target fpga  -directive=/home/nomoto/src/StagedLSH/hard-StagedLSH/src/ver2.2/yan/u200/sw_emu/_x/judge_index_set_1/judge_index_set_1/judge_index_set_1/solution/.autopilot/db/.systemc_flag 
INFO-FLOW: exec /opt/Vitis_HLS/2020.2/lnx64/tools/clang-3.9-csynth/bin/clang-tidy -header-filter=.* --checks=-*,xilinx-systemc-detector -import-directive=/home/nomoto/src/StagedLSH/hard-StagedLSH/src/ver2.2/yan/u200/sw_emu/_x/judge_index_set_1/judge_index_set_1/judge_index_set_1/solution/.autopilot/db/.systemc_flag -fix-errors /home/nomoto/src/StagedLSH/hard-StagedLSH/src/ver2.2/yan/u200/sw_emu/_x/judge_index_set_1/judge_index_set_1/judge_index_set_1/solution/.autopilot/db/judge_index_set_1.pp.0.cpp -- -std=gnu++14 -target fpga -fhls -ferror-limit=0
Command         clang_tidy done; 0.5 sec.
INFO-FLOW: Running: clang-tidy CDT preprocess 39
Execute         clang_tidy xilinx-directive2pragma /home/nomoto/src/StagedLSH/hard-StagedLSH/src/ver2.2/yan/u200/sw_emu/_x/judge_index_set_1/judge_index_set_1/judge_index_set_1/solution/.autopilot/db/judge_index_set_1.pp.0.cpp std=gnu++14 -target fpga  -directive=/home/nomoto/src/StagedLSH/hard-StagedLSH/src/ver2.2/yan/u200/sw_emu/_x/judge_index_set_1/judge_index_set_1/judge_index_set_1/solution/.autopilot/db/all.directive.json 
INFO-FLOW: exec /opt/Vitis_HLS/2020.2/lnx64/tools/clang-3.9-csynth/bin/clang-tidy -header-filter=.* --checks=-*,xilinx-directive2pragma -import-directive=/home/nomoto/src/StagedLSH/hard-StagedLSH/src/ver2.2/yan/u200/sw_emu/_x/judge_index_set_1/judge_index_set_1/judge_index_set_1/solution/.autopilot/db/all.directive.json -fix-errors /home/nomoto/src/StagedLSH/hard-StagedLSH/src/ver2.2/yan/u200/sw_emu/_x/judge_index_set_1/judge_index_set_1/judge_index_set_1/solution/.autopilot/db/judge_index_set_1.pp.0.cpp -- -std=gnu++14 -target fpga -fhls -ferror-limit=0
Command         clang_tidy done; 0.77 sec.
Execute         clang_tidy xilinx-constantarray-param,xilinx-remove-assert /home/nomoto/src/StagedLSH/hard-StagedLSH/src/ver2.2/yan/u200/sw_emu/_x/judge_index_set_1/judge_index_set_1/judge_index_set_1/solution/.autopilot/db/judge_index_set_1.pp.0.cpp std=gnu++14 -target fpga  
INFO-FLOW: exec /opt/Vitis_HLS/2020.2/lnx64/tools/clang-3.9-csynth/bin/clang-tidy -header-filter=.* --checks=-*,xilinx-constantarray-param,xilinx-remove-assert -fix-errors /home/nomoto/src/StagedLSH/hard-StagedLSH/src/ver2.2/yan/u200/sw_emu/_x/judge_index_set_1/judge_index_set_1/judge_index_set_1/solution/.autopilot/db/judge_index_set_1.pp.0.cpp -- -std=gnu++14 -target fpga -fhls -ferror-limit=0
Command         clang_tidy done; 0.57 sec.
INFO-FLOW: Done: clang-tidy CDT preprocess 39 time: 1.3 seconds per iteration
Execute         ap_part_info -name xcu200-fsgd2104-2-e -data info 
INFO-FLOW: compiling source code to llvm bc
Execute         ap_eval exec -ignorestderr /opt/Vitis_HLS/2020.2/lnx64/tools/clang-3.9-csynth/bin/clang -foptimization-record-file=/home/nomoto/src/StagedLSH/hard-StagedLSH/src/ver2.2/yan/u200/sw_emu/_x/judge_index_set_1/judge_index_set_1/judge_index_set_1/solution/.autopilot/db/clang.judge_index_set_1.pp.0.cpp.diag.yml -mllvm -pass-remarks-missed=reflow|pasta|unroll -mllvm -pass-remarks=reflow|pasta|unroll|inline -fno-limit-debug-info -fhls -flto -fno-exceptions -Wno-error=c++11-narrowing /home/nomoto/src/StagedLSH/hard-StagedLSH/src/ver2.2/yan/u200/sw_emu/_x/judge_index_set_1/judge_index_set_1/judge_index_set_1/solution/.autopilot/db/judge_index_set_1.pp.0.cpp -g -I/home/nomoto/src/StagedLSH/hard-StagedLSH/src/ver2.2/yan/src/kernel -fno-math-errno -c -emit-llvm -mllvm -disable-llvm-optzns -Werror=implicit-function-declaration -Werror=implicit-hls-streams -Werror=return-type -Wpragmas -Wunused-parameter -fno-threadsafe-statics -fno-use-cxa-atexit -std=gnu++14 -target fpga64-xilinx-linux-gnu -D__VITIS_HLS__ -DAESL_SYN -D__SYNTHESIS__ -D__HLS_SYN__ -I /opt/Vitis_HLS/2020.2/common/technology/autopilot -I /opt/Vitis_HLS/2020.2/common/technology/autopilot/ap_sysc -include etc/autopilot_ssdm_op.h -D__DSP48E2__ -g -o /home/nomoto/src/StagedLSH/hard-StagedLSH/src/ver2.2/yan/u200/sw_emu/_x/judge_index_set_1/judge_index_set_1/judge_index_set_1/solution/.autopilot/db/judge_index_set_1.bc > /home/nomoto/src/StagedLSH/hard-StagedLSH/src/ver2.2/yan/u200/sw_emu/_x/judge_index_set_1/judge_index_set_1/judge_index_set_1/solution/.autopilot/db/clang.judge_index_set_1.pp.0.cpp.out.log 2> /home/nomoto/src/StagedLSH/hard-StagedLSH/src/ver2.2/yan/u200/sw_emu/_x/judge_index_set_1/judge_index_set_1/judge_index_set_1/solution/.autopilot/db/clang.judge_index_set_1.pp.0.cpp.err.log 
Command         ap_eval done; 0.48 sec.
INFO: [HLS 200-111] Finished Source Code Analysis and Preprocessing: CPU user time: 2.66 seconds. CPU system time: 0.19 seconds. Elapsed time: 2.45 seconds; current allocated memory: 190.309 MB.
INFO-FLOW: Linking Debug ...
INFO-FLOW: Linking dut bc code.
Execute         run_link_or_opt -out /home/nomoto/src/StagedLSH/hard-StagedLSH/src/ver2.2/yan/u200/sw_emu/_x/judge_index_set_1/judge_index_set_1/judge_index_set_1/solution/.autopilot/db/a.g.ld.0.bc -args  "/home/nomoto/src/StagedLSH/hard-StagedLSH/src/ver2.2/yan/u200/sw_emu/_x/judge_index_set_1/judge_index_set_1/judge_index_set_1/solution/.autopilot/db/judge_index_set_1.g.bc"  
Execute           ap_eval exec -ignorestderr /opt/Vitis_HLS/2020.2/lnx64/tools/clang-3.9-csynth/bin/llvm-link /home/nomoto/src/StagedLSH/hard-StagedLSH/src/ver2.2/yan/u200/sw_emu/_x/judge_index_set_1/judge_index_set_1/judge_index_set_1/solution/.autopilot/db/judge_index_set_1.g.bc -o /home/nomoto/src/StagedLSH/hard-StagedLSH/src/ver2.2/yan/u200/sw_emu/_x/judge_index_set_1/judge_index_set_1/judge_index_set_1/solution/.autopilot/db/a.g.ld.0.bc > /home/nomoto/src/StagedLSH/hard-StagedLSH/src/ver2.2/yan/u200/sw_emu/_x/judge_index_set_1/judge_index_set_1/judge_index_set_1/solution/.autopilot/db/llvm-link.a.g.ld.0.bc.out.log 2> /home/nomoto/src/StagedLSH/hard-StagedLSH/src/ver2.2/yan/u200/sw_emu/_x/judge_index_set_1/judge_index_set_1/judge_index_set_1/solution/.autopilot/db/llvm-link.a.g.ld.0.bc.err.log 
INFO-FLOW: 
Execute         run_link_or_opt -opt -out /home/nomoto/src/StagedLSH/hard-StagedLSH/src/ver2.2/yan/u200/sw_emu/_x/judge_index_set_1/judge_index_set_1/judge_index_set_1/solution/.autopilot/db/a.g.ld.1.lower.bc -args /home/nomoto/src/StagedLSH/hard-StagedLSH/src/ver2.2/yan/u200/sw_emu/_x/judge_index_set_1/judge_index_set_1/judge_index_set_1/solution/.autopilot/db/a.g.ld.0.bc -reflow-lower-math-intrinsics 
Execute           ap_eval exec -ignorestderr /opt/Vitis_HLS/2020.2/lnx64/tools/clang-3.9-csynth/bin/opt -pass-remarks-missed=reflow|pasta|unroll -pass-remarks=reflow|pasta|unroll|inline -pass-remarks-output=/home/nomoto/src/StagedLSH/hard-StagedLSH/src/ver2.2/yan/u200/sw_emu/_x/judge_index_set_1/judge_index_set_1/judge_index_set_1/solution/.autopilot/db/opt.a.g.ld.1.lower.bc.diag.yml /home/nomoto/src/StagedLSH/hard-StagedLSH/src/ver2.2/yan/u200/sw_emu/_x/judge_index_set_1/judge_index_set_1/judge_index_set_1/solution/.autopilot/db/a.g.ld.0.bc -reflow-lower-math-intrinsics -o /home/nomoto/src/StagedLSH/hard-StagedLSH/src/ver2.2/yan/u200/sw_emu/_x/judge_index_set_1/judge_index_set_1/judge_index_set_1/solution/.autopilot/db/a.g.ld.1.lower.bc > /home/nomoto/src/StagedLSH/hard-StagedLSH/src/ver2.2/yan/u200/sw_emu/_x/judge_index_set_1/judge_index_set_1/judge_index_set_1/solution/.autopilot/db/opt.a.g.ld.1.lower.bc.out.log 2> /home/nomoto/src/StagedLSH/hard-StagedLSH/src/ver2.2/yan/u200/sw_emu/_x/judge_index_set_1/judge_index_set_1/judge_index_set_1/solution/.autopilot/db/opt.a.g.ld.1.lower.bc.err.log 
INFO-FLOW: 
INFO-FLOW: Linking math bc lib
Execute         run_link_or_opt -out /home/nomoto/src/StagedLSH/hard-StagedLSH/src/ver2.2/yan/u200/sw_emu/_x/judge_index_set_1/judge_index_set_1/judge_index_set_1/solution/.autopilot/db/a.g.ld.2.m1.bc -args /home/nomoto/src/StagedLSH/hard-StagedLSH/src/ver2.2/yan/u200/sw_emu/_x/judge_index_set_1/judge_index_set_1/judge_index_set_1/solution/.autopilot/db/a.g.ld.1.lower.bc -only-needed /opt/Vitis_HLS/2020.2/lnx64/lib/libhlsm_39.bc /opt/Vitis_HLS/2020.2/lnx64/lib/libhlsmc++_39.bc 
Execute           ap_eval exec -ignorestderr /opt/Vitis_HLS/2020.2/lnx64/tools/clang-3.9-csynth/bin/llvm-link /home/nomoto/src/StagedLSH/hard-StagedLSH/src/ver2.2/yan/u200/sw_emu/_x/judge_index_set_1/judge_index_set_1/judge_index_set_1/solution/.autopilot/db/a.g.ld.1.lower.bc -only-needed /opt/Vitis_HLS/2020.2/lnx64/lib/libhlsm_39.bc /opt/Vitis_HLS/2020.2/lnx64/lib/libhlsmc++_39.bc -o /home/nomoto/src/StagedLSH/hard-StagedLSH/src/ver2.2/yan/u200/sw_emu/_x/judge_index_set_1/judge_index_set_1/judge_index_set_1/solution/.autopilot/db/a.g.ld.2.m1.bc > /home/nomoto/src/StagedLSH/hard-StagedLSH/src/ver2.2/yan/u200/sw_emu/_x/judge_index_set_1/judge_index_set_1/judge_index_set_1/solution/.autopilot/db/llvm-link.a.g.ld.2.m1.bc.out.log 2> /home/nomoto/src/StagedLSH/hard-StagedLSH/src/ver2.2/yan/u200/sw_emu/_x/judge_index_set_1/judge_index_set_1/judge_index_set_1/solution/.autopilot/db/llvm-link.a.g.ld.2.m1.bc.err.log 
Command           ap_eval done; 1.68 sec.
INFO-FLOW: 
Command         run_link_or_opt done; 1.69 sec.
Execute         run_link_or_opt -opt -out /home/nomoto/src/StagedLSH/hard-StagedLSH/src/ver2.2/yan/u200/sw_emu/_x/judge_index_set_1/judge_index_set_1/judge_index_set_1/solution/.autopilot/db/a.g.ld.3.fpc.bc -args /home/nomoto/src/StagedLSH/hard-StagedLSH/src/ver2.2/yan/u200/sw_emu/_x/judge_index_set_1/judge_index_set_1/judge_index_set_1/solution/.autopilot/db/a.g.ld.2.m1.bc -reflow-globaldce -hls-top-function-name=judge_index_set_1 -reflow-float-conversion 
Execute           ap_eval exec -ignorestderr /opt/Vitis_HLS/2020.2/lnx64/tools/clang-3.9-csynth/bin/opt -pass-remarks-missed=reflow|pasta|unroll -pass-remarks=reflow|pasta|unroll|inline -pass-remarks-output=/home/nomoto/src/StagedLSH/hard-StagedLSH/src/ver2.2/yan/u200/sw_emu/_x/judge_index_set_1/judge_index_set_1/judge_index_set_1/solution/.autopilot/db/opt.a.g.ld.3.fpc.bc.diag.yml /home/nomoto/src/StagedLSH/hard-StagedLSH/src/ver2.2/yan/u200/sw_emu/_x/judge_index_set_1/judge_index_set_1/judge_index_set_1/solution/.autopilot/db/a.g.ld.2.m1.bc -reflow-globaldce -hls-top-function-name=judge_index_set_1 -reflow-float-conversion -o /home/nomoto/src/StagedLSH/hard-StagedLSH/src/ver2.2/yan/u200/sw_emu/_x/judge_index_set_1/judge_index_set_1/judge_index_set_1/solution/.autopilot/db/a.g.ld.3.fpc.bc > /home/nomoto/src/StagedLSH/hard-StagedLSH/src/ver2.2/yan/u200/sw_emu/_x/judge_index_set_1/judge_index_set_1/judge_index_set_1/solution/.autopilot/db/opt.a.g.ld.3.fpc.bc.out.log 2> /home/nomoto/src/StagedLSH/hard-StagedLSH/src/ver2.2/yan/u200/sw_emu/_x/judge_index_set_1/judge_index_set_1/judge_index_set_1/solution/.autopilot/db/opt.a.g.ld.3.fpc.bc.err.log 
Command           ap_eval done; 0.58 sec.
INFO-FLOW: 
Command         run_link_or_opt done; 0.58 sec.
Execute         run_link_or_opt -out /home/nomoto/src/StagedLSH/hard-StagedLSH/src/ver2.2/yan/u200/sw_emu/_x/judge_index_set_1/judge_index_set_1/judge_index_set_1/solution/.autopilot/db/a.g.ld.4.m2.bc -args /home/nomoto/src/StagedLSH/hard-StagedLSH/src/ver2.2/yan/u200/sw_emu/_x/judge_index_set_1/judge_index_set_1/judge_index_set_1/solution/.autopilot/db/a.g.ld.3.fpc.bc -only-needed /opt/Vitis_HLS/2020.2/lnx64/lib/libfloatconversion_39.bc 
Execute           ap_eval exec -ignorestderr /opt/Vitis_HLS/2020.2/lnx64/tools/clang-3.9-csynth/bin/llvm-link /home/nomoto/src/StagedLSH/hard-StagedLSH/src/ver2.2/yan/u200/sw_emu/_x/judge_index_set_1/judge_index_set_1/judge_index_set_1/solution/.autopilot/db/a.g.ld.3.fpc.bc -only-needed /opt/Vitis_HLS/2020.2/lnx64/lib/libfloatconversion_39.bc -o /home/nomoto/src/StagedLSH/hard-StagedLSH/src/ver2.2/yan/u200/sw_emu/_x/judge_index_set_1/judge_index_set_1/judge_index_set_1/solution/.autopilot/db/a.g.ld.4.m2.bc > /home/nomoto/src/StagedLSH/hard-StagedLSH/src/ver2.2/yan/u200/sw_emu/_x/judge_index_set_1/judge_index_set_1/judge_index_set_1/solution/.autopilot/db/llvm-link.a.g.ld.4.m2.bc.out.log 2> /home/nomoto/src/StagedLSH/hard-StagedLSH/src/ver2.2/yan/u200/sw_emu/_x/judge_index_set_1/judge_index_set_1/judge_index_set_1/solution/.autopilot/db/llvm-link.a.g.ld.4.m2.bc.err.log 
INFO-FLOW: 
Execute         run_link_or_opt -opt -out /home/nomoto/src/StagedLSH/hard-StagedLSH/src/ver2.2/yan/u200/sw_emu/_x/judge_index_set_1/judge_index_set_1/judge_index_set_1/solution/.autopilot/db/a.g.ld.5.gdce.bc -args /home/nomoto/src/StagedLSH/hard-StagedLSH/src/ver2.2/yan/u200/sw_emu/_x/judge_index_set_1/judge_index_set_1/judge_index_set_1/solution/.autopilot/db/a.g.ld.4.m2.bc -reflow-globaldce -hls-top-function-name=judge_index_set_1 
Execute           ap_eval exec -ignorestderr /opt/Vitis_HLS/2020.2/lnx64/tools/clang-3.9-csynth/bin/opt -pass-remarks-missed=reflow|pasta|unroll -pass-remarks=reflow|pasta|unroll|inline -pass-remarks-output=/home/nomoto/src/StagedLSH/hard-StagedLSH/src/ver2.2/yan/u200/sw_emu/_x/judge_index_set_1/judge_index_set_1/judge_index_set_1/solution/.autopilot/db/opt.a.g.ld.5.gdce.bc.diag.yml /home/nomoto/src/StagedLSH/hard-StagedLSH/src/ver2.2/yan/u200/sw_emu/_x/judge_index_set_1/judge_index_set_1/judge_index_set_1/solution/.autopilot/db/a.g.ld.4.m2.bc -reflow-globaldce -hls-top-function-name=judge_index_set_1 -o /home/nomoto/src/StagedLSH/hard-StagedLSH/src/ver2.2/yan/u200/sw_emu/_x/judge_index_set_1/judge_index_set_1/judge_index_set_1/solution/.autopilot/db/a.g.ld.5.gdce.bc > /home/nomoto/src/StagedLSH/hard-StagedLSH/src/ver2.2/yan/u200/sw_emu/_x/judge_index_set_1/judge_index_set_1/judge_index_set_1/solution/.autopilot/db/opt.a.g.ld.5.gdce.bc.out.log 2> /home/nomoto/src/StagedLSH/hard-StagedLSH/src/ver2.2/yan/u200/sw_emu/_x/judge_index_set_1/judge_index_set_1/judge_index_set_1/solution/.autopilot/db/opt.a.g.ld.5.gdce.bc.err.log 
INFO-FLOW: 
Execute         get_solution -flow_target 
Execute         get_config_rtl -module_prefix 
Execute         get_config_interface -default_slave_interface 
Execute         get_solution -flow_target 
Execute         get_config_interface -m_axi_offset 
Execute         get_config_interface -m_axi_latency 
Execute         get_config_interface -m_axi_alignment_byte_size 
Execute         get_config_interface -m_axi_min_bitwidth 
Execute         get_config_interface -m_axi_max_bitwidth 
Execute         get_config_interface -m_axi_max_widen_bitwidth 
Execute         get_config_interface -m_axi_num_read_outstanding 
Execute         get_config_interface -m_axi_num_write_outstanding 
Execute         get_config_interface -m_axi_max_read_burst_length 
Execute         get_config_interface -m_axi_max_write_burst_length 
Execute         get_config_interface -m_axi_min_bitwidth 
Execute         get_config_interface -m_axi_max_bitwidth 
Execute         get_config_interface -m_axi_latency 
Execute         get_config_interface -m_axi_min_bitwidth 
Execute         get_config_interface -m_axi_max_bitwidth 
Execute         get_config_interface -m_axi_max_widen_bitwidth 
Execute         get_config_interface -m_axi_auto_max_ports 
Execute         get_config_interface -m_axi_num_read_outstanding 
Execute         get_config_interface -m_axi_num_write_outstanding 
Execute         get_config_interface -m_axi_max_read_burst_length 
Execute         get_config_interface -m_axi_max_write_burst_length 
Execute         get_config_interface -s_axilite_data64 
Execute         get_config_interface -m_axi_alignment_byte_size 
Execute         get_config_compile -pragma_strict_mode 
Execute         get_config_compile -pipeline_style 
Execute         send_msg_by_id INFO @200-777@%s Vitis 
INFO: [HLS 200-777] Using interface defaults for 'Vitis' flow target.
Execute         is_m_axi_addr64 
INFO-FLOW: Doing LTO.
Execute         ap_eval exec -ignorestderr /opt/Vitis_HLS/2020.2/lnx64/tools/clang-3.9-csynth/bin/clang -foptimization-record-file=/home/nomoto/src/StagedLSH/hard-StagedLSH/src/ver2.2/yan/u200/sw_emu/_x/judge_index_set_1/judge_index_set_1/judge_index_set_1/solution/.autopilot/db/clang.a.g.ld.0.bc.diag.yml -mllvm -pass-remarks-missed=reflow|pasta|unroll -mllvm -pass-remarks=reflow|pasta|unroll|inline -fhls -mllvm -hls-top-function-name=judge_index_set_1 -mllvm -hls-db-dir -mllvm /home/nomoto/src/StagedLSH/hard-StagedLSH/src/ver2.2/yan/u200/sw_emu/_x/judge_index_set_1/judge_index_set_1/judge_index_set_1/solution/.autopilot/db -emit-llvm -c -target fpga64-xilinx-none -mllvm -xcl-xmlinfo=/home/nomoto/src/StagedLSH/hard-StagedLSH/src/ver2.2/yan/u200/sw_emu/_x/judge_index_set_1/judge_index_set_1/judge_index_set_1/solution/.autopilot/db/../../../kernel.xml -mllvm -top-io-mapping-info=/home/nomoto/src/StagedLSH/hard-StagedLSH/src/ver2.2/yan/u200/sw_emu/_x/judge_index_set_1/judge_index_set_1/judge_index_set_1/solution/.autopilot/db/top-io-fe.xml -mllvm -xcl-target=cpu -mllvm -hls-bitcode-version=3.1 -mllvm -reflow-enable-slave-interface-default-setting=true -mllvm -gen-kernel-xml=true -mllvm -default-maxi-offset=slave -mllvm -maxi-latency=64 -mllvm -hls-maxi-data-size-in-bits=8 -mllvm -hls-maxi-max-data-size-in-bits=1024 -mllvm -hls-max-widen-size-in-bits=512 -mllvm -xcl-kernel-max-mem-ports=0 -mllvm -maxi-read-trans=16 -mllvm -maxi-write-trans=16 -mllvm -maxi-read-burst-len=16 -mllvm -maxi-write-burst-len=16 -mllvm -reflow-enable-saxi-64bits=0 -mllvm -assume-maxi-align=64 -mllvm -no-unaligned-maxi-accesses=false -mllvm -reflow-pipeline-style-llvm-setting=0 -mllvm -disable-inlined-alloca-merging=true -mllvm -enable-reflow-vitis-flow-setting=true -x ir /home/nomoto/src/StagedLSH/hard-StagedLSH/src/ver2.2/yan/u200/sw_emu/_x/judge_index_set_1/judge_index_set_1/judge_index_set_1/solution/.autopilot/db/a.g.ld.5.gdce.bc -o /home/nomoto/src/StagedLSH/hard-StagedLSH/src/ver2.2/yan/u200/sw_emu/_x/judge_index_set_1/judge_index_set_1/judge_index_set_1/solution/.autopilot/db/a.g.lto.bc > /home/nomoto/src/StagedLSH/hard-StagedLSH/src/ver2.2/yan/u200/sw_emu/_x/judge_index_set_1/judge_index_set_1/judge_index_set_1/solution/.autopilot/db/clang.a.g.ld.0.bc.out.log 2> /home/nomoto/src/StagedLSH/hard-StagedLSH/src/ver2.2/yan/u200/sw_emu/_x/judge_index_set_1/judge_index_set_1/judge_index_set_1/solution/.autopilot/db/clang.a.g.ld.0.bc.err.log 
Command         ap_eval done; 0.12 sec.
Execute         source /opt/Vitis_HLS/2020.2/tps/tcl/tcllib1.11.1/yaml/yaml.tcl 
Execute           source /opt/Vitis_HLS/2020.2/tps/tcl/tcllib1.11.1/cmdline/cmdline.tcl 
INFO: [HLS 214-131] Inlining function 'hls::axis<ap_uint<1>, 0ul, 0ul, 0ul>::get_user_ptr()' into 'hls::stream<hls::axis<ap_uint<1>, 0ul, 0ul, 0ul>, 0>::empty()' (/opt/Vitis_HLS/2020.2/common/technology/autopilot/ap_axi_sdata.h:267:60)
INFO: [HLS 214-131] Inlining function 'hls::axis<ap_uint<1>, 0ul, 0ul, 0ul>::get_dest_ptr()' into 'hls::stream<hls::axis<ap_uint<1>, 0ul, 0ul, 0ul>, 0>::empty()' (/opt/Vitis_HLS/2020.2/common/technology/autopilot/ap_axi_sdata.h:268:61)
INFO: [HLS 214-131] Inlining function 'hls::axis<ap_uint<1>, 0ul, 0ul, 0ul>::get_id_ptr()' into 'hls::stream<hls::axis<ap_uint<1>, 0ul, 0ul, 0ul>, 0>::empty()' (/opt/Vitis_HLS/2020.2/common/technology/autopilot/ap_axi_sdata.h:268:45)
INFO: [HLS 214-131] Inlining function 'hls::axis<ap_uint<32>, 0ul, 0ul, 0ul>::get_user_ptr()' into 'hls::stream<hls::axis<ap_uint<32>, 0ul, 0ul, 0ul>, 0>::empty()' (/opt/Vitis_HLS/2020.2/common/technology/autopilot/ap_axi_sdata.h:267:60)
INFO: [HLS 214-131] Inlining function 'hls::axis<ap_uint<32>, 0ul, 0ul, 0ul>::get_dest_ptr()' into 'hls::stream<hls::axis<ap_uint<32>, 0ul, 0ul, 0ul>, 0>::empty()' (/opt/Vitis_HLS/2020.2/common/technology/autopilot/ap_axi_sdata.h:268:61)
INFO: [HLS 214-131] Inlining function 'hls::axis<ap_uint<32>, 0ul, 0ul, 0ul>::get_id_ptr()' into 'hls::stream<hls::axis<ap_uint<32>, 0ul, 0ul, 0ul>, 0>::empty()' (/opt/Vitis_HLS/2020.2/common/technology/autopilot/ap_axi_sdata.h:268:45)
INFO: [HLS 214-131] Inlining function 'hls::axis<ap_uint<32>, 0ul, 0ul, 0ul>::get_user_ptr()' into 'hls::stream<hls::axis<ap_uint<32>, 0ul, 0ul, 0ul>, 0>::read()' (/opt/Vitis_HLS/2020.2/common/technology/autopilot/ap_axi_sdata.h:293:50)
INFO: [HLS 214-131] Inlining function 'hls::axis<ap_uint<32>, 0ul, 0ul, 0ul>::get_dest_ptr()' into 'hls::stream<hls::axis<ap_uint<32>, 0ul, 0ul, 0ul>, 0>::read()' (/opt/Vitis_HLS/2020.2/common/technology/autopilot/ap_axi_sdata.h:296:25)
INFO: [HLS 214-131] Inlining function 'hls::axis<ap_uint<32>, 0ul, 0ul, 0ul>::get_id_ptr()' into 'hls::stream<hls::axis<ap_uint<32>, 0ul, 0ul, 0ul>, 0>::read()' (/opt/Vitis_HLS/2020.2/common/technology/autopilot/ap_axi_sdata.h:295:67)
INFO: [HLS 214-131] Inlining function 'hls::axis<ap_uint<32>, 0ul, 0ul, 0ul>::get_user_ptr()' into 'hls::stream<hls::axis<ap_uint<32>, 0ul, 0ul, 0ul>, 0>::read()' (/opt/Vitis_HLS/2020.2/common/technology/autopilot/ap_axi_sdata.h:295:36)
INFO: [HLS 214-131] Inlining function 'hls::axis<ap_uint<32>, 0ul, 0ul, 0ul>::get_dest_ptr()' into 'hls::stream<hls::axis<ap_uint<32>, 0ul, 0ul, 0ul>, 0>::read()' (/opt/Vitis_HLS/2020.2/common/technology/autopilot/ap_axi_sdata.h:294:39)
INFO: [HLS 214-131] Inlining function 'hls::axis<ap_uint<32>, 0ul, 0ul, 0ul>::get_id_ptr()' into 'hls::stream<hls::axis<ap_uint<32>, 0ul, 0ul, 0ul>, 0>::read()' (/opt/Vitis_HLS/2020.2/common/technology/autopilot/ap_axi_sdata.h:294:23)
INFO: [HLS 214-131] Inlining function 'hls::axis<ap_uint<32>, 0ul, 0ul, 0ul>::get_user_ptr()' into 'hls::stream<hls::axis<ap_uint<32>, 0ul, 0ul, 0ul>, 0>::write(hls::axis<ap_uint<32>, 0ul, 0ul, 0ul> const&)' (/opt/Vitis_HLS/2020.2/common/technology/autopilot/ap_axi_sdata.h:304:51)
INFO: [HLS 214-131] Inlining function 'hls::axis<ap_uint<32>, 0ul, 0ul, 0ul>::get_dest_ptr()' into 'hls::stream<hls::axis<ap_uint<32>, 0ul, 0ul, 0ul>, 0>::write(hls::axis<ap_uint<32>, 0ul, 0ul, 0ul> const&)' (/opt/Vitis_HLS/2020.2/common/technology/autopilot/ap_axi_sdata.h:307:26)
INFO: [HLS 214-131] Inlining function 'hls::axis<ap_uint<32>, 0ul, 0ul, 0ul>::get_id_ptr()' into 'hls::stream<hls::axis<ap_uint<32>, 0ul, 0ul, 0ul>, 0>::write(hls::axis<ap_uint<32>, 0ul, 0ul, 0ul> const&)' (/opt/Vitis_HLS/2020.2/common/technology/autopilot/ap_axi_sdata.h:306:68)
INFO: [HLS 214-131] Inlining function 'hls::axis<ap_uint<32>, 0ul, 0ul, 0ul>::get_user_ptr()' into 'hls::stream<hls::axis<ap_uint<32>, 0ul, 0ul, 0ul>, 0>::write(hls::axis<ap_uint<32>, 0ul, 0ul, 0ul> const&)' (/opt/Vitis_HLS/2020.2/common/technology/autopilot/ap_axi_sdata.h:306:37)
INFO: [HLS 214-131] Inlining function 'hls::axis<ap_uint<32>, 0ul, 0ul, 0ul>::get_dest_ptr()' into 'hls::stream<hls::axis<ap_uint<32>, 0ul, 0ul, 0ul>, 0>::write(hls::axis<ap_uint<32>, 0ul, 0ul, 0ul> const&)' (/opt/Vitis_HLS/2020.2/common/technology/autopilot/ap_axi_sdata.h:305:40)
INFO: [HLS 214-131] Inlining function 'hls::axis<ap_uint<32>, 0ul, 0ul, 0ul>::get_id_ptr()' into 'hls::stream<hls::axis<ap_uint<32>, 0ul, 0ul, 0ul>, 0>::write(hls::axis<ap_uint<32>, 0ul, 0ul, 0ul> const&)' (/opt/Vitis_HLS/2020.2/common/technology/autopilot/ap_axi_sdata.h:305:24)
INFO: [HLS 214-131] Inlining function 'hls::axis<ap_uint<1>, 0ul, 0ul, 0ul>::get_user_ptr()' into 'hls::stream<hls::axis<ap_uint<1>, 0ul, 0ul, 0ul>, 0>::read()' (/opt/Vitis_HLS/2020.2/common/technology/autopilot/ap_axi_sdata.h:293:50)
INFO: [HLS 214-131] Inlining function 'hls::axis<ap_uint<1>, 0ul, 0ul, 0ul>::get_dest_ptr()' into 'hls::stream<hls::axis<ap_uint<1>, 0ul, 0ul, 0ul>, 0>::read()' (/opt/Vitis_HLS/2020.2/common/technology/autopilot/ap_axi_sdata.h:296:25)
INFO: [HLS 214-131] Inlining function 'hls::axis<ap_uint<1>, 0ul, 0ul, 0ul>::get_id_ptr()' into 'hls::stream<hls::axis<ap_uint<1>, 0ul, 0ul, 0ul>, 0>::read()' (/opt/Vitis_HLS/2020.2/common/technology/autopilot/ap_axi_sdata.h:295:67)
INFO: [HLS 214-131] Inlining function 'hls::axis<ap_uint<1>, 0ul, 0ul, 0ul>::get_user_ptr()' into 'hls::stream<hls::axis<ap_uint<1>, 0ul, 0ul, 0ul>, 0>::read()' (/opt/Vitis_HLS/2020.2/common/technology/autopilot/ap_axi_sdata.h:295:36)
INFO: [HLS 214-131] Inlining function 'hls::axis<ap_uint<1>, 0ul, 0ul, 0ul>::get_dest_ptr()' into 'hls::stream<hls::axis<ap_uint<1>, 0ul, 0ul, 0ul>, 0>::read()' (/opt/Vitis_HLS/2020.2/common/technology/autopilot/ap_axi_sdata.h:294:39)
INFO: [HLS 214-131] Inlining function 'hls::axis<ap_uint<1>, 0ul, 0ul, 0ul>::get_id_ptr()' into 'hls::stream<hls::axis<ap_uint<1>, 0ul, 0ul, 0ul>, 0>::read()' (/opt/Vitis_HLS/2020.2/common/technology/autopilot/ap_axi_sdata.h:294:23)
INFO: [HLS 214-131] Inlining function 'hls::stream<hls::axis<ap_uint<1>, 0ul, 0ul, 0ul>, 0>::empty()' into 'judge_index_set_1' (/home/nomoto/src/StagedLSH/hard-StagedLSH/src/ver2.2/yan/src/kernel/serch_module_set_1/judge_index_set_1.cpp:50:30)
INFO: [HLS 214-131] Inlining function 'hls::stream<hls::axis<ap_uint<1>, 0ul, 0ul, 0ul>, 0>::read()' into 'judge_index_set_1' (/home/nomoto/src/StagedLSH/hard-StagedLSH/src/ver2.2/yan/src/kernel/serch_module_set_1/judge_index_set_1.cpp:105:38)
INFO: [HLS 214-131] Inlining function 'hls::stream<hls::axis<ap_uint<32>, 0ul, 0ul, 0ul>, 0>::write(hls::axis<ap_uint<32>, 0ul, 0ul, 0ul> const&)' into 'judge_index_set_1' (/home/nomoto/src/StagedLSH/hard-StagedLSH/src/ver2.2/yan/src/kernel/serch_module_set_1/judge_index_set_1.cpp:93:34)
INFO: [HLS 214-131] Inlining function 'hls::stream<hls::axis<ap_uint<32>, 0ul, 0ul, 0ul>, 0>::read()' into 'judge_index_set_1' (/home/nomoto/src/StagedLSH/hard-StagedLSH/src/ver2.2/yan/src/kernel/serch_module_set_1/judge_index_set_1.cpp:85:44)
INFO: [HLS 214-131] Inlining function 'hls::stream<hls::axis<ap_uint<32>, 0ul, 0ul, 0ul>, 0>::empty()' into 'judge_index_set_1' (/home/nomoto/src/StagedLSH/hard-StagedLSH/src/ver2.2/yan/src/kernel/serch_module_set_1/judge_index_set_1.cpp:84:34)
INFO: [HLS 214-131] Inlining function 'hls::stream<hls::axis<ap_uint<32>, 0ul, 0ul, 0ul>, 0>::empty()' into 'judge_index_set_1' (/home/nomoto/src/StagedLSH/hard-StagedLSH/src/ver2.2/yan/src/kernel/serch_module_set_1/judge_index_set_1.cpp:82:30)
INFO: [HLS 214-131] Inlining function 'hls::stream<hls::axis<ap_uint<32>, 0ul, 0ul, 0ul>, 0>::read()' into 'judge_index_set_1' (/home/nomoto/src/StagedLSH/hard-StagedLSH/src/ver2.2/yan/src/kernel/serch_module_set_1/judge_index_set_1.cpp:70:42)
INFO: [HLS 214-131] Inlining function 'hls::stream<hls::axis<ap_uint<32>, 0ul, 0ul, 0ul>, 0>::write(hls::axis<ap_uint<32>, 0ul, 0ul, 0ul> const&)' into 'judge_index_set_1' (/home/nomoto/src/StagedLSH/hard-StagedLSH/src/ver2.2/yan/src/kernel/serch_module_set_1/judge_index_set_1.cpp:67:33)
INFO: [HLS 214-131] Inlining function 'hls::stream<hls::axis<ap_uint<32>, 0ul, 0ul, 0ul>, 0>::read()' into 'judge_index_set_1' (/home/nomoto/src/StagedLSH/hard-StagedLSH/src/ver2.2/yan/src/kernel/serch_module_set_1/judge_index_set_1.cpp:55:42)
INFO: [HLS 214-131] Inlining function 'hls::stream<hls::axis<ap_uint<32>, 0ul, 0ul, 0ul>, 0>::empty()' into 'judge_index_set_1' (/home/nomoto/src/StagedLSH/hard-StagedLSH/src/ver2.2/yan/src/kernel/serch_module_set_1/judge_index_set_1.cpp:53:31)
INFO-FLOW: DBG:CMD: copy_raw_kernel_xml ap_link_39: copying raw kernel.xml: /home/nomoto/src/StagedLSH/hard-StagedLSH/src/ver2.2/yan/u200/sw_emu/_x/judge_index_set_1/judge_index_set_1/judge_index_set_1/solution/.autopilot/db/../../../kernel.xml -> /home/nomoto/src/StagedLSH/hard-StagedLSH/src/ver2.2/yan/u200/sw_emu/_x/judge_index_set_1/judge_index_set_1/judge_index_set_1/solution/.autopilot/db/kernel.internal.xml
INFO: [HLS 200-111] Finished Compiling Optimization and Transform: CPU user time: 2.49 seconds. CPU system time: 0.18 seconds. Elapsed time: 2.66 seconds; current allocated memory: 191.823 MB.
INFO: [HLS 200-111] Finished Checking Pragmas: CPU user time: 0 seconds. CPU system time: 0 seconds. Elapsed time: 0 seconds; current allocated memory: 191.825 MB.
Command       elaborate done; 5.11 sec.
Execute       send_msg_by_id INFO @200-1493@ 
INFO: [HLS 200-1493] Running only source code synthesis checks, skipping scheduling and RTL generation.
Command     csynth_design done; 5.11 sec.
INFO: [HLS 200-111] Finished Command csynth_design CPU user time: 5.15 seconds. CPU system time: 0.37 seconds. Elapsed time: 5.11 seconds; current allocated memory: 191.798 MB.
Execute     close_project 
Execute       cleanup_all -project 
Execute     cleanup_all 
