INFO-FLOW: Workspace /home/nomoto/src/StagedLSH/ver1.3/soft/u200/hw/_x/table_serch/table_serch/table_serch/solution opened at Sun Apr 17 14:25:08 JST 2022
Execute       send_msg_by_id INFO @200-1505@%s%s  vitis 
INFO: [HLS 200-1505] Using flow_target 'vitis'
Execute       get_config_interface -m_axi_latency 
Execute       send_msg_by_id INFO @200-435@%s%s 'open_solution -flow_target vitis' config_interface -m_axi_latency=64 
INFO: [HLS 200-435] Setting 'open_solution -flow_target vitis' configuration: config_interface -m_axi_latency=64
Execute       config_interface -m_axi_latency=64 
Execute       get_config_interface -m_axi_alignment_byte_size 
Execute       send_msg_by_id INFO @200-435@%s%s 'open_solution -flow_target vitis' config_interface -m_axi_alignment_byte_size=64 
INFO: [HLS 200-435] Setting 'open_solution -flow_target vitis' configuration: config_interface -m_axi_alignment_byte_size=64
Execute       config_interface -m_axi_alignment_byte_size=64 
Execute       get_config_interface -m_axi_max_widen_bitwidth 
Execute       send_msg_by_id INFO @200-435@%s%s 'open_solution -flow_target vitis' config_interface -m_axi_max_widen_bitwidth=512 
INFO: [HLS 200-435] Setting 'open_solution -flow_target vitis' configuration: config_interface -m_axi_max_widen_bitwidth=512
Execute       config_interface -m_axi_max_widen_bitwidth=512 
Execute       get_config_interface -default_interface 
INFO-FLOW: Setting macro_cmd open_solution -flow_target vitis configuration: config_interface -default_interface=kernel
Execute       config_interface -default_interface=kernel 
Execute       get_config_interface -m_axi_offset 
Execute       send_msg_by_id INFO @200-435@%s%s 'open_solution -flow_target vitis' config_interface -m_axi_offset=slave 
INFO: [HLS 200-435] Setting 'open_solution -flow_target vitis' configuration: config_interface -m_axi_offset=slave
Execute       config_interface -m_axi_offset=slave 
Execute       get_config_rtl -register_reset_num 
Execute       send_msg_by_id INFO @200-435@%s%s 'open_solution -flow_target vitis' config_rtl -register_reset_num=3 
INFO: [HLS 200-435] Setting 'open_solution -flow_target vitis' configuration: config_rtl -register_reset_num=3
Execute       config_rtl -register_reset_num=3 
Execute     set_part xcu200-fsgd2104-2-e 
INFO: [HLS 200-1510] Running: set_part xcu200-fsgd2104-2-e 
INFO-FLOW: DBG:set_part: XILINX_VIVADO=/opt//Vivado/2020.2
INFO-FLOW: DBG:set_part: RDI_DATADIR=/opt//Vivado/2020.2/data:/opt/Vitis_HLS/2020.2/data
Execute       ap_part_info -name xcu200-fsgd2104-2-e -data single -quiet 
DBG:HLSDevice: Trying to load device library: /opt/Vitis_HLS/2020.2/lib/lnx64.o/librdi_hlsvwrap.so
DBG:HLSDevice: first parts/arch.xml in RDI_DATADIR: /opt//Vivado/2020.2/data/parts/arch.xml
Command       ap_part_info done; 0.91 sec.
Execute       ap_part_info -name xcu200-fsgd2104-2-e -data info 
Execute       add_library xilinx/virtexuplus/virtexuplus:xcu200:-fsgd2104:-2-e 
Execute         get_default_platform 
Execute         open_platform DefaultPlatform 
Execute         ap_part_info -data single -name xcu200-fsgd2104-2-e 
Execute         ap_part_info -name xcu200-fsgd2104-2-e -data resources 
Execute         config_chip_info -resource {SLICE 147780} {LUT 1182240} {FF 2364480} {DSP 6840} {BRAM 4320} {URAM 960} {SLR 3} 
Execute         ap_part_info -name xcu200-fsgd2104-2-e -data info 
Execute         config_chip_info -speed medium 
Execute         ap_part_info -name xcu200-fsgd2104-2-e -data info 
Execute         config_library_info -library virtexuplus_medium 
Execute         config_library_info -family virtexuplus 
Execute         config_library_info -part xcu200:-fsgd2104:-2-e 
Execute         import_lib /opt/Vitis_HLS/2020.2/common/technology/xilinx/virtexuplus/virtexuplus 
Execute           source /opt/Vitis_HLS/2020.2/common/technology/xilinx/interface/xilinx_interface.hlp 
Execute             source /opt/Vitis_HLS/2020.2/common/technology/xilinx/interface/maxi.hlp 
Execute             source /opt/Vitis_HLS/2020.2/common/technology/xilinx/interface/saxilite.hlp 
Execute           source /opt/Vitis_HLS/2020.2/common/technology/xilinx/DSP48/dsp48.hlp 
Execute           source /opt/Vitis_HLS/2020.2/common/technology/xilinx/DSP48/virtexuplus_dsp48e2.hlp 
Execute         source /opt/Vitis_HLS/2020.2/common/technology/xilinx/common/xilinx.gen 
Execute           source /opt/Vitis_HLS/2020.2/common/technology/xilinx/interface/plb46.gen 
Execute           source /opt/Vitis_HLS/2020.2/common/technology/xilinx/interface/axi4.gen 
Execute           source /opt/Vitis_HLS/2020.2/common/technology/xilinx/interface/nativeAXI4.gen 
Execute             source /opt/Vitis_HLS/2020.2/common/technology/xilinx/interface/saxilite.gen 
Execute             source /opt/Vitis_HLS/2020.2/common/technology/xilinx/interface/maxi.gen 
Execute           source /opt/Vitis_HLS/2020.2/common/technology/xilinx/scripts/xilinxcoregen.gen 
Execute           source /opt/Vitis_HLS/2020.2/common/technology/xilinx/interface/XilEDKCoreGen.gen 
Execute           source /opt/Vitis_HLS/2020.2/common/technology/xilinx/ip/dds_compiler.gen 
Execute           source /opt/Vitis_HLS/2020.2/common/technology/xilinx/ip/util.gen 
Execute           source /opt/Vitis_HLS/2020.2/common/technology/xilinx/ip/xfft.gen 
Execute           source /opt/Vitis_HLS/2020.2/common/technology/xilinx/ip/xfir.gen 
Execute           source /opt/Vitis_HLS/2020.2/common/technology/xilinx/DSP48/dsp48.gen 
Command       add_library done; 0.12 sec.
INFO: [HLS 200-10] Setting target device to 'xcu200-fsgd2104-2-e'
Execute       ap_part_info -name xcu200-fsgd2104-2-e -data info 
Execute       config_compile -quiet -complex-mul-dsp=0 
Command     set_part done; 1.06 sec.
Execute     create_clock -period 300.000000MHz -name default 
INFO: [HLS 200-1510] Running: create_clock -period 300.000000MHz -name default 
Execute       ap_set_clock -name default -period 3.333 -unit ns -default=false 
INFO: [SYN 201-201] Setting up clock 'default' with a period of 3.333ns.
Execute     config_rtl -kernel_profile 
INFO: [HLS 200-1510] Running: config_rtl -kernel_profile 
Execute     config_dataflow -strict_mode warning 
INFO: [HLS 200-1510] Running: config_dataflow -strict_mode warning 
Execute     config_debug -enable 
INFO: [HLS 200-1510] Running: config_debug -enable 
Execute     config_export -disable_deadlock_detection=true 
INFO: [HLS 200-1510] Running: config_export -disable_deadlock_detection=true 
Execute     config_rtl -m_axi_conservative_mode=1 
INFO: [HLS 200-1510] Running: config_rtl -m_axi_conservative_mode=1 
WARNING: [HLS 200-483] The 'config_rtl -m_axi_conservative_mode' command is deprecated and will be removed in a future release. Use 'config_interface -m_axi_conservative_mode' as its replacement.
Execute     config_interface -m_axi_addr64 
INFO: [HLS 200-1510] Running: config_interface -m_axi_addr64 
Execute     config_interface -m_axi_auto_max_ports=0 
INFO: [HLS 200-1510] Running: config_interface -m_axi_auto_max_ports=0 
Execute     config_export -format ip_catalog -ipname table_serch 
INFO: [HLS 200-1510] Running: config_export -format ip_catalog -ipname table_serch 
Execute     csynth_design 
INFO: [HLS 200-1510] Running: csynth_design 
Execute       get_config_compile -effort 
Execute       get_config_compile -enable_clang39 
Execute       get_config_compile -g 
Execute       get_config_compile -ng 
Execute       get_config_compile -opt_fp 
Execute       get_config_compile -skip_cdt 
Execute       get_config_compile -skip_syncheck 
Execute       get_config_compile -skip_transform 
Execute       get_config_compile -keep_printf 
Execute       elaborate -effort=medium -skip_syncheck=0 -keep_printf=0 -skip_cdt=0 -skip_transform=0 -ng=0 -g=0 -opt_fp=0 -from_csynth_design=1 
INFO: [HLS 200-111] Finished File checks and directory preparation: CPU user time: 0 seconds. CPU system time: 0 seconds. Elapsed time: 0 seconds; current allocated memory: 189.736 MB.
INFO: [HLS 200-10] Analyzing design file '/home/nomoto/src/StagedLSH/ver1.3/soft/src/table_serch.cpp' ... 
INFO-FLOW: Compiling one TU...
Execute         get_config_compile -pragma_strict_mode 
INFO-FLOW: Handling /home/nomoto/src/StagedLSH/ver1.3/soft/src/table_serch.cpp as C++
Execute         ap_part_info -name xcu200-fsgd2104-2-e -data info 
INFO-FLOW: Running: GCC PP 39
INFO-FLOW: Source preprocessing
Execute         ap_eval exec -ignorestderr /opt/Vitis_HLS/2020.2/lnx64/tools/clang-3.9-csynth/bin/clang /home/nomoto/src/StagedLSH/ver1.3/soft/src/table_serch.cpp -foptimization-record-file=/home/nomoto/src/StagedLSH/ver1.3/soft/u200/hw/_x/table_serch/table_serch/table_serch/solution/.autopilot/db/clang.table_serch.cpp.diag.yml -mllvm -pass-remarks-missed=reflow|pasta|unroll -mllvm -pass-remarks=reflow|pasta|unroll|inline -fno-limit-debug-info -gcc-toolchain /opt/Vitis_HLS/2020.2/tps/lnx64/gcc-6.2.0 -fhls -fno-exceptions -E -g -I/home/nomoto/src/StagedLSH/ver1.3/soft/src -fno-math-errno -c -emit-llvm -mllvm -disable-llvm-optzns -Werror=implicit-function-declaration -Werror=implicit-hls-streams -Werror=return-type -Wpragmas -Wunused-parameter -fno-threadsafe-statics -fno-use-cxa-atexit -std=gnu++14 -target fpga64-xilinx-linux-gnu -fno-threadsafe-statics -fno-use-cxa-atexit -I /opt/Vitis_HLS/2020.2/common/technology/autopilot/39 -D__VITIS_HLS__ -DAESL_SYN -D__SYNTHESIS__ -D__HLS_SYN__ -I /opt/Vitis_HLS/2020.2/common/technology/autopilot -I /opt/Vitis_HLS/2020.2/common/technology/autopilot/ap_sysc -include etc/autopilot_ssdm_op.h -D__DSP48E2__ -o /home/nomoto/src/StagedLSH/ver1.3/soft/u200/hw/_x/table_serch/table_serch/table_serch/solution/.autopilot/db/table_serch.pp.0.cpp > /home/nomoto/src/StagedLSH/ver1.3/soft/u200/hw/_x/table_serch/table_serch/table_serch/solution/.autopilot/db/clang.table_serch.cpp.out.log 2> /home/nomoto/src/StagedLSH/ver1.3/soft/u200/hw/_x/table_serch/table_serch/table_serch/solution/.autopilot/db/clang.table_serch.cpp.err.log 
INFO-FLOW: Done: GCC PP 39 time: 0.1 seconds per iteration
Execute         set_directive_top table_serch -name=table_serch 
INFO-FLOW: Setting directive 'TOP' name=table_serch 
INFO-FLOW: Setting directive 'TOP' name=table_serch 
Execute         source /opt/Vitis_HLS/2020.2/tps/tcl/tcllib1.11.1/yaml/huddle.tcl 
Execute         source /opt/Vitis_HLS/2020.2/tps/tcl/tcllib1.11.1/yaml/json2huddle.tcl 
Execute           source /opt/Vitis_HLS/2020.2/tps/tcl/tcllib1.11.1/try/try.tcl 
INFO-FLOW: Setting directive 'TOP' name=table_serch 
Execute         list_core -type functional_unit 
Execute         clang_tidy xilinx-systemc-detector /home/nomoto/src/StagedLSH/ver1.3/soft/u200/hw/_x/table_serch/table_serch/table_serch/solution/.autopilot/db/table_serch.pp.0.cpp std=gnu++14 -target fpga  -directive=/home/nomoto/src/StagedLSH/ver1.3/soft/u200/hw/_x/table_serch/table_serch/table_serch/solution/.autopilot/db/.systemc_flag 
INFO-FLOW: exec /opt/Vitis_HLS/2020.2/lnx64/tools/clang-3.9-csynth/bin/clang-tidy -header-filter=.* --checks=-*,xilinx-systemc-detector -import-directive=/home/nomoto/src/StagedLSH/ver1.3/soft/u200/hw/_x/table_serch/table_serch/table_serch/solution/.autopilot/db/.systemc_flag -fix-errors /home/nomoto/src/StagedLSH/ver1.3/soft/u200/hw/_x/table_serch/table_serch/table_serch/solution/.autopilot/db/table_serch.pp.0.cpp -- -std=gnu++14 -target fpga -fhls -ferror-limit=0
Command         clang_tidy done; 0.5 sec.
INFO-FLOW: Running: clang-tidy CDT preprocess 39
Execute         clang_tidy xilinx-directive2pragma /home/nomoto/src/StagedLSH/ver1.3/soft/u200/hw/_x/table_serch/table_serch/table_serch/solution/.autopilot/db/table_serch.pp.0.cpp std=gnu++14 -target fpga  -directive=/home/nomoto/src/StagedLSH/ver1.3/soft/u200/hw/_x/table_serch/table_serch/table_serch/solution/.autopilot/db/all.directive.json 
INFO-FLOW: exec /opt/Vitis_HLS/2020.2/lnx64/tools/clang-3.9-csynth/bin/clang-tidy -header-filter=.* --checks=-*,xilinx-directive2pragma -import-directive=/home/nomoto/src/StagedLSH/ver1.3/soft/u200/hw/_x/table_serch/table_serch/table_serch/solution/.autopilot/db/all.directive.json -fix-errors /home/nomoto/src/StagedLSH/ver1.3/soft/u200/hw/_x/table_serch/table_serch/table_serch/solution/.autopilot/db/table_serch.pp.0.cpp -- -std=gnu++14 -target fpga -fhls -ferror-limit=0
Command         clang_tidy done; 0.78 sec.
Execute         clang_tidy xilinx-constantarray-param,xilinx-remove-assert /home/nomoto/src/StagedLSH/ver1.3/soft/u200/hw/_x/table_serch/table_serch/table_serch/solution/.autopilot/db/table_serch.pp.0.cpp std=gnu++14 -target fpga  
INFO-FLOW: exec /opt/Vitis_HLS/2020.2/lnx64/tools/clang-3.9-csynth/bin/clang-tidy -header-filter=.* --checks=-*,xilinx-constantarray-param,xilinx-remove-assert -fix-errors /home/nomoto/src/StagedLSH/ver1.3/soft/u200/hw/_x/table_serch/table_serch/table_serch/solution/.autopilot/db/table_serch.pp.0.cpp -- -std=gnu++14 -target fpga -fhls -ferror-limit=0
Command         clang_tidy done; 0.59 sec.
INFO-FLOW: Done: clang-tidy CDT preprocess 39 time: 1.4 seconds per iteration
INFO-FLOW: Calling xilinx-label-all-loops ... 
Execute         clang_tidy -errorcheck xilinx-label-all-loops,xilinx-top-parameters,xilinx-array-stream-check,xilinx-warn-mayneed-no-ctor-attribute /home/nomoto/src/StagedLSH/ver1.3/soft/u200/hw/_x/table_serch/table_serch/table_serch/solution/.autopilot/db/table_serch.pp.0.cpp std=gnu++14 -target fpga  
Execute           ap_eval exec -ignorestderr /opt/Vitis_HLS/2020.2/lnx64/tools/clang-3.9-csynth/bin/clang-tidy -export-fixes=/home/nomoto/src/StagedLSH/ver1.3/soft/u200/hw/_x/table_serch/table_serch/table_serch/solution/.autopilot/db/clang-tidy.table_serch.pp.0.cpp.diag.yml -header-filter=.* --checks=-*,xilinx-label-all-loops,xilinx-top-parameters,xilinx-array-stream-check,xilinx-warn-mayneed-no-ctor-attribute -fix-errors /home/nomoto/src/StagedLSH/ver1.3/soft/u200/hw/_x/table_serch/table_serch/table_serch/solution/.autopilot/db/table_serch.pp.0.cpp -- -std=gnu++14 -target fpga -fhls -ferror-limit=0 > /home/nomoto/src/StagedLSH/ver1.3/soft/u200/hw/_x/table_serch/table_serch/table_serch/solution/.autopilot/db/clang-tidy.table_serch.pp.0.cpp.out.log 2> /home/nomoto/src/StagedLSH/ver1.3/soft/u200/hw/_x/table_serch/table_serch/table_serch/solution/.autopilot/db/clang-tidy.table_serch.pp.0.cpp.err.log 
Command           ap_eval done; 0.94 sec.
Execute           source /opt/Vitis_HLS/2020.2/tps/tcl/tcllib1.11.1/yaml/yaml.tcl 
Execute             source /opt/Vitis_HLS/2020.2/tps/tcl/tcllib1.11.1/cmdline/cmdline.tcl 
Command         clang_tidy done; 0.96 sec.
Execute         get_config_dataflow -strict_mode 
Execute         ap_eval exec -ignorestderr /opt/Vitis_HLS/2020.2/lnx64/tools/clang-3.9-csynth/bin/xilinx-dataflow-lawyer -export-fixes=/home/nomoto/src/StagedLSH/ver1.3/soft/u200/hw/_x/table_serch/table_serch/table_serch/solution/.autopilot/db/xilinx-dataflow-lawyer.table_serch.pp.0.cpp.diag.yml /home/nomoto/src/StagedLSH/ver1.3/soft/u200/hw/_x/table_serch/table_serch/table_serch/solution/.autopilot/db/table_serch.pp.0.cpp -- -std=gnu++14 -target fpga -fhls -ferror-limit=0 -fstrict-dataflow > /home/nomoto/src/StagedLSH/ver1.3/soft/u200/hw/_x/table_serch/table_serch/table_serch/solution/.autopilot/db/xilinx-dataflow-lawyer.table_serch.pp.0.cpp.out.log 2> /home/nomoto/src/StagedLSH/ver1.3/soft/u200/hw/_x/table_serch/table_serch/table_serch/solution/.autopilot/db/xilinx-dataflow-lawyer.table_serch.pp.0.cpp.err.log 
Command         ap_eval done; 0.47 sec.
Execute         ap_part_info -name xcu200-fsgd2104-2-e -data info 
INFO-FLOW: compiling source code to llvm bc
Execute         ap_eval exec -ignorestderr /opt/Vitis_HLS/2020.2/lnx64/tools/clang-3.9-csynth/bin/clang -foptimization-record-file=/home/nomoto/src/StagedLSH/ver1.3/soft/u200/hw/_x/table_serch/table_serch/table_serch/solution/.autopilot/db/clang.table_serch.pp.0.cpp.diag.yml -mllvm -pass-remarks-missed=reflow|pasta|unroll -mllvm -pass-remarks=reflow|pasta|unroll|inline -fno-limit-debug-info -fhls -flto -fno-exceptions -Wno-error=c++11-narrowing /home/nomoto/src/StagedLSH/ver1.3/soft/u200/hw/_x/table_serch/table_serch/table_serch/solution/.autopilot/db/table_serch.pp.0.cpp -g -I/home/nomoto/src/StagedLSH/ver1.3/soft/src -fno-math-errno -c -emit-llvm -mllvm -disable-llvm-optzns -Werror=implicit-function-declaration -Werror=implicit-hls-streams -Werror=return-type -Wpragmas -Wunused-parameter -fno-threadsafe-statics -fno-use-cxa-atexit -std=gnu++14 -target fpga64-xilinx-linux-gnu -D__VITIS_HLS__ -DAESL_SYN -D__SYNTHESIS__ -D__HLS_SYN__ -I /opt/Vitis_HLS/2020.2/common/technology/autopilot -I /opt/Vitis_HLS/2020.2/common/technology/autopilot/ap_sysc -include etc/autopilot_ssdm_op.h -D__DSP48E2__ -g -o /home/nomoto/src/StagedLSH/ver1.3/soft/u200/hw/_x/table_serch/table_serch/table_serch/solution/.autopilot/db/table_serch.bc > /home/nomoto/src/StagedLSH/ver1.3/soft/u200/hw/_x/table_serch/table_serch/table_serch/solution/.autopilot/db/clang.table_serch.pp.0.cpp.out.log 2> /home/nomoto/src/StagedLSH/ver1.3/soft/u200/hw/_x/table_serch/table_serch/table_serch/solution/.autopilot/db/clang.table_serch.pp.0.cpp.err.log 
Command         ap_eval done; 0.5 sec.
WARNING: [HLS 207-5527] unexpected pragma parameter 'depth': /home/nomoto/src/StagedLSH/ver1.3/soft/src/table_serch.cpp:161:39
INFO: [HLS 200-111] Finished Source Code Analysis and Preprocessing: CPU user time: 3.98 seconds. CPU system time: 0.38 seconds. Elapsed time: 3.94 seconds; current allocated memory: 191.455 MB.
INFO-FLOW: Linking Debug ...
INFO-FLOW: Linking dut bc code.
Execute         run_link_or_opt -out /home/nomoto/src/StagedLSH/ver1.3/soft/u200/hw/_x/table_serch/table_serch/table_serch/solution/.autopilot/db/a.g.ld.0.bc -args  "/home/nomoto/src/StagedLSH/ver1.3/soft/u200/hw/_x/table_serch/table_serch/table_serch/solution/.autopilot/db/table_serch.g.bc"  
Execute           ap_eval exec -ignorestderr /opt/Vitis_HLS/2020.2/lnx64/tools/clang-3.9-csynth/bin/llvm-link /home/nomoto/src/StagedLSH/ver1.3/soft/u200/hw/_x/table_serch/table_serch/table_serch/solution/.autopilot/db/table_serch.g.bc -o /home/nomoto/src/StagedLSH/ver1.3/soft/u200/hw/_x/table_serch/table_serch/table_serch/solution/.autopilot/db/a.g.ld.0.bc > /home/nomoto/src/StagedLSH/ver1.3/soft/u200/hw/_x/table_serch/table_serch/table_serch/solution/.autopilot/db/llvm-link.a.g.ld.0.bc.out.log 2> /home/nomoto/src/StagedLSH/ver1.3/soft/u200/hw/_x/table_serch/table_serch/table_serch/solution/.autopilot/db/llvm-link.a.g.ld.0.bc.err.log 
INFO-FLOW: 
Execute         run_link_or_opt -opt -out /home/nomoto/src/StagedLSH/ver1.3/soft/u200/hw/_x/table_serch/table_serch/table_serch/solution/.autopilot/db/a.g.ld.1.lower.bc -args /home/nomoto/src/StagedLSH/ver1.3/soft/u200/hw/_x/table_serch/table_serch/table_serch/solution/.autopilot/db/a.g.ld.0.bc -reflow-lower-math-intrinsics 
Execute           ap_eval exec -ignorestderr /opt/Vitis_HLS/2020.2/lnx64/tools/clang-3.9-csynth/bin/opt -pass-remarks-missed=reflow|pasta|unroll -pass-remarks=reflow|pasta|unroll|inline -pass-remarks-output=/home/nomoto/src/StagedLSH/ver1.3/soft/u200/hw/_x/table_serch/table_serch/table_serch/solution/.autopilot/db/opt.a.g.ld.1.lower.bc.diag.yml /home/nomoto/src/StagedLSH/ver1.3/soft/u200/hw/_x/table_serch/table_serch/table_serch/solution/.autopilot/db/a.g.ld.0.bc -reflow-lower-math-intrinsics -o /home/nomoto/src/StagedLSH/ver1.3/soft/u200/hw/_x/table_serch/table_serch/table_serch/solution/.autopilot/db/a.g.ld.1.lower.bc > /home/nomoto/src/StagedLSH/ver1.3/soft/u200/hw/_x/table_serch/table_serch/table_serch/solution/.autopilot/db/opt.a.g.ld.1.lower.bc.out.log 2> /home/nomoto/src/StagedLSH/ver1.3/soft/u200/hw/_x/table_serch/table_serch/table_serch/solution/.autopilot/db/opt.a.g.ld.1.lower.bc.err.log 
INFO-FLOW: 
INFO-FLOW: Linking math bc lib
Execute         run_link_or_opt -out /home/nomoto/src/StagedLSH/ver1.3/soft/u200/hw/_x/table_serch/table_serch/table_serch/solution/.autopilot/db/a.g.ld.2.m1.bc -args /home/nomoto/src/StagedLSH/ver1.3/soft/u200/hw/_x/table_serch/table_serch/table_serch/solution/.autopilot/db/a.g.ld.1.lower.bc -only-needed /opt/Vitis_HLS/2020.2/lnx64/lib/libhlsm_39.bc /opt/Vitis_HLS/2020.2/lnx64/lib/libhlsmc++_39.bc 
Execute           ap_eval exec -ignorestderr /opt/Vitis_HLS/2020.2/lnx64/tools/clang-3.9-csynth/bin/llvm-link /home/nomoto/src/StagedLSH/ver1.3/soft/u200/hw/_x/table_serch/table_serch/table_serch/solution/.autopilot/db/a.g.ld.1.lower.bc -only-needed /opt/Vitis_HLS/2020.2/lnx64/lib/libhlsm_39.bc /opt/Vitis_HLS/2020.2/lnx64/lib/libhlsmc++_39.bc -o /home/nomoto/src/StagedLSH/ver1.3/soft/u200/hw/_x/table_serch/table_serch/table_serch/solution/.autopilot/db/a.g.ld.2.m1.bc > /home/nomoto/src/StagedLSH/ver1.3/soft/u200/hw/_x/table_serch/table_serch/table_serch/solution/.autopilot/db/llvm-link.a.g.ld.2.m1.bc.out.log 2> /home/nomoto/src/StagedLSH/ver1.3/soft/u200/hw/_x/table_serch/table_serch/table_serch/solution/.autopilot/db/llvm-link.a.g.ld.2.m1.bc.err.log 
Command           ap_eval done; 1.73 sec.
INFO-FLOW: 
Command         run_link_or_opt done; 1.73 sec.
Execute         run_link_or_opt -opt -out /home/nomoto/src/StagedLSH/ver1.3/soft/u200/hw/_x/table_serch/table_serch/table_serch/solution/.autopilot/db/a.g.ld.3.fpc.bc -args /home/nomoto/src/StagedLSH/ver1.3/soft/u200/hw/_x/table_serch/table_serch/table_serch/solution/.autopilot/db/a.g.ld.2.m1.bc -reflow-globaldce -hls-top-function-name=table_serch -reflow-float-conversion 
Execute           ap_eval exec -ignorestderr /opt/Vitis_HLS/2020.2/lnx64/tools/clang-3.9-csynth/bin/opt -pass-remarks-missed=reflow|pasta|unroll -pass-remarks=reflow|pasta|unroll|inline -pass-remarks-output=/home/nomoto/src/StagedLSH/ver1.3/soft/u200/hw/_x/table_serch/table_serch/table_serch/solution/.autopilot/db/opt.a.g.ld.3.fpc.bc.diag.yml /home/nomoto/src/StagedLSH/ver1.3/soft/u200/hw/_x/table_serch/table_serch/table_serch/solution/.autopilot/db/a.g.ld.2.m1.bc -reflow-globaldce -hls-top-function-name=table_serch -reflow-float-conversion -o /home/nomoto/src/StagedLSH/ver1.3/soft/u200/hw/_x/table_serch/table_serch/table_serch/solution/.autopilot/db/a.g.ld.3.fpc.bc > /home/nomoto/src/StagedLSH/ver1.3/soft/u200/hw/_x/table_serch/table_serch/table_serch/solution/.autopilot/db/opt.a.g.ld.3.fpc.bc.out.log 2> /home/nomoto/src/StagedLSH/ver1.3/soft/u200/hw/_x/table_serch/table_serch/table_serch/solution/.autopilot/db/opt.a.g.ld.3.fpc.bc.err.log 
Command           ap_eval done; 0.6 sec.
INFO-FLOW: 
Command         run_link_or_opt done; 0.6 sec.
Execute         run_link_or_opt -out /home/nomoto/src/StagedLSH/ver1.3/soft/u200/hw/_x/table_serch/table_serch/table_serch/solution/.autopilot/db/a.g.ld.4.m2.bc -args /home/nomoto/src/StagedLSH/ver1.3/soft/u200/hw/_x/table_serch/table_serch/table_serch/solution/.autopilot/db/a.g.ld.3.fpc.bc -only-needed /opt/Vitis_HLS/2020.2/lnx64/lib/libfloatconversion_39.bc 
Execute           ap_eval exec -ignorestderr /opt/Vitis_HLS/2020.2/lnx64/tools/clang-3.9-csynth/bin/llvm-link /home/nomoto/src/StagedLSH/ver1.3/soft/u200/hw/_x/table_serch/table_serch/table_serch/solution/.autopilot/db/a.g.ld.3.fpc.bc -only-needed /opt/Vitis_HLS/2020.2/lnx64/lib/libfloatconversion_39.bc -o /home/nomoto/src/StagedLSH/ver1.3/soft/u200/hw/_x/table_serch/table_serch/table_serch/solution/.autopilot/db/a.g.ld.4.m2.bc > /home/nomoto/src/StagedLSH/ver1.3/soft/u200/hw/_x/table_serch/table_serch/table_serch/solution/.autopilot/db/llvm-link.a.g.ld.4.m2.bc.out.log 2> /home/nomoto/src/StagedLSH/ver1.3/soft/u200/hw/_x/table_serch/table_serch/table_serch/solution/.autopilot/db/llvm-link.a.g.ld.4.m2.bc.err.log 
INFO-FLOW: 
Execute         run_link_or_opt -opt -out /home/nomoto/src/StagedLSH/ver1.3/soft/u200/hw/_x/table_serch/table_serch/table_serch/solution/.autopilot/db/a.g.ld.5.gdce.bc -args /home/nomoto/src/StagedLSH/ver1.3/soft/u200/hw/_x/table_serch/table_serch/table_serch/solution/.autopilot/db/a.g.ld.4.m2.bc -reflow-globaldce -hls-top-function-name=table_serch 
Execute           ap_eval exec -ignorestderr /opt/Vitis_HLS/2020.2/lnx64/tools/clang-3.9-csynth/bin/opt -pass-remarks-missed=reflow|pasta|unroll -pass-remarks=reflow|pasta|unroll|inline -pass-remarks-output=/home/nomoto/src/StagedLSH/ver1.3/soft/u200/hw/_x/table_serch/table_serch/table_serch/solution/.autopilot/db/opt.a.g.ld.5.gdce.bc.diag.yml /home/nomoto/src/StagedLSH/ver1.3/soft/u200/hw/_x/table_serch/table_serch/table_serch/solution/.autopilot/db/a.g.ld.4.m2.bc -reflow-globaldce -hls-top-function-name=table_serch -o /home/nomoto/src/StagedLSH/ver1.3/soft/u200/hw/_x/table_serch/table_serch/table_serch/solution/.autopilot/db/a.g.ld.5.gdce.bc > /home/nomoto/src/StagedLSH/ver1.3/soft/u200/hw/_x/table_serch/table_serch/table_serch/solution/.autopilot/db/opt.a.g.ld.5.gdce.bc.out.log 2> /home/nomoto/src/StagedLSH/ver1.3/soft/u200/hw/_x/table_serch/table_serch/table_serch/solution/.autopilot/db/opt.a.g.ld.5.gdce.bc.err.log 
INFO-FLOW: 
Execute         get_solution -flow_target 
Execute         get_config_rtl -module_prefix 
Execute         get_config_interface -default_slave_interface 
Execute         get_solution -flow_target 
Execute         get_config_interface -m_axi_offset 
Execute         get_config_interface -m_axi_latency 
Execute         get_config_interface -m_axi_alignment_byte_size 
Execute         get_config_interface -m_axi_min_bitwidth 
Execute         get_config_interface -m_axi_max_bitwidth 
Execute         get_config_interface -m_axi_max_widen_bitwidth 
Execute         get_config_interface -m_axi_num_read_outstanding 
Execute         get_config_interface -m_axi_num_write_outstanding 
Execute         get_config_interface -m_axi_max_read_burst_length 
Execute         get_config_interface -m_axi_max_write_burst_length 
Execute         get_config_interface -m_axi_min_bitwidth 
Execute         get_config_interface -m_axi_max_bitwidth 
Execute         get_config_interface -m_axi_latency 
Execute         get_config_interface -m_axi_min_bitwidth 
Execute         get_config_interface -m_axi_max_bitwidth 
Execute         get_config_interface -m_axi_max_widen_bitwidth 
Execute         get_config_interface -m_axi_auto_max_ports 
Execute         get_config_interface -m_axi_num_read_outstanding 
Execute         get_config_interface -m_axi_num_write_outstanding 
Execute         get_config_interface -m_axi_max_read_burst_length 
Execute         get_config_interface -m_axi_max_write_burst_length 
Execute         get_config_interface -s_axilite_data64 
Execute         get_config_interface -m_axi_alignment_byte_size 
Execute         get_config_compile -pragma_strict_mode 
Execute         get_config_compile -pipeline_style 
Execute         send_msg_by_id INFO @200-777@%s Vitis 
INFO: [HLS 200-777] Using interface defaults for 'Vitis' flow target.
Execute         is_m_axi_addr64 
INFO-FLOW: Doing LTO.
Execute         ap_eval exec -ignorestderr /opt/Vitis_HLS/2020.2/lnx64/tools/clang-3.9-csynth/bin/clang -foptimization-record-file=/home/nomoto/src/StagedLSH/ver1.3/soft/u200/hw/_x/table_serch/table_serch/table_serch/solution/.autopilot/db/clang.a.g.ld.0.bc.diag.yml -mllvm -pass-remarks-missed=reflow|pasta|unroll -mllvm -pass-remarks=reflow|pasta|unroll|inline -fhls -mllvm -hls-top-function-name=table_serch -mllvm -hls-db-dir -mllvm /home/nomoto/src/StagedLSH/ver1.3/soft/u200/hw/_x/table_serch/table_serch/table_serch/solution/.autopilot/db -emit-llvm -c -target fpga64-xilinx-none -mllvm -xcl-xmlinfo=/home/nomoto/src/StagedLSH/ver1.3/soft/u200/hw/_x/table_serch/table_serch/table_serch/solution/.autopilot/db/../../../kernel.xml -mllvm -top-io-mapping-info=/home/nomoto/src/StagedLSH/ver1.3/soft/u200/hw/_x/table_serch/table_serch/table_serch/solution/.autopilot/db/top-io-fe.xml -mllvm -hls-bitcode-version=3.1 -mllvm -reflow-enable-slave-interface-default-setting=true -mllvm -gen-kernel-xml=true -mllvm -default-maxi-offset=slave -mllvm -maxi-latency=64 -mllvm -hls-maxi-data-size-in-bits=8 -mllvm -hls-maxi-max-data-size-in-bits=1024 -mllvm -hls-max-widen-size-in-bits=512 -mllvm -xcl-kernel-max-mem-ports=0 -mllvm -maxi-read-trans=16 -mllvm -maxi-write-trans=16 -mllvm -maxi-read-burst-len=16 -mllvm -maxi-write-burst-len=16 -mllvm -reflow-enable-saxi-64bits=0 -mllvm -assume-maxi-align=64 -mllvm -no-unaligned-maxi-accesses=false -mllvm -reflow-pipeline-style-llvm-setting=0 -mllvm -disable-inlined-alloca-merging=true -mllvm -enable-reflow-vitis-flow-setting=true -x ir /home/nomoto/src/StagedLSH/ver1.3/soft/u200/hw/_x/table_serch/table_serch/table_serch/solution/.autopilot/db/a.g.ld.5.gdce.bc -o /home/nomoto/src/StagedLSH/ver1.3/soft/u200/hw/_x/table_serch/table_serch/table_serch/solution/.autopilot/db/a.g.lto.bc > /home/nomoto/src/StagedLSH/ver1.3/soft/u200/hw/_x/table_serch/table_serch/table_serch/solution/.autopilot/db/clang.a.g.ld.0.bc.out.log 2> /home/nomoto/src/StagedLSH/ver1.3/soft/u200/hw/_x/table_serch/table_serch/table_serch/solution/.autopilot/db/clang.a.g.ld.0.bc.err.log 
Command         ap_eval done; 0.17 sec.
INFO: [HLS 214-178] Inlining function 'haming32(ap_uint<32>, ap_uint<32>)' into 'backet_serch(unsigned int, unsigned int*, unsigned int*, unsigned int*, ap_uint<96>, unsigned int*)' (/home/nomoto/src/StagedLSH/ver1.3/soft/src/table_serch.cpp:72:0)
INFO: [HLS 214-178] Inlining function 'hash_fpga_func(ap_uint<96>, int, int)' into 'table_serch' (/home/nomoto/src/StagedLSH/ver1.3/soft/src/table_serch.cpp:155:0)
INFO: [HLS 214-178] Inlining function 'backet_serch(unsigned int, unsigned int*, unsigned int*, unsigned int*, ap_uint<96>, unsigned int*)' into 'table_serch' (/home/nomoto/src/StagedLSH/ver1.3/soft/src/table_serch.cpp:155:0)
Execute         get_top
Execute           get_top 
Execute         get_files -fullpath
Execute           get_files -fullpath 
INFO: [HLS 214-115] Multiple burst reads of length 8 and bit width 512 has been inferred on port 'plram0' (/home/nomoto/src/StagedLSH/ver1.3/soft/src/table_serch.cpp:124:26)
INFO: [HLS 214-115] Multiple burst reads of length 8 and bit width 512 has been inferred on port 'aximm0' (/home/nomoto/src/StagedLSH/ver1.3/soft/src/table_serch.cpp:124:26)
INFO-FLOW: DBG:CMD: copy_raw_kernel_xml ap_link_39: copying raw kernel.xml: /home/nomoto/src/StagedLSH/ver1.3/soft/u200/hw/_x/table_serch/table_serch/table_serch/solution/.autopilot/db/../../../kernel.xml -> /home/nomoto/src/StagedLSH/ver1.3/soft/u200/hw/_x/table_serch/table_serch/table_serch/solution/.autopilot/db/kernel.internal.xml
INFO: [HLS 200-111] Finished Compiling Optimization and Transform: CPU user time: 2.52 seconds. CPU system time: 0.17 seconds. Elapsed time: 2.7 seconds; current allocated memory: 192.670 MB.
INFO: [HLS 200-111] Finished Checking Pragmas: CPU user time: 0 seconds. CPU system time: 0 seconds. Elapsed time: 0 seconds; current allocated memory: 192.672 MB.
Execute         opt_and_import_c a -opt_level=2 -skip_syncheck=0 -ng=0 -keep_printf=0 
Execute           cleanup_all_models 
INFO: [HLS 200-10] Starting code transformations ...
INFO-FLOW: Running Standard Transforms...
Execute           transform -hls -share-std-xform -demangle-name -inline-byval-memcpy -always-inline -promote-dbg-pointer -interface-preproc -mem2reg -scalarrepl -mem2reg -keep-read-access -instcombine -dce -promote-dbg-pointer -bitop-raise -loop-simplify -indvarspre -indvars -loop-simplify -xunroll -constprop -instcombine -simplifycfg -indvars -simplifycfg -dce -globaldce -basicaa -simplifycfg -mem2reg -globalopt -global-constprop -deadargelim -instcombine -simplifycfg -scalarrepl -instcombine -reassociate -licm -simplifycfg -loop-simplify -indvars -instcombine -simplifycfg -mem2reg -loop-simplify -indvars -instcombine -gvn -gvn -instcombine -adce -break-crit-edges -simplifycfg -loop-delete -global-array-opt -dce -dse -adce -find-syn-modules -top table_serch -deadargelim -mem2reg -instcombine -dce -presyn-prepare -auto-rom-infer -interface-preproc -syn-check -check-rec-only -find-region -simplifycfg -func-extr -function-inline -globaldce -mem2reg -instcombine -dce -gvn -globaldce -adce -adse -constprop -instcombine -bit-constprop -instcombine -dce -simplifycfg -bitop-raise -simplifycfg -dce -loop-delete -reassociate -globalopt -global-privatize -mem2reg -dce -global-constprop -pointer-simplify -constprop -dce -func-inst -deadargelim -auto-shift-reg-idiom -promote-dbg-pointer -norm-name /home/nomoto/src/StagedLSH/ver1.3/soft/u200/hw/_x/table_serch/table_serch/table_serch/solution/.autopilot/db/a.g.0.bc -o /home/nomoto/src/StagedLSH/ver1.3/soft/u200/hw/_x/table_serch/table_serch/table_serch/solution/.autopilot/db/a.g.1.bc -f -phase std-opt 
INFO: [HLS 200-111] Finished Standard Transforms: CPU user time: 0.04 seconds. CPU system time: 0.01 seconds. Elapsed time: 0.04 seconds; current allocated memory: 197.475 MB.
INFO: [HLS 200-10] Checking synthesizability ...
INFO-FLOW: Checking Synthesizability 1/2..
Execute           transform -hls -syn-check -check-rec-only -disaggr -scalarrepl -norm-name -dce -mem2reg -instcombine -function-uniquify -directive-preproc -mem2reg -dse -dce -auto-rom-infer -dce -pag -array-normalize -instcombine -dce -array-seg-normalize -instcombine -dce -data-pack -instcombine -dce -inst-simplify -array-flatten -instcombine -dce -array-burst -dce -deadargelim -promote-global-argument -simplifycfg -mem2reg -globaldce -dce -deadargelim -dce -instcombine -function-inline -globaldce -dce -doublePtrSimplify -doublePtrElim -dce -doublePtrSimplify -promote-dbg-pointer -dce -scalarrepl -dse -adse -instcombine -ptrLegalization -simplifycfg -dce -instcombine -pointer-simplify -ptrArgReplace -dce -instcombine -resolve-double-ptr -disaggr -scalarrepl -norm-name -dce -mem2reg -instcombine -ptrLegalization -simplifycfg -deadargelim -instcombine -dce -inst-simplify -function-uniquify -directive-preproc -mem2reg -dse -dce -globaldce -check-dspbuiltin /home/nomoto/src/StagedLSH/ver1.3/soft/u200/hw/_x/table_serch/table_serch/table_serch/solution/.autopilot/db/a.g.1.bc -o /home/nomoto/src/StagedLSH/ver1.3/soft/u200/hw/_x/table_serch/table_serch/table_serch/solution/.autopilot/db/a.g.2.prechk.bc -f 
INFO-FLOW: Checking Synthesizability 2/2..
Execute           transform -syn-check /home/nomoto/src/StagedLSH/ver1.3/soft/u200/hw/_x/table_serch/table_serch/table_serch/solution/.autopilot/db/a.g.2.prechk.bc -o /home/nomoto/src/StagedLSH/ver1.3/soft/u200/hw/_x/table_serch/table_serch/table_serch/solution/.autopilot/db/a.g.2.bc -f -phase syn-check 
WARNING: [SYNCHK 200-23] /opt/Vitis_HLS/2020.2/common/technology/autopilot/ap_int_ref.h:819: variable-indexed range selection may cause suboptimal QoR.
INFO: [SYNCHK 200-10] 0 error(s), 1 warning(s).
INFO: [HLS 200-111] Finished Checking Synthesizability: CPU user time: 0.08 seconds. CPU system time: 0.01 seconds. Elapsed time: 0.09 seconds; current allocated memory: 201.388 MB.
INFO-FLOW: Compiler optimizing ...
INFO-FLOW: Share syncheck's 1.bc for syn flow: copy /home/nomoto/src/StagedLSH/ver1.3/soft/u200/hw/_x/table_serch/table_serch/table_serch/solution/.autopilot/db/a.g.1.bc to /home/nomoto/src/StagedLSH/ver1.3/soft/u200/hw/_x/table_serch/table_serch/table_serch/solution/.autopilot/db/a.o.1.bc
INFO-FLOW: Presyn 1...
Execute           transform -hls -tmp /home/nomoto/src/StagedLSH/ver1.3/soft/u200/hw/_x/table_serch/table_serch/table_serch/solution/.autopilot/db -interface-port-rename -function-uniquify -directive-preproc -mem2reg -dse -dce -disaggr -scalarrepl -norm-name -deadargelim -mem2reg -instcombine -dce -simplifycfg -auto-rom-infer -dce -function-uniquify -resource-proc -clib-intrinsic-prepare -dce -func-buffer -dce -pag -array-normalize -func-legal -instcombine -gvn -constprop -dce -simplifycfg -mem2reg -globaldce -resolve-double-ptr -dce -deadargelim -dce -instcombine -ptrArgReplace -mem2reg -dce -array-seg-normalize -deadargelim -instcombine -dce -function-uniquify -directive-preproc -mem2reg -dse -dce -pointer-simplify -dce -port-alignment -dce -interface-preproc -data-pack -instcombine -dce -basicaa -aggr-aa -aggrmodref-aa -aggr-aa -gvn -gvn -basicaa -aggr-aa -aggrmodref-aa -aggr-aa -dse -adse -adce -loop-simplify -indvars -instcombine -gvn -loop-simplify -mem2reg -dce -find-region -instcombine -auto-loop-pipeline -inst-simplify -interface-preproc -cfgopt -instcombine -indvars -auto-loop-unroll -loop-simplify -loop-bound -xunroll -constprop -instcombine -simplifycfg -indvars -simplifycfg -dce -globaldce -clean-region -attach-range -gvn -inst-simplify -constprop -simplifycfg -dce -pointer-simplify -dce -globalopt -constprop -dce -array-promote -constprop -dce -ptrArgReplace -mem2reg -simplifycfg -dce -instcombine -dce -array-transform-check -array-reshape -instcombine -simplifycfg -dce -ptrArgReplace -deadargelim -mem2reg -instcombine -simplifycfg -dce -indvars -loop-simplify -loop-bound -xunroll -constprop -instcombine -simplifycfg -indvars -simplifycfg -dce -globaldce -basicaa -aggr-aa -aggrmodref-aa -aggr-aa -dse -duplicate-dataflow-processes -globaldce -instcombine -array-partition -instcombine -simplifycfg -dce -ptrArgReplace -global-constprop -deadargelim -mem2reg -func-legal -dce -global-constprop -deadargelim -mem2reg -simplifycfg -dce -merge-param -deadargelim -globalopt -constprop -dce -array-promote -constprop -dce -ptrArgReplace -mem2reg -simplifycfg -dce -mem-intrinsic-preproc -dce -global-internalize -global-privatize -mem2reg -globaldce -promote-global-argument -ptrArgReplace -mem2reg -dce -globalopt -mergereturn -simplify-global-access -mem2reg -dce -pointer-simplify -dce -functionattrs -basicaa -aggr-aa -aggrmodref-aa -aggr-aa -gvn -gvn -basicaa -aggr-aa -aggrmodref-aa -aggr-aa -dse -adse -adce -dce -norm-name -basicaa -aggr-aa -aggrmodref-aa -aggr-aa -accesses-merge -function-inline -complex-op-raise -inst-simplify -globaldce -func-inst -constprop -instcombine -simplifycfg -dce -func-legal -dce -loop-bound -arraycheck -bitwidthmin2 -bitwidthmin2 -on-by-dataflow -loop-delete -instcombine -simplifycfg -globaldce -dce -gvn -deadargelim -dce -loop-simplify -clean-region -simplifycfg -propagate-stable-arguments -loop-stream -instcombine -simplifycfg -dce -globaldce -duplicate-dataflow-processes -stream-intrinsic-preproc -dce -check-ap-stream -loop-simplify -eliminate-keepreads -extract-dataflow-in-loop -loop-simplify -dce -gvn -deadargelim -dse -check-dataflow-syntax -legalize-stream-variable -legalize-global -extract-subproc -dce -dead-channel-elimination -canonicalize-gep -globaldce -dce -gvn -hls-dead-arg-elim -deadargelim -directive-preproc -annotate-dataflow-channels -scalar-propagation -deadargelim -globaldce -mem2reg -check-dataflow-channels -function-stream -dce -globaldce -prop-fifo-spec -internal-stream-gen -canonicalize-gep -globaldce -dce -gvn -deadargelim -mergereturn -indvars -loop-simplify -instcombine -array-stream -array-seg-normalize -array-partition -func-legal -instcombine -simplifycfg -dce -bundle-memfifo-ops -deadargelim -function-uniquify -directive-preproc -mem2reg -dse -dce -group-axi-access -licm -simplifycfg -dce -loop-delete -norm-name /home/nomoto/src/StagedLSH/ver1.3/soft/u200/hw/_x/table_serch/table_serch/table_serch/solution/.autopilot/db/a.o.1.bc -o /home/nomoto/src/StagedLSH/ver1.3/soft/u200/hw/_x/table_serch/table_serch/table_serch/solution/.autopilot/db/a.o.1.tmp.bc -f 
INFO: [XFORM 203-510] Pipelining loop 'screening_loop' in function 'table_serch' automatically.
INFO: [XFORM 203-510] Pipelining loop 'seisa_loop' (/home/nomoto/src/StagedLSH/ver1.3/soft/src/table_serch.cpp:124) in function 'table_serch' automatically.
INFO: [XFORM 203-502] Unrolling all sub-loops inside loop 'seisa_loop' (/home/nomoto/src/StagedLSH/ver1.3/soft/src/table_serch.cpp:124) in function 'table_serch' for pipelining.
INFO: [XFORM 203-501] Unrolling loop 'seisa_loop' (/home/nomoto/src/StagedLSH/ver1.3/soft/src/table_serch.cpp:124) in function 'table_serch' partially with a factor of 26.
INFO: [HLS 200-489] Unrolling loop 'VITIS_LOOP_20_1' in function 'table_serch' completely with a factor of 32.
Command           transform done; 0.84 sec.
INFO-FLOW: Presyn 2...
Execute           transform -hls -keep-callgraph -scalarrepl -mem2reg -port-alignment -attach-range -dce -pipe-mux-gen -indvars -loop-bound -inst-simplify -instcombine -dce -merge-array-access -mem2reg -dce -clean-region -mergereturn -if-conv -instcombine -dce -constprop -basicaa -aggr-aa -aggrmodref-aa -aggr-aa -gvn -gvn -basicaa -aggr-aa -aggrmodref-aa -aggr-aa -dse -adse -adce -scalarrepl -mem2reg -global-constprop -deadargelim -deadargelim -instcombine -dce -simplifycfg -ptrArgReplace -mem2reg -function-inline -globaldce -mem2reg -instcombine -dce -expr-balance -instcombine -dce -bitwidthmin2 -bitwidthmin2 -interface-preproc -directive-preproc -inst-rectify -instcombine -dce -functionattrs -constprop -instcombine -bit-constprop -simplify-global-access -globalopt -globaldce -inst-simplify -instcombine -elimdeaddata -dce -loop-delete -simplifycfg -loop-simplify -auto-burst -barrier -norm-name /home/nomoto/src/StagedLSH/ver1.3/soft/u200/hw/_x/table_serch/table_serch/table_serch/solution/.autopilot/db/a.o.1.tmp.bc -o /home/nomoto/src/StagedLSH/ver1.3/soft/u200/hw/_x/table_serch/table_serch/table_serch/solution/.autopilot/db/a.o.2.bc -f -phase presyn 
INFO: [XFORM 203-11] Balancing expressions in function 'table_serch' (/home/nomoto/src/StagedLSH/ver1.3/soft/src/table_serch.cpp:149)...61 expression(s) balanced.
Command           transform done; 0.15 sec.
INFO: [HLS 200-111] Finished Loop, function and other optimizations: CPU user time: 0.98 seconds. CPU system time: 0 seconds. Elapsed time: 0.99 seconds; current allocated memory: 228.878 MB.
Execute           get_config_compile -enable_loop_extract 
Execute           get_config_compile -disable_auto_rewind 
Execute           get_config_compile -enable_auto_rewind 
INFO-FLOW: Building ssdm...
Execute           transform -hls -function-uniquify -auto-function-inline -globaldce -ptrArgReplace -mem2reg -dce -reset-lda -loop-simplify -indvars -aggr-aa -licm -loop-dep -loop-bound -licm -loop-simplify -flattenloopnest -array-flatten -gvn -instcombine -dce -array-map -dce -func-legal -gvn -adce -instcombine -cfgopt -simplifycfg -loop-simplify -array-burst -promote-global-argument -dce -array-seg-normalize -basicaa -aggrmodref-aa -globalsmodref-aa -aggr-aa -gvn -gvn -basicaa -aggrmodref-aa -globalsmodref-aa -aggr-aa -dse -adse -adce -licm -inst-simplify -dce -globaldce -instcombine -array-stream -eliminate-keepreads -instcombine -dce -deadargelim -doublePtrSimplify -doublePtrElim -dce -doublePtrSimplify -promote-dbg-pointer -dce -scalarrepl -mem2reg -disaggr -norm-name -mem2reg -instcombine -dse -adse -adce -ptrLegalization -dce -auto-rom-infer -array-flatten -dce -instcombine -check-doubleptr -loop-rot -constprop -cfgopt -simplifycfg -loop-simplify -indvars -pointer-simplify -dce -loop-bound -loop-simplify -loop-preproc -constprop -global-constprop -gvn -mem2reg -instcombine -dce -loop-bound -loop-merge -dce -bitwidthmin2 -bitwidthmin2 -deadargelim -dce -canonicalize-dataflow -dce -scalar-propagation -deadargelim -globaldce -mem2reg -read-loop-dep -interface-preproc -directive-preproc -interface-gen -bram-byte-enable -deadargelim -inst-simplify -dce -gvn -mem2reg -instcombine -dce -adse -loop-bound -instcombine -cfgopt -simplifycfg -loop-simplify -clean-region -io-protocol -find-region -mem2reg -bitop-raise -complex-op-raise -inst-simplify -inst-rectify -instcombine -adce -deadargelim -loop-simplify -phi-opt -bitop-raise -cfgopt -simplifycfg -strip-dead-prototypes -interface-lower -bitop-lower -intrinsic-lower -auto-function-inline -basicaa -aggrmodref-aa -globalsmodref-aa -aggr-aa -inst-simplify -simplifycfg -loop-simplify -mergereturn -inst-simplify -inst-rectify -dce -load-elim -bitop-lower -float-op-raise -loop-rewind -pointer-simplify -dce -cfgopt -dce -loop-bound -loop-dep -read-loop-dep -dce -dyn-mem-reuse -dce -check-stream -norm-name -legalize -validate-dataflow -inst-clarity -bitwidth -dump-loop-dep-to-ir -check-all-ssdm -cdfg-build /home/nomoto/src/StagedLSH/ver1.3/soft/u200/hw/_x/table_serch/table_serch/table_serch/solution/.autopilot/db/a.o.2.bc -o /home/nomoto/src/StagedLSH/ver1.3/soft/u200/hw/_x/table_serch/table_serch/table_serch/solution/.autopilot/db/a.o.3.bc -f -phase build-ssdm 
WARNING: [HLS 200-960] Cannot flatten loop 'bucket_loop' (/home/nomoto/src/StagedLSH/ver1.3/soft/src/table_serch.cpp:74:9) in function 'table_serch' more than one sub loop.
WARNING: [HLS 200-960] Cannot flatten loop 'flame_serch' (/home/nomoto/src/StagedLSH/ver1.3/soft/src/table_serch.cpp:170:17) in function 'table_serch' the outer loop is not a perfect loop because there is nontrivial logic before entering the inner loop.
Command           transform done; 0.58 sec.
INFO: [HLS 200-111] Finished Architecture Synthesis: CPU user time: 0.58 seconds. CPU system time: 0 seconds. Elapsed time: 0.58 seconds; current allocated memory: 226.819 MB.
INFO-FLOW: Finish building internal data model.
Command         opt_and_import_c done; 1.7 sec.
Command       elaborate done; 8.34 sec.
Execute       autosyn -from_csynth_design=1 
INFO: [HLS 200-10] Starting hardware synthesis ...
INFO-FLOW: Synthesizing C/C++ design ...
INFO: [HLS 200-10] Synthesizing 'table_serch' ...
Execute         ap_set_top_model table_serch 
Execute         get_model_list table_serch -filter all-wo-channel -topdown 
Execute         preproc_iomode -model table_serch 
Execute         get_model_list table_serch -filter all-wo-channel 
INFO-FLOW: Model list for configure: table_serch
INFO-FLOW: Configuring Module : table_serch ...
Execute         set_default_model table_serch 
Execute         apply_spec_resource_limit table_serch 
INFO-FLOW: Model list for preprocess: table_serch
INFO-FLOW: Preprocessing Module: table_serch ...
Execute         set_default_model table_serch 
Execute         cdfg_preprocess -model table_serch 
Execute         rtl_gen_preprocess table_serch 
INFO-FLOW: Model list for synthesis: table_serch
INFO: [HLS 200-10] ----------------------------------------------------------------
INFO: [HLS 200-42] -- Implementing module 'table_serch' 
INFO: [HLS 200-10] ----------------------------------------------------------------
Execute         set_default_model table_serch 
Execute         schedule -model table_serch 
INFO: [SCHED 204-11] Starting scheduling ...
INFO: [SCHED 204-61] Pipelining loop 'screening_loop'.
INFO: [HLS 200-1470] Pipelining result : Target II = 1, Final II = 1, Depth = 1, loop 'screening_loop'
INFO: [SCHED 204-61] Pipelining loop 'seisa_loop'.
WARNING: [HLS 200-880] The II Violation in module 'table_serch' (loop 'seisa_loop'): Unable to enforce a carried dependence constraint (II = 1, distance = 1, offset = 0) between 'partselect' operation ('trunc_ln128_s', /home/nomoto/src/StagedLSH/ver1.3/soft/src/table_serch.cpp:128) and 'zext' operation ('shiftreg_0_cast', /home/nomoto/src/StagedLSH/ver1.3/soft/src/table_serch.cpp:128).
WARNING: [HLS 200-880] The II Violation in module 'table_serch' (loop 'seisa_loop'): Unable to enforce a carried dependence constraint (II = 2, distance = 1, offset = 1) between bus read on port 'aximm0' (/home/nomoto/src/StagedLSH/ver1.3/soft/src/table_serch.cpp:128) and bus read on port 'aximm0' (/home/nomoto/src/StagedLSH/ver1.3/soft/src/table_serch.cpp:128).
WARNING: [HLS 200-880] The II Violation in module 'table_serch' (loop 'seisa_loop'): Unable to enforce a carried dependence constraint (II = 3, distance = 1, offset = 1) between bus read on port 'aximm0' (/home/nomoto/src/StagedLSH/ver1.3/soft/src/table_serch.cpp:128) and bus read on port 'aximm0' (/home/nomoto/src/StagedLSH/ver1.3/soft/src/table_serch.cpp:128).
WARNING: [HLS 200-880] The II Violation in module 'table_serch' (loop 'seisa_loop'): Unable to enforce a carried dependence constraint (II = 4, distance = 1, offset = 1) between bus read on port 'aximm0' (/home/nomoto/src/StagedLSH/ver1.3/soft/src/table_serch.cpp:128) and bus read on port 'aximm0' (/home/nomoto/src/StagedLSH/ver1.3/soft/src/table_serch.cpp:128).
WARNING: [HLS 200-880] The II Violation in module 'table_serch' (loop 'seisa_loop'): Unable to enforce a carried dependence constraint (II = 11, distance = 1, offset = 1) between bus read on port 'aximm0' (/home/nomoto/src/StagedLSH/ver1.3/soft/src/table_serch.cpp:128) and bus read on port 'aximm0' (/home/nomoto/src/StagedLSH/ver1.3/soft/src/table_serch.cpp:128).
WARNING: [HLS 200-880] The II Violation in module 'table_serch' (loop 'seisa_loop'): Unable to enforce a carried dependence constraint (II = 12, distance = 1, offset = 1) between bus read on port 'aximm0' (/home/nomoto/src/StagedLSH/ver1.3/soft/src/table_serch.cpp:128) and bus read on port 'aximm0' (/home/nomoto/src/StagedLSH/ver1.3/soft/src/table_serch.cpp:128).
INFO: [HLS 200-1470] Pipelining result : Target II = 1, Final II = 13, Depth = 15, loop 'seisa_loop'
INFO: [SCHED 204-11] Finished scheduling.
Command         schedule done; 0.98 sec.
INFO: [HLS 200-111] Finished Scheduling: CPU user time: 1 seconds. CPU system time: 0.01 seconds. Elapsed time: 1 seconds; current allocated memory: 230.233 MB.
Execute         syn_report -verbosereport -o /home/nomoto/src/StagedLSH/ver1.3/soft/u200/hw/_x/table_serch/table_serch/table_serch/solution/.autopilot/db/table_serch.verbose.sched.rpt 
Execute           AP::get_flow_target_display_name
Execute             get_solution -flow_target 
Command         syn_report done; 1.31 sec.
Execute         db_write -o /home/nomoto/src/StagedLSH/ver1.3/soft/u200/hw/_x/table_serch/table_serch/table_serch/solution/.autopilot/db/table_serch.sched.adb -f 
INFO-FLOW: Finish scheduling table_serch.
Execute         set_default_model table_serch 
Execute         bind -model table_serch 
INFO: [BIND 205-100] Starting micro-architecture generation ...
INFO: [BIND 205-101] Performing variable lifetime analysis.
INFO: [BIND 205-101] Exploring resource sharing.
INFO: [BIND 205-101] Binding ...
INFO: [BIND 205-100] Finished micro-architecture generation.
Command         bind done; 0.88 sec.
INFO: [HLS 200-111] Finished Binding: CPU user time: 2.2 seconds. CPU system time: 0.02 seconds. Elapsed time: 2.22 seconds; current allocated memory: 235.638 MB.
Execute         syn_report -verbosereport -o /home/nomoto/src/StagedLSH/ver1.3/soft/u200/hw/_x/table_serch/table_serch/table_serch/solution/.autopilot/db/table_serch.verbose.bind.rpt 
Execute           AP::get_flow_target_display_name
Execute             get_solution -flow_target 
Command         syn_report done; 0.64 sec.
Execute         db_write -o /home/nomoto/src/StagedLSH/ver1.3/soft/u200/hw/_x/table_serch/table_serch/table_serch/solution/.autopilot/db/table_serch.bind.adb -f 
INFO-FLOW: Finish binding table_serch.
Execute         get_model_list table_serch -filter all-wo-channel 
INFO-FLOW: Preprocessing for RTLGen ...
Execute         rtl_gen_preprocess table_serch 
INFO-FLOW: Model list for RTL generation: table_serch
INFO: [HLS 200-10] ----------------------------------------------------------------
INFO: [HLS 200-10] -- Generating RTL for module 'table_serch' 
INFO: [HLS 200-10] ----------------------------------------------------------------
Execute         get_config_rtl -module_prefix 
Execute         get_config_rtl -module_prefix 
Execute         get_config_rtl -module_auto_prefix 
Execute         create_rtl_model table_serch -top_prefix  -sub_prefix table_serch_ -mg_file /home/nomoto/src/StagedLSH/ver1.3/soft/u200/hw/_x/table_serch/table_serch/table_serch/solution/.autopilot/db/table_serch.compgen.tcl 
WARNING: [RTGEN 206-101] Design contains AXI ports. Reset is fixed to synchronous and active low.
INFO: [RTGEN 206-500] Setting interface mode on port 'table_serch/plram0' to 'm_axi'.
INFO: [RTGEN 206-500] Setting interface mode on port 'table_serch/aximm0' to 'm_axi'.
INFO: [RTGEN 206-500] Setting interface mode on port 'table_serch/aximm1' to 'm_axi'.
INFO: [RTGEN 206-500] Setting interface mode on port 'table_serch/aximm2' to 'm_axi'.
INFO: [RTGEN 206-500] Setting interface mode on port 'table_serch/gmem' to 'm_axi'.
INFO: [RTGEN 206-500] Setting interface mode on port 'table_serch/query' to 's_axilite & ap_none'.
INFO: [RTGEN 206-500] Setting interface mode on port 'table_serch/FP_DB' to 's_axilite & ap_none'.
INFO: [RTGEN 206-500] Setting interface mode on port 'table_serch/hash_table' to 's_axilite & ap_none'.
INFO: [RTGEN 206-500] Setting interface mode on port 'table_serch/hash_table_pointer' to 's_axilite & ap_none'.
INFO: [RTGEN 206-500] Setting interface mode on port 'table_serch/judge_temp' to 's_axilite & ap_none'.
INFO: [RTGEN 206-500] Setting interface mode on function 'table_serch' to 's_axilite & ap_ctrl_chain'.
INFO: [RTGEN 206-100] Bundling port 'query', 'FP_DB', 'hash_table', 'hash_table_pointer', 'judge_temp' and 'return' to AXI-Lite port control.
Execute           auto_get_db
INFO: [RTGEN 206-100] Finished creating RTL model for 'table_serch'.
Command         create_rtl_model done; 0.37 sec.
INFO: [HLS 200-111] Finished Creating RTL model: CPU user time: 1.01 seconds. CPU system time: 0.03 seconds. Elapsed time: 1.05 seconds; current allocated memory: 245.317 MB.
Execute         source /home/nomoto/src/StagedLSH/ver1.3/soft/u200/hw/_x/table_serch/table_serch/table_serch/solution/.autopilot/db/table_serch.rtl_wrap.cfg.tcl 
Execute         gen_rtl table_serch -istop -style xilinx -f -lang vhdl -o /home/nomoto/src/StagedLSH/ver1.3/soft/u200/hw/_x/table_serch/table_serch/table_serch/solution/syn/vhdl/table_serch 
Command         gen_rtl done; 0.26 sec.
Execute         gen_rtl table_serch -istop -style xilinx -f -lang vlog -o /home/nomoto/src/StagedLSH/ver1.3/soft/u200/hw/_x/table_serch/table_serch/table_serch/solution/syn/verilog/table_serch 
Command         gen_rtl done; 0.14 sec.
Execute         syn_report -csynth -model table_serch -o /home/nomoto/src/StagedLSH/ver1.3/soft/u200/hw/_x/table_serch/table_serch/table_serch/solution/syn/report/table_serch_csynth.rpt 
Execute           AP::get_flow_target_display_name
Execute             get_solution -flow_target 
Command         syn_report done; 0.13 sec.
Execute         syn_report -rtlxml -model table_serch -o /home/nomoto/src/StagedLSH/ver1.3/soft/u200/hw/_x/table_serch/table_serch/table_serch/solution/syn/report/table_serch_csynth.xml 
Execute           get_solution -flow_target
Execute             get_solution -flow_target 
Command         syn_report done; 0.13 sec.
Execute         syn_report -verbosereport -model table_serch -o /home/nomoto/src/StagedLSH/ver1.3/soft/u200/hw/_x/table_serch/table_serch/table_serch/solution/.autopilot/db/table_serch.verbose.rpt 
Execute           AP::get_flow_target_display_name
Execute             get_solution -flow_target 
Command         syn_report done; 0.76 sec.
Execute         db_write -model table_serch -f -o /home/nomoto/src/StagedLSH/ver1.3/soft/u200/hw/_x/table_serch/table_serch/table_serch/solution/.autopilot/db/table_serch.adb 
Command         db_write done; 0.18 sec.
Execute         gen_tb_info table_serch -p /home/nomoto/src/StagedLSH/ver1.3/soft/u200/hw/_x/table_serch/table_serch/table_serch/solution/.autopilot/db -o /home/nomoto/src/StagedLSH/ver1.3/soft/u200/hw/_x/table_serch/table_serch/table_serch/solution/.autopilot/db/table_serch 
Execute         export_constraint_db -f -tool general -o /home/nomoto/src/StagedLSH/ver1.3/soft/u200/hw/_x/table_serch/table_serch/table_serch/solution/.autopilot/db/table_serch.constraint.tcl 
Execute         syn_report -designview -model table_serch -o /home/nomoto/src/StagedLSH/ver1.3/soft/u200/hw/_x/table_serch/table_serch/table_serch/solution/.autopilot/db/table_serch.design.xml 
Command         syn_report done; 0.24 sec.
Execute         syn_report -csynthDesign -model table_serch -o /home/nomoto/src/StagedLSH/ver1.3/soft/u200/hw/_x/table_serch/table_serch/table_serch/solution/syn/report/csynth.rpt 
Execute           AP::get_flow_target_display_name
Execute             get_solution -flow_target 
Execute         get_config_rtl -disable_wave_debug 
Execute         syn_report -wcfg -model table_serch -o /home/nomoto/src/StagedLSH/ver1.3/soft/u200/hw/_x/table_serch/table_serch/table_serch/solution/.autopilot/db/table_serch_dataflow_ana.wcfg 
Execute         syn_report -protoinst -model table_serch -o /home/nomoto/src/StagedLSH/ver1.3/soft/u200/hw/_x/table_serch/table_serch/table_serch/solution/.autopilot/db/table_serch.protoinst 
Execute         get_config_debug -directory 
Execute         sc_get_clocks table_serch 
Execute         get_config_export -vivado_clock 
Execute         get_config_rtl -module_prefix 
Execute         get_config_rtl -module_prefix 
Execute         get_config_rtl -module_auto_prefix 
Execute         sc_get_portdomain table_serch 
INFO-FLOW: Model list for RTL component generation: table_serch
INFO-FLOW: Handling components in module [table_serch] ... 
Execute         source /home/nomoto/src/StagedLSH/ver1.3/soft/u200/hw/_x/table_serch/table_serch/table_serch/solution/.autopilot/db/table_serch.compgen.tcl 
INFO-FLOW: Found component table_serch_control_s_axi.
INFO-FLOW: Append model table_serch_control_s_axi
INFO-FLOW: Found component table_serch_plram0_m_axi.
INFO-FLOW: Append model table_serch_plram0_m_axi
INFO-FLOW: Found component table_serch_aximm0_m_axi.
INFO-FLOW: Append model table_serch_aximm0_m_axi
INFO-FLOW: Found component table_serch_aximm1_m_axi.
INFO-FLOW: Append model table_serch_aximm1_m_axi
INFO-FLOW: Found component table_serch_aximm2_m_axi.
INFO-FLOW: Append model table_serch_aximm2_m_axi
INFO-FLOW: Found component table_serch_gmem_m_axi.
INFO-FLOW: Append model table_serch_gmem_m_axi
INFO-FLOW: Append model table_serch
INFO-FLOW: Generating RTL model list ...
INFO-FLOW: All models in this session: table_serch_control_s_axi table_serch_plram0_m_axi table_serch_aximm0_m_axi table_serch_aximm1_m_axi table_serch_aximm2_m_axi table_serch_gmem_m_axi table_serch
INFO-FLOW: To file: write model table_serch_control_s_axi
INFO-FLOW: To file: write model table_serch_plram0_m_axi
INFO-FLOW: To file: write model table_serch_aximm0_m_axi
INFO-FLOW: To file: write model table_serch_aximm1_m_axi
INFO-FLOW: To file: write model table_serch_aximm2_m_axi
INFO-FLOW: To file: write model table_serch_gmem_m_axi
INFO-FLOW: To file: write model table_serch
INFO-FLOW: Finished generating RTL model list.


INFO-FLOW: RTL Generation done.
INFO-FLOW: CAS Generation done.
INFO-FLOW: CBC Generation done.
Execute         get_top 
Execute         get_config_export -ipname 
INFO-FLOW: DBG:CMD: auto_generate_csynth_design
INFO-FLOW: DBG:CMD:     auto_generate --sim-model -phase csynth_design -d /home/nomoto/src/StagedLSH/ver1.3/soft/u200/hw/_x/table_serch/table_serch/table_serch/solution
Execute         get_solution -flow_target 
Execute         source /home/nomoto/src/StagedLSH/ver1.3/soft/u200/hw/_x/table_serch/table_serch/table_serch/solution/.autopilot/db/global.setting.tcl 
INFO-FLOW: DBG:CMD: read_platform_lib /home/nomoto/src/StagedLSH/ver1.3/soft/u200/hw/_x/table_serch/table_serch/table_serch/solution/.autopilot/db/global.setting.tcl
Execute         source /opt/Vitis_HLS/2020.2/common/technology/generic/autopilot/common.gen 
Execute           source /opt/Vitis_HLS/2020.2/common/technology/generic/autopilot/APCoreGen.gen 
Execute         source /opt/Vitis_HLS/2020.2/common/technology/generic/autopilot/op.gen 
Execute         source /opt/Vitis_HLS/2020.2/common/technology/generic/autopilot/op_simcore.gen 
Execute         source /opt/Vitis_HLS/2020.2/common/technology/generic/autopilot/interface.gen 
Execute         source /home/nomoto/src/StagedLSH/ver1.3/soft/u200/hw/_x/table_serch/table_serch/table_serch/solution/.autopilot/db/global.setting.tcl 
Execute         source /opt/Vitis_HLS/2020.2/common/technology/xilinx/common/xilinx.gen 
Execute           source /opt/Vitis_HLS/2020.2/common/technology/xilinx/interface/plb46.gen 
Execute           source /opt/Vitis_HLS/2020.2/common/technology/xilinx/interface/axi4.gen 
Execute           source /opt/Vitis_HLS/2020.2/common/technology/xilinx/interface/nativeAXI4.gen 
Execute             source /opt/Vitis_HLS/2020.2/common/technology/xilinx/interface/saxilite.gen 
Execute             source /opt/Vitis_HLS/2020.2/common/technology/xilinx/interface/maxi.gen 
Execute           source /opt/Vitis_HLS/2020.2/common/technology/xilinx/scripts/xilinxcoregen.gen 
Execute           source /opt/Vitis_HLS/2020.2/common/technology/xilinx/interface/XilEDKCoreGen.gen 
Execute           source /opt/Vitis_HLS/2020.2/common/technology/xilinx/ip/dds_compiler.gen 
Execute           source /opt/Vitis_HLS/2020.2/common/technology/xilinx/ip/util.gen 
Execute           source /opt/Vitis_HLS/2020.2/common/technology/xilinx/ip/xfft.gen 
Execute           source /opt/Vitis_HLS/2020.2/common/technology/xilinx/ip/xfir.gen 
Execute           source /opt/Vitis_HLS/2020.2/common/technology/xilinx/DSP48/dsp48.gen 
INFO-FLOW: DBG:CMD:   using AESL_AUTOCG::g_clock_period=3.333 (was NA)
INFO-FLOW: DBG:CMD:       generate_ip_cores sim=1 export=0 expOnly=0 dstVlogDir=syn/verilog
Execute         source /home/nomoto/src/StagedLSH/ver1.3/soft/u200/hw/_x/table_serch/table_serch/table_serch/solution/.autopilot/db/global.setting.tcl 
Execute         ap_part_info -name xcu200-fsgd2104-2-e -data names -quiet 
Execute         ap_part_info -name xcu200-fsgd2104-2-e -data info -quiet 
Execute         source /home/nomoto/src/StagedLSH/ver1.3/soft/u200/hw/_x/table_serch/table_serch/table_serch/solution/.autopilot/db/global.setting.tcl 
Execute         source /home/nomoto/src/StagedLSH/ver1.3/soft/u200/hw/_x/table_serch/table_serch/table_serch/solution/.autopilot/db/global.setting.tcl 
Execute         source /home/nomoto/src/StagedLSH/ver1.3/soft/u200/hw/_x/table_serch/table_serch/table_serch/solution/.autopilot/db/table_serch.compgen.tcl 
Execute           source ./control.slave.tcl 
Execute           ap_part_info -name xcu200-fsgd2104-2-e -data names -quiet 
Execute           ap_part_info -name xcu200-fsgd2104-2-e -data info -quiet 
Execute           ap_part_info -name xcu200-fsgd2104-2-e -data names -quiet 
Execute           ap_part_info -name xcu200-fsgd2104-2-e -data info -quiet 
Execute           ap_part_info -name xcu200-fsgd2104-2-e -data names -quiet 
Execute           ap_part_info -name xcu200-fsgd2104-2-e -data info -quiet 
Execute           ap_part_info -name xcu200-fsgd2104-2-e -data names -quiet 
Execute           ap_part_info -name xcu200-fsgd2104-2-e -data info -quiet 
Execute           ap_part_info -name xcu200-fsgd2104-2-e -data names -quiet 
Execute           ap_part_info -name xcu200-fsgd2104-2-e -data info -quiet 
Command         ap_source done; 0.21 sec.
Execute         get_solution -flow_target 
Execute         source /home/nomoto/src/StagedLSH/ver1.3/soft/u200/hw/_x/table_serch/table_serch/table_serch/solution/.autopilot/db/global.setting.tcl 
INFO-FLOW: DBG:CMD:       kernel.xml check internal_kernel_xml(1)=/home/nomoto/src/StagedLSH/ver1.3/soft/u200/hw/_x/table_serch/table_serch/table_serch/solution/.autopilot/db/kernel.internal.xml srclang=c top=table_serch
INFO-FLOW: DBG:CMD:       kernel.xml check proj_kernel_xml    (1)=/home/nomoto/src/StagedLSH/ver1.3/soft/u200/hw/_x/table_serch/table_serch/table_serch/solution/.autopilot/db/../../../kernel.xml use_proj_kernel_xml=false
INFO-FLOW: DBG:CMD:       copy internal kernel.xml to project: /home/nomoto/src/StagedLSH/ver1.3/soft/u200/hw/_x/table_serch/table_serch/table_serch/solution/.autopilot/db/../../../kernel.xml
INFO-FLOW: DBG:CMD:       update_final_kernel_xml /home/nomoto/src/StagedLSH/ver1.3/soft/u200/hw/_x/table_serch/table_serch/table_serch/solution/.autopilot/db/../../../kernel.xml
Execute         get_config_debug -enable 
Execute         ap_part_info -name xcu200-fsgd2104-2-e -data names -quiet 
Execute         ap_part_info -name xcu200-fsgd2104-2-e -data info -quiet 
INFO-FLOW: DBG:CMD: Updating /home/nomoto/src/StagedLSH/ver1.3/soft/u200/hw/_x/table_serch/table_serch/table_serch/solution/.autopilot/db/../../../kernel.xml with values: interrupt true debug true compileOptions {-g -I /home/nomoto/src/StagedLSH/ver1.3/soft/src} name table_serch vlnv xilinx.com:hls:table_serch:1.0
INFO-FLOW: DBG:CMD:     auto_generate -export -impltomg_flag -rtl both -tool Vivado -pcore_version 1.00.a -phase csynth_design -d /home/nomoto/src/StagedLSH/ver1.3/soft/u200/hw/_x/table_serch/table_serch/table_serch/solution
Execute         get_solution -flow_target 
Execute         source /home/nomoto/src/StagedLSH/ver1.3/soft/u200/hw/_x/table_serch/table_serch/table_serch/solution/.autopilot/db/global.setting.tcl 
INFO-FLOW: DBG:CMD: read_platform_lib /home/nomoto/src/StagedLSH/ver1.3/soft/u200/hw/_x/table_serch/table_serch/table_serch/solution/.autopilot/db/global.setting.tcl
Execute         source /opt/Vitis_HLS/2020.2/common/technology/generic/autopilot/common.gen 
Execute           source /opt/Vitis_HLS/2020.2/common/technology/generic/autopilot/APCoreGen.gen 
Execute         source /opt/Vitis_HLS/2020.2/common/technology/generic/autopilot/op.gen 
Execute         source /opt/Vitis_HLS/2020.2/common/technology/generic/autopilot/op_simcore.gen 
Execute         source /opt/Vitis_HLS/2020.2/common/technology/generic/autopilot/interface.gen 
Execute         source /home/nomoto/src/StagedLSH/ver1.3/soft/u200/hw/_x/table_serch/table_serch/table_serch/solution/.autopilot/db/global.setting.tcl 
Execute         source /opt/Vitis_HLS/2020.2/common/technology/xilinx/common/xilinx.gen 
Execute           source /opt/Vitis_HLS/2020.2/common/technology/xilinx/interface/plb46.gen 
Execute           source /opt/Vitis_HLS/2020.2/common/technology/xilinx/interface/axi4.gen 
Execute           source /opt/Vitis_HLS/2020.2/common/technology/xilinx/interface/nativeAXI4.gen 
Execute             source /opt/Vitis_HLS/2020.2/common/technology/xilinx/interface/saxilite.gen 
Execute             source /opt/Vitis_HLS/2020.2/common/technology/xilinx/interface/maxi.gen 
Execute           source /opt/Vitis_HLS/2020.2/common/technology/xilinx/scripts/xilinxcoregen.gen 
Execute           source /opt/Vitis_HLS/2020.2/common/technology/xilinx/interface/XilEDKCoreGen.gen 
Execute           source /opt/Vitis_HLS/2020.2/common/technology/xilinx/ip/dds_compiler.gen 
Execute           source /opt/Vitis_HLS/2020.2/common/technology/xilinx/ip/util.gen 
Execute           source /opt/Vitis_HLS/2020.2/common/technology/xilinx/ip/xfft.gen 
Execute           source /opt/Vitis_HLS/2020.2/common/technology/xilinx/ip/xfir.gen 
Execute           source /opt/Vitis_HLS/2020.2/common/technology/xilinx/DSP48/dsp48.gen 
INFO-FLOW: DBG:CMD:       initCTypeInfo top_module=table_serch xml_exists=0
Execute         source /home/nomoto/src/StagedLSH/ver1.3/soft/u200/hw/_x/table_serch/table_serch/table_serch/solution/.autopilot/db/table_serch.rtl_wrap.cfg.tcl 
Execute         source /home/nomoto/src/StagedLSH/ver1.3/soft/u200/hw/_x/table_serch/table_serch/table_serch/solution/.autopilot/db/table_serch.rtl_wrap.cfg.tcl 
Execute         source /home/nomoto/src/StagedLSH/ver1.3/soft/u200/hw/_x/table_serch/table_serch/table_serch/solution/.autopilot/db/table_serch.rtl_wrap.cfg.tcl 
Execute         source /home/nomoto/src/StagedLSH/ver1.3/soft/u200/hw/_x/table_serch/table_serch/table_serch/solution/.autopilot/db/table_serch.tbgen.tcl 
Execute         source /home/nomoto/src/StagedLSH/ver1.3/soft/u200/hw/_x/table_serch/table_serch/table_serch/solution/.autopilot/db/table_serch.tbgen.tcl 
INFO-FLOW: DBG:CMD:       export_impl_rtl
INFO-FLOW: DBG:CMD:       generate_ip_cores sim=0 export=0 expOnly=0 dstVlogDir=impl/.verilog
Execute         source /home/nomoto/src/StagedLSH/ver1.3/soft/u200/hw/_x/table_serch/table_serch/table_serch/solution/.autopilot/db/global.setting.tcl 
Execute         source /home/nomoto/src/StagedLSH/ver1.3/soft/u200/hw/_x/table_serch/table_serch/table_serch/solution/.autopilot/db/table_serch.compgen.tcl 
INFO-FLOW: DBG:CMD:       generate_ip_cores sim=0 export=1 expOnly=1 dstVlogDir=impl/.pcores/verilog
Execute         source /home/nomoto/src/StagedLSH/ver1.3/soft/u200/hw/_x/table_serch/table_serch/table_serch/solution/.autopilot/db/global.setting.tcl 
Execute         source /home/nomoto/src/StagedLSH/ver1.3/soft/u200/hw/_x/table_serch/table_serch/table_serch/solution/.autopilot/db/table_serch.compgen.tcl 
Execute           ap_part_info -name xcu200-fsgd2104-2-e -data names -quiet 
Execute           ap_part_info -name xcu200-fsgd2104-2-e -data info -quiet 
Execute           ap_part_info -name xcu200-fsgd2104-2-e -data names -quiet 
Execute           ap_part_info -name xcu200-fsgd2104-2-e -data info -quiet 
Execute           ap_part_info -name xcu200-fsgd2104-2-e -data names -quiet 
Execute           ap_part_info -name xcu200-fsgd2104-2-e -data info -quiet 
Execute           ap_part_info -name xcu200-fsgd2104-2-e -data names -quiet 
Execute           ap_part_info -name xcu200-fsgd2104-2-e -data info -quiet 
Execute           ap_part_info -name xcu200-fsgd2104-2-e -data names -quiet 
Execute           ap_part_info -name xcu200-fsgd2104-2-e -data info -quiet 
Execute           ap_part_info -name xcu200-fsgd2104-2-e -data names -quiet 
Execute           ap_part_info -name xcu200-fsgd2104-2-e -data info -quiet 
Execute         ap_part_info -name xcu200-fsgd2104-2-e -data names -quiet 
Execute         ap_part_info -name xcu200-fsgd2104-2-e -data info -quiet 
INFO-FLOW: DBG:CMD:       generate_ip_cores sim=0 export=0 expOnly=0 dstVlogDir=impl/.pcores/verilog_sim
Execute         source /home/nomoto/src/StagedLSH/ver1.3/soft/u200/hw/_x/table_serch/table_serch/table_serch/solution/.autopilot/db/global.setting.tcl 
Execute         source /home/nomoto/src/StagedLSH/ver1.3/soft/u200/hw/_x/table_serch/table_serch/table_serch/solution/.autopilot/db/table_serch.compgen.tcl 
Execute         ap_part_info -name xcu200-fsgd2104-2-e -data names -quiet 
Execute         ap_part_info -name xcu200-fsgd2104-2-e -data info -quiet 
Execute         ap_part_info -name xcu200-fsgd2104-2-e -data names -quiet 
Execute         ap_part_info -name xcu200-fsgd2104-2-e -data info -quiet 
Execute         source /home/nomoto/src/StagedLSH/ver1.3/soft/u200/hw/_x/table_serch/table_serch/table_serch/solution/.autopilot/db/global.setting.tcl 
Execute         ap_part_info -name xcu200-fsgd2104-2-e -data names -quiet 
Execute         ap_part_info -name xcu200-fsgd2104-2-e -data info -quiet 
Execute         source /home/nomoto/src/StagedLSH/ver1.3/soft/u200/hw/_x/table_serch/table_serch/table_serch/solution/.autopilot/db/table_serch.constraint.tcl 
Execute         source /home/nomoto/src/StagedLSH/ver1.3/soft/u200/hw/_x/table_serch/table_serch/table_serch/solution/.autopilot/db/table_serch.tbgen.tcl 
INFO-FLOW: DBG:CMD:       hasPcoreIpAdapter=false #gSsdmPorts=0
Execute         get_solution -flow_target 
Execute         source /home/nomoto/src/StagedLSH/ver1.3/soft/u200/hw/_x/table_serch/table_serch/table_serch/solution/.autopilot/db/global.setting.tcl 
INFO-FLOW: DBG:CMD:       kernel.xml check internal_kernel_xml(1)=/home/nomoto/src/StagedLSH/ver1.3/soft/u200/hw/_x/table_serch/table_serch/table_serch/solution/.autopilot/db/kernel.internal.xml srclang=c top=table_serch
INFO-FLOW: DBG:CMD:       kernel.xml check proj_kernel_xml    (1)=/home/nomoto/src/StagedLSH/ver1.3/soft/u200/hw/_x/table_serch/table_serch/table_serch/solution/.autopilot/db/../../../kernel.xml use_proj_kernel_xml=false
INFO-FLOW: DBG:CMD:       copy internal kernel.xml to project: /home/nomoto/src/StagedLSH/ver1.3/soft/u200/hw/_x/table_serch/table_serch/table_serch/solution/.autopilot/db/../../../kernel.xml
INFO-FLOW: DBG:CMD:       update_final_kernel_xml /home/nomoto/src/StagedLSH/ver1.3/soft/u200/hw/_x/table_serch/table_serch/table_serch/solution/.autopilot/db/../../../kernel.xml
Execute         get_config_debug -enable 
Execute         ap_part_info -name xcu200-fsgd2104-2-e -data names -quiet 
Execute         ap_part_info -name xcu200-fsgd2104-2-e -data info -quiet 
INFO-FLOW: DBG:CMD: Updating /home/nomoto/src/StagedLSH/ver1.3/soft/u200/hw/_x/table_serch/table_serch/table_serch/solution/.autopilot/db/../../../kernel.xml with values: interrupt true debug true compileOptions {-g -I /home/nomoto/src/StagedLSH/ver1.3/soft/src} name table_serch vlnv xilinx.com:hls:table_serch:1.0
INFO-FLOW: DBG:CMD: Skipping loadAnalyze_DB, #g_database=10
INFO-FLOW: DBG:CMD:       generate_json is_phase_csynth=1 g_has_adaptors=false generate_bd_files=0 #modelList=7 #gSsdmPorts=0
Execute         source /opt/Vitis_HLS/2020.2/tps/tcl/tcllib1.11.1/fileutil/fileutil.tcl 
Execute         source /home/nomoto/src/StagedLSH/ver1.3/soft/u200/hw/_x/table_serch/table_serch/table_serch/solution/.autopilot/db/global.setting.tcl 
Execute         source /home/nomoto/src/StagedLSH/ver1.3/soft/u200/hw/_x/table_serch/table_serch/table_serch/solution/.autopilot/db/global.setting.tcl 
Execute         source /home/nomoto/src/StagedLSH/ver1.3/soft/u200/hw/_x/table_serch/table_serch/table_serch/solution/.autopilot/db/top-io-be.tcl 
Execute         source /home/nomoto/src/StagedLSH/ver1.3/soft/u200/hw/_x/table_serch/table_serch/table_serch/solution/.autopilot/db/table_serch.tbgen.tcl 
Execute         source /home/nomoto/src/StagedLSH/ver1.3/soft/u200/hw/_x/table_serch/table_serch/table_serch/solution/.autopilot/db/table_serch.compgen.dataonly.tcl 
Execute         source /home/nomoto/src/StagedLSH/ver1.3/soft/u200/hw/_x/table_serch/table_serch/table_serch/solution/.autopilot/db/table_serch.compgen.dataonly.tcl 
Execute         source /home/nomoto/src/StagedLSH/ver1.3/soft/u200/hw/_x/table_serch/table_serch/table_serch/solution/.autopilot/db/table_serch.tbgen.tcl 
Execute         source /home/nomoto/src/StagedLSH/ver1.3/soft/u200/hw/_x/table_serch/table_serch/table_serch/solution/.autopilot/db/table_serch.tbgen.tcl 
Execute         source /home/nomoto/src/StagedLSH/ver1.3/soft/u200/hw/_x/table_serch/table_serch/table_serch/solution/.autopilot/db/table_serch.tbgen.tcl 
Execute         source /home/nomoto/src/StagedLSH/ver1.3/soft/u200/hw/_x/table_serch/table_serch/table_serch/solution/.autopilot/db/table_serch.tbgen.tcl 
Execute         source /home/nomoto/src/StagedLSH/ver1.3/soft/u200/hw/_x/table_serch/table_serch/table_serch/solution/.autopilot/db/table_serch.tbgen.tcl 
Execute         source /home/nomoto/src/StagedLSH/ver1.3/soft/u200/hw/_x/table_serch/table_serch/table_serch/solution/.autopilot/db/table_serch.rtl_wrap.cfg.tcl 
Execute         source /home/nomoto/src/StagedLSH/ver1.3/soft/u200/hw/_x/table_serch/table_serch/table_serch/solution/.autopilot/db/table_serch.compgen.dataonly.tcl 
Execute         get_config_export -format 
Execute         ap_part_info -name xcu200-fsgd2104-2-e -data names -quiet 
Execute         ap_part_info -name xcu200-fsgd2104-2-e -data info -quiet 
Execute         source /home/nomoto/src/StagedLSH/ver1.3/soft/u200/hw/_x/table_serch/table_serch/table_serch/solution/.autopilot/db/table_serch.tbgen.tcl 
Execute         source /home/nomoto/src/StagedLSH/ver1.3/soft/u200/hw/_x/table_serch/table_serch/table_serch/solution/.autopilot/db/global.setting.tcl 
Execute         ap_part_info -name xcu200-fsgd2104-2-e -data names -quiet 
Execute         ap_part_info -name xcu200-fsgd2104-2-e -data info -quiet 
Execute         get_solution -flow_target 
Execute         get_config_rtl -kernel_profile 
Execute         get_config_rtl -kernel_profile 
Execute         source /home/nomoto/src/StagedLSH/ver1.3/soft/u200/hw/_x/table_serch/table_serch/table_serch/solution/.autopilot/db/table_serch.constraint.tcl 
Execute         sc_get_clocks table_serch 
Execute         source /home/nomoto/src/StagedLSH/ver1.3/soft/u200/hw/_x/table_serch/table_serch/table_serch/solution/.autopilot/db/global.setting.tcl 
Execute         get_config_debug -directory 
INFO-FLOW: DBG:CMD:       delete-temp-dirs (skipped for debug)
INFO: [HLS 200-111] Finished Generating all RTL models: CPU user time: 3.96 seconds. CPU system time: 0.09 seconds. Elapsed time: 4.06 seconds; current allocated memory: 266.817 MB.
INFO: [VHDL 208-304] Generating VHDL RTL for table_serch.
INFO: [VLOG 209-307] Generating Verilog RTL for table_serch.
INFO-FLOW: DBG:CMD:       update_csynth_xml_report append design.xml content design_xml=/home/nomoto/src/StagedLSH/ver1.3/soft/u200/hw/_x/table_serch/table_serch/table_serch/solution/.autopilot/db/table_serch.design.xml
INFO-FLOW: DBG:CMD:       update_csynth_xml_report json2reportxml
Execute         send_msg_by_id INFO @200-1603@%s  
INFO: [HLS 200-1603] Design has MAXI bursts, see Vitis HLS GUI synthesis summary report for detailed information.
INFO-FLOW: DBG:CMD:       update_csynth_xml_report done
Execute         syn_report -model table_serch -printsummary 
INFO: [HLS 200-790] **** Loop Constraint Status: All loop constraints were NOT satisfied.
INFO: [HLS 200-789] **** Estimated Fmax: 411.00 MHz
Command       autosyn done; 8.6 sec.
Command     csynth_design done; 16.94 sec.
INFO: [HLS 200-111] Finished Command csynth_design CPU user time: 16.63 seconds. CPU system time: 0.73 seconds. Elapsed time: 16.94 seconds; current allocated memory: 268.208 MB.
Execute     export_design 
INFO: [HLS 200-1510] Running: export_design 
Execute       get_config_export -clock_margin 
Execute       get_config_export -custom_script 
Execute       get_config_export -description 
Execute       get_config_export -display_name 
Execute       get_config_export -driver_input_dir 
Execute       get_config_export -format 
Execute       get_config_export -ipname 
Execute       get_config_export -library 
Execute       get_config_export -output 
Execute       get_config_export -qor_test 
Execute       get_config_export -rtl 
Execute       get_config_export -sim 
Execute       get_config_export -taxonomy 
Execute       get_config_export -use_ip 
Execute       get_config_export -use_netlist 
Execute       get_config_export -vendor 
Execute       get_config_export -version 
Execute       get_config_export -xo 
INFO-FLOW: DBG:CMD: export_design_wrap: -format ip_catalog -rtl verilog -ipname table_serch
Execute       source /home/nomoto/src/StagedLSH/ver1.3/soft/u200/hw/_x/table_serch/table_serch/table_serch/solution/.autopilot/db/global.setting.tcl 
Execute       get_config_export -vivado_clock 
Execute       get_top 
Execute       get_config_export -ipname 
Execute       get_solution -flow_target 
INFO-FLOW: DBG:CMD:   auto_impl: pack: -export -rtl verilog
Execute       source /home/nomoto/src/StagedLSH/ver1.3/soft/u200/hw/_x/table_serch/table_serch/table_serch/solution/.autopilot/db/global.setting.tcl 
INFO: [IMPL 213-8] Exporting RTL as a Vivado IP.
Execute       source /home/nomoto/src/StagedLSH/ver1.3/soft/u200/hw/_x/table_serch/table_serch/table_serch/solution/.autopilot/db/global.setting.tcl 
INFO-FLOW: DBG:CMD: automg_wrap -export -pcore_version 1.00.a -rtl vlog -tool Vivado -impltomg_flag
INFO-FLOW: DBG:CMD:     auto_generate -export -pcore_version 1.00.a -rtl vlog -tool Vivado -impltomg_flag
Execute       get_solution -flow_target 
Execute       source /home/nomoto/src/StagedLSH/ver1.3/soft/u200/hw/_x/table_serch/table_serch/table_serch/solution/.autopilot/db/global.setting.tcl 
INFO-FLOW: DBG:CMD: read_platform_lib /home/nomoto/src/StagedLSH/ver1.3/soft/u200/hw/_x/table_serch/table_serch/table_serch/solution/.autopilot/db/global.setting.tcl
Execute       source /opt/Vitis_HLS/2020.2/common/technology/generic/autopilot/common.gen 
Execute         source /opt/Vitis_HLS/2020.2/common/technology/generic/autopilot/APCoreGen.gen 
Execute       source /opt/Vitis_HLS/2020.2/common/technology/generic/autopilot/op.gen 
Execute       source /opt/Vitis_HLS/2020.2/common/technology/generic/autopilot/op_simcore.gen 
Execute       source /opt/Vitis_HLS/2020.2/common/technology/generic/autopilot/interface.gen 
Execute       source /home/nomoto/src/StagedLSH/ver1.3/soft/u200/hw/_x/table_serch/table_serch/table_serch/solution/.autopilot/db/global.setting.tcl 
Execute       source /opt/Vitis_HLS/2020.2/common/technology/xilinx/common/xilinx.gen 
Execute         source /opt/Vitis_HLS/2020.2/common/technology/xilinx/interface/plb46.gen 
Execute         source /opt/Vitis_HLS/2020.2/common/technology/xilinx/interface/axi4.gen 
Execute         source /opt/Vitis_HLS/2020.2/common/technology/xilinx/interface/nativeAXI4.gen 
Execute           source /opt/Vitis_HLS/2020.2/common/technology/xilinx/interface/saxilite.gen 
Execute           source /opt/Vitis_HLS/2020.2/common/technology/xilinx/interface/maxi.gen 
Execute         source /opt/Vitis_HLS/2020.2/common/technology/xilinx/scripts/xilinxcoregen.gen 
Execute         source /opt/Vitis_HLS/2020.2/common/technology/xilinx/interface/XilEDKCoreGen.gen 
Execute         source /opt/Vitis_HLS/2020.2/common/technology/xilinx/ip/dds_compiler.gen 
Execute         source /opt/Vitis_HLS/2020.2/common/technology/xilinx/ip/util.gen 
Execute         source /opt/Vitis_HLS/2020.2/common/technology/xilinx/ip/xfft.gen 
Execute         source /opt/Vitis_HLS/2020.2/common/technology/xilinx/ip/xfir.gen 
Execute         source /opt/Vitis_HLS/2020.2/common/technology/xilinx/DSP48/dsp48.gen 
INFO-FLOW: DBG:CMD:       export_impl_rtl
INFO-FLOW: DBG:CMD:       generate_ip_cores sim=0 export=0 expOnly=0 dstVlogDir=impl/.verilog
Execute       source /home/nomoto/src/StagedLSH/ver1.3/soft/u200/hw/_x/table_serch/table_serch/table_serch/solution/.autopilot/db/global.setting.tcl 
Execute       source /home/nomoto/src/StagedLSH/ver1.3/soft/u200/hw/_x/table_serch/table_serch/table_serch/solution/.autopilot/db/table_serch.compgen.tcl 
Execute       get_config_export -disable_deadlock_detection 
Execute       source /home/nomoto/src/StagedLSH/ver1.3/soft/u200/hw/_x/table_serch/table_serch/table_serch/solution/.autopilot/db/global.setting.tcl 
Execute       source /home/nomoto/src/StagedLSH/ver1.3/soft/u200/hw/_x/table_serch/table_serch/table_serch/solution/.autopilot/db/table_serch.tbgen.tcl 
Execute       get_config_rtl -module_prefix 
INFO-FLOW: DBG:CMD:       cosim_export_main adding deadlock detection to table_serch
INFO-FLOW: DBG:CMD:       generate_ip_cores sim=0 export=1 expOnly=1 dstVlogDir=impl/.pcores/verilog
Execute       source /home/nomoto/src/StagedLSH/ver1.3/soft/u200/hw/_x/table_serch/table_serch/table_serch/solution/.autopilot/db/global.setting.tcl 
Execute       source /home/nomoto/src/StagedLSH/ver1.3/soft/u200/hw/_x/table_serch/table_serch/table_serch/solution/.autopilot/db/table_serch.compgen.tcl 
Execute         ap_part_info -name xcu200-fsgd2104-2-e -data names -quiet 
Execute         ap_part_info -name xcu200-fsgd2104-2-e -data info -quiet 
Execute         ap_part_info -name xcu200-fsgd2104-2-e -data names -quiet 
Execute         ap_part_info -name xcu200-fsgd2104-2-e -data info -quiet 
Execute         ap_part_info -name xcu200-fsgd2104-2-e -data names -quiet 
Execute         ap_part_info -name xcu200-fsgd2104-2-e -data info -quiet 
Execute         ap_part_info -name xcu200-fsgd2104-2-e -data names -quiet 
Execute         ap_part_info -name xcu200-fsgd2104-2-e -data info -quiet 
Execute         ap_part_info -name xcu200-fsgd2104-2-e -data names -quiet 
Execute         ap_part_info -name xcu200-fsgd2104-2-e -data info -quiet 
Execute         ap_part_info -name xcu200-fsgd2104-2-e -data names -quiet 
Execute         ap_part_info -name xcu200-fsgd2104-2-e -data info -quiet 
Execute       ap_part_info -name xcu200-fsgd2104-2-e -data names -quiet 
Execute       ap_part_info -name xcu200-fsgd2104-2-e -data info -quiet 
INFO-FLOW: DBG:CMD:       generate_ip_cores sim=0 export=0 expOnly=0 dstVlogDir=impl/.pcores/verilog_sim
Execute       source /home/nomoto/src/StagedLSH/ver1.3/soft/u200/hw/_x/table_serch/table_serch/table_serch/solution/.autopilot/db/global.setting.tcl 
Execute       source /home/nomoto/src/StagedLSH/ver1.3/soft/u200/hw/_x/table_serch/table_serch/table_serch/solution/.autopilot/db/table_serch.compgen.tcl 
Execute       get_config_export -disable_deadlock_detection 
Execute       source /home/nomoto/src/StagedLSH/ver1.3/soft/u200/hw/_x/table_serch/table_serch/table_serch/solution/.autopilot/db/global.setting.tcl 
Execute       source /home/nomoto/src/StagedLSH/ver1.3/soft/u200/hw/_x/table_serch/table_serch/table_serch/solution/.autopilot/db/table_serch.tbgen.tcl 
Execute       get_config_rtl -module_prefix 
INFO-FLOW: DBG:CMD:       cosim_export_main adding deadlock detection to table_serch
Execute       ap_part_info -name xcu200-fsgd2104-2-e -data names -quiet 
Execute       ap_part_info -name xcu200-fsgd2104-2-e -data info -quiet 
Execute       ap_part_info -name xcu200-fsgd2104-2-e -data names -quiet 
Execute       ap_part_info -name xcu200-fsgd2104-2-e -data info -quiet 
Execute       source /home/nomoto/src/StagedLSH/ver1.3/soft/u200/hw/_x/table_serch/table_serch/table_serch/solution/.autopilot/db/global.setting.tcl 
Execute       ap_part_info -name xcu200-fsgd2104-2-e -data names -quiet 
Execute       ap_part_info -name xcu200-fsgd2104-2-e -data info -quiet 
Execute       source /home/nomoto/src/StagedLSH/ver1.3/soft/u200/hw/_x/table_serch/table_serch/table_serch/solution/.autopilot/db/table_serch.constraint.tcl 
Execute       source /home/nomoto/src/StagedLSH/ver1.3/soft/u200/hw/_x/table_serch/table_serch/table_serch/solution/.autopilot/db/table_serch.tbgen.tcl 
INFO-FLOW: DBG:CMD:       hasPcoreIpAdapter=false #gSsdmPorts=0
Execute       get_solution -flow_target 
Execute       source /home/nomoto/src/StagedLSH/ver1.3/soft/u200/hw/_x/table_serch/table_serch/table_serch/solution/.autopilot/db/global.setting.tcl 
INFO-FLOW: DBG:CMD:       kernel.xml check internal_kernel_xml(1)=/home/nomoto/src/StagedLSH/ver1.3/soft/u200/hw/_x/table_serch/table_serch/table_serch/solution/.autopilot/db/kernel.internal.xml srclang=c top=table_serch
INFO-FLOW: DBG:CMD:       kernel.xml check proj_kernel_xml    (1)=/home/nomoto/src/StagedLSH/ver1.3/soft/u200/hw/_x/table_serch/table_serch/table_serch/solution/.autopilot/db/../../../kernel.xml use_proj_kernel_xml=false
INFO-FLOW: DBG:CMD:       copy internal kernel.xml to project: /home/nomoto/src/StagedLSH/ver1.3/soft/u200/hw/_x/table_serch/table_serch/table_serch/solution/.autopilot/db/../../../kernel.xml
INFO-FLOW: DBG:CMD:       update_final_kernel_xml /home/nomoto/src/StagedLSH/ver1.3/soft/u200/hw/_x/table_serch/table_serch/table_serch/solution/.autopilot/db/../../../kernel.xml
Execute       get_config_debug -enable 
Execute       ap_part_info -name xcu200-fsgd2104-2-e -data names -quiet 
Execute       ap_part_info -name xcu200-fsgd2104-2-e -data info -quiet 
INFO-FLOW: DBG:CMD: Updating /home/nomoto/src/StagedLSH/ver1.3/soft/u200/hw/_x/table_serch/table_serch/table_serch/solution/.autopilot/db/../../../kernel.xml with values: interrupt true debug true compileOptions {-g -I /home/nomoto/src/StagedLSH/ver1.3/soft/src} name table_serch vlnv xilinx.com:hls:table_serch:1.0
INFO-FLOW: DBG:CMD: Skipping loadAnalyze_DB, #g_database=10
INFO-FLOW: DBG:CMD:       generate_json is_phase_csynth=0 g_has_adaptors=false generate_bd_files=0 #modelList=7 #gSsdmPorts=0
Execute       source /home/nomoto/src/StagedLSH/ver1.3/soft/u200/hw/_x/table_serch/table_serch/table_serch/solution/.autopilot/db/global.setting.tcl 
Execute       source /home/nomoto/src/StagedLSH/ver1.3/soft/u200/hw/_x/table_serch/table_serch/table_serch/solution/.autopilot/db/global.setting.tcl 
Execute       source /home/nomoto/src/StagedLSH/ver1.3/soft/u200/hw/_x/table_serch/table_serch/table_serch/solution/.autopilot/db/top-io-be.tcl 
Execute       source /home/nomoto/src/StagedLSH/ver1.3/soft/u200/hw/_x/table_serch/table_serch/table_serch/solution/.autopilot/db/table_serch.tbgen.tcl 
Execute       source /home/nomoto/src/StagedLSH/ver1.3/soft/u200/hw/_x/table_serch/table_serch/table_serch/solution/.autopilot/db/table_serch.compgen.dataonly.tcl 
Execute       source /home/nomoto/src/StagedLSH/ver1.3/soft/u200/hw/_x/table_serch/table_serch/table_serch/solution/.autopilot/db/table_serch.compgen.dataonly.tcl 
Execute       source /home/nomoto/src/StagedLSH/ver1.3/soft/u200/hw/_x/table_serch/table_serch/table_serch/solution/.autopilot/db/table_serch.tbgen.tcl 
Execute       source /home/nomoto/src/StagedLSH/ver1.3/soft/u200/hw/_x/table_serch/table_serch/table_serch/solution/.autopilot/db/table_serch.tbgen.tcl 
Execute       source /home/nomoto/src/StagedLSH/ver1.3/soft/u200/hw/_x/table_serch/table_serch/table_serch/solution/.autopilot/db/table_serch.tbgen.tcl 
Execute       source /home/nomoto/src/StagedLSH/ver1.3/soft/u200/hw/_x/table_serch/table_serch/table_serch/solution/.autopilot/db/table_serch.tbgen.tcl 
Execute       source /home/nomoto/src/StagedLSH/ver1.3/soft/u200/hw/_x/table_serch/table_serch/table_serch/solution/.autopilot/db/table_serch.tbgen.tcl 
Execute       source /home/nomoto/src/StagedLSH/ver1.3/soft/u200/hw/_x/table_serch/table_serch/table_serch/solution/.autopilot/db/table_serch.rtl_wrap.cfg.tcl 
Execute       source /home/nomoto/src/StagedLSH/ver1.3/soft/u200/hw/_x/table_serch/table_serch/table_serch/solution/.autopilot/db/table_serch.compgen.dataonly.tcl 
Execute       get_config_export -format 
Execute       ap_part_info -name xcu200-fsgd2104-2-e -data names -quiet 
Execute       ap_part_info -name xcu200-fsgd2104-2-e -data info -quiet 
Execute       source /home/nomoto/src/StagedLSH/ver1.3/soft/u200/hw/_x/table_serch/table_serch/table_serch/solution/.autopilot/db/table_serch.tbgen.tcl 
Execute       source /home/nomoto/src/StagedLSH/ver1.3/soft/u200/hw/_x/table_serch/table_serch/table_serch/solution/.autopilot/db/global.setting.tcl 
Execute       ap_part_info -name xcu200-fsgd2104-2-e -data names -quiet 
Execute       ap_part_info -name xcu200-fsgd2104-2-e -data info -quiet 
Execute       get_solution -flow_target 
Execute       get_config_rtl -kernel_profile 
Execute       get_config_rtl -kernel_profile 
Execute       source /home/nomoto/src/StagedLSH/ver1.3/soft/u200/hw/_x/table_serch/table_serch/table_serch/solution/.autopilot/db/table_serch.constraint.tcl 
Execute       sc_get_clocks table_serch 
Execute       source /home/nomoto/src/StagedLSH/ver1.3/soft/u200/hw/_x/table_serch/table_serch/table_serch/solution/.autopilot/db/global.setting.tcl 
Execute       get_config_debug -directory 
INFO-FLOW: DBG:CMD:       copying IP vlog from /home/nomoto/src/StagedLSH/ver1.3/soft/u200/hw/_x/table_serch/table_serch/table_serch/solution/impl/verilog
INFO-FLOW: DBG:CMD:       copying IP vhdl from /home/nomoto/src/StagedLSH/ver1.3/soft/u200/hw/_x/table_serch/table_serch/table_serch/solution/impl/vhdl
INFO-FLOW: DBG:CMD:       copy ip_driver_dir 1_0 /home/nomoto/src/StagedLSH/ver1.3/soft/u200/hw/_x/table_serch/table_serch/table_serch/solution/.autopilot/db/driver
Execute       get_config_export -format 
INFO-FLOW: DBG:CMD:       generate_ip_script #gSsdmPorts=0 g_lang=vlog is_sdaccel=true is_sdsoc=true xo_file=
Execute       ap_part_info -name xcu200-fsgd2104-2-e -data names -quiet 
Execute       ap_part_info -name xcu200-fsgd2104-2-e -data info -quiet 
Execute       ap_part_info -name xcu200-fsgd2104-2-e -data names -quiet 
Execute       ap_part_info -name xcu200-fsgd2104-2-e -data info -quiet 
Execute       source /home/nomoto/src/StagedLSH/ver1.3/soft/u200/hw/_x/table_serch/table_serch/table_serch/solution/.autopilot/db/table_serch.compgen.dataonly.tcl 
Execute       source /home/nomoto/src/StagedLSH/ver1.3/soft/u200/hw/_x/table_serch/table_serch/table_serch/solution/.autopilot/db/table_serch.compgen.dataonly.tcl 
Execute       source /home/nomoto/src/StagedLSH/ver1.3/soft/u200/hw/_x/table_serch/table_serch/table_serch/solution/.autopilot/db/table_serch.tbgen.tcl 
Execute       source /home/nomoto/src/StagedLSH/ver1.3/soft/u200/hw/_x/table_serch/table_serch/table_serch/solution/.autopilot/db/table_serch.tbgen.tcl 
Execute       source /home/nomoto/src/StagedLSH/ver1.3/soft/u200/hw/_x/table_serch/table_serch/table_serch/solution/.autopilot/db/table_serch.tbgen.tcl 
Execute       source /home/nomoto/src/StagedLSH/ver1.3/soft/u200/hw/_x/table_serch/table_serch/table_serch/solution/.autopilot/db/table_serch.tbgen.tcl 
Execute       source /home/nomoto/src/StagedLSH/ver1.3/soft/u200/hw/_x/table_serch/table_serch/table_serch/solution/.autopilot/db/table_serch.tbgen.tcl 
Execute       source /home/nomoto/src/StagedLSH/ver1.3/soft/u200/hw/_x/table_serch/table_serch/table_serch/solution/.autopilot/db/global.setting.tcl 
Execute       get_config_debug -directory 
INFO-FLOW: DBG:CMD:       generate_ip_auxiliary
Execute       ap_part_info -name xcu200-fsgd2104-2-e -data names -quiet 
Execute       ap_part_info -name xcu200-fsgd2104-2-e -data info -quiet 
Execute       source /home/nomoto/src/StagedLSH/ver1.3/soft/u200/hw/_x/table_serch/table_serch/table_serch/solution/.autopilot/db/global.setting.tcl 
INFO-FLOW: DBG:CMD:       prepArgInfo -> loadAnalyze_DB top_module=table_serch
Execute       source /home/nomoto/src/StagedLSH/ver1.3/soft/u200/hw/_x/table_serch/table_serch/table_serch/solution/.autopilot/db/table_serch.rtl_wrap.cfg.tcl 
Execute       source /home/nomoto/src/StagedLSH/ver1.3/soft/u200/hw/_x/table_serch/table_serch/table_serch/solution/.autopilot/db/table_serch.rtl_wrap.cfg.tcl 
Execute       source /home/nomoto/src/StagedLSH/ver1.3/soft/u200/hw/_x/table_serch/table_serch/table_serch/solution/.autopilot/db/table_serch.rtl_wrap.cfg.tcl 
Execute       source /home/nomoto/src/StagedLSH/ver1.3/soft/u200/hw/_x/table_serch/table_serch/table_serch/solution/.autopilot/db/table_serch.tbgen.tcl 
Execute       source /home/nomoto/src/StagedLSH/ver1.3/soft/u200/hw/_x/table_serch/table_serch/table_serch/solution/.autopilot/db/table_serch.tbgen.tcl 
Execute       source /home/nomoto/src/StagedLSH/ver1.3/soft/u200/hw/_x/table_serch/table_serch/table_serch/solution/.autopilot/db/table_serch.tbgen.tcl 
INFO-FLOW: DBG:CMD:       generate_top_info
INFO-FLOW: DBG:CMD:       prepArgInfo -> loadAnalyze_DB top_module=table_serch
Execute       source /home/nomoto/src/StagedLSH/ver1.3/soft/u200/hw/_x/table_serch/table_serch/table_serch/solution/.autopilot/db/table_serch.rtl_wrap.cfg.tcl 
Execute       source /home/nomoto/src/StagedLSH/ver1.3/soft/u200/hw/_x/table_serch/table_serch/table_serch/solution/.autopilot/db/table_serch.rtl_wrap.cfg.tcl 
Execute       source /home/nomoto/src/StagedLSH/ver1.3/soft/u200/hw/_x/table_serch/table_serch/table_serch/solution/.autopilot/db/table_serch.rtl_wrap.cfg.tcl 
Execute       source /home/nomoto/src/StagedLSH/ver1.3/soft/u200/hw/_x/table_serch/table_serch/table_serch/solution/.autopilot/db/table_serch.tbgen.tcl 
Execute       source /home/nomoto/src/StagedLSH/ver1.3/soft/u200/hw/_x/table_serch/table_serch/table_serch/solution/.autopilot/db/table_serch.tbgen.tcl 
Execute       ap_part_info -name xcu200-fsgd2104-2-e -data names -quiet 
Execute       ap_part_info -name xcu200-fsgd2104-2-e -data info -quiet 
Execute       source /home/nomoto/src/StagedLSH/ver1.3/soft/u200/hw/_x/table_serch/table_serch/table_serch/solution/.autopilot/db/global.setting.tcl 
Execute       ap_part_info -name xcu200-fsgd2104-2-e -data names -quiet 
Execute       ap_part_info -name xcu200-fsgd2104-2-e -data info -quiet 
Execute       ap_part_info -name xcu200-fsgd2104-2-e -data names -quiet 
Execute       ap_part_info -name xcu200-fsgd2104-2-e -data info -quiet 
Execute       source /home/nomoto/src/StagedLSH/ver1.3/soft/u200/hw/_x/table_serch/table_serch/table_serch/solution/.autopilot/db/table_serch.tbgen.tcl 
Execute       source /home/nomoto/src/StagedLSH/ver1.3/soft/u200/hw/_x/table_serch/table_serch/table_serch/solution/.autopilot/db/global.setting.tcl 
Execute       source /home/nomoto/src/StagedLSH/ver1.3/soft/u200/hw/_x/table_serch/table_serch/table_serch/solution/.autopilot/db/table_serch.constraint.tcl 
INFO-FLOW: DBG:CMD:       generate_ipi_example_script
Execute       ap_part_info -name xcu200-fsgd2104-2-e -data names -quiet 
Execute       ap_part_info -name xcu200-fsgd2104-2-e -data info -quiet 
Execute       ap_part_info -name xcu200-fsgd2104-2-e -data names -quiet 
Execute       ap_part_info -name xcu200-fsgd2104-2-e -data info -quiet 
INFO-FLOW: DBG:CMD:       generate_syn_sh
Execute       ap_part_info -name xcu200-fsgd2104-2-e -data names -quiet 
Execute       ap_part_info -name xcu200-fsgd2104-2-e -data info -quiet 
Execute       source /home/nomoto/src/StagedLSH/ver1.3/soft/u200/hw/_x/table_serch/table_serch/table_serch/solution/.autopilot/db/global.setting.tcl 
INFO-FLOW: DBG:CMD:       generate_imp_constraints
Execute       ap_part_info -name xcu200-fsgd2104-2-e -data names -quiet 
Execute       ap_part_info -name xcu200-fsgd2104-2-e -data info -quiet 
Execute       source /home/nomoto/src/StagedLSH/ver1.3/soft/u200/hw/_x/table_serch/table_serch/table_serch/solution/.autopilot/db/table_serch.constraint.tcl 
Execute       source /home/nomoto/src/StagedLSH/ver1.3/soft/u200/hw/_x/table_serch/table_serch/table_serch/solution/.autopilot/db/table_serch.tbgen.tcl 
INFO-FLOW: DBG:CMD:       delete-temp-dirs (skipped for debug)
Execute       ap_part_info -name xcu200-fsgd2104-2-e -data names -quiet 
Execute       ap_part_info -name xcu200-fsgd2104-2-e -data info -quiet 
INFO-FLOW: DBG:CMD: read_platform_lib /home/nomoto/src/StagedLSH/ver1.3/soft/u200/hw/_x/table_serch/table_serch/table_serch/solution/.autopilot/db/global.setting.tcl
Execute       source /opt/Vitis_HLS/2020.2/common/technology/generic/autopilot/common.gen 
Execute         source /opt/Vitis_HLS/2020.2/common/technology/generic/autopilot/APCoreGen.gen 
Execute       source /opt/Vitis_HLS/2020.2/common/technology/generic/autopilot/op.gen 
Execute       source /opt/Vitis_HLS/2020.2/common/technology/generic/autopilot/op_simcore.gen 
Execute       source /opt/Vitis_HLS/2020.2/common/technology/generic/autopilot/interface.gen 
Execute       source /home/nomoto/src/StagedLSH/ver1.3/soft/u200/hw/_x/table_serch/table_serch/table_serch/solution/.autopilot/db/global.setting.tcl 
Execute       source /opt/Vitis_HLS/2020.2/common/technology/xilinx/common/xilinx.gen 
Execute         source /opt/Vitis_HLS/2020.2/common/technology/xilinx/interface/plb46.gen 
Execute         source /opt/Vitis_HLS/2020.2/common/technology/xilinx/interface/axi4.gen 
Execute         source /opt/Vitis_HLS/2020.2/common/technology/xilinx/interface/nativeAXI4.gen 
Execute           source /opt/Vitis_HLS/2020.2/common/technology/xilinx/interface/saxilite.gen 
Execute           source /opt/Vitis_HLS/2020.2/common/technology/xilinx/interface/maxi.gen 
Execute         source /opt/Vitis_HLS/2020.2/common/technology/xilinx/scripts/xilinxcoregen.gen 
Execute         source /opt/Vitis_HLS/2020.2/common/technology/xilinx/interface/XilEDKCoreGen.gen 
Execute         source /opt/Vitis_HLS/2020.2/common/technology/xilinx/ip/dds_compiler.gen 
Execute         source /opt/Vitis_HLS/2020.2/common/technology/xilinx/ip/util.gen 
Execute         source /opt/Vitis_HLS/2020.2/common/technology/xilinx/ip/xfft.gen 
Execute         source /opt/Vitis_HLS/2020.2/common/technology/xilinx/ip/xfir.gen 
Execute         source /opt/Vitis_HLS/2020.2/common/technology/xilinx/DSP48/dsp48.gen 
Execute       ap_part_info -name xcu200-fsgd2104-2-e -data names -quiet 
Execute       ap_part_info -name xcu200-fsgd2104-2-e -data info -quiet 
INFO-FLOW: DBG:CMD:     exec /home/nomoto/src/StagedLSH/ver1.3/soft/u200/hw/_x/table_serch/table_serch/table_serch/solution/impl/ip/pack.sh
Execute       get_config_export -output 
Execute       send_msg_by_id INFO @200-802@%s table_serch/solution/impl/export.zip 
INFO: [HLS 200-802] Generated output file table_serch/solution/impl/export.zip
Command     export_design done; 15.02 sec.
INFO: [HLS 200-111] Finished Command export_design CPU user time: 12.97 seconds. CPU system time: 0.71 seconds. Elapsed time: 15.02 seconds; current allocated memory: 276.817 MB.
Execute     close_project 
Execute       cleanup_all -project 
Execute     cleanup_all 
